<?xml version="1.0" encoding="UTF-8"?>
<testsuite xmlns:xsi="http://www.w3.org/2001/XMLSchema-instance" xsi:noNamespaceSchemaLocation="https://maven.apache.org/surefire/maven-surefire-plugin/xsd/surefire-test-report-3.0.xsd" version="3.0" name="dhl.persistence.database.GetFreeCoachTest" time="0.152" tests="1" errors="0" skipped="0" failures="0">
  <properties>
    <property name="java.specification.version" value="15"/>
    <property name="sun.cpu.isalist" value="amd64"/>
    <property name="sun.jnu.encoding" value="Cp1252"/>
    <property name="java.class.path" value="D:\ASDC\M2 -\csci5308\target\test-classes;D:\ASDC\M2 -\csci5308\target\classes;C:\Users\devam\.m2\repository\org\apache\maven\plugins\maven-compiler-plugin\3.8.1\maven-compiler-plugin-3.8.1.jar;C:\Users\devam\.m2\repository\org\apache\maven\maven-plugin-api\3.0\maven-plugin-api-3.0.jar;C:\Users\devam\.m2\repository\org\apache\maven\maven-model\3.0\maven-model-3.0.jar;C:\Users\devam\.m2\repository\org\sonatype\sisu\sisu-inject-plexus\1.4.2\sisu-inject-plexus-1.4.2.jar;C:\Users\devam\.m2\repository\org\sonatype\sisu\sisu-inject-bean\1.4.2\sisu-inject-bean-1.4.2.jar;C:\Users\devam\.m2\repository\org\sonatype\sisu\sisu-guice\2.1.7\sisu-guice-2.1.7-noaop.jar;C:\Users\devam\.m2\repository\org\apache\maven\maven-artifact\3.0\maven-artifact-3.0.jar;C:\Users\devam\.m2\repository\org\codehaus\plexus\plexus-utils\2.0.4\plexus-utils-2.0.4.jar;C:\Users\devam\.m2\repository\org\apache\maven\maven-core\3.0\maven-core-3.0.jar;C:\Users\devam\.m2\repository\org\apache\maven\maven-settings\3.0\maven-settings-3.0.jar;C:\Users\devam\.m2\repository\org\apache\maven\maven-settings-builder\3.0\maven-settings-builder-3.0.jar;C:\Users\devam\.m2\repository\org\apache\maven\maven-repository-metadata\3.0\maven-repository-metadata-3.0.jar;C:\Users\devam\.m2\repository\org\apache\maven\maven-model-builder\3.0\maven-model-builder-3.0.jar;C:\Users\devam\.m2\repository\org\apache\maven\maven-aether-provider\3.0\maven-aether-provider-3.0.jar;C:\Users\devam\.m2\repository\org\sonatype\aether\aether-impl\1.7\aether-impl-1.7.jar;C:\Users\devam\.m2\repository\org\sonatype\aether\aether-spi\1.7\aether-spi-1.7.jar;C:\Users\devam\.m2\repository\org\sonatype\aether\aether-api\1.7\aether-api-1.7.jar;C:\Users\devam\.m2\repository\org\sonatype\aether\aether-util\1.7\aether-util-1.7.jar;C:\Users\devam\.m2\repository\org\codehaus\plexus\plexus-interpolation\1.14\plexus-interpolation-1.14.jar;C:\Users\devam\.m2\repository\org\codehaus\plexus\plexus-classworlds\2.2.3\plexus-classworlds-2.2.3.jar;C:\Users\devam\.m2\repository\org\codehaus\plexus\plexus-component-annotations\1.5.5\plexus-component-annotations-1.5.5.jar;C:\Users\devam\.m2\repository\org\sonatype\plexus\plexus-sec-dispatcher\1.3\plexus-sec-dispatcher-1.3.jar;C:\Users\devam\.m2\repository\org\sonatype\plexus\plexus-cipher\1.4\plexus-cipher-1.4.jar;C:\Users\devam\.m2\repository\org\apache\maven\shared\maven-shared-utils\3.2.1\maven-shared-utils-3.2.1.jar;C:\Users\devam\.m2\repository\commons-io\commons-io\2.5\commons-io-2.5.jar;C:\Users\devam\.m2\repository\org\apache\maven\shared\maven-shared-incremental\1.1\maven-shared-incremental-1.1.jar;C:\Users\devam\.m2\repository\org\codehaus\plexus\plexus-java\0.9.10\plexus-java-0.9.10.jar;C:\Users\devam\.m2\repository\org\ow2\asm\asm\6.2\asm-6.2.jar;C:\Users\devam\.m2\repository\com\thoughtworks\qdox\qdox\2.0-M8\qdox-2.0-M8.jar;C:\Users\devam\.m2\repository\org\codehaus\plexus\plexus-compiler-api\2.8.4\plexus-compiler-api-2.8.4.jar;C:\Users\devam\.m2\repository\org\codehaus\plexus\plexus-compiler-manager\2.8.4\plexus-compiler-manager-2.8.4.jar;C:\Users\devam\.m2\repository\org\codehaus\plexus\plexus-compiler-javac\2.8.4\plexus-compiler-javac-2.8.4.jar;C:\Users\devam\.m2\repository\com\googlecode\json-simple\json-simple\1.1.1\json-simple-1.1.1.jar;C:\Users\devam\.m2\repository\junit\junit\4.10\junit-4.10.jar;C:\Users\devam\.m2\repository\org\hamcrest\hamcrest-core\1.1\hamcrest-core-1.1.jar;C:\Users\devam\.m2\repository\mysql\mysql-connector-java\8.0.12\mysql-connector-java-8.0.12.jar;C:\Users\devam\.m2\repository\com\google\protobuf\protobuf-java\2.6.0\protobuf-java-2.6.0.jar;C:\Users\devam\.m2\repository\com\fasterxml\jackson\core\jackson-databind\2.9.10.6\jackson-databind-2.9.10.6.jar;C:\Users\devam\.m2\repository\com\fasterxml\jackson\core\jackson-core\2.10.2\jackson-core-2.10.2.jar;C:\Users\devam\.m2\repository\com\fasterxml\jackson\core\jackson-annotations\2.11.2\jackson-annotations-2.11.2.jar;C:\Users\devam\.m2\repository\joda-time\joda-time\2.10.7\joda-time-2.10.7.jar;C:\Users\devam\.m2\repository\org\junit\jupiter\junit-jupiter\5.7.0\junit-jupiter-5.7.0.jar;C:\Users\devam\.m2\repository\org\junit\jupiter\junit-jupiter-api\5.7.0\junit-jupiter-api-5.7.0.jar;C:\Users\devam\.m2\repository\org\apiguardian\apiguardian-api\1.1.0\apiguardian-api-1.1.0.jar;C:\Users\devam\.m2\repository\org\opentest4j\opentest4j\1.2.0\opentest4j-1.2.0.jar;C:\Users\devam\.m2\repository\org\junit\platform\junit-platform-commons\1.7.0\junit-platform-commons-1.7.0.jar;C:\Users\devam\.m2\repository\org\junit\jupiter\junit-jupiter-params\5.7.0\junit-jupiter-params-5.7.0.jar;C:\Users\devam\.m2\repository\org\junit\jupiter\junit-jupiter-engine\5.7.0\junit-jupiter-engine-5.7.0.jar;C:\Users\devam\.m2\repository\org\junit\platform\junit-platform-engine\1.7.0\junit-platform-engine-1.7.0.jar;"/>
    <property name="java.vm.vendor" value="Oracle Corporation"/>
    <property name="sun.arch.data.model" value="64"/>
    <property name="user.variant" value=""/>
    <property name="java.vendor.url" value="https://java.oracle.com/"/>
    <property name="user.timezone" value="America/Halifax"/>
    <property name="os.name" value="Windows 10"/>
    <property name="java.vm.specification.version" value="15"/>
    <property name="sun.java.launcher" value="SUN_STANDARD"/>
    <property name="user.country" value="CA"/>
    <property name="sun.boot.library.path" value="C:\Program Files\Java\jdk-15\bin"/>
    <property name="sun.java.command" value="C:\Users\devam\AppData\Local\Temp\surefire15676117192104154952\surefirebooter16747528704489183956.jar C:\Users\devam\AppData\Local\Temp\surefire15676117192104154952 2020-11-02T22-54-29_654-jvmRun1 surefire6506529264414733317tmp surefire_04230042434544624742tmp"/>
    <property name="jdk.debug" value="release"/>
    <property name="surefire.test.class.path" value="D:\ASDC\M2 -\csci5308\target\test-classes;D:\ASDC\M2 -\csci5308\target\classes;C:\Users\devam\.m2\repository\org\apache\maven\plugins\maven-compiler-plugin\3.8.1\maven-compiler-plugin-3.8.1.jar;C:\Users\devam\.m2\repository\org\apache\maven\maven-plugin-api\3.0\maven-plugin-api-3.0.jar;C:\Users\devam\.m2\repository\org\apache\maven\maven-model\3.0\maven-model-3.0.jar;C:\Users\devam\.m2\repository\org\sonatype\sisu\sisu-inject-plexus\1.4.2\sisu-inject-plexus-1.4.2.jar;C:\Users\devam\.m2\repository\org\sonatype\sisu\sisu-inject-bean\1.4.2\sisu-inject-bean-1.4.2.jar;C:\Users\devam\.m2\repository\org\sonatype\sisu\sisu-guice\2.1.7\sisu-guice-2.1.7-noaop.jar;C:\Users\devam\.m2\repository\org\apache\maven\maven-artifact\3.0\maven-artifact-3.0.jar;C:\Users\devam\.m2\repository\org\codehaus\plexus\plexus-utils\2.0.4\plexus-utils-2.0.4.jar;C:\Users\devam\.m2\repository\org\apache\maven\maven-core\3.0\maven-core-3.0.jar;C:\Users\devam\.m2\repository\org\apache\maven\maven-settings\3.0\maven-settings-3.0.jar;C:\Users\devam\.m2\repository\org\apache\maven\maven-settings-builder\3.0\maven-settings-builder-3.0.jar;C:\Users\devam\.m2\repository\org\apache\maven\maven-repository-metadata\3.0\maven-repository-metadata-3.0.jar;C:\Users\devam\.m2\repository\org\apache\maven\maven-model-builder\3.0\maven-model-builder-3.0.jar;C:\Users\devam\.m2\repository\org\apache\maven\maven-aether-provider\3.0\maven-aether-provider-3.0.jar;C:\Users\devam\.m2\repository\org\sonatype\aether\aether-impl\1.7\aether-impl-1.7.jar;C:\Users\devam\.m2\repository\org\sonatype\aether\aether-spi\1.7\aether-spi-1.7.jar;C:\Users\devam\.m2\repository\org\sonatype\aether\aether-api\1.7\aether-api-1.7.jar;C:\Users\devam\.m2\repository\org\sonatype\aether\aether-util\1.7\aether-util-1.7.jar;C:\Users\devam\.m2\repository\org\codehaus\plexus\plexus-interpolation\1.14\plexus-interpolation-1.14.jar;C:\Users\devam\.m2\repository\org\codehaus\plexus\plexus-classworlds\2.2.3\plexus-classworlds-2.2.3.jar;C:\Users\devam\.m2\repository\org\codehaus\plexus\plexus-component-annotations\1.5.5\plexus-component-annotations-1.5.5.jar;C:\Users\devam\.m2\repository\org\sonatype\plexus\plexus-sec-dispatcher\1.3\plexus-sec-dispatcher-1.3.jar;C:\Users\devam\.m2\repository\org\sonatype\plexus\plexus-cipher\1.4\plexus-cipher-1.4.jar;C:\Users\devam\.m2\repository\org\apache\maven\shared\maven-shared-utils\3.2.1\maven-shared-utils-3.2.1.jar;C:\Users\devam\.m2\repository\commons-io\commons-io\2.5\commons-io-2.5.jar;C:\Users\devam\.m2\repository\org\apache\maven\shared\maven-shared-incremental\1.1\maven-shared-incremental-1.1.jar;C:\Users\devam\.m2\repository\org\codehaus\plexus\plexus-java\0.9.10\plexus-java-0.9.10.jar;C:\Users\devam\.m2\repository\org\ow2\asm\asm\6.2\asm-6.2.jar;C:\Users\devam\.m2\repository\com\thoughtworks\qdox\qdox\2.0-M8\qdox-2.0-M8.jar;C:\Users\devam\.m2\repository\org\codehaus\plexus\plexus-compiler-api\2.8.4\plexus-compiler-api-2.8.4.jar;C:\Users\devam\.m2\repository\org\codehaus\plexus\plexus-compiler-manager\2.8.4\plexus-compiler-manager-2.8.4.jar;C:\Users\devam\.m2\repository\org\codehaus\plexus\plexus-compiler-javac\2.8.4\plexus-compiler-javac-2.8.4.jar;C:\Users\devam\.m2\repository\com\googlecode\json-simple\json-simple\1.1.1\json-simple-1.1.1.jar;C:\Users\devam\.m2\repository\junit\junit\4.10\junit-4.10.jar;C:\Users\devam\.m2\repository\org\hamcrest\hamcrest-core\1.1\hamcrest-core-1.1.jar;C:\Users\devam\.m2\repository\mysql\mysql-connector-java\8.0.12\mysql-connector-java-8.0.12.jar;C:\Users\devam\.m2\repository\com\google\protobuf\protobuf-java\2.6.0\protobuf-java-2.6.0.jar;C:\Users\devam\.m2\repository\com\fasterxml\jackson\core\jackson-databind\2.9.10.6\jackson-databind-2.9.10.6.jar;C:\Users\devam\.m2\repository\com\fasterxml\jackson\core\jackson-core\2.10.2\jackson-core-2.10.2.jar;C:\Users\devam\.m2\repository\com\fasterxml\jackson\core\jackson-annotations\2.11.2\jackson-annotations-2.11.2.jar;C:\Users\devam\.m2\repository\joda-time\joda-time\2.10.7\joda-time-2.10.7.jar;C:\Users\devam\.m2\repository\org\junit\jupiter\junit-jupiter\5.7.0\junit-jupiter-5.7.0.jar;C:\Users\devam\.m2\repository\org\junit\jupiter\junit-jupiter-api\5.7.0\junit-jupiter-api-5.7.0.jar;C:\Users\devam\.m2\repository\org\apiguardian\apiguardian-api\1.1.0\apiguardian-api-1.1.0.jar;C:\Users\devam\.m2\repository\org\opentest4j\opentest4j\1.2.0\opentest4j-1.2.0.jar;C:\Users\devam\.m2\repository\org\junit\platform\junit-platform-commons\1.7.0\junit-platform-commons-1.7.0.jar;C:\Users\devam\.m2\repository\org\junit\jupiter\junit-jupiter-params\5.7.0\junit-jupiter-params-5.7.0.jar;C:\Users\devam\.m2\repository\org\junit\jupiter\junit-jupiter-engine\5.7.0\junit-jupiter-engine-5.7.0.jar;C:\Users\devam\.m2\repository\org\junit\platform\junit-platform-engine\1.7.0\junit-platform-engine-1.7.0.jar;"/>
    <property name="sun.cpu.endian" value="little"/>
    <property name="user.home" value="C:\Users\devam"/>
    <property name="user.language" value="en"/>
    <property name="java.specification.vendor" value="Oracle Corporation"/>
    <property name="java.version.date" value="2020-09-15"/>
    <property name="java.home" value="C:\Program Files\Java\jdk-15"/>
    <property name="file.separator" value="\"/>
    <property name="basedir" value="D:\ASDC\M2 -\csci5308"/>
    <property name="java.vm.compressedOopsMode" value="Zero based"/>
    <property name="line.separator" value="&#10;"/>
    <property name="java.vm.specification.vendor" value="Oracle Corporation"/>
    <property name="java.specification.name" value="Java Platform API Specification"/>
    <property name="surefire.real.class.path" value="C:\Users\devam\AppData\Local\Temp\surefire15676117192104154952\surefirebooter16747528704489183956.jar"/>
    <property name="user.script" value=""/>
    <property name="sun.management.compiler" value="HotSpot 64-Bit Tiered Compilers"/>
    <property name="java.runtime.version" value="15+36-1562"/>
    <property name="user.name" value="devam"/>
    <property name="path.separator" value=";"/>
    <property name="os.version" value="10.0"/>
    <property name="java.runtime.name" value="Java(TM) SE Runtime Environment"/>
    <property name="file.encoding" value="Cp1252"/>
    <property name="java.vm.name" value="Java HotSpot(TM) 64-Bit Server VM"/>
    <property name="localRepository" value="C:\Users\devam\.m2\repository"/>
    <property name="java.vendor.url.bug" value="https://bugreport.java.com/bugreport/"/>
    <property name="java.io.tmpdir" value="C:\Users\devam\AppData\Local\Temp\"/>
    <property name="idea.version" value="2020.2.2"/>
    <property name="java.version" value="15"/>
    <property name="user.dir" value="D:\ASDC\M2 -\csci5308"/>
    <property name="os.arch" value="amd64"/>
    <property name="java.vm.specification.name" value="Java Virtual Machine Specification"/>
    <property name="sun.os.patch.level" value=""/>
    <property name="java.library.path" value="C:\Program Files\Java\jdk-15\bin;C:\WINDOWS\Sun\Java\bin;C:\WINDOWS\system32;C:\WINDOWS;C:\Program Files\Common Files\Oracle\Java\javapath;C:\Program Files (x86)\Common Files\Oracle\Java\javapath;C:\Python38\Scripts\;C:\Python38\;C:\windows\system32;C:\windows;C:\windows\System32\Wbem;C:\windows\System32\WindowsPowerShell\v1.0\;C:\windows\System32\OpenSSH\;C:\Program Files (x86)\NVIDIA Corporation\PhysX\Common;C:\WINDOWS\system32;C:\WINDOWS;C:\WINDOWS\System32\Wbem;C:\WINDOWS\System32\WindowsPowerShell\v1.0\;C:\WINDOWS\System32\OpenSSH\;C:\Program Files\Intel\WiFi\bin\;C:\Program Files\Common Files\Intel\WirelessCommon\;C:\Program Files\NVIDIA Corporation\NVIDIA NvDLISR;C:\Program Files\PuTTY\;C:\Program Files\Amazon\AWSCLIV2\;C:\ProgramData\chocolatey\bin;C:\Program Files\nodejs\;C:\Program Files\Microsoft SQL Server\110\Tools\Binn\;C:\Program Files (x86)\Microsoft SDKs\TypeScript\1.0\;C:\Program Files\Microsoft SQL Server\120\Tools\Binn\;C:\Program Files\Git\cmd;C:\WINDOWS\system32;C:\WINDOWS;C:\WINDOWS\System32\Wbem;C:\WINDOWS\System32\WindowsPowerShell\v1.0\;C:\WINDOWS\System32\OpenSSH\;C:\Program Files\Java\jdk-15\bin;C:\apache-maven-3.6.3\bin;C:\Users\devam\AppData\Local\Microsoft\WindowsApps;C:\Program Files\Intel\WiFi\bin\;C:\Program Files\Common Files\Intel\WirelessCommon\;C:\Program Files\MongoDB\Server\4.2\bin;C:\Users\devam\AppData\Local\Programs\Microsoft VS Code\bin;C:\Users\devam\AppData\Roaming\npm;C:\Users\devam\AppData\Local\Google\Cloud SDK\google-cloud-sdk\bin;;."/>
    <property name="java.vm.info" value="mixed mode, sharing"/>
    <property name="java.vendor" value="Oracle Corporation"/>
    <property name="java.vm.version" value="15+36-1562"/>
    <property name="sun.io.unicode.encoding" value="UnicodeLittle"/>
    <property name="java.class.version" value="59.0"/>
  </properties>
  <testcase name="executeProcedureTest" classname="dhl.persistence.database.GetFreeCoachTest" time="0.151">
    <system-out><![CDATA[ID: 1, Name: Rashita Chang, Skating: 0.61, Shooting: 0.94, Checking: 0.94, Saving: 0.59, League ID: 1
ID: 2, Name: Rashita Wu, Skating: 0.41, Shooting: 0.9, Checking: 0.78, Saving: 0.89, League ID: 1
ID: 3, Name: Nancy Samson, Skating: 0.53, Shooting: 0.41, Checking: 0.84, Saving: 0.88, League ID: 1
ID: 4, Name: Nancy Patel, Skating: 0.9, Shooting: 0.97, Checking: 0.85, Saving: 0.69, League ID: 1
ID: 5, Name: Mohammed Greenbaum, Skating: 0.62, Shooting: 0.14, Checking: 0.96, Saving: 0.62, League ID: 1
ID: 6, Name: Tina Halen, Skating: 0.24, Shooting: 0.14, Checking: 0.75, Saving: 0.97, League ID: 1
ID: 7, Name: Zongming Bishop, Skating: 0.0, Shooting: 0.6, Checking: 0.76, Saving: 0.59, League ID: 1
ID: 8, Name: Don Wu, Skating: 0.51, Shooting: 0.2, Checking: 0.72, Saving: 0.45, League ID: 1
ID: 9, Name: Fred Burbchuk, Skating: 0.61, Shooting: 0.76, Checking: 0.6, Saving: 0.49, League ID: 1
ID: 10, Name: Abraham Greenbaum, Skating: 0.84, Shooting: 0.98, Checking: 0.31, Saving: 0.03, League ID: 1
ID: 11, Name: Mohammed Smith, Skating: 0.85, Shooting: 0.68, Checking: 0.4, Saving: 1.0, League ID: 1
ID: 12, Name: Walter Thomson, Skating: 0.86, Shooting: 0.14, Checking: 0.97, Saving: 0.14, League ID: 1
ID: 13, Name: John Patel, Skating: 0.47, Shooting: 0.25, Checking: 0.08, Saving: 0.64, League ID: 1
ID: 14, Name: Pat Morrison, Skating: 0.2, Shooting: 0.62, Checking: 0.87, Saving: 0.85, League ID: 1
ID: 15, Name: Sammy Chang, Skating: 0.33, Shooting: 0.52, Checking: 0.05, Saving: 0.77, League ID: 1
ID: 16, Name: Prashant Patel, Skating: 0.36, Shooting: 0.27, Checking: 0.27, Saving: 0.65, League ID: 1
ID: 17, Name: Roger Singh, Skating: 0.33, Shooting: 0.53, Checking: 0.94, Saving: 0.75, League ID: 1
ID: 18, Name: Tami Bishop, Skating: 0.08, Shooting: 0.95, Checking: 1.0, Saving: 0.77, League ID: 1
ID: 19, Name: Mohammed Hawkins, Skating: 0.57, Shooting: 0.38, Checking: 0.94, Saving: 0.86, League ID: 1
ID: 20, Name: Nancy Bishop, Skating: 0.09, Shooting: 0.27, Checking: 0.29, Saving: 0.96, League ID: 1
ID: 21, Name: Chris Cherry, Skating: 0.46, Shooting: 0.74, Checking: 0.26, Saving: 0.59, League ID: 1
ID: 22, Name: Bonnie Khatri, Skating: 0.34, Shooting: 0.62, Checking: 0.85, Saving: 0.34, League ID: 1
ID: 23, Name: Prashant Cherry, Skating: 0.18, Shooting: 0.83, Checking: 0.25, Saving: 0.18, League ID: 1
ID: 24, Name: Raghav Burbchuk, Skating: 0.35, Shooting: 0.49, Checking: 0.02, Saving: 0.61, League ID: 1
ID: 25, Name: Bonnie Singh, Skating: 0.05, Shooting: 0.81, Checking: 0.76, Saving: 0.53, League ID: 1
ID: 26, Name: Wen Chang, Skating: 0.06, Shooting: 0.3, Checking: 0.19, Saving: 0.39, League ID: 1
ID: 27, Name: Pat Morrison, Skating: 0.25, Shooting: 0.23, Checking: 0.96, Saving: 0.5, League ID: 1
ID: 28, Name: Hardik Hawkey, Skating: 0.39, Shooting: 0.57, Checking: 0.03, Saving: 0.57, League ID: 1
ID: 29, Name: Fred Smith, Skating: 0.93, Shooting: 0.06, Checking: 0.13, Saving: 0.6, League ID: 1
ID: 30, Name: Fred Hawkey, Skating: 0.54, Shooting: 0.63, Checking: 0.23, Saving: 0.39, League ID: 1
ID: 31, Name: Tami Bishop, Skating: 0.2, Shooting: 0.72, Checking: 0.98, Saving: 0.79, League ID: 1
ID: 32, Name: Abraham Cherry, Skating: 0.68, Shooting: 0.55, Checking: 0.96, Saving: 0.87, League ID: 1
ID: 33, Name: Mary Samson, Skating: 0.84, Shooting: 0.23, Checking: 0.26, Saving: 0.84, League ID: 1
ID: 34, Name: Fred Nelson, Skating: 0.17, Shooting: 0.96, Checking: 0.06, Saving: 0.17, League ID: 1
ID: 35, Name: Rashita Marley, Skating: 0.36, Shooting: 0.7, Checking: 0.97, Saving: 0.78, League ID: 1
ID: 36, Name: Tami Samson, Skating: 0.6, Shooting: 0.19, Checking: 0.79, Saving: 0.75, League ID: 1
ID: 37, Name: Mike Khatri, Skating: 0.5, Shooting: 0.87, Checking: 0.63, Saving: 1.0, League ID: 1
ID: 38, Name: Sammy Marley, Skating: 0.96, Shooting: 0.6, Checking: 0.05, Saving: 0.21, League ID: 1
ID: 39, Name: Bonnie Marley, Skating: 0.27, Shooting: 0.82, Checking: 0.76, Saving: 0.95, League ID: 1
ID: 40, Name: Tami Nelson, Skating: 0.24, Shooting: 0.76, Checking: 0.88, Saving: 0.73, League ID: 1
ID: 41, Name: Prashant Khatri, Skating: 0.01, Shooting: 0.7, Checking: 0.89, Saving: 0.22, League ID: 1
ID: 42, Name: Tina Patel, Skating: 0.44, Shooting: 0.8, Checking: 0.74, Saving: 0.38, League ID: 1
ID: 43, Name: Bonnie Thomson, Skating: 0.73, Shooting: 0.65, Checking: 0.56, Saving: 0.81, League ID: 1
ID: 44, Name: Abraham Morrison, Skating: 0.0, Shooting: 0.01, Checking: 0.96, Saving: 0.02, League ID: 1
ID: 45, Name: Tina Samson, Skating: 0.45, Shooting: 0.37, Checking: 0.05, Saving: 0.08, League ID: 1
ID: 46, Name: Mary Marley, Skating: 0.17, Shooting: 0.25, Checking: 0.99, Saving: 0.45, League ID: 1
ID: 47, Name: Mohammed Singh, Skating: 0.22, Shooting: 0.18, Checking: 0.88, Saving: 0.69, League ID: 1
ID: 48, Name: Sammy Hawkins, Skating: 0.59, Shooting: 0.36, Checking: 0.12, Saving: 0.29, League ID: 1
ID: 49, Name: Zongming Khatri, Skating: 0.89, Shooting: 0.45, Checking: 0.47, Saving: 0.63, League ID: 1
ID: 50, Name: Wen Bishop, Skating: 0.62, Shooting: 1.0, Checking: 0.1, Saving: 0.7, League ID: 1
ID: 51, Name: Walter Liu, Skating: 0.28, Shooting: 0.0, Checking: 0.44, Saving: 0.1, League ID: 1
ID: 52, Name: Raghav Samson, Skating: 0.61, Shooting: 0.66, Checking: 0.46, Saving: 0.18, League ID: 1
ID: 53, Name: Mohammed Cherry, Skating: 0.78, Shooting: 0.18, Checking: 0.73, Saving: 0.99, League ID: 1
ID: 54, Name: Nancy Bishop, Skating: 0.33, Shooting: 0.66, Checking: 0.67, Saving: 0.35, League ID: 1
ID: 55, Name: Zongming Fei, Skating: 0.48, Shooting: 0.59, Checking: 0.65, Saving: 0.65, League ID: 1
ID: 56, Name: Hardik Khatri, Skating: 0.4, Shooting: 0.39, Checking: 0.88, Saving: 0.62, League ID: 1
ID: 57, Name: Mohammed Nelson, Skating: 0.43, Shooting: 0.02, Checking: 0.26, Saving: 0.52, League ID: 1
ID: 58, Name: Prashant Patel, Skating: 0.69, Shooting: 0.43, Checking: 0.54, Saving: 0.92, League ID: 1
ID: 59, Name: Roger Wu, Skating: 0.09, Shooting: 0.07, Checking: 0.47, Saving: 0.06, League ID: 1
ID: 60, Name: Nancy Williamson, Skating: 0.47, Shooting: 0.95, Checking: 0.53, Saving: 0.89, League ID: 1
ID: 61, Name: Hardik Hawkins, Skating: 0.56, Shooting: 0.72, Checking: 0.54, Saving: 0.44, League ID: 1
ID: 62, Name: John Patel, Skating: 0.26, Shooting: 0.45, Checking: 0.44, Saving: 0.57, League ID: 1
ID: 63, Name: Wen Hawkey, Skating: 0.7, Shooting: 0.18, Checking: 0.98, Saving: 0.07, League ID: 1
ID: 64, Name: Tami Samson, Skating: 0.06, Shooting: 0.35, Checking: 0.45, Saving: 0.43, League ID: 1
ID: 65, Name: Bonnie Khatri, Skating: 0.77, Shooting: 0.86, Checking: 0.56, Saving: 0.71, League ID: 1
ID: 66, Name: Rashita Fei, Skating: 0.05, Shooting: 0.12, Checking: 0.14, Saving: 0.45, League ID: 1
ID: 67, Name: Sammy Burbchuk, Skating: 0.66, Shooting: 0.02, Checking: 0.86, Saving: 0.13, League ID: 1
ID: 68, Name: Fred Singh, Skating: 0.7, Shooting: 0.31, Checking: 0.25, Saving: 0.1, League ID: 1
ID: 69, Name: Abraham Smith, Skating: 0.11, Shooting: 0.81, Checking: 0.61, Saving: 0.35, League ID: 1
ID: 70, Name: Nancy Bishop, Skating: 0.36, Shooting: 0.88, Checking: 0.65, Saving: 0.83, League ID: 1
ID: 71, Name: Fred Chang, Skating: 0.99, Shooting: 0.36, Checking: 0.03, Saving: 0.84, League ID: 1
ID: 72, Name: Rob Singh, Skating: 0.43, Shooting: 0.38, Checking: 0.88, Saving: 0.14, League ID: 1
ID: 73, Name: Pat Khatri, Skating: 0.88, Shooting: 0.66, Checking: 0.47, Saving: 0.07, League ID: 1
ID: 74, Name: Tina Burbchuk, Skating: 0.48, Shooting: 0.22, Checking: 0.85, Saving: 0.81, League ID: 1
]]></system-out>
  </testcase>
</testsuite>