<?xml version="1.0" encoding="UTF-8"?>
<testsuite xmlns:xsi="http://www.w3.org/2001/XMLSchema-instance" xsi:noNamespaceSchemaLocation="https://maven.apache.org/surefire/maven-surefire-plugin/xsd/surefire-test-report-3.0.xsd" version="3.0" name="dhl.persistence.database.GetFreeAgentTest" time="0.142" tests="2" errors="0" skipped="0" failures="0">
  <properties>
    <property name="java.specification.version" value="15"/>
    <property name="sun.cpu.isalist" value="amd64"/>
    <property name="sun.jnu.encoding" value="Cp1252"/>
    <property name="java.class.path" value="D:\ASDC\M2 -\csci5308\target\test-classes;D:\ASDC\M2 -\csci5308\target\classes;C:\Users\devam\.m2\repository\org\apache\maven\plugins\maven-compiler-plugin\3.8.1\maven-compiler-plugin-3.8.1.jar;C:\Users\devam\.m2\repository\org\apache\maven\maven-plugin-api\3.0\maven-plugin-api-3.0.jar;C:\Users\devam\.m2\repository\org\apache\maven\maven-model\3.0\maven-model-3.0.jar;C:\Users\devam\.m2\repository\org\sonatype\sisu\sisu-inject-plexus\1.4.2\sisu-inject-plexus-1.4.2.jar;C:\Users\devam\.m2\repository\org\sonatype\sisu\sisu-inject-bean\1.4.2\sisu-inject-bean-1.4.2.jar;C:\Users\devam\.m2\repository\org\sonatype\sisu\sisu-guice\2.1.7\sisu-guice-2.1.7-noaop.jar;C:\Users\devam\.m2\repository\org\apache\maven\maven-artifact\3.0\maven-artifact-3.0.jar;C:\Users\devam\.m2\repository\org\codehaus\plexus\plexus-utils\2.0.4\plexus-utils-2.0.4.jar;C:\Users\devam\.m2\repository\org\apache\maven\maven-core\3.0\maven-core-3.0.jar;C:\Users\devam\.m2\repository\org\apache\maven\maven-settings\3.0\maven-settings-3.0.jar;C:\Users\devam\.m2\repository\org\apache\maven\maven-settings-builder\3.0\maven-settings-builder-3.0.jar;C:\Users\devam\.m2\repository\org\apache\maven\maven-repository-metadata\3.0\maven-repository-metadata-3.0.jar;C:\Users\devam\.m2\repository\org\apache\maven\maven-model-builder\3.0\maven-model-builder-3.0.jar;C:\Users\devam\.m2\repository\org\apache\maven\maven-aether-provider\3.0\maven-aether-provider-3.0.jar;C:\Users\devam\.m2\repository\org\sonatype\aether\aether-impl\1.7\aether-impl-1.7.jar;C:\Users\devam\.m2\repository\org\sonatype\aether\aether-spi\1.7\aether-spi-1.7.jar;C:\Users\devam\.m2\repository\org\sonatype\aether\aether-api\1.7\aether-api-1.7.jar;C:\Users\devam\.m2\repository\org\sonatype\aether\aether-util\1.7\aether-util-1.7.jar;C:\Users\devam\.m2\repository\org\codehaus\plexus\plexus-interpolation\1.14\plexus-interpolation-1.14.jar;C:\Users\devam\.m2\repository\org\codehaus\plexus\plexus-classworlds\2.2.3\plexus-classworlds-2.2.3.jar;C:\Users\devam\.m2\repository\org\codehaus\plexus\plexus-component-annotations\1.5.5\plexus-component-annotations-1.5.5.jar;C:\Users\devam\.m2\repository\org\sonatype\plexus\plexus-sec-dispatcher\1.3\plexus-sec-dispatcher-1.3.jar;C:\Users\devam\.m2\repository\org\sonatype\plexus\plexus-cipher\1.4\plexus-cipher-1.4.jar;C:\Users\devam\.m2\repository\org\apache\maven\shared\maven-shared-utils\3.2.1\maven-shared-utils-3.2.1.jar;C:\Users\devam\.m2\repository\commons-io\commons-io\2.5\commons-io-2.5.jar;C:\Users\devam\.m2\repository\org\apache\maven\shared\maven-shared-incremental\1.1\maven-shared-incremental-1.1.jar;C:\Users\devam\.m2\repository\org\codehaus\plexus\plexus-java\0.9.10\plexus-java-0.9.10.jar;C:\Users\devam\.m2\repository\org\ow2\asm\asm\6.2\asm-6.2.jar;C:\Users\devam\.m2\repository\com\thoughtworks\qdox\qdox\2.0-M8\qdox-2.0-M8.jar;C:\Users\devam\.m2\repository\org\codehaus\plexus\plexus-compiler-api\2.8.4\plexus-compiler-api-2.8.4.jar;C:\Users\devam\.m2\repository\org\codehaus\plexus\plexus-compiler-manager\2.8.4\plexus-compiler-manager-2.8.4.jar;C:\Users\devam\.m2\repository\org\codehaus\plexus\plexus-compiler-javac\2.8.4\plexus-compiler-javac-2.8.4.jar;C:\Users\devam\.m2\repository\com\googlecode\json-simple\json-simple\1.1.1\json-simple-1.1.1.jar;C:\Users\devam\.m2\repository\junit\junit\4.10\junit-4.10.jar;C:\Users\devam\.m2\repository\org\hamcrest\hamcrest-core\1.1\hamcrest-core-1.1.jar;C:\Users\devam\.m2\repository\mysql\mysql-connector-java\8.0.12\mysql-connector-java-8.0.12.jar;C:\Users\devam\.m2\repository\com\google\protobuf\protobuf-java\2.6.0\protobuf-java-2.6.0.jar;C:\Users\devam\.m2\repository\com\fasterxml\jackson\core\jackson-databind\2.9.10.6\jackson-databind-2.9.10.6.jar;C:\Users\devam\.m2\repository\com\fasterxml\jackson\core\jackson-core\2.10.2\jackson-core-2.10.2.jar;C:\Users\devam\.m2\repository\com\fasterxml\jackson\core\jackson-annotations\2.11.2\jackson-annotations-2.11.2.jar;C:\Users\devam\.m2\repository\joda-time\joda-time\2.10.7\joda-time-2.10.7.jar;C:\Users\devam\.m2\repository\org\junit\jupiter\junit-jupiter\5.7.0\junit-jupiter-5.7.0.jar;C:\Users\devam\.m2\repository\org\junit\jupiter\junit-jupiter-api\5.7.0\junit-jupiter-api-5.7.0.jar;C:\Users\devam\.m2\repository\org\apiguardian\apiguardian-api\1.1.0\apiguardian-api-1.1.0.jar;C:\Users\devam\.m2\repository\org\opentest4j\opentest4j\1.2.0\opentest4j-1.2.0.jar;C:\Users\devam\.m2\repository\org\junit\platform\junit-platform-commons\1.7.0\junit-platform-commons-1.7.0.jar;C:\Users\devam\.m2\repository\org\junit\jupiter\junit-jupiter-params\5.7.0\junit-jupiter-params-5.7.0.jar;C:\Users\devam\.m2\repository\org\junit\jupiter\junit-jupiter-engine\5.7.0\junit-jupiter-engine-5.7.0.jar;C:\Users\devam\.m2\repository\org\junit\platform\junit-platform-engine\1.7.0\junit-platform-engine-1.7.0.jar;"/>
    <property name="java.vm.vendor" value="Oracle Corporation"/>
    <property name="sun.arch.data.model" value="64"/>
    <property name="user.variant" value=""/>
    <property name="java.vendor.url" value="https://java.oracle.com/"/>
    <property name="user.timezone" value="America/Halifax"/>
    <property name="os.name" value="Windows 10"/>
    <property name="java.vm.specification.version" value="15"/>
    <property name="sun.java.launcher" value="SUN_STANDARD"/>
    <property name="user.country" value="CA"/>
    <property name="sun.boot.library.path" value="C:\Program Files\Java\jdk-15\bin"/>
    <property name="sun.java.command" value="C:\Users\devam\AppData\Local\Temp\surefire15676117192104154952\surefirebooter16747528704489183956.jar C:\Users\devam\AppData\Local\Temp\surefire15676117192104154952 2020-11-02T22-54-29_654-jvmRun1 surefire6506529264414733317tmp surefire_04230042434544624742tmp"/>
    <property name="jdk.debug" value="release"/>
    <property name="surefire.test.class.path" value="D:\ASDC\M2 -\csci5308\target\test-classes;D:\ASDC\M2 -\csci5308\target\classes;C:\Users\devam\.m2\repository\org\apache\maven\plugins\maven-compiler-plugin\3.8.1\maven-compiler-plugin-3.8.1.jar;C:\Users\devam\.m2\repository\org\apache\maven\maven-plugin-api\3.0\maven-plugin-api-3.0.jar;C:\Users\devam\.m2\repository\org\apache\maven\maven-model\3.0\maven-model-3.0.jar;C:\Users\devam\.m2\repository\org\sonatype\sisu\sisu-inject-plexus\1.4.2\sisu-inject-plexus-1.4.2.jar;C:\Users\devam\.m2\repository\org\sonatype\sisu\sisu-inject-bean\1.4.2\sisu-inject-bean-1.4.2.jar;C:\Users\devam\.m2\repository\org\sonatype\sisu\sisu-guice\2.1.7\sisu-guice-2.1.7-noaop.jar;C:\Users\devam\.m2\repository\org\apache\maven\maven-artifact\3.0\maven-artifact-3.0.jar;C:\Users\devam\.m2\repository\org\codehaus\plexus\plexus-utils\2.0.4\plexus-utils-2.0.4.jar;C:\Users\devam\.m2\repository\org\apache\maven\maven-core\3.0\maven-core-3.0.jar;C:\Users\devam\.m2\repository\org\apache\maven\maven-settings\3.0\maven-settings-3.0.jar;C:\Users\devam\.m2\repository\org\apache\maven\maven-settings-builder\3.0\maven-settings-builder-3.0.jar;C:\Users\devam\.m2\repository\org\apache\maven\maven-repository-metadata\3.0\maven-repository-metadata-3.0.jar;C:\Users\devam\.m2\repository\org\apache\maven\maven-model-builder\3.0\maven-model-builder-3.0.jar;C:\Users\devam\.m2\repository\org\apache\maven\maven-aether-provider\3.0\maven-aether-provider-3.0.jar;C:\Users\devam\.m2\repository\org\sonatype\aether\aether-impl\1.7\aether-impl-1.7.jar;C:\Users\devam\.m2\repository\org\sonatype\aether\aether-spi\1.7\aether-spi-1.7.jar;C:\Users\devam\.m2\repository\org\sonatype\aether\aether-api\1.7\aether-api-1.7.jar;C:\Users\devam\.m2\repository\org\sonatype\aether\aether-util\1.7\aether-util-1.7.jar;C:\Users\devam\.m2\repository\org\codehaus\plexus\plexus-interpolation\1.14\plexus-interpolation-1.14.jar;C:\Users\devam\.m2\repository\org\codehaus\plexus\plexus-classworlds\2.2.3\plexus-classworlds-2.2.3.jar;C:\Users\devam\.m2\repository\org\codehaus\plexus\plexus-component-annotations\1.5.5\plexus-component-annotations-1.5.5.jar;C:\Users\devam\.m2\repository\org\sonatype\plexus\plexus-sec-dispatcher\1.3\plexus-sec-dispatcher-1.3.jar;C:\Users\devam\.m2\repository\org\sonatype\plexus\plexus-cipher\1.4\plexus-cipher-1.4.jar;C:\Users\devam\.m2\repository\org\apache\maven\shared\maven-shared-utils\3.2.1\maven-shared-utils-3.2.1.jar;C:\Users\devam\.m2\repository\commons-io\commons-io\2.5\commons-io-2.5.jar;C:\Users\devam\.m2\repository\org\apache\maven\shared\maven-shared-incremental\1.1\maven-shared-incremental-1.1.jar;C:\Users\devam\.m2\repository\org\codehaus\plexus\plexus-java\0.9.10\plexus-java-0.9.10.jar;C:\Users\devam\.m2\repository\org\ow2\asm\asm\6.2\asm-6.2.jar;C:\Users\devam\.m2\repository\com\thoughtworks\qdox\qdox\2.0-M8\qdox-2.0-M8.jar;C:\Users\devam\.m2\repository\org\codehaus\plexus\plexus-compiler-api\2.8.4\plexus-compiler-api-2.8.4.jar;C:\Users\devam\.m2\repository\org\codehaus\plexus\plexus-compiler-manager\2.8.4\plexus-compiler-manager-2.8.4.jar;C:\Users\devam\.m2\repository\org\codehaus\plexus\plexus-compiler-javac\2.8.4\plexus-compiler-javac-2.8.4.jar;C:\Users\devam\.m2\repository\com\googlecode\json-simple\json-simple\1.1.1\json-simple-1.1.1.jar;C:\Users\devam\.m2\repository\junit\junit\4.10\junit-4.10.jar;C:\Users\devam\.m2\repository\org\hamcrest\hamcrest-core\1.1\hamcrest-core-1.1.jar;C:\Users\devam\.m2\repository\mysql\mysql-connector-java\8.0.12\mysql-connector-java-8.0.12.jar;C:\Users\devam\.m2\repository\com\google\protobuf\protobuf-java\2.6.0\protobuf-java-2.6.0.jar;C:\Users\devam\.m2\repository\com\fasterxml\jackson\core\jackson-databind\2.9.10.6\jackson-databind-2.9.10.6.jar;C:\Users\devam\.m2\repository\com\fasterxml\jackson\core\jackson-core\2.10.2\jackson-core-2.10.2.jar;C:\Users\devam\.m2\repository\com\fasterxml\jackson\core\jackson-annotations\2.11.2\jackson-annotations-2.11.2.jar;C:\Users\devam\.m2\repository\joda-time\joda-time\2.10.7\joda-time-2.10.7.jar;C:\Users\devam\.m2\repository\org\junit\jupiter\junit-jupiter\5.7.0\junit-jupiter-5.7.0.jar;C:\Users\devam\.m2\repository\org\junit\jupiter\junit-jupiter-api\5.7.0\junit-jupiter-api-5.7.0.jar;C:\Users\devam\.m2\repository\org\apiguardian\apiguardian-api\1.1.0\apiguardian-api-1.1.0.jar;C:\Users\devam\.m2\repository\org\opentest4j\opentest4j\1.2.0\opentest4j-1.2.0.jar;C:\Users\devam\.m2\repository\org\junit\platform\junit-platform-commons\1.7.0\junit-platform-commons-1.7.0.jar;C:\Users\devam\.m2\repository\org\junit\jupiter\junit-jupiter-params\5.7.0\junit-jupiter-params-5.7.0.jar;C:\Users\devam\.m2\repository\org\junit\jupiter\junit-jupiter-engine\5.7.0\junit-jupiter-engine-5.7.0.jar;C:\Users\devam\.m2\repository\org\junit\platform\junit-platform-engine\1.7.0\junit-platform-engine-1.7.0.jar;"/>
    <property name="sun.cpu.endian" value="little"/>
    <property name="user.home" value="C:\Users\devam"/>
    <property name="user.language" value="en"/>
    <property name="java.specification.vendor" value="Oracle Corporation"/>
    <property name="java.version.date" value="2020-09-15"/>
    <property name="java.home" value="C:\Program Files\Java\jdk-15"/>
    <property name="file.separator" value="\"/>
    <property name="basedir" value="D:\ASDC\M2 -\csci5308"/>
    <property name="java.vm.compressedOopsMode" value="Zero based"/>
    <property name="line.separator" value="&#10;"/>
    <property name="java.vm.specification.vendor" value="Oracle Corporation"/>
    <property name="java.specification.name" value="Java Platform API Specification"/>
    <property name="surefire.real.class.path" value="C:\Users\devam\AppData\Local\Temp\surefire15676117192104154952\surefirebooter16747528704489183956.jar"/>
    <property name="user.script" value=""/>
    <property name="sun.management.compiler" value="HotSpot 64-Bit Tiered Compilers"/>
    <property name="java.runtime.version" value="15+36-1562"/>
    <property name="user.name" value="devam"/>
    <property name="path.separator" value=";"/>
    <property name="os.version" value="10.0"/>
    <property name="java.runtime.name" value="Java(TM) SE Runtime Environment"/>
    <property name="file.encoding" value="Cp1252"/>
    <property name="java.vm.name" value="Java HotSpot(TM) 64-Bit Server VM"/>
    <property name="localRepository" value="C:\Users\devam\.m2\repository"/>
    <property name="java.vendor.url.bug" value="https://bugreport.java.com/bugreport/"/>
    <property name="java.io.tmpdir" value="C:\Users\devam\AppData\Local\Temp\"/>
    <property name="idea.version" value="2020.2.2"/>
    <property name="java.version" value="15"/>
    <property name="user.dir" value="D:\ASDC\M2 -\csci5308"/>
    <property name="os.arch" value="amd64"/>
    <property name="java.vm.specification.name" value="Java Virtual Machine Specification"/>
    <property name="sun.os.patch.level" value=""/>
    <property name="java.library.path" value="C:\Program Files\Java\jdk-15\bin;C:\WINDOWS\Sun\Java\bin;C:\WINDOWS\system32;C:\WINDOWS;C:\Program Files\Common Files\Oracle\Java\javapath;C:\Program Files (x86)\Common Files\Oracle\Java\javapath;C:\Python38\Scripts\;C:\Python38\;C:\windows\system32;C:\windows;C:\windows\System32\Wbem;C:\windows\System32\WindowsPowerShell\v1.0\;C:\windows\System32\OpenSSH\;C:\Program Files (x86)\NVIDIA Corporation\PhysX\Common;C:\WINDOWS\system32;C:\WINDOWS;C:\WINDOWS\System32\Wbem;C:\WINDOWS\System32\WindowsPowerShell\v1.0\;C:\WINDOWS\System32\OpenSSH\;C:\Program Files\Intel\WiFi\bin\;C:\Program Files\Common Files\Intel\WirelessCommon\;C:\Program Files\NVIDIA Corporation\NVIDIA NvDLISR;C:\Program Files\PuTTY\;C:\Program Files\Amazon\AWSCLIV2\;C:\ProgramData\chocolatey\bin;C:\Program Files\nodejs\;C:\Program Files\Microsoft SQL Server\110\Tools\Binn\;C:\Program Files (x86)\Microsoft SDKs\TypeScript\1.0\;C:\Program Files\Microsoft SQL Server\120\Tools\Binn\;C:\Program Files\Git\cmd;C:\WINDOWS\system32;C:\WINDOWS;C:\WINDOWS\System32\Wbem;C:\WINDOWS\System32\WindowsPowerShell\v1.0\;C:\WINDOWS\System32\OpenSSH\;C:\Program Files\Java\jdk-15\bin;C:\apache-maven-3.6.3\bin;C:\Users\devam\AppData\Local\Microsoft\WindowsApps;C:\Program Files\Intel\WiFi\bin\;C:\Program Files\Common Files\Intel\WirelessCommon\;C:\Program Files\MongoDB\Server\4.2\bin;C:\Users\devam\AppData\Local\Programs\Microsoft VS Code\bin;C:\Users\devam\AppData\Roaming\npm;C:\Users\devam\AppData\Local\Google\Cloud SDK\google-cloud-sdk\bin;;."/>
    <property name="java.vm.info" value="mixed mode, sharing"/>
    <property name="java.vendor" value="Oracle Corporation"/>
    <property name="java.vm.version" value="15+36-1562"/>
    <property name="sun.io.unicode.encoding" value="UnicodeLittle"/>
    <property name="java.class.version" value="59.0"/>
  </properties>
  <testcase name="GetFreeAgentTest" classname="dhl.persistence.database.GetFreeAgentTest" time="0.003"/>
  <testcase name="executeProcedureTest" classname="dhl.persistence.database.GetFreeAgentTest" time="0.137">
    <system-out><![CDATA[ID: 1, Name: Fred Samson, Position: defense, Age: 26, Skating: 20, Shooting: 16, Checking: 15, Saving: 18, League ID: 1
ID: 2, Name: Raghav Morrison, Position: goalie, Age: 25, Skating: 4, Shooting: 2, Checking: 5, Saving: 17, League ID: 1
ID: 3, Name: Raghav Liu, Position: goalie, Age: 26, Skating: 19, Shooting: 15, Checking: 19, Saving: 17, League ID: 1
ID: 4, Name: Rob Liu, Position: forward, Age: 23, Skating: 7, Shooting: 14, Checking: 5, Saving: 7, League ID: 1
ID: 5, Name: Raghav Nelson, Position: forward, Age: 22, Skating: 12, Shooting: 1, Checking: 15, Saving: 3, League ID: 1
ID: 6, Name: Abraham Hawkins, Position: defense, Age: 32, Skating: 8, Shooting: 6, Checking: 7, Saving: 15, League ID: 1
ID: 7, Name: Rob Liu, Position: forward, Age: 18, Skating: 12, Shooting: 15, Checking: 8, Saving: 7, League ID: 1
ID: 8, Name: Rob Patel, Position: forward, Age: 30, Skating: 20, Shooting: 10, Checking: 9, Saving: 18, League ID: 1
ID: 9, Name: Nancy Hawkins, Position: defense, Age: 31, Skating: 7, Shooting: 16, Checking: 20, Saving: 2, League ID: 1
ID: 10, Name: Mike Wu, Position: defense, Age: 31, Skating: 2, Shooting: 2, Checking: 11, Saving: 11, League ID: 1
ID: 11, Name: Don Samson, Position: forward, Age: 22, Skating: 12, Shooting: 11, Checking: 15, Saving: 9, League ID: 1
ID: 12, Name: Fred Hawkins, Position: defense, Age: 31, Skating: 15, Shooting: 8, Checking: 17, Saving: 17, League ID: 1
ID: 13, Name: Prashant Samson, Position: goalie, Age: 29, Skating: 13, Shooting: 17, Checking: 10, Saving: 19, League ID: 1
ID: 14, Name: Mary Patel, Position: goalie, Age: 34, Skating: 15, Shooting: 4, Checking: 9, Saving: 20, League ID: 1
ID: 15, Name: Pat Singh, Position: defense, Age: 22, Skating: 18, Shooting: 2, Checking: 5, Saving: 11, League ID: 1
ID: 16, Name: Mohammed Burbchuk, Position: defense, Age: 27, Skating: 18, Shooting: 1, Checking: 11, Saving: 1, League ID: 1
ID: 17, Name: Mike Burbchuk, Position: goalie, Age: 24, Skating: 4, Shooting: 19, Checking: 4, Saving: 15, League ID: 1
ID: 18, Name: Wen Marley, Position: goalie, Age: 33, Skating: 13, Shooting: 16, Checking: 15, Saving: 14, League ID: 1
ID: 19, Name: Wen Fei, Position: defense, Age: 18, Skating: 6, Shooting: 2, Checking: 7, Saving: 6, League ID: 1
ID: 20, Name: Abraham Patel, Position: goalie, Age: 25, Skating: 10, Shooting: 19, Checking: 5, Saving: 5, League ID: 1
ID: 21, Name: Pat Thomson, Position: defense, Age: 23, Skating: 4, Shooting: 1, Checking: 16, Saving: 10, League ID: 1
ID: 22, Name: Mary Smith, Position: defense, Age: 33, Skating: 4, Shooting: 2, Checking: 5, Saving: 7, League ID: 1
ID: 23, Name: Roger Smith, Position: goalie, Age: 30, Skating: 15, Shooting: 4, Checking: 1, Saving: 5, League ID: 1
ID: 24, Name: Wen Williamson, Position: goalie, Age: 26, Skating: 20, Shooting: 18, Checking: 15, Saving: 5, League ID: 1
ID: 25, Name: Mary Hawkins, Position: goalie, Age: 18, Skating: 10, Shooting: 7, Checking: 12, Saving: 10, League ID: 1
ID: 26, Name: Raghav Thomson, Position: goalie, Age: 23, Skating: 12, Shooting: 9, Checking: 20, Saving: 16, League ID: 1
ID: 27, Name: Tina Hawkins, Position: goalie, Age: 27, Skating: 1, Shooting: 5, Checking: 13, Saving: 5, League ID: 1
ID: 28, Name: Mohammed Burbchuk, Position: forward, Age: 22, Skating: 10, Shooting: 1, Checking: 7, Saving: 7, League ID: 1
ID: 29, Name: Mary Singh, Position: goalie, Age: 24, Skating: 16, Shooting: 8, Checking: 18, Saving: 5, League ID: 1
ID: 30, Name: Mike Smith, Position: forward, Age: 35, Skating: 2, Shooting: 6, Checking: 8, Saving: 5, League ID: 1
ID: 31, Name: Bonnie Liu, Position: goalie, Age: 28, Skating: 20, Shooting: 3, Checking: 13, Saving: 19, League ID: 1
ID: 32, Name: Don Burbchuk, Position: defense, Age: 22, Skating: 3, Shooting: 5, Checking: 1, Saving: 8, League ID: 1
ID: 33, Name: Chris Morrison, Position: forward, Age: 24, Skating: 15, Shooting: 2, Checking: 9, Saving: 7, League ID: 1
ID: 34, Name: Nancy Smith, Position: forward, Age: 33, Skating: 16, Shooting: 17, Checking: 18, Saving: 6, League ID: 1
ID: 35, Name: Hardik Thomson, Position: goalie, Age: 29, Skating: 6, Shooting: 20, Checking: 1, Saving: 3, League ID: 1
ID: 36, Name: John Smith, Position: defense, Age: 24, Skating: 4, Shooting: 7, Checking: 6, Saving: 14, League ID: 1
ID: 37, Name: Tina Patel, Position: defense, Age: 25, Skating: 14, Shooting: 14, Checking: 4, Saving: 6, League ID: 1
ID: 38, Name: Hardik Wu, Position: defense, Age: 35, Skating: 3, Shooting: 10, Checking: 7, Saving: 13, League ID: 1
ID: 39, Name: Tina Greenbaum, Position: goalie, Age: 24, Skating: 11, Shooting: 20, Checking: 15, Saving: 8, League ID: 1
ID: 40, Name: Tami Chang, Position: goalie, Age: 33, Skating: 9, Shooting: 1, Checking: 16, Saving: 7, League ID: 1
ID: 41, Name: Walter Liu, Position: goalie, Age: 34, Skating: 2, Shooting: 1, Checking: 17, Saving: 7, League ID: 1
ID: 42, Name: Walter Hawkey, Position: forward, Age: 32, Skating: 2, Shooting: 11, Checking: 18, Saving: 14, League ID: 1
ID: 43, Name: Nancy Khatri, Position: goalie, Age: 28, Skating: 16, Shooting: 8, Checking: 10, Saving: 9, League ID: 1
ID: 44, Name: John Samson, Position: goalie, Age: 21, Skating: 4, Shooting: 19, Checking: 3, Saving: 6, League ID: 1
ID: 45, Name: Hardik Singh, Position: goalie, Age: 26, Skating: 6, Shooting: 3, Checking: 5, Saving: 3, League ID: 1
ID: 46, Name: Abraham Marley, Position: goalie, Age: 27, Skating: 14, Shooting: 11, Checking: 16, Saving: 3, League ID: 1
ID: 47, Name: Chris Samson, Position: goalie, Age: 18, Skating: 8, Shooting: 18, Checking: 5, Saving: 12, League ID: 1
ID: 48, Name: Mohammed Greenbaum, Position: goalie, Age: 25, Skating: 10, Shooting: 20, Checking: 7, Saving: 10, League ID: 1
ID: 49, Name: Rob Patel, Position: goalie, Age: 22, Skating: 2, Shooting: 8, Checking: 5, Saving: 9, League ID: 1
ID: 50, Name: Fred Wu, Position: forward, Age: 19, Skating: 2, Shooting: 16, Checking: 2, Saving: 16, League ID: 1
ID: 51, Name: Abraham Patel, Position: defense, Age: 21, Skating: 6, Shooting: 6, Checking: 4, Saving: 12, League ID: 1
ID: 53, Name: Free1, Position: forward, Age: 25, Skating: 15, Shooting: 16, Checking: 17, Saving: 18, League ID: 1
ID: 55, Name: Free1, Position: forward, Age: 25, Skating: 15, Shooting: 16, Checking: 17, Saving: 18, League ID: 1
ID: 57, Name: Free1, Position: forward, Age: 25, Skating: 15, Shooting: 16, Checking: 17, Saving: 18, League ID: 1
ID: 59, Name: Free1, Position: forward, Age: 25, Skating: 15, Shooting: 16, Checking: 17, Saving: 18, League ID: 1
ID: 61, Name: Free1, Position: forward, Age: 25, Skating: 15, Shooting: 16, Checking: 17, Saving: 18, League ID: 1
ID: 63, Name: Free1, Position: forward, Age: 25, Skating: 15, Shooting: 16, Checking: 17, Saving: 18, League ID: 1
ID: 65, Name: Free1, Position: forward, Age: 25, Skating: 15, Shooting: 16, Checking: 17, Saving: 18, League ID: 1
ID: 66, Name: Free1, Position: forward, Age: 25, Skating: 15, Shooting: 16, Checking: 17, Saving: 18, League ID: 1
ID: 68, Name: Free1, Position: forward, Age: 25, Skating: 15, Shooting: 16, Checking: 17, Saving: 18, League ID: 1
ID: 69, Name: Free1, Position: forward, Age: 25, Skating: 15, Shooting: 16, Checking: 17, Saving: 18, League ID: 1
ID: 70, Name: Free1, Position: forward, Age: 25, Skating: 15, Shooting: 16, Checking: 17, Saving: 18, League ID: 1
ID: 72, Name: Free1, Position: forward, Age: 25, Skating: 15, Shooting: 16, Checking: 17, Saving: 18, League ID: 1
ID: 74, Name: Free1, Position: forward, Age: 25, Skating: 15, Shooting: 16, Checking: 17, Saving: 18, League ID: 1
ID: 76, Name: Free1, Position: forward, Age: 25, Skating: 15, Shooting: 16, Checking: 17, Saving: 18, League ID: 1
ID: 78, Name: Free1, Position: forward, Age: 25, Skating: 15, Shooting: 16, Checking: 17, Saving: 18, League ID: 1
ID: 79, Name: Free1, Position: forward, Age: 25, Skating: 15, Shooting: 16, Checking: 17, Saving: 18, League ID: 1
]]></system-out>
  </testcase>
</testsuite>