<?xml version="1.0" encoding="UTF-8"?>
<testsuite xmlns:xsi="http://www.w3.org/2001/XMLSchema-instance" xsi:noNamespaceSchemaLocation="https://maven.apache.org/surefire/maven-surefire-plugin/xsd/surefire-test-report-3.0.xsd" version="3.0" name="dhl.persistence.database.GetFreeManagerTest" time="0.121" tests="1" errors="0" skipped="0" failures="0">
  <properties>
    <property name="java.specification.version" value="15"/>
    <property name="sun.cpu.isalist" value="amd64"/>
    <property name="sun.jnu.encoding" value="Cp1252"/>
    <property name="java.class.path" value="D:\ASDC\M2 -\csci5308\target\test-classes;D:\ASDC\M2 -\csci5308\target\classes;C:\Users\devam\.m2\repository\org\apache\maven\plugins\maven-compiler-plugin\3.8.1\maven-compiler-plugin-3.8.1.jar;C:\Users\devam\.m2\repository\org\apache\maven\maven-plugin-api\3.0\maven-plugin-api-3.0.jar;C:\Users\devam\.m2\repository\org\apache\maven\maven-model\3.0\maven-model-3.0.jar;C:\Users\devam\.m2\repository\org\sonatype\sisu\sisu-inject-plexus\1.4.2\sisu-inject-plexus-1.4.2.jar;C:\Users\devam\.m2\repository\org\sonatype\sisu\sisu-inject-bean\1.4.2\sisu-inject-bean-1.4.2.jar;C:\Users\devam\.m2\repository\org\sonatype\sisu\sisu-guice\2.1.7\sisu-guice-2.1.7-noaop.jar;C:\Users\devam\.m2\repository\org\apache\maven\maven-artifact\3.0\maven-artifact-3.0.jar;C:\Users\devam\.m2\repository\org\codehaus\plexus\plexus-utils\2.0.4\plexus-utils-2.0.4.jar;C:\Users\devam\.m2\repository\org\apache\maven\maven-core\3.0\maven-core-3.0.jar;C:\Users\devam\.m2\repository\org\apache\maven\maven-settings\3.0\maven-settings-3.0.jar;C:\Users\devam\.m2\repository\org\apache\maven\maven-settings-builder\3.0\maven-settings-builder-3.0.jar;C:\Users\devam\.m2\repository\org\apache\maven\maven-repository-metadata\3.0\maven-repository-metadata-3.0.jar;C:\Users\devam\.m2\repository\org\apache\maven\maven-model-builder\3.0\maven-model-builder-3.0.jar;C:\Users\devam\.m2\repository\org\apache\maven\maven-aether-provider\3.0\maven-aether-provider-3.0.jar;C:\Users\devam\.m2\repository\org\sonatype\aether\aether-impl\1.7\aether-impl-1.7.jar;C:\Users\devam\.m2\repository\org\sonatype\aether\aether-spi\1.7\aether-spi-1.7.jar;C:\Users\devam\.m2\repository\org\sonatype\aether\aether-api\1.7\aether-api-1.7.jar;C:\Users\devam\.m2\repository\org\sonatype\aether\aether-util\1.7\aether-util-1.7.jar;C:\Users\devam\.m2\repository\org\codehaus\plexus\plexus-interpolation\1.14\plexus-interpolation-1.14.jar;C:\Users\devam\.m2\repository\org\codehaus\plexus\plexus-classworlds\2.2.3\plexus-classworlds-2.2.3.jar;C:\Users\devam\.m2\repository\org\codehaus\plexus\plexus-component-annotations\1.5.5\plexus-component-annotations-1.5.5.jar;C:\Users\devam\.m2\repository\org\sonatype\plexus\plexus-sec-dispatcher\1.3\plexus-sec-dispatcher-1.3.jar;C:\Users\devam\.m2\repository\org\sonatype\plexus\plexus-cipher\1.4\plexus-cipher-1.4.jar;C:\Users\devam\.m2\repository\org\apache\maven\shared\maven-shared-utils\3.2.1\maven-shared-utils-3.2.1.jar;C:\Users\devam\.m2\repository\commons-io\commons-io\2.5\commons-io-2.5.jar;C:\Users\devam\.m2\repository\org\apache\maven\shared\maven-shared-incremental\1.1\maven-shared-incremental-1.1.jar;C:\Users\devam\.m2\repository\org\codehaus\plexus\plexus-java\0.9.10\plexus-java-0.9.10.jar;C:\Users\devam\.m2\repository\org\ow2\asm\asm\6.2\asm-6.2.jar;C:\Users\devam\.m2\repository\com\thoughtworks\qdox\qdox\2.0-M8\qdox-2.0-M8.jar;C:\Users\devam\.m2\repository\org\codehaus\plexus\plexus-compiler-api\2.8.4\plexus-compiler-api-2.8.4.jar;C:\Users\devam\.m2\repository\org\codehaus\plexus\plexus-compiler-manager\2.8.4\plexus-compiler-manager-2.8.4.jar;C:\Users\devam\.m2\repository\org\codehaus\plexus\plexus-compiler-javac\2.8.4\plexus-compiler-javac-2.8.4.jar;C:\Users\devam\.m2\repository\com\googlecode\json-simple\json-simple\1.1.1\json-simple-1.1.1.jar;C:\Users\devam\.m2\repository\junit\junit\4.10\junit-4.10.jar;C:\Users\devam\.m2\repository\org\hamcrest\hamcrest-core\1.1\hamcrest-core-1.1.jar;C:\Users\devam\.m2\repository\mysql\mysql-connector-java\8.0.12\mysql-connector-java-8.0.12.jar;C:\Users\devam\.m2\repository\com\google\protobuf\protobuf-java\2.6.0\protobuf-java-2.6.0.jar;C:\Users\devam\.m2\repository\com\fasterxml\jackson\core\jackson-databind\2.9.10.6\jackson-databind-2.9.10.6.jar;C:\Users\devam\.m2\repository\com\fasterxml\jackson\core\jackson-core\2.10.2\jackson-core-2.10.2.jar;C:\Users\devam\.m2\repository\com\fasterxml\jackson\core\jackson-annotations\2.11.2\jackson-annotations-2.11.2.jar;C:\Users\devam\.m2\repository\joda-time\joda-time\2.10.7\joda-time-2.10.7.jar;C:\Users\devam\.m2\repository\org\junit\jupiter\junit-jupiter\5.7.0\junit-jupiter-5.7.0.jar;C:\Users\devam\.m2\repository\org\junit\jupiter\junit-jupiter-api\5.7.0\junit-jupiter-api-5.7.0.jar;C:\Users\devam\.m2\repository\org\apiguardian\apiguardian-api\1.1.0\apiguardian-api-1.1.0.jar;C:\Users\devam\.m2\repository\org\opentest4j\opentest4j\1.2.0\opentest4j-1.2.0.jar;C:\Users\devam\.m2\repository\org\junit\platform\junit-platform-commons\1.7.0\junit-platform-commons-1.7.0.jar;C:\Users\devam\.m2\repository\org\junit\jupiter\junit-jupiter-params\5.7.0\junit-jupiter-params-5.7.0.jar;C:\Users\devam\.m2\repository\org\junit\jupiter\junit-jupiter-engine\5.7.0\junit-jupiter-engine-5.7.0.jar;C:\Users\devam\.m2\repository\org\junit\platform\junit-platform-engine\1.7.0\junit-platform-engine-1.7.0.jar;"/>
    <property name="java.vm.vendor" value="Oracle Corporation"/>
    <property name="sun.arch.data.model" value="64"/>
    <property name="user.variant" value=""/>
    <property name="java.vendor.url" value="https://java.oracle.com/"/>
    <property name="user.timezone" value="America/Halifax"/>
    <property name="os.name" value="Windows 10"/>
    <property name="java.vm.specification.version" value="15"/>
    <property name="sun.java.launcher" value="SUN_STANDARD"/>
    <property name="user.country" value="CA"/>
    <property name="sun.boot.library.path" value="C:\Program Files\Java\jdk-15\bin"/>
    <property name="sun.java.command" value="C:\Users\devam\AppData\Local\Temp\surefire2813812685079234563\surefirebooter12665319113061733184.jar C:\Users\devam\AppData\Local\Temp\surefire2813812685079234563 2020-11-02T22-22-15_785-jvmRun1 surefire17220132504990399380tmp surefire_014661985028225296595tmp"/>
    <property name="jdk.debug" value="release"/>
    <property name="surefire.test.class.path" value="D:\ASDC\M2 -\csci5308\target\test-classes;D:\ASDC\M2 -\csci5308\target\classes;C:\Users\devam\.m2\repository\org\apache\maven\plugins\maven-compiler-plugin\3.8.1\maven-compiler-plugin-3.8.1.jar;C:\Users\devam\.m2\repository\org\apache\maven\maven-plugin-api\3.0\maven-plugin-api-3.0.jar;C:\Users\devam\.m2\repository\org\apache\maven\maven-model\3.0\maven-model-3.0.jar;C:\Users\devam\.m2\repository\org\sonatype\sisu\sisu-inject-plexus\1.4.2\sisu-inject-plexus-1.4.2.jar;C:\Users\devam\.m2\repository\org\sonatype\sisu\sisu-inject-bean\1.4.2\sisu-inject-bean-1.4.2.jar;C:\Users\devam\.m2\repository\org\sonatype\sisu\sisu-guice\2.1.7\sisu-guice-2.1.7-noaop.jar;C:\Users\devam\.m2\repository\org\apache\maven\maven-artifact\3.0\maven-artifact-3.0.jar;C:\Users\devam\.m2\repository\org\codehaus\plexus\plexus-utils\2.0.4\plexus-utils-2.0.4.jar;C:\Users\devam\.m2\repository\org\apache\maven\maven-core\3.0\maven-core-3.0.jar;C:\Users\devam\.m2\repository\org\apache\maven\maven-settings\3.0\maven-settings-3.0.jar;C:\Users\devam\.m2\repository\org\apache\maven\maven-settings-builder\3.0\maven-settings-builder-3.0.jar;C:\Users\devam\.m2\repository\org\apache\maven\maven-repository-metadata\3.0\maven-repository-metadata-3.0.jar;C:\Users\devam\.m2\repository\org\apache\maven\maven-model-builder\3.0\maven-model-builder-3.0.jar;C:\Users\devam\.m2\repository\org\apache\maven\maven-aether-provider\3.0\maven-aether-provider-3.0.jar;C:\Users\devam\.m2\repository\org\sonatype\aether\aether-impl\1.7\aether-impl-1.7.jar;C:\Users\devam\.m2\repository\org\sonatype\aether\aether-spi\1.7\aether-spi-1.7.jar;C:\Users\devam\.m2\repository\org\sonatype\aether\aether-api\1.7\aether-api-1.7.jar;C:\Users\devam\.m2\repository\org\sonatype\aether\aether-util\1.7\aether-util-1.7.jar;C:\Users\devam\.m2\repository\org\codehaus\plexus\plexus-interpolation\1.14\plexus-interpolation-1.14.jar;C:\Users\devam\.m2\repository\org\codehaus\plexus\plexus-classworlds\2.2.3\plexus-classworlds-2.2.3.jar;C:\Users\devam\.m2\repository\org\codehaus\plexus\plexus-component-annotations\1.5.5\plexus-component-annotations-1.5.5.jar;C:\Users\devam\.m2\repository\org\sonatype\plexus\plexus-sec-dispatcher\1.3\plexus-sec-dispatcher-1.3.jar;C:\Users\devam\.m2\repository\org\sonatype\plexus\plexus-cipher\1.4\plexus-cipher-1.4.jar;C:\Users\devam\.m2\repository\org\apache\maven\shared\maven-shared-utils\3.2.1\maven-shared-utils-3.2.1.jar;C:\Users\devam\.m2\repository\commons-io\commons-io\2.5\commons-io-2.5.jar;C:\Users\devam\.m2\repository\org\apache\maven\shared\maven-shared-incremental\1.1\maven-shared-incremental-1.1.jar;C:\Users\devam\.m2\repository\org\codehaus\plexus\plexus-java\0.9.10\plexus-java-0.9.10.jar;C:\Users\devam\.m2\repository\org\ow2\asm\asm\6.2\asm-6.2.jar;C:\Users\devam\.m2\repository\com\thoughtworks\qdox\qdox\2.0-M8\qdox-2.0-M8.jar;C:\Users\devam\.m2\repository\org\codehaus\plexus\plexus-compiler-api\2.8.4\plexus-compiler-api-2.8.4.jar;C:\Users\devam\.m2\repository\org\codehaus\plexus\plexus-compiler-manager\2.8.4\plexus-compiler-manager-2.8.4.jar;C:\Users\devam\.m2\repository\org\codehaus\plexus\plexus-compiler-javac\2.8.4\plexus-compiler-javac-2.8.4.jar;C:\Users\devam\.m2\repository\com\googlecode\json-simple\json-simple\1.1.1\json-simple-1.1.1.jar;C:\Users\devam\.m2\repository\junit\junit\4.10\junit-4.10.jar;C:\Users\devam\.m2\repository\org\hamcrest\hamcrest-core\1.1\hamcrest-core-1.1.jar;C:\Users\devam\.m2\repository\mysql\mysql-connector-java\8.0.12\mysql-connector-java-8.0.12.jar;C:\Users\devam\.m2\repository\com\google\protobuf\protobuf-java\2.6.0\protobuf-java-2.6.0.jar;C:\Users\devam\.m2\repository\com\fasterxml\jackson\core\jackson-databind\2.9.10.6\jackson-databind-2.9.10.6.jar;C:\Users\devam\.m2\repository\com\fasterxml\jackson\core\jackson-core\2.10.2\jackson-core-2.10.2.jar;C:\Users\devam\.m2\repository\com\fasterxml\jackson\core\jackson-annotations\2.11.2\jackson-annotations-2.11.2.jar;C:\Users\devam\.m2\repository\joda-time\joda-time\2.10.7\joda-time-2.10.7.jar;C:\Users\devam\.m2\repository\org\junit\jupiter\junit-jupiter\5.7.0\junit-jupiter-5.7.0.jar;C:\Users\devam\.m2\repository\org\junit\jupiter\junit-jupiter-api\5.7.0\junit-jupiter-api-5.7.0.jar;C:\Users\devam\.m2\repository\org\apiguardian\apiguardian-api\1.1.0\apiguardian-api-1.1.0.jar;C:\Users\devam\.m2\repository\org\opentest4j\opentest4j\1.2.0\opentest4j-1.2.0.jar;C:\Users\devam\.m2\repository\org\junit\platform\junit-platform-commons\1.7.0\junit-platform-commons-1.7.0.jar;C:\Users\devam\.m2\repository\org\junit\jupiter\junit-jupiter-params\5.7.0\junit-jupiter-params-5.7.0.jar;C:\Users\devam\.m2\repository\org\junit\jupiter\junit-jupiter-engine\5.7.0\junit-jupiter-engine-5.7.0.jar;C:\Users\devam\.m2\repository\org\junit\platform\junit-platform-engine\1.7.0\junit-platform-engine-1.7.0.jar;"/>
    <property name="sun.cpu.endian" value="little"/>
    <property name="user.home" value="C:\Users\devam"/>
    <property name="user.language" value="en"/>
    <property name="java.specification.vendor" value="Oracle Corporation"/>
    <property name="java.version.date" value="2020-09-15"/>
    <property name="java.home" value="C:\Program Files\Java\jdk-15"/>
    <property name="file.separator" value="\"/>
    <property name="basedir" value="D:\ASDC\M2 -\csci5308"/>
    <property name="java.vm.compressedOopsMode" value="Zero based"/>
    <property name="line.separator" value="&#10;"/>
    <property name="java.vm.specification.vendor" value="Oracle Corporation"/>
    <property name="java.specification.name" value="Java Platform API Specification"/>
    <property name="surefire.real.class.path" value="C:\Users\devam\AppData\Local\Temp\surefire2813812685079234563\surefirebooter12665319113061733184.jar"/>
    <property name="user.script" value=""/>
    <property name="sun.management.compiler" value="HotSpot 64-Bit Tiered Compilers"/>
    <property name="java.runtime.version" value="15+36-1562"/>
    <property name="user.name" value="devam"/>
    <property name="path.separator" value=";"/>
    <property name="os.version" value="10.0"/>
    <property name="java.runtime.name" value="Java(TM) SE Runtime Environment"/>
    <property name="file.encoding" value="Cp1252"/>
    <property name="java.vm.name" value="Java HotSpot(TM) 64-Bit Server VM"/>
    <property name="localRepository" value="C:\Users\devam\.m2\repository"/>
    <property name="java.vendor.url.bug" value="https://bugreport.java.com/bugreport/"/>
    <property name="java.io.tmpdir" value="C:\Users\devam\AppData\Local\Temp\"/>
    <property name="idea.version" value="2020.2.2"/>
    <property name="java.version" value="15"/>
    <property name="user.dir" value="D:\ASDC\M2 -\csci5308"/>
    <property name="os.arch" value="amd64"/>
    <property name="java.vm.specification.name" value="Java Virtual Machine Specification"/>
    <property name="sun.os.patch.level" value=""/>
    <property name="java.library.path" value="C:\Program Files\Java\jdk-15\bin;C:\WINDOWS\Sun\Java\bin;C:\WINDOWS\system32;C:\WINDOWS;C:\Program Files\Common Files\Oracle\Java\javapath;C:\Program Files (x86)\Common Files\Oracle\Java\javapath;C:\Python38\Scripts\;C:\Python38\;C:\windows\system32;C:\windows;C:\windows\System32\Wbem;C:\windows\System32\WindowsPowerShell\v1.0\;C:\windows\System32\OpenSSH\;C:\Program Files (x86)\NVIDIA Corporation\PhysX\Common;C:\WINDOWS\system32;C:\WINDOWS;C:\WINDOWS\System32\Wbem;C:\WINDOWS\System32\WindowsPowerShell\v1.0\;C:\WINDOWS\System32\OpenSSH\;C:\Program Files\Intel\WiFi\bin\;C:\Program Files\Common Files\Intel\WirelessCommon\;C:\Program Files\NVIDIA Corporation\NVIDIA NvDLISR;C:\Program Files\PuTTY\;C:\Program Files\Amazon\AWSCLIV2\;C:\ProgramData\chocolatey\bin;C:\Program Files\nodejs\;C:\Program Files\Microsoft SQL Server\110\Tools\Binn\;C:\Program Files (x86)\Microsoft SDKs\TypeScript\1.0\;C:\Program Files\Microsoft SQL Server\120\Tools\Binn\;C:\Program Files\Git\cmd;C:\WINDOWS\system32;C:\WINDOWS;C:\WINDOWS\System32\Wbem;C:\WINDOWS\System32\WindowsPowerShell\v1.0\;C:\WINDOWS\System32\OpenSSH\;C:\Program Files\Java\jdk-15\bin;C:\apache-maven-3.6.3\bin;C:\Users\devam\AppData\Local\Microsoft\WindowsApps;C:\Program Files\Intel\WiFi\bin\;C:\Program Files\Common Files\Intel\WirelessCommon\;C:\Program Files\MongoDB\Server\4.2\bin;C:\Users\devam\AppData\Local\Programs\Microsoft VS Code\bin;C:\Users\devam\AppData\Roaming\npm;C:\Users\devam\AppData\Local\Google\Cloud SDK\google-cloud-sdk\bin;;."/>
    <property name="java.vm.info" value="mixed mode, sharing"/>
    <property name="java.vendor" value="Oracle Corporation"/>
    <property name="java.vm.version" value="15+36-1562"/>
    <property name="sun.io.unicode.encoding" value="UnicodeLittle"/>
    <property name="java.class.version" value="59.0"/>
  </properties>
  <testcase name="executeProcedureTest" classname="dhl.persistence.database.GetFreeManagerTest" time="0.121">
    <system-out><![CDATA[ID: 1, Name: Nancy Thomson, League ID: 1
ID: 2, Name: Pat Hawkey, League ID: 1
ID: 3, Name: Rob Smith, League ID: 1
ID: 4, Name: Mike Hawkey, League ID: 1
ID: 5, Name: Walter Hawkey, League ID: 1
ID: 6, Name: Tina Nelson, League ID: 1
ID: 7, Name: Mohammed Khatri, League ID: 1
ID: 8, Name: Bonnie Morrison, League ID: 1
ID: 9, Name: Raghav Liu, League ID: 1
ID: 10, Name: Rob Bishop, League ID: 1
ID: 11, Name: Tina Singh, League ID: 1
ID: 12, Name: Abraham Singh, League ID: 1
ID: 13, Name: Wen Samson, League ID: 1
ID: 14, Name: Roger Hawkey, League ID: 1
ID: 15, Name: Prashant Fei, League ID: 1
ID: 16, Name: Mary Chang, League ID: 1
ID: 17, Name: Abraham Wu, League ID: 1
ID: 18, Name: Zongming Khatri, League ID: 1
ID: 19, Name: Mike Hawkins, League ID: 1
ID: 20, Name: Mike Liu, League ID: 1
ID: 21, Name: Pat Hawkins, League ID: 1
ID: 22, Name: John Cherry, League ID: 1
ID: 23, Name: Rob Smith, League ID: 1
ID: 24, Name: Tami Chang, League ID: 1
ID: 25, Name: Walter Morrison, League ID: 1
ID: 26, Name: Mary Smith, League ID: 1
ID: 27, Name: Tina Williamson, League ID: 1
ID: 28, Name: John Hawkins, League ID: 1
ID: 29, Name: Tina Singh, League ID: 1
ID: 30, Name: John Thomson, League ID: 1
ID: 31, Name: Nancy Greenbaum, League ID: 1
ID: 32, Name: Raghav Burbchuk, League ID: 1
ID: 33, Name: John Samson, League ID: 1
ID: 34, Name: Pat Smith, League ID: 1
ID: 35, Name: Rob Williamson, League ID: 1
ID: 36, Name: Roger Cherry, League ID: 1
ID: 37, Name: Tami Burbchuk, League ID: 1
ID: 38, Name: Mike Hawkey, League ID: 1
ID: 39, Name: Sammy Bishop, League ID: 1
ID: 40, Name: Sammy Bishop, League ID: 1
ID: 41, Name: Bonnie Singh, League ID: 1
ID: 42, Name: Zongming Singh, League ID: 1
ID: 43, Name: Mary Greenbaum, League ID: 1
ID: 44, Name: Nancy Bishop, League ID: 1
ID: 45, Name: Mike Greenbaum, League ID: 1
ID: 46, Name: Chris Halen, League ID: 1
ID: 47, Name: Pat Thomson, League ID: 1
ID: 48, Name: Roger Cherry, League ID: 1
ID: 49, Name: Abraham Wu, League ID: 1
ID: 50, Name: John Halen, League ID: 1
ID: 51, Name: Bonnie Nelson, League ID: 1
ID: 52, Name: Zongming Morrison, League ID: 1
ID: 53, Name: Wen Cherry, League ID: 1
ID: 54, Name: Pat Halen, League ID: 1
ID: 55, Name: Sammy Singh, League ID: 1
ID: 56, Name: Sammy Halen, League ID: 1
ID: 57, Name: Tina Khatri, League ID: 1
ID: 58, Name: Sammy Liu, League ID: 1
ID: 59, Name: Tina Khatri, League ID: 1
ID: 60, Name: Mary Singh, League ID: 1
ID: 61, Name: Tina Samson, League ID: 1
ID: 62, Name: Abraham Williamson, League ID: 1
ID: 63, Name: John Williamson, League ID: 1
ID: 64, Name: Abraham Nelson, League ID: 1
ID: 65, Name: Tami Fei, League ID: 1
ID: 66, Name: Chris Williamson, League ID: 1
ID: 67, Name: John Liu, League ID: 1
ID: 68, Name: Rob Burbchuk, League ID: 1
ID: 69, Name: Rob Singh, League ID: 1
ID: 70, Name: Walter Thomson, League ID: 1
ID: 71, Name: Chris Smith, League ID: 1
ID: 72, Name: Abraham Greenbaum, League ID: 1
ID: 73, Name: Tina Nelson, League ID: 1
ID: 74, Name: Prashant Samson, League ID: 1
ID: 75, Name: Bonnie Nelson, League ID: 1
ID: 76, Name: Mary Wu, League ID: 1
ID: 77, Name: Chris Marley, League ID: 1
ID: 78, Name: Hardik Halen, League ID: 1
ID: 79, Name: Fred Hawkins, League ID: 1
ID: 80, Name: Roger Bishop, League ID: 1
ID: 81, Name: Bonnie Thomson, League ID: 1
ID: 82, Name: Zongming Thomson, League ID: 1
ID: 83, Name: Raghav Marley, League ID: 1
ID: 84, Name: Mike Patel, League ID: 1
ID: 85, Name: Roger Williamson, League ID: 1
ID: 86, Name: Tami Hawkins, League ID: 1
ID: 87, Name: Mike Burbchuk, League ID: 1
ID: 88, Name: Wen Nelson, League ID: 1
ID: 89, Name: Tina Bishop, League ID: 1
ID: 90, Name: John Singh, League ID: 1
ID: 91, Name: Don Bishop, League ID: 1
ID: 92, Name: Rashita Hawkey, League ID: 1
ID: 93, Name: John Liu, League ID: 1
ID: 94, Name: Fred Nelson, League ID: 1
ID: 95, Name: Mohammed Samson, League ID: 1
ID: 96, Name: Hardik Hawkins, League ID: 1
]]></system-out>
  </testcase>
</testsuite>