<?xml version="1.0" encoding="UTF-8"?>
<testsuite xmlns:xsi="http://www.w3.org/2001/XMLSchema-instance" xsi:noNamespaceSchemaLocation="https://maven.apache.org/surefire/maven-surefire-plugin/xsd/surefire-test-report-3.0.xsd" version="3.0" name="dhl.LoadLeagueFromDatabaseTest" time="138.865" tests="1" errors="0" skipped="0" failures="0">
  <properties>
    <property name="sun.desktop" value="windows"/>
    <property name="awt.toolkit" value="sun.awt.windows.WToolkit"/>
    <property name="file.encoding.pkg" value="sun.io"/>
    <property name="java.specification.version" value="1.8"/>
    <property name="sun.cpu.isalist" value="pentium_pro+mmx pentium_pro pentium+mmx pentium i486 i386 i86"/>
    <property name="sun.jnu.encoding" value="Cp1252"/>
    <property name="java.class.path" value="E:\projects\csci5308\target\test-classes;E:\projects\csci5308\target\classes;C:\Users\Mr.Singh\.m2\repository\org\apache\maven\plugins\maven-compiler-plugin\3.8.1\maven-compiler-plugin-3.8.1.jar;C:\Users\Mr.Singh\.m2\repository\org\apache\maven\maven-plugin-api\3.0\maven-plugin-api-3.0.jar;C:\Users\Mr.Singh\.m2\repository\org\apache\maven\maven-model\3.0\maven-model-3.0.jar;C:\Users\Mr.Singh\.m2\repository\org\sonatype\sisu\sisu-inject-plexus\1.4.2\sisu-inject-plexus-1.4.2.jar;C:\Users\Mr.Singh\.m2\repository\org\sonatype\sisu\sisu-inject-bean\1.4.2\sisu-inject-bean-1.4.2.jar;C:\Users\Mr.Singh\.m2\repository\org\sonatype\sisu\sisu-guice\2.1.7\sisu-guice-2.1.7-noaop.jar;C:\Users\Mr.Singh\.m2\repository\org\apache\maven\maven-artifact\3.0\maven-artifact-3.0.jar;C:\Users\Mr.Singh\.m2\repository\org\codehaus\plexus\plexus-utils\2.0.4\plexus-utils-2.0.4.jar;C:\Users\Mr.Singh\.m2\repository\org\apache\maven\maven-core\3.0\maven-core-3.0.jar;C:\Users\Mr.Singh\.m2\repository\org\apache\maven\maven-settings\3.0\maven-settings-3.0.jar;C:\Users\Mr.Singh\.m2\repository\org\apache\maven\maven-settings-builder\3.0\maven-settings-builder-3.0.jar;C:\Users\Mr.Singh\.m2\repository\org\apache\maven\maven-repository-metadata\3.0\maven-repository-metadata-3.0.jar;C:\Users\Mr.Singh\.m2\repository\org\apache\maven\maven-model-builder\3.0\maven-model-builder-3.0.jar;C:\Users\Mr.Singh\.m2\repository\org\apache\maven\maven-aether-provider\3.0\maven-aether-provider-3.0.jar;C:\Users\Mr.Singh\.m2\repository\org\sonatype\aether\aether-impl\1.7\aether-impl-1.7.jar;C:\Users\Mr.Singh\.m2\repository\org\sonatype\aether\aether-spi\1.7\aether-spi-1.7.jar;C:\Users\Mr.Singh\.m2\repository\org\sonatype\aether\aether-api\1.7\aether-api-1.7.jar;C:\Users\Mr.Singh\.m2\repository\org\sonatype\aether\aether-util\1.7\aether-util-1.7.jar;C:\Users\Mr.Singh\.m2\repository\org\codehaus\plexus\plexus-interpolation\1.14\plexus-interpolation-1.14.jar;C:\Users\Mr.Singh\.m2\repository\org\codehaus\plexus\plexus-classworlds\2.2.3\plexus-classworlds-2.2.3.jar;C:\Users\Mr.Singh\.m2\repository\org\codehaus\plexus\plexus-component-annotations\1.5.5\plexus-component-annotations-1.5.5.jar;C:\Users\Mr.Singh\.m2\repository\org\sonatype\plexus\plexus-sec-dispatcher\1.3\plexus-sec-dispatcher-1.3.jar;C:\Users\Mr.Singh\.m2\repository\org\sonatype\plexus\plexus-cipher\1.4\plexus-cipher-1.4.jar;C:\Users\Mr.Singh\.m2\repository\org\apache\maven\shared\maven-shared-utils\3.2.1\maven-shared-utils-3.2.1.jar;C:\Users\Mr.Singh\.m2\repository\commons-io\commons-io\2.5\commons-io-2.5.jar;C:\Users\Mr.Singh\.m2\repository\org\apache\maven\shared\maven-shared-incremental\1.1\maven-shared-incremental-1.1.jar;C:\Users\Mr.Singh\.m2\repository\org\codehaus\plexus\plexus-java\0.9.10\plexus-java-0.9.10.jar;C:\Users\Mr.Singh\.m2\repository\org\ow2\asm\asm\6.2\asm-6.2.jar;C:\Users\Mr.Singh\.m2\repository\com\thoughtworks\qdox\qdox\2.0-M8\qdox-2.0-M8.jar;C:\Users\Mr.Singh\.m2\repository\org\codehaus\plexus\plexus-compiler-api\2.8.4\plexus-compiler-api-2.8.4.jar;C:\Users\Mr.Singh\.m2\repository\org\codehaus\plexus\plexus-compiler-manager\2.8.4\plexus-compiler-manager-2.8.4.jar;C:\Users\Mr.Singh\.m2\repository\org\codehaus\plexus\plexus-compiler-javac\2.8.4\plexus-compiler-javac-2.8.4.jar;C:\Users\Mr.Singh\.m2\repository\org\junit\jupiter\junit-jupiter\5.7.0\junit-jupiter-5.7.0.jar;C:\Users\Mr.Singh\.m2\repository\org\junit\jupiter\junit-jupiter-api\5.7.0\junit-jupiter-api-5.7.0.jar;C:\Users\Mr.Singh\.m2\repository\org\apiguardian\apiguardian-api\1.1.0\apiguardian-api-1.1.0.jar;C:\Users\Mr.Singh\.m2\repository\org\opentest4j\opentest4j\1.2.0\opentest4j-1.2.0.jar;C:\Users\Mr.Singh\.m2\repository\org\junit\platform\junit-platform-commons\1.7.0\junit-platform-commons-1.7.0.jar;C:\Users\Mr.Singh\.m2\repository\org\junit\jupiter\junit-jupiter-params\5.7.0\junit-jupiter-params-5.7.0.jar;C:\Users\Mr.Singh\.m2\repository\org\junit\jupiter\junit-jupiter-engine\5.7.0\junit-jupiter-engine-5.7.0.jar;C:\Users\Mr.Singh\.m2\repository\org\junit\platform\junit-platform-engine\1.7.0\junit-platform-engine-1.7.0.jar;C:\Users\Mr.Singh\.m2\repository\com\googlecode\json-simple\json-simple\1.1.1\json-simple-1.1.1.jar;C:\Users\Mr.Singh\.m2\repository\junit\junit\4.10\junit-4.10.jar;C:\Users\Mr.Singh\.m2\repository\org\hamcrest\hamcrest-core\1.1\hamcrest-core-1.1.jar;C:\Users\Mr.Singh\.m2\repository\mysql\mysql-connector-java\8.0.12\mysql-connector-java-8.0.12.jar;C:\Users\Mr.Singh\.m2\repository\com\google\protobuf\protobuf-java\2.6.0\protobuf-java-2.6.0.jar;C:\Users\Mr.Singh\.m2\repository\com\fasterxml\jackson\core\jackson-databind\2.9.10.6\jackson-databind-2.9.10.6.jar;C:\Users\Mr.Singh\.m2\repository\com\fasterxml\jackson\core\jackson-core\2.10.2\jackson-core-2.10.2.jar;C:\Users\Mr.Singh\.m2\repository\com\fasterxml\jackson\core\jackson-annotations\2.11.2\jackson-annotations-2.11.2.jar;C:\Users\Mr.Singh\.m2\repository\joda-time\joda-time\2.10.7\joda-time-2.10.7.jar;"/>
    <property name="java.vm.vendor" value="Oracle Corporation"/>
    <property name="sun.arch.data.model" value="32"/>
    <property name="user.variant" value=""/>
    <property name="java.vendor.url" value="http://java.oracle.com/"/>
    <property name="user.timezone" value="Asia/Calcutta"/>
    <property name="java.vm.specification.version" value="1.8"/>
    <property name="os.name" value="Windows 10"/>
    <property name="user.country" value="IN"/>
    <property name="sun.java.launcher" value="SUN_STANDARD"/>
    <property name="sun.boot.library.path" value="C:\Program Files (x86)\Java\jdk1.8.0_261\jre\bin"/>
    <property name="sun.java.command" value="C:\Users\Mr.Singh\AppData\Local\Temp\surefire7110266355208721027\surefirebooter7814599040310482214.jar C:\Users\Mr.Singh\AppData\Local\Temp\surefire7110266355208721027 2020-11-02T01-33-27_203-jvmRun1 surefire7701131008881025633tmp surefire_07150613982472731011tmp"/>
    <property name="surefire.test.class.path" value="E:\projects\csci5308\target\test-classes;E:\projects\csci5308\target\classes;C:\Users\Mr.Singh\.m2\repository\org\apache\maven\plugins\maven-compiler-plugin\3.8.1\maven-compiler-plugin-3.8.1.jar;C:\Users\Mr.Singh\.m2\repository\org\apache\maven\maven-plugin-api\3.0\maven-plugin-api-3.0.jar;C:\Users\Mr.Singh\.m2\repository\org\apache\maven\maven-model\3.0\maven-model-3.0.jar;C:\Users\Mr.Singh\.m2\repository\org\sonatype\sisu\sisu-inject-plexus\1.4.2\sisu-inject-plexus-1.4.2.jar;C:\Users\Mr.Singh\.m2\repository\org\sonatype\sisu\sisu-inject-bean\1.4.2\sisu-inject-bean-1.4.2.jar;C:\Users\Mr.Singh\.m2\repository\org\sonatype\sisu\sisu-guice\2.1.7\sisu-guice-2.1.7-noaop.jar;C:\Users\Mr.Singh\.m2\repository\org\apache\maven\maven-artifact\3.0\maven-artifact-3.0.jar;C:\Users\Mr.Singh\.m2\repository\org\codehaus\plexus\plexus-utils\2.0.4\plexus-utils-2.0.4.jar;C:\Users\Mr.Singh\.m2\repository\org\apache\maven\maven-core\3.0\maven-core-3.0.jar;C:\Users\Mr.Singh\.m2\repository\org\apache\maven\maven-settings\3.0\maven-settings-3.0.jar;C:\Users\Mr.Singh\.m2\repository\org\apache\maven\maven-settings-builder\3.0\maven-settings-builder-3.0.jar;C:\Users\Mr.Singh\.m2\repository\org\apache\maven\maven-repository-metadata\3.0\maven-repository-metadata-3.0.jar;C:\Users\Mr.Singh\.m2\repository\org\apache\maven\maven-model-builder\3.0\maven-model-builder-3.0.jar;C:\Users\Mr.Singh\.m2\repository\org\apache\maven\maven-aether-provider\3.0\maven-aether-provider-3.0.jar;C:\Users\Mr.Singh\.m2\repository\org\sonatype\aether\aether-impl\1.7\aether-impl-1.7.jar;C:\Users\Mr.Singh\.m2\repository\org\sonatype\aether\aether-spi\1.7\aether-spi-1.7.jar;C:\Users\Mr.Singh\.m2\repository\org\sonatype\aether\aether-api\1.7\aether-api-1.7.jar;C:\Users\Mr.Singh\.m2\repository\org\sonatype\aether\aether-util\1.7\aether-util-1.7.jar;C:\Users\Mr.Singh\.m2\repository\org\codehaus\plexus\plexus-interpolation\1.14\plexus-interpolation-1.14.jar;C:\Users\Mr.Singh\.m2\repository\org\codehaus\plexus\plexus-classworlds\2.2.3\plexus-classworlds-2.2.3.jar;C:\Users\Mr.Singh\.m2\repository\org\codehaus\plexus\plexus-component-annotations\1.5.5\plexus-component-annotations-1.5.5.jar;C:\Users\Mr.Singh\.m2\repository\org\sonatype\plexus\plexus-sec-dispatcher\1.3\plexus-sec-dispatcher-1.3.jar;C:\Users\Mr.Singh\.m2\repository\org\sonatype\plexus\plexus-cipher\1.4\plexus-cipher-1.4.jar;C:\Users\Mr.Singh\.m2\repository\org\apache\maven\shared\maven-shared-utils\3.2.1\maven-shared-utils-3.2.1.jar;C:\Users\Mr.Singh\.m2\repository\commons-io\commons-io\2.5\commons-io-2.5.jar;C:\Users\Mr.Singh\.m2\repository\org\apache\maven\shared\maven-shared-incremental\1.1\maven-shared-incremental-1.1.jar;C:\Users\Mr.Singh\.m2\repository\org\codehaus\plexus\plexus-java\0.9.10\plexus-java-0.9.10.jar;C:\Users\Mr.Singh\.m2\repository\org\ow2\asm\asm\6.2\asm-6.2.jar;C:\Users\Mr.Singh\.m2\repository\com\thoughtworks\qdox\qdox\2.0-M8\qdox-2.0-M8.jar;C:\Users\Mr.Singh\.m2\repository\org\codehaus\plexus\plexus-compiler-api\2.8.4\plexus-compiler-api-2.8.4.jar;C:\Users\Mr.Singh\.m2\repository\org\codehaus\plexus\plexus-compiler-manager\2.8.4\plexus-compiler-manager-2.8.4.jar;C:\Users\Mr.Singh\.m2\repository\org\codehaus\plexus\plexus-compiler-javac\2.8.4\plexus-compiler-javac-2.8.4.jar;C:\Users\Mr.Singh\.m2\repository\org\junit\jupiter\junit-jupiter\5.7.0\junit-jupiter-5.7.0.jar;C:\Users\Mr.Singh\.m2\repository\org\junit\jupiter\junit-jupiter-api\5.7.0\junit-jupiter-api-5.7.0.jar;C:\Users\Mr.Singh\.m2\repository\org\apiguardian\apiguardian-api\1.1.0\apiguardian-api-1.1.0.jar;C:\Users\Mr.Singh\.m2\repository\org\opentest4j\opentest4j\1.2.0\opentest4j-1.2.0.jar;C:\Users\Mr.Singh\.m2\repository\org\junit\platform\junit-platform-commons\1.7.0\junit-platform-commons-1.7.0.jar;C:\Users\Mr.Singh\.m2\repository\org\junit\jupiter\junit-jupiter-params\5.7.0\junit-jupiter-params-5.7.0.jar;C:\Users\Mr.Singh\.m2\repository\org\junit\jupiter\junit-jupiter-engine\5.7.0\junit-jupiter-engine-5.7.0.jar;C:\Users\Mr.Singh\.m2\repository\org\junit\platform\junit-platform-engine\1.7.0\junit-platform-engine-1.7.0.jar;C:\Users\Mr.Singh\.m2\repository\com\googlecode\json-simple\json-simple\1.1.1\json-simple-1.1.1.jar;C:\Users\Mr.Singh\.m2\repository\junit\junit\4.10\junit-4.10.jar;C:\Users\Mr.Singh\.m2\repository\org\hamcrest\hamcrest-core\1.1\hamcrest-core-1.1.jar;C:\Users\Mr.Singh\.m2\repository\mysql\mysql-connector-java\8.0.12\mysql-connector-java-8.0.12.jar;C:\Users\Mr.Singh\.m2\repository\com\google\protobuf\protobuf-java\2.6.0\protobuf-java-2.6.0.jar;C:\Users\Mr.Singh\.m2\repository\com\fasterxml\jackson\core\jackson-databind\2.9.10.6\jackson-databind-2.9.10.6.jar;C:\Users\Mr.Singh\.m2\repository\com\fasterxml\jackson\core\jackson-core\2.10.2\jackson-core-2.10.2.jar;C:\Users\Mr.Singh\.m2\repository\com\fasterxml\jackson\core\jackson-annotations\2.11.2\jackson-annotations-2.11.2.jar;C:\Users\Mr.Singh\.m2\repository\joda-time\joda-time\2.10.7\joda-time-2.10.7.jar;"/>
    <property name="sun.cpu.endian" value="little"/>
    <property name="user.home" value="C:\Users\Mr.Singh"/>
    <property name="user.language" value="en"/>
    <property name="java.specification.vendor" value="Oracle Corporation"/>
    <property name="java.home" value="C:\Program Files (x86)\Java\jdk1.8.0_261\jre"/>
    <property name="basedir" value="E:\projects\csci5308"/>
    <property name="file.separator" value="\"/>
    <property name="line.separator" value="&#10;"/>
    <property name="java.vm.specification.vendor" value="Oracle Corporation"/>
    <property name="java.specification.name" value="Java Platform API Specification"/>
    <property name="java.awt.graphicsenv" value="sun.awt.Win32GraphicsEnvironment"/>
    <property name="surefire.real.class.path" value="C:\Users\Mr.Singh\AppData\Local\Temp\surefire7110266355208721027\surefirebooter7814599040310482214.jar"/>
    <property name="sun.boot.class.path" value="C:\Program Files (x86)\Java\jdk1.8.0_261\jre\lib\resources.jar;C:\Program Files (x86)\Java\jdk1.8.0_261\jre\lib\rt.jar;C:\Program Files (x86)\Java\jdk1.8.0_261\jre\lib\sunrsasign.jar;C:\Program Files (x86)\Java\jdk1.8.0_261\jre\lib\jsse.jar;C:\Program Files (x86)\Java\jdk1.8.0_261\jre\lib\jce.jar;C:\Program Files (x86)\Java\jdk1.8.0_261\jre\lib\charsets.jar;C:\Program Files (x86)\Java\jdk1.8.0_261\jre\lib\jfr.jar;C:\Program Files (x86)\Java\jdk1.8.0_261\jre\classes"/>
    <property name="user.script" value=""/>
    <property name="sun.management.compiler" value="HotSpot Client Compiler"/>
    <property name="java.runtime.version" value="1.8.0_261-b12"/>
    <property name="user.name" value="Mr.Singh"/>
    <property name="path.separator" value=";"/>
    <property name="os.version" value="10.0"/>
    <property name="java.endorsed.dirs" value="C:\Program Files (x86)\Java\jdk1.8.0_261\jre\lib\endorsed"/>
    <property name="java.runtime.name" value="Java(TM) SE Runtime Environment"/>
    <property name="file.encoding" value="Cp1252"/>
    <property name="java.vm.name" value="Java HotSpot(TM) Client VM"/>
    <property name="localRepository" value="C:\Users\Mr.Singh\.m2\repository"/>
    <property name="java.vendor.url.bug" value="http://bugreport.sun.com/bugreport/"/>
    <property name="java.io.tmpdir" value="C:\Users\MRFAA6~1.SIN\AppData\Local\Temp\"/>
    <property name="idea.version" value="2020.2"/>
    <property name="java.version" value="1.8.0_261"/>
    <property name="user.dir" value="E:\projects\csci5308"/>
    <property name="os.arch" value="x86"/>
    <property name="java.vm.specification.name" value="Java Virtual Machine Specification"/>
    <property name="java.awt.printerjob" value="sun.awt.windows.WPrinterJob"/>
    <property name="sun.os.patch.level" value=""/>
    <property name="java.library.path" value="C:\Program Files (x86)\Java\jdk1.8.0_261\jre\bin;C:\Windows\Sun\Java\bin;C:\Windows\system32;C:\Windows;C:\Program Files (x86)\Common Files\Oracle\Java\javapath;C:\Windows\system32;C:\Windows;C:\Windows\System32\Wbem;C:\Windows\System32\WindowsPowerShell\v1.0\;C:\Windows\System32\OpenSSH\;C:\Program Files\Git\cmd;C:\Program Files\dotnet\;C:\Program Files\Microsoft SQL Server\130\Tools\Binn\;C:\Program Files\Microsoft SQL Server\Client SDK\ODBC\170\Tools\Binn\;C:\Program Files (x86)\Java\jdk1.8.0_261\bin;C:\Program Files\PuTTY\;C:\Program Files\MySQL\MySQL Utilities 1.6\;C:\Users\Mr.Singh\AppData\Local\Microsoft\WindowsApps;C:\Program Files (x86)\Java\jdk1.8.0_261\bin;;."/>
    <property name="java.vm.info" value="mixed mode, sharing"/>
    <property name="java.vendor" value="Oracle Corporation"/>
    <property name="java.vm.version" value="25.261-b12"/>
    <property name="java.ext.dirs" value="C:\Program Files (x86)\Java\jdk1.8.0_261\jre\lib\ext;C:\Windows\Sun\Java\lib\ext"/>
    <property name="sun.io.unicode.encoding" value="UnicodeLittle"/>
    <property name="java.class.version" value="52.0"/>
  </properties>
  <testcase name="loadLeagueFromDatabaseTest" classname="dhl.LoadLeagueFromDatabaseTest" time="138.864">
    <system-out><![CDATA[{
  "leagueName" : "Dalhousie Hockey League",
  "conferences" : [ {
    "conferenceName" : "Eastern Conference",
    "divisions" : [ {
      "divisionName" : "Pacific",
      "teams" : [ {
        "teamName" : "Detroit Warriors",
        "generalManager" : "Don Chang",
        "headCoach" : {
          "name" : "Rob Hawkins",
          "skating" : 0.77,
          "shooting" : 0.8,
          "checking" : 0.36,
          "saving" : 0.11
        },
        "players" : [ {
          "playerName" : "John Fei",
          "position" : "forward",
          "captain" : false,
          "skating" : 3,
          "shooting" : 4,
          "checking" : 14,
          "saving" : 1,
          "age" : 20,
          "daysToAge" : 1,
          "strength" : 0.0,
          "injuredDays" : 0,
          "injured" : false,
          "retired" : false
        }, {
          "playerName" : "Raghav Samson",
          "position" : "forward",
          "captain" : false,
          "skating" : 12,
          "shooting" : 7,
          "checking" : 6,
          "saving" : 9,
          "age" : 31,
          "daysToAge" : 1,
          "strength" : 0.0,
          "injuredDays" : 0,
          "injured" : false,
          "retired" : false
        }, {
          "playerName" : "Abraham Wu",
          "position" : "forward",
          "captain" : true,
          "skating" : 3,
          "shooting" : 13,
          "checking" : 10,
          "saving" : 4,
          "age" : 24,
          "daysToAge" : 1,
          "strength" : 0.0,
          "injuredDays" : 0,
          "injured" : false,
          "retired" : false
        }, {
          "playerName" : "Nancy Patel",
          "position" : "forward",
          "captain" : false,
          "skating" : 14,
          "shooting" : 12,
          "checking" : 13,
          "saving" : 8,
          "age" : 22,
          "daysToAge" : 1,
          "strength" : 0.0,
          "injuredDays" : 0,
          "injured" : false,
          "retired" : false
        }, {
          "playerName" : "Chris Smith",
          "position" : "forward",
          "captain" : false,
          "skating" : 10,
          "shooting" : 1,
          "checking" : 13,
          "saving" : 7,
          "age" : 25,
          "daysToAge" : 1,
          "strength" : 0.0,
          "injuredDays" : 0,
          "injured" : false,
          "retired" : false
        }, {
          "playerName" : "Rob Halen",
          "position" : "forward",
          "captain" : false,
          "skating" : 19,
          "shooting" : 2,
          "checking" : 13,
          "saving" : 13,
          "age" : 30,
          "daysToAge" : 1,
          "strength" : 0.0,
          "injuredDays" : 0,
          "injured" : false,
          "retired" : false
        }, {
          "playerName" : "Rashita Bishop",
          "position" : "forward",
          "captain" : false,
          "skating" : 5,
          "shooting" : 13,
          "checking" : 14,
          "saving" : 16,
          "age" : 19,
          "daysToAge" : 1,
          "strength" : 0.0,
          "injuredDays" : 0,
          "injured" : false,
          "retired" : false
        }, {
          "playerName" : "Wen Fei",
          "position" : "forward",
          "captain" : false,
          "skating" : 13,
          "shooting" : 3,
          "checking" : 20,
          "saving" : 13,
          "age" : 34,
          "daysToAge" : 1,
          "strength" : 0.0,
          "injuredDays" : 0,
          "injured" : false,
          "retired" : false
        }, {
          "playerName" : "Raghav Thomson",
          "position" : "forward",
          "captain" : false,
          "skating" : 4,
          "shooting" : 20,
          "checking" : 14,
          "saving" : 2,
          "age" : 33,
          "daysToAge" : 1,
          "strength" : 0.0,
          "injuredDays" : 0,
          "injured" : false,
          "retired" : false
        }, {
          "playerName" : "Mike Khatri",
          "position" : "defense",
          "captain" : false,
          "skating" : 15,
          "shooting" : 3,
          "checking" : 18,
          "saving" : 11,
          "age" : 31,
          "daysToAge" : 1,
          "strength" : 0.0,
          "injuredDays" : 0,
          "injured" : false,
          "retired" : false
        }, {
          "playerName" : "John Smith",
          "position" : "defense",
          "captain" : false,
          "skating" : 1,
          "shooting" : 17,
          "checking" : 17,
          "saving" : 6,
          "age" : 31,
          "daysToAge" : 1,
          "strength" : 0.0,
          "injuredDays" : 0,
          "injured" : false,
          "retired" : false
        }, {
          "playerName" : "Zongming Nelson",
          "position" : "defense",
          "captain" : false,
          "skating" : 6,
          "shooting" : 9,
          "checking" : 11,
          "saving" : 5,
          "age" : 34,
          "daysToAge" : 1,
          "strength" : 0.0,
          "injuredDays" : 0,
          "injured" : false,
          "retired" : false
        }, {
          "playerName" : "Wen Khatri",
          "position" : "defense",
          "captain" : false,
          "skating" : 3,
          "shooting" : 7,
          "checking" : 20,
          "saving" : 20,
          "age" : 19,
          "daysToAge" : 1,
          "strength" : 0.0,
          "injuredDays" : 0,
          "injured" : false,
          "retired" : false
        }, {
          "playerName" : "Pat Nelson",
          "position" : "defense",
          "captain" : false,
          "skating" : 18,
          "shooting" : 4,
          "checking" : 14,
          "saving" : 18,
          "age" : 20,
          "daysToAge" : 1,
          "strength" : 0.0,
          "injuredDays" : 0,
          "injured" : false,
          "retired" : false
        }, {
          "playerName" : "John Hawkins",
          "position" : "defense",
          "captain" : false,
          "skating" : 12,
          "shooting" : 10,
          "checking" : 18,
          "saving" : 13,
          "age" : 19,
          "daysToAge" : 1,
          "strength" : 0.0,
          "injuredDays" : 0,
          "injured" : false,
          "retired" : false
        }, {
          "playerName" : "Wen Cherry",
          "position" : "defense",
          "captain" : false,
          "skating" : 8,
          "shooting" : 12,
          "checking" : 1,
          "saving" : 4,
          "age" : 21,
          "daysToAge" : 1,
          "strength" : 0.0,
          "injuredDays" : 0,
          "injured" : false,
          "retired" : false
        }, {
          "playerName" : "Chris Chang",
          "position" : "defense",
          "captain" : false,
          "skating" : 9,
          "shooting" : 20,
          "checking" : 19,
          "saving" : 1,
          "age" : 31,
          "daysToAge" : 1,
          "strength" : 0.0,
          "injuredDays" : 0,
          "injured" : false,
          "retired" : false
        }, {
          "playerName" : "Walter Hawkey",
          "position" : "forward",
          "captain" : false,
          "skating" : 12,
          "shooting" : 17,
          "checking" : 15,
          "saving" : 7,
          "age" : 31,
          "daysToAge" : 1,
          "strength" : 0.0,
          "injuredDays" : 0,
          "injured" : false,
          "retired" : false
        }, {
          "playerName" : "Tami Fei",
          "position" : "goalie",
          "captain" : false,
          "skating" : 1,
          "shooting" : 11,
          "checking" : 2,
          "saving" : 15,
          "age" : 33,
          "daysToAge" : 1,
          "strength" : 0.0,
          "injuredDays" : 0,
          "injured" : false,
          "retired" : false
        }, {
          "playerName" : "Mohammed Smith",
          "position" : "forward",
          "captain" : false,
          "skating" : 2,
          "shooting" : 14,
          "checking" : 18,
          "saving" : 8,
          "age" : 22,
          "daysToAge" : 1,
          "strength" : 0.0,
          "injuredDays" : 0,
          "injured" : false,
          "retired" : false
        } ],
        "teamType" : "ai",
        "lossPoints" : 0,
        "teamStrength" : 0.0
      }, {
        "teamName" : "Toronto Bobcats",
        "generalManager" : "Rob Hawkins",
        "headCoach" : {
          "name" : "Head1",
          "skating" : 13.0,
          "shooting" : 14.0,
          "checking" : 15.0,
          "saving" : 15.0
        },
        "players" : [ {
          "playerName" : "Mary Fei",
          "position" : "forward",
          "captain" : false,
          "skating" : 17,
          "shooting" : 3,
          "checking" : 10,
          "saving" : 20,
          "age" : 30,
          "daysToAge" : 1,
          "strength" : 0.0,
          "injuredDays" : 0,
          "injured" : false,
          "retired" : false
        }, {
          "playerName" : "Hardik Nelson",
          "position" : "forward",
          "captain" : false,
          "skating" : 13,
          "shooting" : 2,
          "checking" : 11,
          "saving" : 6,
          "age" : 24,
          "daysToAge" : 1,
          "strength" : 0.0,
          "injuredDays" : 0,
          "injured" : false,
          "retired" : false
        }, {
          "playerName" : "Hardik Singh",
          "position" : "forward",
          "captain" : false,
          "skating" : 14,
          "shooting" : 5,
          "checking" : 5,
          "saving" : 18,
          "age" : 26,
          "daysToAge" : 1,
          "strength" : 0.0,
          "injuredDays" : 0,
          "injured" : false,
          "retired" : false
        }, {
          "playerName" : "Mohammed Halen",
          "position" : "forward",
          "captain" : false,
          "skating" : 13,
          "shooting" : 4,
          "checking" : 1,
          "saving" : 17,
          "age" : 21,
          "daysToAge" : 1,
          "strength" : 0.0,
          "injuredDays" : 0,
          "injured" : false,
          "retired" : false
        }, {
          "playerName" : "Mohammed Wu",
          "position" : "forward",
          "captain" : false,
          "skating" : 6,
          "shooting" : 6,
          "checking" : 18,
          "saving" : 2,
          "age" : 27,
          "daysToAge" : 1,
          "strength" : 0.0,
          "injuredDays" : 0,
          "injured" : false,
          "retired" : false
        }, {
          "playerName" : "Chris Khatri",
          "position" : "forward",
          "captain" : false,
          "skating" : 5,
          "shooting" : 18,
          "checking" : 1,
          "saving" : 11,
          "age" : 19,
          "daysToAge" : 1,
          "strength" : 0.0,
          "injuredDays" : 0,
          "injured" : false,
          "retired" : false
        }, {
          "playerName" : "Roger Fei",
          "position" : "forward",
          "captain" : false,
          "skating" : 2,
          "shooting" : 10,
          "checking" : 18,
          "saving" : 13,
          "age" : 29,
          "daysToAge" : 1,
          "strength" : 0.0,
          "injuredDays" : 0,
          "injured" : false,
          "retired" : false
        }, {
          "playerName" : "Chris Greenbaum",
          "position" : "forward",
          "captain" : false,
          "skating" : 3,
          "shooting" : 6,
          "checking" : 5,
          "saving" : 10,
          "age" : 18,
          "daysToAge" : 1,
          "strength" : 0.0,
          "injuredDays" : 0,
          "injured" : false,
          "retired" : false
        }, {
          "playerName" : "Fred Fei",
          "position" : "forward",
          "captain" : false,
          "skating" : 11,
          "shooting" : 18,
          "checking" : 17,
          "saving" : 16,
          "age" : 33,
          "daysToAge" : 1,
          "strength" : 0.0,
          "injuredDays" : 0,
          "injured" : false,
          "retired" : false
        }, {
          "playerName" : "Raghav Smith",
          "position" : "defense",
          "captain" : false,
          "skating" : 18,
          "shooting" : 14,
          "checking" : 9,
          "saving" : 7,
          "age" : 24,
          "daysToAge" : 1,
          "strength" : 0.0,
          "injuredDays" : 0,
          "injured" : false,
          "retired" : false
        }, {
          "playerName" : "Hardik Liu",
          "position" : "defense",
          "captain" : true,
          "skating" : 14,
          "shooting" : 3,
          "checking" : 15,
          "saving" : 12,
          "age" : 30,
          "daysToAge" : 1,
          "strength" : 0.0,
          "injuredDays" : 0,
          "injured" : false,
          "retired" : false
        }, {
          "playerName" : "Nancy Hawkey",
          "position" : "defense",
          "captain" : false,
          "skating" : 9,
          "shooting" : 13,
          "checking" : 19,
          "saving" : 20,
          "age" : 22,
          "daysToAge" : 1,
          "strength" : 0.0,
          "injuredDays" : 0,
          "injured" : false,
          "retired" : false
        }, {
          "playerName" : "Pat Khatri",
          "position" : "defense",
          "captain" : false,
          "skating" : 1,
          "shooting" : 10,
          "checking" : 8,
          "saving" : 10,
          "age" : 27,
          "daysToAge" : 1,
          "strength" : 0.0,
          "injuredDays" : 0,
          "injured" : false,
          "retired" : false
        }, {
          "playerName" : "Abraham Singh",
          "position" : "defense",
          "captain" : false,
          "skating" : 12,
          "shooting" : 20,
          "checking" : 19,
          "saving" : 11,
          "age" : 29,
          "daysToAge" : 1,
          "strength" : 0.0,
          "injuredDays" : 0,
          "injured" : false,
          "retired" : false
        }, {
          "playerName" : "Chris Cherry",
          "position" : "defense",
          "captain" : false,
          "skating" : 5,
          "shooting" : 5,
          "checking" : 10,
          "saving" : 8,
          "age" : 25,
          "daysToAge" : 1,
          "strength" : 0.0,
          "injuredDays" : 0,
          "injured" : false,
          "retired" : false
        }, {
          "playerName" : "Mohammed Thomson",
          "position" : "defense",
          "captain" : false,
          "skating" : 20,
          "shooting" : 7,
          "checking" : 8,
          "saving" : 7,
          "age" : 30,
          "daysToAge" : 1,
          "strength" : 0.0,
          "injuredDays" : 0,
          "injured" : false,
          "retired" : false
        }, {
          "playerName" : "Raghav Chang",
          "position" : "defense",
          "captain" : false,
          "skating" : 20,
          "shooting" : 20,
          "checking" : 12,
          "saving" : 8,
          "age" : 27,
          "daysToAge" : 1,
          "strength" : 0.0,
          "injuredDays" : 0,
          "injured" : false,
          "retired" : false
        }, {
          "playerName" : "Raghav Marley",
          "position" : "forward",
          "captain" : false,
          "skating" : 15,
          "shooting" : 6,
          "checking" : 10,
          "saving" : 19,
          "age" : 30,
          "daysToAge" : 1,
          "strength" : 0.0,
          "injuredDays" : 0,
          "injured" : false,
          "retired" : false
        }, {
          "playerName" : "Rashita Nelson",
          "position" : "goalie",
          "captain" : false,
          "skating" : 10,
          "shooting" : 7,
          "checking" : 14,
          "saving" : 7,
          "age" : 21,
          "daysToAge" : 1,
          "strength" : 0.0,
          "injuredDays" : 0,
          "injured" : false,
          "retired" : false
        }, {
          "playerName" : "Rashita Patel",
          "position" : "forward",
          "captain" : false,
          "skating" : 16,
          "shooting" : 3,
          "checking" : 1,
          "saving" : 19,
          "age" : 30,
          "daysToAge" : 1,
          "strength" : 0.0,
          "injuredDays" : 0,
          "injured" : false,
          "retired" : false
        } ],
        "teamType" : "ai",
        "lossPoints" : 0,
        "teamStrength" : 0.0
      }, {
        "teamName" : "Wuhan Wagoneers",
        "generalManager" : "Bonnie Fei",
        "headCoach" : {
          "name" : "Walter Fei",
          "skating" : 0.42,
          "shooting" : 0.24,
          "checking" : 0.09,
          "saving" : 0.34
        },
        "players" : [ {
          "playerName" : "Pat Wu",
          "position" : "forward",
          "captain" : false,
          "skating" : 18,
          "shooting" : 13,
          "checking" : 10,
          "saving" : 2,
          "age" : 28,
          "daysToAge" : 1,
          "strength" : 0.0,
          "injuredDays" : 0,
          "injured" : false,
          "retired" : false
        }, {
          "playerName" : "Bonnie Hawkey",
          "position" : "forward",
          "captain" : false,
          "skating" : 12,
          "shooting" : 17,
          "checking" : 18,
          "saving" : 5,
          "age" : 29,
          "daysToAge" : 1,
          "strength" : 0.0,
          "injuredDays" : 0,
          "injured" : false,
          "retired" : false
        }, {
          "playerName" : "Zongming Smith",
          "position" : "forward",
          "captain" : false,
          "skating" : 1,
          "shooting" : 5,
          "checking" : 9,
          "saving" : 16,
          "age" : 30,
          "daysToAge" : 1,
          "strength" : 0.0,
          "injuredDays" : 0,
          "injured" : false,
          "retired" : false
        }, {
          "playerName" : "Zongming Samson",
          "position" : "forward",
          "captain" : false,
          "skating" : 17,
          "shooting" : 4,
          "checking" : 2,
          "saving" : 6,
          "age" : 23,
          "daysToAge" : 1,
          "strength" : 0.0,
          "injuredDays" : 0,
          "injured" : false,
          "retired" : false
        }, {
          "playerName" : "Mohammed Burbchuk",
          "position" : "forward",
          "captain" : false,
          "skating" : 16,
          "shooting" : 2,
          "checking" : 9,
          "saving" : 15,
          "age" : 21,
          "daysToAge" : 1,
          "strength" : 0.0,
          "injuredDays" : 0,
          "injured" : false,
          "retired" : false
        }, {
          "playerName" : "Pat Williamson",
          "position" : "forward",
          "captain" : false,
          "skating" : 11,
          "shooting" : 2,
          "checking" : 7,
          "saving" : 14,
          "age" : 18,
          "daysToAge" : 1,
          "strength" : 0.0,
          "injuredDays" : 0,
          "injured" : false,
          "retired" : false
        }, {
          "playerName" : "Tina Chang",
          "position" : "forward",
          "captain" : false,
          "skating" : 9,
          "shooting" : 9,
          "checking" : 19,
          "saving" : 11,
          "age" : 25,
          "daysToAge" : 1,
          "strength" : 0.0,
          "injuredDays" : 0,
          "injured" : false,
          "retired" : false
        }, {
          "playerName" : "Mohammed Patel",
          "position" : "forward",
          "captain" : false,
          "skating" : 14,
          "shooting" : 5,
          "checking" : 8,
          "saving" : 3,
          "age" : 22,
          "daysToAge" : 1,
          "strength" : 0.0,
          "injuredDays" : 0,
          "injured" : false,
          "retired" : false
        }, {
          "playerName" : "Raghav Wu",
          "position" : "forward",
          "captain" : false,
          "skating" : 19,
          "shooting" : 20,
          "checking" : 13,
          "saving" : 18,
          "age" : 18,
          "daysToAge" : 1,
          "strength" : 0.0,
          "injuredDays" : 0,
          "injured" : false,
          "retired" : false
        }, {
          "playerName" : "Rashita Khatri",
          "position" : "defense",
          "captain" : false,
          "skating" : 14,
          "shooting" : 3,
          "checking" : 2,
          "saving" : 15,
          "age" : 31,
          "daysToAge" : 1,
          "strength" : 0.0,
          "injuredDays" : 0,
          "injured" : false,
          "retired" : false
        }, {
          "playerName" : "Chris Thomson",
          "position" : "defense",
          "captain" : true,
          "skating" : 8,
          "shooting" : 11,
          "checking" : 11,
          "saving" : 5,
          "age" : 19,
          "daysToAge" : 1,
          "strength" : 0.0,
          "injuredDays" : 0,
          "injured" : false,
          "retired" : false
        }, {
          "playerName" : "Tina Wu",
          "position" : "defense",
          "captain" : false,
          "skating" : 11,
          "shooting" : 9,
          "checking" : 6,
          "saving" : 10,
          "age" : 23,
          "daysToAge" : 1,
          "strength" : 0.0,
          "injuredDays" : 0,
          "injured" : false,
          "retired" : false
        }, {
          "playerName" : "Tina Chang",
          "position" : "defense",
          "captain" : false,
          "skating" : 20,
          "shooting" : 9,
          "checking" : 17,
          "saving" : 6,
          "age" : 18,
          "daysToAge" : 1,
          "strength" : 0.0,
          "injuredDays" : 0,
          "injured" : false,
          "retired" : false
        }, {
          "playerName" : "Abraham Chang",
          "position" : "defense",
          "captain" : false,
          "skating" : 2,
          "shooting" : 14,
          "checking" : 15,
          "saving" : 4,
          "age" : 33,
          "daysToAge" : 1,
          "strength" : 0.0,
          "injuredDays" : 0,
          "injured" : false,
          "retired" : false
        }, {
          "playerName" : "Walter Wu",
          "position" : "defense",
          "captain" : false,
          "skating" : 16,
          "shooting" : 15,
          "checking" : 9,
          "saving" : 4,
          "age" : 29,
          "daysToAge" : 1,
          "strength" : 0.0,
          "injuredDays" : 0,
          "injured" : false,
          "retired" : false
        }, {
          "playerName" : "Mike Halen",
          "position" : "defense",
          "captain" : false,
          "skating" : 4,
          "shooting" : 14,
          "checking" : 7,
          "saving" : 5,
          "age" : 20,
          "daysToAge" : 1,
          "strength" : 0.0,
          "injuredDays" : 0,
          "injured" : false,
          "retired" : false
        }, {
          "playerName" : "Mike Marley",
          "position" : "defense",
          "captain" : false,
          "skating" : 9,
          "shooting" : 9,
          "checking" : 7,
          "saving" : 20,
          "age" : 31,
          "daysToAge" : 1,
          "strength" : 0.0,
          "injuredDays" : 0,
          "injured" : false,
          "retired" : false
        }, {
          "playerName" : "Fred Khatri",
          "position" : "forward",
          "captain" : false,
          "skating" : 1,
          "shooting" : 2,
          "checking" : 15,
          "saving" : 12,
          "age" : 26,
          "daysToAge" : 1,
          "strength" : 0.0,
          "injuredDays" : 0,
          "injured" : false,
          "retired" : false
        }, {
          "playerName" : "Hardik Samson",
          "position" : "goalie",
          "captain" : false,
          "skating" : 18,
          "shooting" : 1,
          "checking" : 1,
          "saving" : 4,
          "age" : 22,
          "daysToAge" : 1,
          "strength" : 0.0,
          "injuredDays" : 0,
          "injured" : false,
          "retired" : false
        }, {
          "playerName" : "Walter Nelson",
          "position" : "forward",
          "captain" : false,
          "skating" : 4,
          "shooting" : 1,
          "checking" : 1,
          "saving" : 13,
          "age" : 19,
          "daysToAge" : 1,
          "strength" : 0.0,
          "injuredDays" : 0,
          "injured" : false,
          "retired" : false
        }, {
          "playerName" : "Player1",
          "position" : "forward",
          "captain" : true,
          "skating" : 15,
          "shooting" : 16,
          "checking" : 17,
          "saving" : 17,
          "age" : 25,
          "daysToAge" : 1,
          "strength" : 0.0,
          "injuredDays" : 15,
          "injured" : true,
          "retired" : false
        }, {
          "playerName" : "Player1",
          "position" : "forward",
          "captain" : true,
          "skating" : 15,
          "shooting" : 16,
          "checking" : 17,
          "saving" : 17,
          "age" : 25,
          "daysToAge" : 1,
          "strength" : 0.0,
          "injuredDays" : 15,
          "injured" : true,
          "retired" : false
        }, {
          "playerName" : "Player1",
          "position" : "forward",
          "captain" : true,
          "skating" : 15,
          "shooting" : 16,
          "checking" : 17,
          "saving" : 17,
          "age" : 25,
          "daysToAge" : 1,
          "strength" : 0.0,
          "injuredDays" : 15,
          "injured" : true,
          "retired" : false
        }, {
          "playerName" : "Player1",
          "position" : "forward",
          "captain" : true,
          "skating" : 15,
          "shooting" : 16,
          "checking" : 17,
          "saving" : 17,
          "age" : 25,
          "daysToAge" : 1,
          "strength" : 0.0,
          "injuredDays" : 15,
          "injured" : true,
          "retired" : false
        }, {
          "playerName" : "Player1",
          "position" : "forward",
          "captain" : true,
          "skating" : 15,
          "shooting" : 16,
          "checking" : 17,
          "saving" : 17,
          "age" : 25,
          "daysToAge" : 1,
          "strength" : 0.0,
          "injuredDays" : 15,
          "injured" : true,
          "retired" : false
        }, {
          "playerName" : "Player1",
          "position" : "forward",
          "captain" : true,
          "skating" : 15,
          "shooting" : 16,
          "checking" : 17,
          "saving" : 17,
          "age" : 25,
          "daysToAge" : 1,
          "strength" : 0.0,
          "injuredDays" : 15,
          "injured" : true,
          "retired" : false
        }, {
          "playerName" : "Player1",
          "position" : "forward",
          "captain" : true,
          "skating" : 15,
          "shooting" : 16,
          "checking" : 17,
          "saving" : 17,
          "age" : 25,
          "daysToAge" : 1,
          "strength" : 0.0,
          "injuredDays" : 15,
          "injured" : true,
          "retired" : false
        }, {
          "playerName" : "Player1",
          "position" : "forward",
          "captain" : true,
          "skating" : 15,
          "shooting" : 16,
          "checking" : 17,
          "saving" : 17,
          "age" : 25,
          "daysToAge" : 1,
          "strength" : 0.0,
          "injuredDays" : 15,
          "injured" : true,
          "retired" : false
        }, {
          "playerName" : "Player1",
          "position" : "forward",
          "captain" : true,
          "skating" : 15,
          "shooting" : 16,
          "checking" : 17,
          "saving" : 17,
          "age" : 25,
          "daysToAge" : 1,
          "strength" : 0.0,
          "injuredDays" : 15,
          "injured" : true,
          "retired" : false
        }, {
          "playerName" : "Player1",
          "position" : "forward",
          "captain" : true,
          "skating" : 15,
          "shooting" : 16,
          "checking" : 17,
          "saving" : 17,
          "age" : 25,
          "daysToAge" : 1,
          "strength" : 0.0,
          "injuredDays" : 15,
          "injured" : true,
          "retired" : false
        }, {
          "playerName" : "Player1",
          "position" : "forward",
          "captain" : true,
          "skating" : 15,
          "shooting" : 16,
          "checking" : 17,
          "saving" : 17,
          "age" : 25,
          "daysToAge" : 1,
          "strength" : 0.0,
          "injuredDays" : 15,
          "injured" : true,
          "retired" : false
        }, {
          "playerName" : "Player1",
          "position" : "forward",
          "captain" : true,
          "skating" : 15,
          "shooting" : 16,
          "checking" : 17,
          "saving" : 17,
          "age" : 25,
          "daysToAge" : 1,
          "strength" : 0.0,
          "injuredDays" : 15,
          "injured" : true,
          "retired" : false
        }, {
          "playerName" : "Player1",
          "position" : "forward",
          "captain" : true,
          "skating" : 15,
          "shooting" : 16,
          "checking" : 17,
          "saving" : 17,
          "age" : 25,
          "daysToAge" : 1,
          "strength" : 0.0,
          "injuredDays" : 15,
          "injured" : true,
          "retired" : false
        }, {
          "playerName" : "Player1",
          "position" : "forward",
          "captain" : true,
          "skating" : 15,
          "shooting" : 16,
          "checking" : 17,
          "saving" : 17,
          "age" : 25,
          "daysToAge" : 1,
          "strength" : 0.0,
          "injuredDays" : 15,
          "injured" : true,
          "retired" : false
        }, {
          "playerName" : "Player1",
          "position" : "forward",
          "captain" : true,
          "skating" : 15,
          "shooting" : 16,
          "checking" : 17,
          "saving" : 17,
          "age" : 25,
          "daysToAge" : 1,
          "strength" : 0.0,
          "injuredDays" : 15,
          "injured" : true,
          "retired" : false
        }, {
          "playerName" : "Player1",
          "position" : "forward",
          "captain" : true,
          "skating" : 15,
          "shooting" : 16,
          "checking" : 17,
          "saving" : 17,
          "age" : 25,
          "daysToAge" : 1,
          "strength" : 0.0,
          "injuredDays" : 15,
          "injured" : true,
          "retired" : false
        }, {
          "playerName" : "Player1",
          "position" : "forward",
          "captain" : true,
          "skating" : 15,
          "shooting" : 16,
          "checking" : 17,
          "saving" : 17,
          "age" : 25,
          "daysToAge" : 1,
          "strength" : 0.0,
          "injuredDays" : 15,
          "injured" : true,
          "retired" : false
        }, {
          "playerName" : "Player1",
          "position" : "forward",
          "captain" : true,
          "skating" : 15,
          "shooting" : 16,
          "checking" : 17,
          "saving" : 17,
          "age" : 25,
          "daysToAge" : 1,
          "strength" : 0.0,
          "injuredDays" : 15,
          "injured" : true,
          "retired" : false
        }, {
          "playerName" : "Player1",
          "position" : "forward",
          "captain" : true,
          "skating" : 15,
          "shooting" : 16,
          "checking" : 17,
          "saving" : 17,
          "age" : 25,
          "daysToAge" : 1,
          "strength" : 0.0,
          "injuredDays" : 15,
          "injured" : true,
          "retired" : false
        }, {
          "playerName" : "Player1",
          "position" : "forward",
          "captain" : true,
          "skating" : 15,
          "shooting" : 16,
          "checking" : 17,
          "saving" : 17,
          "age" : 25,
          "daysToAge" : 1,
          "strength" : 0.0,
          "injuredDays" : 15,
          "injured" : true,
          "retired" : false
        }, {
          "playerName" : "Player1",
          "position" : "forward",
          "captain" : true,
          "skating" : 15,
          "shooting" : 16,
          "checking" : 17,
          "saving" : 17,
          "age" : 25,
          "daysToAge" : 1,
          "strength" : 0.0,
          "injuredDays" : 15,
          "injured" : true,
          "retired" : false
        }, {
          "playerName" : "Player1",
          "position" : "forward",
          "captain" : true,
          "skating" : 15,
          "shooting" : 16,
          "checking" : 17,
          "saving" : 17,
          "age" : 25,
          "daysToAge" : 1,
          "strength" : 0.0,
          "injuredDays" : 15,
          "injured" : true,
          "retired" : false
        }, {
          "playerName" : "Player1",
          "position" : "forward",
          "captain" : true,
          "skating" : 15,
          "shooting" : 16,
          "checking" : 17,
          "saving" : 17,
          "age" : 25,
          "daysToAge" : 1,
          "strength" : 0.0,
          "injuredDays" : 15,
          "injured" : true,
          "retired" : false
        }, {
          "playerName" : "Player1",
          "position" : "forward",
          "captain" : true,
          "skating" : 15,
          "shooting" : 16,
          "checking" : 17,
          "saving" : 17,
          "age" : 25,
          "daysToAge" : 1,
          "strength" : 0.0,
          "injuredDays" : 15,
          "injured" : true,
          "retired" : false
        }, {
          "playerName" : "Player1",
          "position" : "forward",
          "captain" : true,
          "skating" : 15,
          "shooting" : 16,
          "checking" : 17,
          "saving" : 17,
          "age" : 25,
          "daysToAge" : 1,
          "strength" : 0.0,
          "injuredDays" : 15,
          "injured" : true,
          "retired" : false
        }, {
          "playerName" : "Player1",
          "position" : "forward",
          "captain" : true,
          "skating" : 15,
          "shooting" : 16,
          "checking" : 17,
          "saving" : 17,
          "age" : 25,
          "daysToAge" : 1,
          "strength" : 0.0,
          "injuredDays" : 15,
          "injured" : true,
          "retired" : false
        }, {
          "playerName" : "Player1",
          "position" : "forward",
          "captain" : true,
          "skating" : 15,
          "shooting" : 16,
          "checking" : 17,
          "saving" : 17,
          "age" : 25,
          "daysToAge" : 1,
          "strength" : 0.0,
          "injuredDays" : 15,
          "injured" : true,
          "retired" : false
        }, {
          "playerName" : "Player1",
          "position" : "forward",
          "captain" : true,
          "skating" : 15,
          "shooting" : 16,
          "checking" : 17,
          "saving" : 17,
          "age" : 25,
          "daysToAge" : 1,
          "strength" : 0.0,
          "injuredDays" : 15,
          "injured" : true,
          "retired" : false
        }, {
          "playerName" : "Player1",
          "position" : "forward",
          "captain" : true,
          "skating" : 15,
          "shooting" : 16,
          "checking" : 17,
          "saving" : 17,
          "age" : 25,
          "daysToAge" : 1,
          "strength" : 0.0,
          "injuredDays" : 15,
          "injured" : true,
          "retired" : false
        }, {
          "playerName" : "Player1",
          "position" : "forward",
          "captain" : true,
          "skating" : 15,
          "shooting" : 16,
          "checking" : 17,
          "saving" : 17,
          "age" : 25,
          "daysToAge" : 1,
          "strength" : 0.0,
          "injuredDays" : 15,
          "injured" : true,
          "retired" : false
        }, {
          "playerName" : "Player1",
          "position" : "forward",
          "captain" : true,
          "skating" : 15,
          "shooting" : 16,
          "checking" : 17,
          "saving" : 17,
          "age" : 25,
          "daysToAge" : 1,
          "strength" : 0.0,
          "injuredDays" : 15,
          "injured" : true,
          "retired" : false
        }, {
          "playerName" : "Player1",
          "position" : "forward",
          "captain" : true,
          "skating" : 15,
          "shooting" : 16,
          "checking" : 17,
          "saving" : 17,
          "age" : 25,
          "daysToAge" : 1,
          "strength" : 0.0,
          "injuredDays" : 15,
          "injured" : true,
          "retired" : false
        }, {
          "playerName" : "Player1",
          "position" : "forward",
          "captain" : true,
          "skating" : 15,
          "shooting" : 16,
          "checking" : 17,
          "saving" : 17,
          "age" : 25,
          "daysToAge" : 1,
          "strength" : 0.0,
          "injuredDays" : 15,
          "injured" : true,
          "retired" : false
        }, {
          "playerName" : "Player1",
          "position" : "forward",
          "captain" : true,
          "skating" : 15,
          "shooting" : 16,
          "checking" : 17,
          "saving" : 17,
          "age" : 25,
          "daysToAge" : 1,
          "strength" : 0.0,
          "injuredDays" : 15,
          "injured" : true,
          "retired" : false
        }, {
          "playerName" : "Player1",
          "position" : "forward",
          "captain" : true,
          "skating" : 15,
          "shooting" : 16,
          "checking" : 17,
          "saving" : 17,
          "age" : 25,
          "daysToAge" : 1,
          "strength" : 0.0,
          "injuredDays" : 15,
          "injured" : true,
          "retired" : false
        }, {
          "playerName" : "Player1",
          "position" : "forward",
          "captain" : true,
          "skating" : 15,
          "shooting" : 16,
          "checking" : 17,
          "saving" : 17,
          "age" : 25,
          "daysToAge" : 1,
          "strength" : 0.0,
          "injuredDays" : 15,
          "injured" : true,
          "retired" : false
        }, {
          "playerName" : "Player1",
          "position" : "forward",
          "captain" : true,
          "skating" : 15,
          "shooting" : 16,
          "checking" : 17,
          "saving" : 17,
          "age" : 25,
          "daysToAge" : 1,
          "strength" : 0.0,
          "injuredDays" : 15,
          "injured" : true,
          "retired" : false
        } ],
        "teamType" : "ai",
        "lossPoints" : 0,
        "teamStrength" : 0.0
      }, {
        "teamName" : "Gander Privateers",
        "generalManager" : "Sammy Fei",
        "headCoach" : {
          "name" : "Don Williamson",
          "skating" : 0.65,
          "shooting" : 0.01,
          "checking" : 0.39,
          "saving" : 0.31
        },
        "players" : [ {
          "playerName" : "Rashita Smith",
          "position" : "forward",
          "captain" : false,
          "skating" : 20,
          "shooting" : 19,
          "checking" : 8,
          "saving" : 7,
          "age" : 27,
          "daysToAge" : 1,
          "strength" : 0.0,
          "injuredDays" : 0,
          "injured" : false,
          "retired" : false
        }, {
          "playerName" : "Abraham Greenbaum",
          "position" : "forward",
          "captain" : false,
          "skating" : 13,
          "shooting" : 15,
          "checking" : 9,
          "saving" : 17,
          "age" : 21,
          "daysToAge" : 1,
          "strength" : 0.0,
          "injuredDays" : 0,
          "injured" : false,
          "retired" : false
        }, {
          "playerName" : "Roger Bishop",
          "position" : "forward",
          "captain" : false,
          "skating" : 14,
          "shooting" : 17,
          "checking" : 4,
          "saving" : 20,
          "age" : 31,
          "daysToAge" : 1,
          "strength" : 0.0,
          "injuredDays" : 0,
          "injured" : false,
          "retired" : false
        }, {
          "playerName" : "Prashant Wu",
          "position" : "forward",
          "captain" : false,
          "skating" : 13,
          "shooting" : 6,
          "checking" : 19,
          "saving" : 15,
          "age" : 26,
          "daysToAge" : 1,
          "strength" : 0.0,
          "injuredDays" : 0,
          "injured" : false,
          "retired" : false
        }, {
          "playerName" : "Mary Marley",
          "position" : "forward",
          "captain" : false,
          "skating" : 20,
          "shooting" : 18,
          "checking" : 11,
          "saving" : 13,
          "age" : 28,
          "daysToAge" : 1,
          "strength" : 0.0,
          "injuredDays" : 0,
          "injured" : false,
          "retired" : false
        }, {
          "playerName" : "Bonnie Singh",
          "position" : "forward",
          "captain" : false,
          "skating" : 20,
          "shooting" : 9,
          "checking" : 4,
          "saving" : 18,
          "age" : 27,
          "daysToAge" : 1,
          "strength" : 0.0,
          "injuredDays" : 0,
          "injured" : false,
          "retired" : false
        }, {
          "playerName" : "Pat Hawkey",
          "position" : "forward",
          "captain" : false,
          "skating" : 6,
          "shooting" : 11,
          "checking" : 15,
          "saving" : 7,
          "age" : 32,
          "daysToAge" : 1,
          "strength" : 0.0,
          "injuredDays" : 0,
          "injured" : false,
          "retired" : false
        }, {
          "playerName" : "Fred Halen",
          "position" : "forward",
          "captain" : true,
          "skating" : 19,
          "shooting" : 13,
          "checking" : 9,
          "saving" : 10,
          "age" : 19,
          "daysToAge" : 1,
          "strength" : 0.0,
          "injuredDays" : 0,
          "injured" : false,
          "retired" : false
        }, {
          "playerName" : "Rob Khatri",
          "position" : "forward",
          "captain" : false,
          "skating" : 18,
          "shooting" : 20,
          "checking" : 16,
          "saving" : 6,
          "age" : 29,
          "daysToAge" : 1,
          "strength" : 0.0,
          "injuredDays" : 0,
          "injured" : false,
          "retired" : false
        }, {
          "playerName" : "Abraham Chang",
          "position" : "defense",
          "captain" : false,
          "skating" : 12,
          "shooting" : 13,
          "checking" : 18,
          "saving" : 2,
          "age" : 33,
          "daysToAge" : 1,
          "strength" : 0.0,
          "injuredDays" : 0,
          "injured" : false,
          "retired" : false
        }, {
          "playerName" : "Don Marley",
          "position" : "defense",
          "captain" : false,
          "skating" : 11,
          "shooting" : 17,
          "checking" : 7,
          "saving" : 10,
          "age" : 24,
          "daysToAge" : 1,
          "strength" : 0.0,
          "injuredDays" : 0,
          "injured" : false,
          "retired" : false
        }, {
          "playerName" : "Sammy Fei",
          "position" : "defense",
          "captain" : false,
          "skating" : 9,
          "shooting" : 15,
          "checking" : 4,
          "saving" : 10,
          "age" : 20,
          "daysToAge" : 1,
          "strength" : 0.0,
          "injuredDays" : 0,
          "injured" : false,
          "retired" : false
        }, {
          "playerName" : "Fred Hawkey",
          "position" : "defense",
          "captain" : false,
          "skating" : 4,
          "shooting" : 1,
          "checking" : 11,
          "saving" : 6,
          "age" : 35,
          "daysToAge" : 1,
          "strength" : 0.0,
          "injuredDays" : 0,
          "injured" : false,
          "retired" : false
        }, {
          "playerName" : "Sammy Thomson",
          "position" : "defense",
          "captain" : false,
          "skating" : 3,
          "shooting" : 17,
          "checking" : 2,
          "saving" : 6,
          "age" : 20,
          "daysToAge" : 1,
          "strength" : 0.0,
          "injuredDays" : 0,
          "injured" : false,
          "retired" : false
        }, {
          "playerName" : "Fred Chang",
          "position" : "defense",
          "captain" : false,
          "skating" : 19,
          "shooting" : 16,
          "checking" : 9,
          "saving" : 2,
          "age" : 32,
          "daysToAge" : 1,
          "strength" : 0.0,
          "injuredDays" : 0,
          "injured" : false,
          "retired" : false
        }, {
          "playerName" : "Chris Marley",
          "position" : "defense",
          "captain" : false,
          "skating" : 20,
          "shooting" : 10,
          "checking" : 14,
          "saving" : 20,
          "age" : 34,
          "daysToAge" : 1,
          "strength" : 0.0,
          "injuredDays" : 0,
          "injured" : false,
          "retired" : false
        }, {
          "playerName" : "Nancy Fei",
          "position" : "defense",
          "captain" : false,
          "skating" : 17,
          "shooting" : 6,
          "checking" : 10,
          "saving" : 18,
          "age" : 35,
          "daysToAge" : 1,
          "strength" : 0.0,
          "injuredDays" : 0,
          "injured" : false,
          "retired" : false
        }, {
          "playerName" : "Mike Smith",
          "position" : "forward",
          "captain" : false,
          "skating" : 17,
          "shooting" : 14,
          "checking" : 1,
          "saving" : 4,
          "age" : 23,
          "daysToAge" : 1,
          "strength" : 0.0,
          "injuredDays" : 0,
          "injured" : false,
          "retired" : false
        }, {
          "playerName" : "Nancy Hawkins",
          "position" : "goalie",
          "captain" : false,
          "skating" : 14,
          "shooting" : 8,
          "checking" : 18,
          "saving" : 2,
          "age" : 34,
          "daysToAge" : 1,
          "strength" : 0.0,
          "injuredDays" : 0,
          "injured" : false,
          "retired" : false
        }, {
          "playerName" : "Mohammed Wu",
          "position" : "forward",
          "captain" : false,
          "skating" : 15,
          "shooting" : 9,
          "checking" : 16,
          "saving" : 10,
          "age" : 25,
          "daysToAge" : 1,
          "strength" : 0.0,
          "injuredDays" : 0,
          "injured" : false,
          "retired" : false
        } ],
        "teamType" : "ai",
        "lossPoints" : 0,
        "teamStrength" : 0.0
      }, {
        "teamName" : "Mumbai Lazy Dogs",
        "generalManager" : "Chris Singh",
        "headCoach" : {
          "name" : "John Smith",
          "skating" : 0.64,
          "shooting" : 0.58,
          "checking" : 0.45,
          "saving" : 0.05
        },
        "players" : [ {
          "playerName" : "Mohammed Hawkins",
          "position" : "forward",
          "captain" : false,
          "skating" : 11,
          "shooting" : 16,
          "checking" : 19,
          "saving" : 3,
          "age" : 29,
          "daysToAge" : 1,
          "strength" : 0.0,
          "injuredDays" : 0,
          "injured" : false,
          "retired" : false
        }, {
          "playerName" : "Tina Marley",
          "position" : "forward",
          "captain" : false,
          "skating" : 17,
          "shooting" : 5,
          "checking" : 12,
          "saving" : 4,
          "age" : 22,
          "daysToAge" : 1,
          "strength" : 0.0,
          "injuredDays" : 0,
          "injured" : false,
          "retired" : false
        }, {
          "playerName" : "Mary Khatri",
          "position" : "forward",
          "captain" : false,
          "skating" : 7,
          "shooting" : 8,
          "checking" : 18,
          "saving" : 18,
          "age" : 23,
          "daysToAge" : 1,
          "strength" : 0.0,
          "injuredDays" : 0,
          "injured" : false,
          "retired" : false
        }, {
          "playerName" : "Don Nelson",
          "position" : "forward",
          "captain" : false,
          "skating" : 11,
          "shooting" : 7,
          "checking" : 16,
          "saving" : 9,
          "age" : 28,
          "daysToAge" : 1,
          "strength" : 0.0,
          "injuredDays" : 0,
          "injured" : false,
          "retired" : false
        }, {
          "playerName" : "Nancy Wu",
          "position" : "forward",
          "captain" : false,
          "skating" : 4,
          "shooting" : 18,
          "checking" : 12,
          "saving" : 19,
          "age" : 32,
          "daysToAge" : 1,
          "strength" : 0.0,
          "injuredDays" : 0,
          "injured" : false,
          "retired" : false
        }, {
          "playerName" : "Rob Patel",
          "position" : "forward",
          "captain" : false,
          "skating" : 7,
          "shooting" : 6,
          "checking" : 4,
          "saving" : 13,
          "age" : 34,
          "daysToAge" : 1,
          "strength" : 0.0,
          "injuredDays" : 0,
          "injured" : false,
          "retired" : false
        }, {
          "playerName" : "Bonnie Hawkins",
          "position" : "forward",
          "captain" : false,
          "skating" : 16,
          "shooting" : 13,
          "checking" : 7,
          "saving" : 9,
          "age" : 30,
          "daysToAge" : 1,
          "strength" : 0.0,
          "injuredDays" : 0,
          "injured" : false,
          "retired" : false
        }, {
          "playerName" : "Zongming Singh",
          "position" : "forward",
          "captain" : false,
          "skating" : 2,
          "shooting" : 17,
          "checking" : 7,
          "saving" : 14,
          "age" : 29,
          "daysToAge" : 1,
          "strength" : 0.0,
          "injuredDays" : 0,
          "injured" : false,
          "retired" : false
        }, {
          "playerName" : "Chris Greenbaum",
          "position" : "forward",
          "captain" : false,
          "skating" : 15,
          "shooting" : 9,
          "checking" : 11,
          "saving" : 1,
          "age" : 27,
          "daysToAge" : 1,
          "strength" : 0.0,
          "injuredDays" : 0,
          "injured" : false,
          "retired" : false
        }, {
          "playerName" : "Hardik Cherry",
          "position" : "defense",
          "captain" : false,
          "skating" : 9,
          "shooting" : 8,
          "checking" : 15,
          "saving" : 17,
          "age" : 26,
          "daysToAge" : 1,
          "strength" : 0.0,
          "injuredDays" : 0,
          "injured" : false,
          "retired" : false
        }, {
          "playerName" : "Abraham Marley",
          "position" : "defense",
          "captain" : false,
          "skating" : 7,
          "shooting" : 11,
          "checking" : 14,
          "saving" : 10,
          "age" : 28,
          "daysToAge" : 1,
          "strength" : 0.0,
          "injuredDays" : 0,
          "injured" : false,
          "retired" : false
        }, {
          "playerName" : "Raghav Hawkey",
          "position" : "defense",
          "captain" : false,
          "skating" : 15,
          "shooting" : 17,
          "checking" : 19,
          "saving" : 9,
          "age" : 33,
          "daysToAge" : 1,
          "strength" : 0.0,
          "injuredDays" : 0,
          "injured" : false,
          "retired" : false
        }, {
          "playerName" : "Raghav Smith",
          "position" : "defense",
          "captain" : true,
          "skating" : 19,
          "shooting" : 15,
          "checking" : 15,
          "saving" : 19,
          "age" : 35,
          "daysToAge" : 1,
          "strength" : 0.0,
          "injuredDays" : 0,
          "injured" : false,
          "retired" : false
        }, {
          "playerName" : "Hardik Khatri",
          "position" : "defense",
          "captain" : false,
          "skating" : 5,
          "shooting" : 2,
          "checking" : 4,
          "saving" : 8,
          "age" : 20,
          "daysToAge" : 1,
          "strength" : 0.0,
          "injuredDays" : 0,
          "injured" : false,
          "retired" : false
        }, {
          "playerName" : "Rashita Singh",
          "position" : "defense",
          "captain" : false,
          "skating" : 17,
          "shooting" : 9,
          "checking" : 8,
          "saving" : 16,
          "age" : 26,
          "daysToAge" : 1,
          "strength" : 0.0,
          "injuredDays" : 0,
          "injured" : false,
          "retired" : false
        }, {
          "playerName" : "Mohammed Chang",
          "position" : "defense",
          "captain" : false,
          "skating" : 14,
          "shooting" : 9,
          "checking" : 10,
          "saving" : 1,
          "age" : 26,
          "daysToAge" : 1,
          "strength" : 0.0,
          "injuredDays" : 0,
          "injured" : false,
          "retired" : false
        }, {
          "playerName" : "Abraham Singh",
          "position" : "defense",
          "captain" : false,
          "skating" : 4,
          "shooting" : 14,
          "checking" : 17,
          "saving" : 20,
          "age" : 26,
          "daysToAge" : 1,
          "strength" : 0.0,
          "injuredDays" : 0,
          "injured" : false,
          "retired" : false
        }, {
          "playerName" : "Prashant Khatri",
          "position" : "forward",
          "captain" : false,
          "skating" : 4,
          "shooting" : 16,
          "checking" : 19,
          "saving" : 4,
          "age" : 21,
          "daysToAge" : 1,
          "strength" : 0.0,
          "injuredDays" : 0,
          "injured" : false,
          "retired" : false
        }, {
          "playerName" : "Raghav Morrison",
          "position" : "goalie",
          "captain" : false,
          "skating" : 6,
          "shooting" : 14,
          "checking" : 12,
          "saving" : 8,
          "age" : 21,
          "daysToAge" : 1,
          "strength" : 0.0,
          "injuredDays" : 0,
          "injured" : false,
          "retired" : false
        }, {
          "playerName" : "Tina Liu",
          "position" : "forward",
          "captain" : false,
          "skating" : 6,
          "shooting" : 7,
          "checking" : 13,
          "saving" : 3,
          "age" : 25,
          "daysToAge" : 1,
          "strength" : 0.0,
          "injuredDays" : 0,
          "injured" : false,
          "retired" : false
        } ],
        "teamType" : "ai",
        "lossPoints" : 0,
        "teamStrength" : 0.0
      }, {
        "teamName" : "Chicago Reds",
        "generalManager" : "Fred Khatri",
        "headCoach" : {
          "name" : "Don Samson",
          "skating" : 0.43,
          "shooting" : 0.39,
          "checking" : 0.78,
          "saving" : 0.55
        },
        "players" : [ {
          "playerName" : "Walter Hawkins",
          "position" : "forward",
          "captain" : false,
          "skating" : 3,
          "shooting" : 15,
          "checking" : 16,
          "saving" : 17,
          "age" : 30,
          "daysToAge" : 1,
          "strength" : 0.0,
          "injuredDays" : 0,
          "injured" : false,
          "retired" : false
        }, {
          "playerName" : "Chris Bishop",
          "position" : "forward",
          "captain" : false,
          "skating" : 3,
          "shooting" : 3,
          "checking" : 6,
          "saving" : 2,
          "age" : 22,
          "daysToAge" : 1,
          "strength" : 0.0,
          "injuredDays" : 0,
          "injured" : false,
          "retired" : false
        }, {
          "playerName" : "Tami Fei",
          "position" : "forward",
          "captain" : false,
          "skating" : 12,
          "shooting" : 13,
          "checking" : 3,
          "saving" : 8,
          "age" : 25,
          "daysToAge" : 1,
          "strength" : 0.0,
          "injuredDays" : 0,
          "injured" : false,
          "retired" : false
        }, {
          "playerName" : "Don Samson",
          "position" : "forward",
          "captain" : false,
          "skating" : 4,
          "shooting" : 8,
          "checking" : 1,
          "saving" : 4,
          "age" : 20,
          "daysToAge" : 1,
          "strength" : 0.0,
          "injuredDays" : 0,
          "injured" : false,
          "retired" : false
        }, {
          "playerName" : "Bonnie Bishop",
          "position" : "forward",
          "captain" : false,
          "skating" : 11,
          "shooting" : 6,
          "checking" : 18,
          "saving" : 17,
          "age" : 18,
          "daysToAge" : 1,
          "strength" : 0.0,
          "injuredDays" : 0,
          "injured" : false,
          "retired" : false
        }, {
          "playerName" : "Bonnie Burbchuk",
          "position" : "forward",
          "captain" : true,
          "skating" : 10,
          "shooting" : 19,
          "checking" : 8,
          "saving" : 19,
          "age" : 21,
          "daysToAge" : 1,
          "strength" : 0.0,
          "injuredDays" : 0,
          "injured" : false,
          "retired" : false
        }, {
          "playerName" : "Mary Williamson",
          "position" : "forward",
          "captain" : false,
          "skating" : 16,
          "shooting" : 11,
          "checking" : 8,
          "saving" : 7,
          "age" : 19,
          "daysToAge" : 1,
          "strength" : 0.0,
          "injuredDays" : 0,
          "injured" : false,
          "retired" : false
        }, {
          "playerName" : "Tami Smith",
          "position" : "forward",
          "captain" : false,
          "skating" : 3,
          "shooting" : 16,
          "checking" : 9,
          "saving" : 15,
          "age" : 34,
          "daysToAge" : 1,
          "strength" : 0.0,
          "injuredDays" : 0,
          "injured" : false,
          "retired" : false
        }, {
          "playerName" : "Roger Smith",
          "position" : "forward",
          "captain" : false,
          "skating" : 12,
          "shooting" : 10,
          "checking" : 19,
          "saving" : 14,
          "age" : 27,
          "daysToAge" : 1,
          "strength" : 0.0,
          "injuredDays" : 0,
          "injured" : false,
          "retired" : false
        }, {
          "playerName" : "Rashita Nelson",
          "position" : "defense",
          "captain" : false,
          "skating" : 6,
          "shooting" : 11,
          "checking" : 10,
          "saving" : 1,
          "age" : 21,
          "daysToAge" : 1,
          "strength" : 0.0,
          "injuredDays" : 0,
          "injured" : false,
          "retired" : false
        }, {
          "playerName" : "Walter Smith",
          "position" : "defense",
          "captain" : false,
          "skating" : 2,
          "shooting" : 5,
          "checking" : 15,
          "saving" : 16,
          "age" : 21,
          "daysToAge" : 1,
          "strength" : 0.0,
          "injuredDays" : 0,
          "injured" : false,
          "retired" : false
        }, {
          "playerName" : "Roger Bishop",
          "position" : "defense",
          "captain" : false,
          "skating" : 9,
          "shooting" : 20,
          "checking" : 2,
          "saving" : 7,
          "age" : 23,
          "daysToAge" : 1,
          "strength" : 0.0,
          "injuredDays" : 0,
          "injured" : false,
          "retired" : false
        }, {
          "playerName" : "Mike Burbchuk",
          "position" : "defense",
          "captain" : false,
          "skating" : 11,
          "shooting" : 15,
          "checking" : 12,
          "saving" : 18,
          "age" : 27,
          "daysToAge" : 1,
          "strength" : 0.0,
          "injuredDays" : 0,
          "injured" : false,
          "retired" : false
        }, {
          "playerName" : "Don Samson",
          "position" : "defense",
          "captain" : false,
          "skating" : 18,
          "shooting" : 3,
          "checking" : 3,
          "saving" : 12,
          "age" : 30,
          "daysToAge" : 1,
          "strength" : 0.0,
          "injuredDays" : 0,
          "injured" : false,
          "retired" : false
        }, {
          "playerName" : "Pat Thomson",
          "position" : "defense",
          "captain" : false,
          "skating" : 18,
          "shooting" : 9,
          "checking" : 12,
          "saving" : 1,
          "age" : 27,
          "daysToAge" : 1,
          "strength" : 0.0,
          "injuredDays" : 0,
          "injured" : false,
          "retired" : false
        }, {
          "playerName" : "Prashant Cherry",
          "position" : "defense",
          "captain" : false,
          "skating" : 17,
          "shooting" : 3,
          "checking" : 10,
          "saving" : 8,
          "age" : 31,
          "daysToAge" : 1,
          "strength" : 0.0,
          "injuredDays" : 0,
          "injured" : false,
          "retired" : false
        }, {
          "playerName" : "Prashant Chang",
          "position" : "defense",
          "captain" : false,
          "skating" : 12,
          "shooting" : 12,
          "checking" : 13,
          "saving" : 13,
          "age" : 23,
          "daysToAge" : 1,
          "strength" : 0.0,
          "injuredDays" : 0,
          "injured" : false,
          "retired" : false
        }, {
          "playerName" : "Mohammed Burbchuk",
          "position" : "forward",
          "captain" : false,
          "skating" : 3,
          "shooting" : 20,
          "checking" : 19,
          "saving" : 4,
          "age" : 32,
          "daysToAge" : 1,
          "strength" : 0.0,
          "injuredDays" : 0,
          "injured" : false,
          "retired" : false
        }, {
          "playerName" : "Fred Williamson",
          "position" : "goalie",
          "captain" : false,
          "skating" : 2,
          "shooting" : 17,
          "checking" : 8,
          "saving" : 6,
          "age" : 21,
          "daysToAge" : 1,
          "strength" : 0.0,
          "injuredDays" : 0,
          "injured" : false,
          "retired" : false
        }, {
          "playerName" : "Don Singh",
          "position" : "forward",
          "captain" : false,
          "skating" : 20,
          "shooting" : 13,
          "checking" : 16,
          "saving" : 5,
          "age" : 18,
          "daysToAge" : 1,
          "strength" : 0.0,
          "injuredDays" : 0,
          "injured" : false,
          "retired" : false
        } ],
        "teamType" : "ai",
        "lossPoints" : 0,
        "teamStrength" : 0.0
      }, {
        "teamName" : "Tokyo Monkeys",
        "generalManager" : "Zongming Williamson",
        "headCoach" : {
          "name" : "Don Morrison",
          "skating" : 0.73,
          "shooting" : 0.71,
          "checking" : 0.93,
          "saving" : 0.73
        },
        "players" : [ {
          "playerName" : "Tina Wu",
          "position" : "forward",
          "captain" : false,
          "skating" : 13,
          "shooting" : 2,
          "checking" : 11,
          "saving" : 15,
          "age" : 24,
          "daysToAge" : 1,
          "strength" : 0.0,
          "injuredDays" : 0,
          "injured" : false,
          "retired" : false
        }, {
          "playerName" : "Zongming Morrison",
          "position" : "forward",
          "captain" : false,
          "skating" : 18,
          "shooting" : 12,
          "checking" : 20,
          "saving" : 11,
          "age" : 31,
          "daysToAge" : 1,
          "strength" : 0.0,
          "injuredDays" : 0,
          "injured" : false,
          "retired" : false
        }, {
          "playerName" : "Zongming Marley",
          "position" : "forward",
          "captain" : false,
          "skating" : 10,
          "shooting" : 15,
          "checking" : 13,
          "saving" : 13,
          "age" : 34,
          "daysToAge" : 1,
          "strength" : 0.0,
          "injuredDays" : 0,
          "injured" : false,
          "retired" : false
        }, {
          "playerName" : "Roger Thomson",
          "position" : "forward",
          "captain" : false,
          "skating" : 2,
          "shooting" : 7,
          "checking" : 5,
          "saving" : 6,
          "age" : 32,
          "daysToAge" : 1,
          "strength" : 0.0,
          "injuredDays" : 0,
          "injured" : false,
          "retired" : false
        }, {
          "playerName" : "Walter Marley",
          "position" : "forward",
          "captain" : false,
          "skating" : 18,
          "shooting" : 8,
          "checking" : 3,
          "saving" : 8,
          "age" : 29,
          "daysToAge" : 1,
          "strength" : 0.0,
          "injuredDays" : 0,
          "injured" : false,
          "retired" : false
        }, {
          "playerName" : "Mohammed Khatri",
          "position" : "forward",
          "captain" : false,
          "skating" : 1,
          "shooting" : 18,
          "checking" : 12,
          "saving" : 17,
          "age" : 33,
          "daysToAge" : 1,
          "strength" : 0.0,
          "injuredDays" : 0,
          "injured" : false,
          "retired" : false
        }, {
          "playerName" : "Mohammed Chang",
          "position" : "forward",
          "captain" : false,
          "skating" : 13,
          "shooting" : 3,
          "checking" : 13,
          "saving" : 4,
          "age" : 20,
          "daysToAge" : 1,
          "strength" : 0.0,
          "injuredDays" : 0,
          "injured" : false,
          "retired" : false
        }, {
          "playerName" : "Nancy Bishop",
          "position" : "forward",
          "captain" : false,
          "skating" : 10,
          "shooting" : 11,
          "checking" : 14,
          "saving" : 12,
          "age" : 34,
          "daysToAge" : 1,
          "strength" : 0.0,
          "injuredDays" : 0,
          "injured" : false,
          "retired" : false
        }, {
          "playerName" : "Mary Morrison",
          "position" : "forward",
          "captain" : false,
          "skating" : 3,
          "shooting" : 14,
          "checking" : 4,
          "saving" : 8,
          "age" : 28,
          "daysToAge" : 1,
          "strength" : 0.0,
          "injuredDays" : 0,
          "injured" : false,
          "retired" : false
        }, {
          "playerName" : "Bonnie Fei",
          "position" : "defense",
          "captain" : false,
          "skating" : 1,
          "shooting" : 10,
          "checking" : 16,
          "saving" : 10,
          "age" : 24,
          "daysToAge" : 1,
          "strength" : 0.0,
          "injuredDays" : 0,
          "injured" : false,
          "retired" : false
        }, {
          "playerName" : "John Thomson",
          "position" : "defense",
          "captain" : false,
          "skating" : 3,
          "shooting" : 8,
          "checking" : 6,
          "saving" : 14,
          "age" : 30,
          "daysToAge" : 1,
          "strength" : 0.0,
          "injuredDays" : 0,
          "injured" : false,
          "retired" : false
        }, {
          "playerName" : "Tina Halen",
          "position" : "defense",
          "captain" : false,
          "skating" : 8,
          "shooting" : 20,
          "checking" : 19,
          "saving" : 12,
          "age" : 19,
          "daysToAge" : 1,
          "strength" : 0.0,
          "injuredDays" : 0,
          "injured" : false,
          "retired" : false
        }, {
          "playerName" : "Rob Bishop",
          "position" : "defense",
          "captain" : false,
          "skating" : 12,
          "shooting" : 18,
          "checking" : 7,
          "saving" : 16,
          "age" : 29,
          "daysToAge" : 1,
          "strength" : 0.0,
          "injuredDays" : 0,
          "injured" : false,
          "retired" : false
        }, {
          "playerName" : "Abraham Wu",
          "position" : "defense",
          "captain" : false,
          "skating" : 5,
          "shooting" : 10,
          "checking" : 20,
          "saving" : 1,
          "age" : 28,
          "daysToAge" : 1,
          "strength" : 0.0,
          "injuredDays" : 0,
          "injured" : false,
          "retired" : false
        }, {
          "playerName" : "Roger Khatri",
          "position" : "defense",
          "captain" : false,
          "skating" : 11,
          "shooting" : 8,
          "checking" : 14,
          "saving" : 19,
          "age" : 24,
          "daysToAge" : 1,
          "strength" : 0.0,
          "injuredDays" : 0,
          "injured" : false,
          "retired" : false
        }, {
          "playerName" : "Mike Khatri",
          "position" : "defense",
          "captain" : true,
          "skating" : 10,
          "shooting" : 12,
          "checking" : 13,
          "saving" : 13,
          "age" : 18,
          "daysToAge" : 1,
          "strength" : 0.0,
          "injuredDays" : 0,
          "injured" : false,
          "retired" : false
        }, {
          "playerName" : "Wen Marley",
          "position" : "defense",
          "captain" : false,
          "skating" : 6,
          "shooting" : 6,
          "checking" : 10,
          "saving" : 13,
          "age" : 26,
          "daysToAge" : 1,
          "strength" : 0.0,
          "injuredDays" : 0,
          "injured" : false,
          "retired" : false
        }, {
          "playerName" : "Zongming Cherry",
          "position" : "forward",
          "captain" : false,
          "skating" : 2,
          "shooting" : 9,
          "checking" : 5,
          "saving" : 13,
          "age" : 22,
          "daysToAge" : 1,
          "strength" : 0.0,
          "injuredDays" : 0,
          "injured" : false,
          "retired" : false
        }, {
          "playerName" : "Tina Hawkins",
          "position" : "goalie",
          "captain" : false,
          "skating" : 17,
          "shooting" : 1,
          "checking" : 15,
          "saving" : 15,
          "age" : 25,
          "daysToAge" : 1,
          "strength" : 0.0,
          "injuredDays" : 0,
          "injured" : false,
          "retired" : false
        }, {
          "playerName" : "Wen Nelson",
          "position" : "forward",
          "captain" : false,
          "skating" : 16,
          "shooting" : 6,
          "checking" : 17,
          "saving" : 19,
          "age" : 28,
          "daysToAge" : 1,
          "strength" : 0.0,
          "injuredDays" : 0,
          "injured" : false,
          "retired" : false
        } ],
        "teamType" : "ai",
        "lossPoints" : 0,
        "teamStrength" : 0.0
      }, {
        "teamName" : "Winnipeg Wild Cats",
        "generalManager" : "Mike Greenbaum",
        "headCoach" : {
          "name" : "Don Liu",
          "skating" : 0.27,
          "shooting" : 0.12,
          "checking" : 0.75,
          "saving" : 0.33
        },
        "players" : [ {
          "playerName" : "Mike Burbchuk",
          "position" : "forward",
          "captain" : false,
          "skating" : 17,
          "shooting" : 7,
          "checking" : 3,
          "saving" : 17,
          "age" : 21,
          "daysToAge" : 1,
          "strength" : 0.0,
          "injuredDays" : 0,
          "injured" : false,
          "retired" : false
        }, {
          "playerName" : "Mike Hawkey",
          "position" : "forward",
          "captain" : false,
          "skating" : 14,
          "shooting" : 18,
          "checking" : 12,
          "saving" : 4,
          "age" : 19,
          "daysToAge" : 1,
          "strength" : 0.0,
          "injuredDays" : 0,
          "injured" : false,
          "retired" : false
        }, {
          "playerName" : "Don Marley",
          "position" : "forward",
          "captain" : false,
          "skating" : 20,
          "shooting" : 13,
          "checking" : 19,
          "saving" : 1,
          "age" : 35,
          "daysToAge" : 1,
          "strength" : 0.0,
          "injuredDays" : 0,
          "injured" : false,
          "retired" : false
        }, {
          "playerName" : "Abraham Chang",
          "position" : "forward",
          "captain" : false,
          "skating" : 16,
          "shooting" : 12,
          "checking" : 9,
          "saving" : 4,
          "age" : 24,
          "daysToAge" : 1,
          "strength" : 0.0,
          "injuredDays" : 0,
          "injured" : false,
          "retired" : false
        }, {
          "playerName" : "Mohammed Thomson",
          "position" : "forward",
          "captain" : false,
          "skating" : 19,
          "shooting" : 16,
          "checking" : 9,
          "saving" : 15,
          "age" : 35,
          "daysToAge" : 1,
          "strength" : 0.0,
          "injuredDays" : 0,
          "injured" : false,
          "retired" : false
        }, {
          "playerName" : "Zongming Bishop",
          "position" : "forward",
          "captain" : false,
          "skating" : 1,
          "shooting" : 15,
          "checking" : 15,
          "saving" : 16,
          "age" : 23,
          "daysToAge" : 1,
          "strength" : 0.0,
          "injuredDays" : 0,
          "injured" : false,
          "retired" : false
        }, {
          "playerName" : "Mary Singh",
          "position" : "forward",
          "captain" : false,
          "skating" : 1,
          "shooting" : 17,
          "checking" : 20,
          "saving" : 9,
          "age" : 34,
          "daysToAge" : 1,
          "strength" : 0.0,
          "injuredDays" : 0,
          "injured" : false,
          "retired" : false
        }, {
          "playerName" : "Roger Marley",
          "position" : "forward",
          "captain" : false,
          "skating" : 5,
          "shooting" : 16,
          "checking" : 10,
          "saving" : 15,
          "age" : 31,
          "daysToAge" : 1,
          "strength" : 0.0,
          "injuredDays" : 0,
          "injured" : false,
          "retired" : false
        }, {
          "playerName" : "Roger Hawkins",
          "position" : "forward",
          "captain" : false,
          "skating" : 3,
          "shooting" : 13,
          "checking" : 15,
          "saving" : 1,
          "age" : 25,
          "daysToAge" : 1,
          "strength" : 0.0,
          "injuredDays" : 0,
          "injured" : false,
          "retired" : false
        }, {
          "playerName" : "Raghav Williamson",
          "position" : "defense",
          "captain" : false,
          "skating" : 12,
          "shooting" : 13,
          "checking" : 12,
          "saving" : 18,
          "age" : 28,
          "daysToAge" : 1,
          "strength" : 0.0,
          "injuredDays" : 0,
          "injured" : false,
          "retired" : false
        }, {
          "playerName" : "Wen Halen",
          "position" : "defense",
          "captain" : false,
          "skating" : 6,
          "shooting" : 13,
          "checking" : 7,
          "saving" : 2,
          "age" : 27,
          "daysToAge" : 1,
          "strength" : 0.0,
          "injuredDays" : 0,
          "injured" : false,
          "retired" : false
        }, {
          "playerName" : "Fred Smith",
          "position" : "defense",
          "captain" : false,
          "skating" : 1,
          "shooting" : 8,
          "checking" : 9,
          "saving" : 15,
          "age" : 31,
          "daysToAge" : 1,
          "strength" : 0.0,
          "injuredDays" : 0,
          "injured" : false,
          "retired" : false
        }, {
          "playerName" : "Don Samson",
          "position" : "defense",
          "captain" : false,
          "skating" : 19,
          "shooting" : 2,
          "checking" : 4,
          "saving" : 3,
          "age" : 24,
          "daysToAge" : 1,
          "strength" : 0.0,
          "injuredDays" : 0,
          "injured" : false,
          "retired" : false
        }, {
          "playerName" : "Tami Patel",
          "position" : "defense",
          "captain" : false,
          "skating" : 2,
          "shooting" : 18,
          "checking" : 4,
          "saving" : 13,
          "age" : 32,
          "daysToAge" : 1,
          "strength" : 0.0,
          "injuredDays" : 0,
          "injured" : false,
          "retired" : false
        }, {
          "playerName" : "Fred Khatri",
          "position" : "defense",
          "captain" : false,
          "skating" : 8,
          "shooting" : 9,
          "checking" : 10,
          "saving" : 12,
          "age" : 32,
          "daysToAge" : 1,
          "strength" : 0.0,
          "injuredDays" : 0,
          "injured" : false,
          "retired" : false
        }, {
          "playerName" : "John Williamson",
          "position" : "defense",
          "captain" : false,
          "skating" : 5,
          "shooting" : 8,
          "checking" : 13,
          "saving" : 5,
          "age" : 33,
          "daysToAge" : 1,
          "strength" : 0.0,
          "injuredDays" : 0,
          "injured" : false,
          "retired" : false
        }, {
          "playerName" : "Bonnie Patel",
          "position" : "defense",
          "captain" : false,
          "skating" : 3,
          "shooting" : 1,
          "checking" : 16,
          "saving" : 8,
          "age" : 23,
          "daysToAge" : 1,
          "strength" : 0.0,
          "injuredDays" : 0,
          "injured" : false,
          "retired" : false
        }, {
          "playerName" : "Tami Thomson",
          "position" : "forward",
          "captain" : false,
          "skating" : 4,
          "shooting" : 7,
          "checking" : 6,
          "saving" : 20,
          "age" : 25,
          "daysToAge" : 1,
          "strength" : 0.0,
          "injuredDays" : 0,
          "injured" : false,
          "retired" : false
        }, {
          "playerName" : "Zongming Samson",
          "position" : "goalie",
          "captain" : false,
          "skating" : 16,
          "shooting" : 12,
          "checking" : 12,
          "saving" : 20,
          "age" : 32,
          "daysToAge" : 1,
          "strength" : 0.0,
          "injuredDays" : 0,
          "injured" : false,
          "retired" : false
        }, {
          "playerName" : "Chris Chang",
          "position" : "forward",
          "captain" : true,
          "skating" : 20,
          "shooting" : 4,
          "checking" : 20,
          "saving" : 16,
          "age" : 29,
          "daysToAge" : 1,
          "strength" : 0.0,
          "injuredDays" : 0,
          "injured" : false,
          "retired" : false
        } ],
        "teamType" : "ai",
        "lossPoints" : 0,
        "teamStrength" : 0.0
      } ]
    }, {
      "divisionName" : "Central",
      "teams" : [ {
        "teamName" : "Montreal Privateers",
        "generalManager" : "John Halen",
        "headCoach" : {
          "name" : "Roger Cherry",
          "skating" : 0.48,
          "shooting" : 0.47,
          "checking" : 0.45,
          "saving" : 0.75
        },
        "players" : [ {
          "playerName" : "Zongming Nelson",
          "position" : "forward",
          "captain" : false,
          "skating" : 1,
          "shooting" : 7,
          "checking" : 11,
          "saving" : 18,
          "age" : 25,
          "daysToAge" : 1,
          "strength" : 0.0,
          "injuredDays" : 0,
          "injured" : false,
          "retired" : false
        }, {
          "playerName" : "Wen Burbchuk",
          "position" : "forward",
          "captain" : false,
          "skating" : 16,
          "shooting" : 6,
          "checking" : 11,
          "saving" : 8,
          "age" : 30,
          "daysToAge" : 1,
          "strength" : 0.0,
          "injuredDays" : 0,
          "injured" : false,
          "retired" : false
        }, {
          "playerName" : "Rob Williamson",
          "position" : "forward",
          "captain" : false,
          "skating" : 8,
          "shooting" : 17,
          "checking" : 1,
          "saving" : 5,
          "age" : 18,
          "daysToAge" : 1,
          "strength" : 0.0,
          "injuredDays" : 0,
          "injured" : false,
          "retired" : false
        }, {
          "playerName" : "Rashita Williamson",
          "position" : "forward",
          "captain" : false,
          "skating" : 11,
          "shooting" : 2,
          "checking" : 11,
          "saving" : 15,
          "age" : 19,
          "daysToAge" : 1,
          "strength" : 0.0,
          "injuredDays" : 0,
          "injured" : false,
          "retired" : false
        }, {
          "playerName" : "Raghav Hawkins",
          "position" : "forward",
          "captain" : false,
          "skating" : 15,
          "shooting" : 11,
          "checking" : 17,
          "saving" : 3,
          "age" : 29,
          "daysToAge" : 1,
          "strength" : 0.0,
          "injuredDays" : 0,
          "injured" : false,
          "retired" : false
        }, {
          "playerName" : "Tami Smith",
          "position" : "forward",
          "captain" : false,
          "skating" : 18,
          "shooting" : 20,
          "checking" : 19,
          "saving" : 1,
          "age" : 30,
          "daysToAge" : 1,
          "strength" : 0.0,
          "injuredDays" : 0,
          "injured" : false,
          "retired" : false
        }, {
          "playerName" : "Mike Singh",
          "position" : "forward",
          "captain" : false,
          "skating" : 5,
          "shooting" : 20,
          "checking" : 6,
          "saving" : 15,
          "age" : 26,
          "daysToAge" : 1,
          "strength" : 0.0,
          "injuredDays" : 0,
          "injured" : false,
          "retired" : false
        }, {
          "playerName" : "Hardik Marley",
          "position" : "forward",
          "captain" : false,
          "skating" : 18,
          "shooting" : 13,
          "checking" : 20,
          "saving" : 15,
          "age" : 29,
          "daysToAge" : 1,
          "strength" : 0.0,
          "injuredDays" : 0,
          "injured" : false,
          "retired" : false
        }, {
          "playerName" : "Chris Singh",
          "position" : "forward",
          "captain" : false,
          "skating" : 20,
          "shooting" : 8,
          "checking" : 2,
          "saving" : 11,
          "age" : 19,
          "daysToAge" : 1,
          "strength" : 0.0,
          "injuredDays" : 0,
          "injured" : false,
          "retired" : false
        }, {
          "playerName" : "Mohammed Marley",
          "position" : "defense",
          "captain" : false,
          "skating" : 3,
          "shooting" : 13,
          "checking" : 9,
          "saving" : 2,
          "age" : 24,
          "daysToAge" : 1,
          "strength" : 0.0,
          "injuredDays" : 0,
          "injured" : false,
          "retired" : false
        }, {
          "playerName" : "Mohammed Samson",
          "position" : "defense",
          "captain" : false,
          "skating" : 7,
          "shooting" : 9,
          "checking" : 20,
          "saving" : 7,
          "age" : 27,
          "daysToAge" : 1,
          "strength" : 0.0,
          "injuredDays" : 0,
          "injured" : false,
          "retired" : false
        }, {
          "playerName" : "Rob Wu",
          "position" : "defense",
          "captain" : true,
          "skating" : 10,
          "shooting" : 3,
          "checking" : 13,
          "saving" : 5,
          "age" : 29,
          "daysToAge" : 1,
          "strength" : 0.0,
          "injuredDays" : 0,
          "injured" : false,
          "retired" : false
        }, {
          "playerName" : "Tina Hawkey",
          "position" : "defense",
          "captain" : false,
          "skating" : 10,
          "shooting" : 8,
          "checking" : 11,
          "saving" : 8,
          "age" : 21,
          "daysToAge" : 1,
          "strength" : 0.0,
          "injuredDays" : 0,
          "injured" : false,
          "retired" : false
        }, {
          "playerName" : "Mohammed Bishop",
          "position" : "defense",
          "captain" : false,
          "skating" : 9,
          "shooting" : 17,
          "checking" : 16,
          "saving" : 15,
          "age" : 23,
          "daysToAge" : 1,
          "strength" : 0.0,
          "injuredDays" : 0,
          "injured" : false,
          "retired" : false
        }, {
          "playerName" : "Hardik Samson",
          "position" : "defense",
          "captain" : false,
          "skating" : 2,
          "shooting" : 13,
          "checking" : 14,
          "saving" : 12,
          "age" : 29,
          "daysToAge" : 1,
          "strength" : 0.0,
          "injuredDays" : 0,
          "injured" : false,
          "retired" : false
        }, {
          "playerName" : "Wen Singh",
          "position" : "defense",
          "captain" : false,
          "skating" : 17,
          "shooting" : 7,
          "checking" : 10,
          "saving" : 6,
          "age" : 31,
          "daysToAge" : 1,
          "strength" : 0.0,
          "injuredDays" : 0,
          "injured" : false,
          "retired" : false
        }, {
          "playerName" : "Rob Patel",
          "position" : "defense",
          "captain" : false,
          "skating" : 2,
          "shooting" : 7,
          "checking" : 6,
          "saving" : 8,
          "age" : 24,
          "daysToAge" : 1,
          "strength" : 0.0,
          "injuredDays" : 0,
          "injured" : false,
          "retired" : false
        }, {
          "playerName" : "Zongming Thomson",
          "position" : "forward",
          "captain" : false,
          "skating" : 15,
          "shooting" : 10,
          "checking" : 6,
          "saving" : 15,
          "age" : 19,
          "daysToAge" : 1,
          "strength" : 0.0,
          "injuredDays" : 0,
          "injured" : false,
          "retired" : false
        }, {
          "playerName" : "Raghav Singh",
          "position" : "goalie",
          "captain" : false,
          "skating" : 8,
          "shooting" : 11,
          "checking" : 16,
          "saving" : 16,
          "age" : 19,
          "daysToAge" : 1,
          "strength" : 0.0,
          "injuredDays" : 0,
          "injured" : false,
          "retired" : false
        }, {
          "playerName" : "Nancy Morrison",
          "position" : "forward",
          "captain" : false,
          "skating" : 18,
          "shooting" : 12,
          "checking" : 6,
          "saving" : 5,
          "age" : 27,
          "daysToAge" : 1,
          "strength" : 0.0,
          "injuredDays" : 0,
          "injured" : false,
          "retired" : false
        } ],
        "teamType" : "ai",
        "lossPoints" : 0,
        "teamStrength" : 0.0
      }, {
        "teamName" : "Saint John Wild Cats",
        "generalManager" : "Mike Patel",
        "headCoach" : {
          "name" : "John Morrison",
          "skating" : 0.17,
          "shooting" : 0.64,
          "checking" : 0.63,
          "saving" : 0.45
        },
        "players" : [ {
          "playerName" : "Abraham Fei",
          "position" : "forward",
          "captain" : false,
          "skating" : 18,
          "shooting" : 19,
          "checking" : 2,
          "saving" : 5,
          "age" : 33,
          "daysToAge" : 1,
          "strength" : 0.0,
          "injuredDays" : 0,
          "injured" : false,
          "retired" : false
        }, {
          "playerName" : "Mary Khatri",
          "position" : "forward",
          "captain" : false,
          "skating" : 15,
          "shooting" : 12,
          "checking" : 17,
          "saving" : 4,
          "age" : 31,
          "daysToAge" : 1,
          "strength" : 0.0,
          "injuredDays" : 0,
          "injured" : false,
          "retired" : false
        }, {
          "playerName" : "Wen Bishop",
          "position" : "forward",
          "captain" : false,
          "skating" : 5,
          "shooting" : 12,
          "checking" : 9,
          "saving" : 9,
          "age" : 33,
          "daysToAge" : 1,
          "strength" : 0.0,
          "injuredDays" : 0,
          "injured" : false,
          "retired" : false
        }, {
          "playerName" : "Hardik Cherry",
          "position" : "forward",
          "captain" : false,
          "skating" : 4,
          "shooting" : 9,
          "checking" : 15,
          "saving" : 4,
          "age" : 31,
          "daysToAge" : 1,
          "strength" : 0.0,
          "injuredDays" : 0,
          "injured" : false,
          "retired" : false
        }, {
          "playerName" : "Mohammed Khatri",
          "position" : "forward",
          "captain" : false,
          "skating" : 19,
          "shooting" : 18,
          "checking" : 17,
          "saving" : 4,
          "age" : 29,
          "daysToAge" : 1,
          "strength" : 0.0,
          "injuredDays" : 0,
          "injured" : false,
          "retired" : false
        }, {
          "playerName" : "John Cherry",
          "position" : "forward",
          "captain" : false,
          "skating" : 2,
          "shooting" : 9,
          "checking" : 11,
          "saving" : 2,
          "age" : 32,
          "daysToAge" : 1,
          "strength" : 0.0,
          "injuredDays" : 0,
          "injured" : false,
          "retired" : false
        }, {
          "playerName" : "Bonnie Williamson",
          "position" : "forward",
          "captain" : false,
          "skating" : 18,
          "shooting" : 11,
          "checking" : 7,
          "saving" : 14,
          "age" : 26,
          "daysToAge" : 1,
          "strength" : 0.0,
          "injuredDays" : 0,
          "injured" : false,
          "retired" : false
        }, {
          "playerName" : "Tina Bishop",
          "position" : "forward",
          "captain" : false,
          "skating" : 15,
          "shooting" : 4,
          "checking" : 7,
          "saving" : 2,
          "age" : 33,
          "daysToAge" : 1,
          "strength" : 0.0,
          "injuredDays" : 0,
          "injured" : false,
          "retired" : false
        }, {
          "playerName" : "Mohammed Marley",
          "position" : "forward",
          "captain" : false,
          "skating" : 12,
          "shooting" : 1,
          "checking" : 9,
          "saving" : 15,
          "age" : 30,
          "daysToAge" : 1,
          "strength" : 0.0,
          "injuredDays" : 0,
          "injured" : false,
          "retired" : false
        }, {
          "playerName" : "Rob Burbchuk",
          "position" : "defense",
          "captain" : false,
          "skating" : 18,
          "shooting" : 1,
          "checking" : 8,
          "saving" : 18,
          "age" : 23,
          "daysToAge" : 1,
          "strength" : 0.0,
          "injuredDays" : 0,
          "injured" : false,
          "retired" : false
        }, {
          "playerName" : "Sammy Samson",
          "position" : "defense",
          "captain" : false,
          "skating" : 5,
          "shooting" : 13,
          "checking" : 5,
          "saving" : 15,
          "age" : 27,
          "daysToAge" : 1,
          "strength" : 0.0,
          "injuredDays" : 0,
          "injured" : false,
          "retired" : false
        }, {
          "playerName" : "Pat Bishop",
          "position" : "defense",
          "captain" : false,
          "skating" : 5,
          "shooting" : 4,
          "checking" : 18,
          "saving" : 18,
          "age" : 30,
          "daysToAge" : 1,
          "strength" : 0.0,
          "injuredDays" : 0,
          "injured" : false,
          "retired" : false
        }, {
          "playerName" : "Tami Williamson",
          "position" : "defense",
          "captain" : false,
          "skating" : 15,
          "shooting" : 20,
          "checking" : 3,
          "saving" : 5,
          "age" : 24,
          "daysToAge" : 1,
          "strength" : 0.0,
          "injuredDays" : 0,
          "injured" : false,
          "retired" : false
        }, {
          "playerName" : "Mike Patel",
          "position" : "defense",
          "captain" : false,
          "skating" : 17,
          "shooting" : 13,
          "checking" : 20,
          "saving" : 14,
          "age" : 19,
          "daysToAge" : 1,
          "strength" : 0.0,
          "injuredDays" : 0,
          "injured" : false,
          "retired" : false
        }, {
          "playerName" : "Roger Bishop",
          "position" : "defense",
          "captain" : false,
          "skating" : 18,
          "shooting" : 17,
          "checking" : 11,
          "saving" : 16,
          "age" : 19,
          "daysToAge" : 1,
          "strength" : 0.0,
          "injuredDays" : 0,
          "injured" : false,
          "retired" : false
        }, {
          "playerName" : "Walter Hawkey",
          "position" : "defense",
          "captain" : false,
          "skating" : 9,
          "shooting" : 10,
          "checking" : 16,
          "saving" : 9,
          "age" : 19,
          "daysToAge" : 1,
          "strength" : 0.0,
          "injuredDays" : 0,
          "injured" : false,
          "retired" : false
        }, {
          "playerName" : "Mohammed Samson",
          "position" : "defense",
          "captain" : true,
          "skating" : 10,
          "shooting" : 10,
          "checking" : 4,
          "saving" : 17,
          "age" : 30,
          "daysToAge" : 1,
          "strength" : 0.0,
          "injuredDays" : 0,
          "injured" : false,
          "retired" : false
        }, {
          "playerName" : "Rob Halen",
          "position" : "forward",
          "captain" : false,
          "skating" : 13,
          "shooting" : 6,
          "checking" : 9,
          "saving" : 6,
          "age" : 35,
          "daysToAge" : 1,
          "strength" : 0.0,
          "injuredDays" : 0,
          "injured" : false,
          "retired" : false
        }, {
          "playerName" : "Hardik Cherry",
          "position" : "goalie",
          "captain" : false,
          "skating" : 14,
          "shooting" : 6,
          "checking" : 18,
          "saving" : 17,
          "age" : 30,
          "daysToAge" : 1,
          "strength" : 0.0,
          "injuredDays" : 0,
          "injured" : false,
          "retired" : false
        }, {
          "playerName" : "Mohammed Morrison",
          "position" : "forward",
          "captain" : false,
          "skating" : 14,
          "shooting" : 2,
          "checking" : 13,
          "saving" : 3,
          "age" : 33,
          "daysToAge" : 1,
          "strength" : 0.0,
          "injuredDays" : 0,
          "injured" : false,
          "retired" : false
        } ],
        "teamType" : "ai",
        "lossPoints" : 0,
        "teamStrength" : 0.0
      }, {
        "teamName" : "Saint John Bulls",
        "generalManager" : "Don Bishop",
        "headCoach" : {
          "name" : "Pat Khatri",
          "skating" : 0.83,
          "shooting" : 0.29,
          "checking" : 0.81,
          "saving" : 0.15
        },
        "players" : [ {
          "playerName" : "Abraham Marley",
          "position" : "forward",
          "captain" : false,
          "skating" : 16,
          "shooting" : 14,
          "checking" : 18,
          "saving" : 2,
          "age" : 18,
          "daysToAge" : 1,
          "strength" : 0.0,
          "injuredDays" : 0,
          "injured" : false,
          "retired" : false
        }, {
          "playerName" : "John Greenbaum",
          "position" : "forward",
          "captain" : false,
          "skating" : 18,
          "shooting" : 8,
          "checking" : 16,
          "saving" : 3,
          "age" : 20,
          "daysToAge" : 1,
          "strength" : 0.0,
          "injuredDays" : 0,
          "injured" : false,
          "retired" : false
        }, {
          "playerName" : "John Hawkey",
          "position" : "forward",
          "captain" : false,
          "skating" : 11,
          "shooting" : 17,
          "checking" : 19,
          "saving" : 3,
          "age" : 20,
          "daysToAge" : 1,
          "strength" : 0.0,
          "injuredDays" : 0,
          "injured" : false,
          "retired" : false
        }, {
          "playerName" : "Zongming Williamson",
          "position" : "forward",
          "captain" : true,
          "skating" : 9,
          "shooting" : 1,
          "checking" : 1,
          "saving" : 6,
          "age" : 25,
          "daysToAge" : 1,
          "strength" : 0.0,
          "injuredDays" : 0,
          "injured" : false,
          "retired" : false
        }, {
          "playerName" : "Tina Wu",
          "position" : "forward",
          "captain" : false,
          "skating" : 13,
          "shooting" : 3,
          "checking" : 17,
          "saving" : 10,
          "age" : 19,
          "daysToAge" : 1,
          "strength" : 0.0,
          "injuredDays" : 0,
          "injured" : false,
          "retired" : false
        }, {
          "playerName" : "Raghav Samson",
          "position" : "forward",
          "captain" : false,
          "skating" : 19,
          "shooting" : 15,
          "checking" : 17,
          "saving" : 2,
          "age" : 33,
          "daysToAge" : 1,
          "strength" : 0.0,
          "injuredDays" : 0,
          "injured" : false,
          "retired" : false
        }, {
          "playerName" : "Zongming Burbchuk",
          "position" : "forward",
          "captain" : false,
          "skating" : 16,
          "shooting" : 17,
          "checking" : 13,
          "saving" : 14,
          "age" : 33,
          "daysToAge" : 1,
          "strength" : 0.0,
          "injuredDays" : 0,
          "injured" : false,
          "retired" : false
        }, {
          "playerName" : "Raghav Williamson",
          "position" : "forward",
          "captain" : false,
          "skating" : 20,
          "shooting" : 20,
          "checking" : 1,
          "saving" : 19,
          "age" : 27,
          "daysToAge" : 1,
          "strength" : 0.0,
          "injuredDays" : 0,
          "injured" : false,
          "retired" : false
        }, {
          "playerName" : "Abraham Greenbaum",
          "position" : "forward",
          "captain" : false,
          "skating" : 17,
          "shooting" : 5,
          "checking" : 17,
          "saving" : 14,
          "age" : 23,
          "daysToAge" : 1,
          "strength" : 0.0,
          "injuredDays" : 0,
          "injured" : false,
          "retired" : false
        }, {
          "playerName" : "Prashant Chang",
          "position" : "defense",
          "captain" : false,
          "skating" : 3,
          "shooting" : 9,
          "checking" : 2,
          "saving" : 7,
          "age" : 33,
          "daysToAge" : 1,
          "strength" : 0.0,
          "injuredDays" : 0,
          "injured" : false,
          "retired" : false
        }, {
          "playerName" : "Tina Nelson",
          "position" : "defense",
          "captain" : false,
          "skating" : 14,
          "shooting" : 13,
          "checking" : 15,
          "saving" : 4,
          "age" : 30,
          "daysToAge" : 1,
          "strength" : 0.0,
          "injuredDays" : 0,
          "injured" : false,
          "retired" : false
        }, {
          "playerName" : "Bonnie Smith",
          "position" : "defense",
          "captain" : false,
          "skating" : 2,
          "shooting" : 6,
          "checking" : 6,
          "saving" : 14,
          "age" : 25,
          "daysToAge" : 1,
          "strength" : 0.0,
          "injuredDays" : 0,
          "injured" : false,
          "retired" : false
        }, {
          "playerName" : "Mike Burbchuk",
          "position" : "defense",
          "captain" : false,
          "skating" : 11,
          "shooting" : 9,
          "checking" : 12,
          "saving" : 18,
          "age" : 32,
          "daysToAge" : 1,
          "strength" : 0.0,
          "injuredDays" : 0,
          "injured" : false,
          "retired" : false
        }, {
          "playerName" : "Mohammed Morrison",
          "position" : "defense",
          "captain" : false,
          "skating" : 17,
          "shooting" : 17,
          "checking" : 2,
          "saving" : 19,
          "age" : 32,
          "daysToAge" : 1,
          "strength" : 0.0,
          "injuredDays" : 0,
          "injured" : false,
          "retired" : false
        }, {
          "playerName" : "Nancy Thomson",
          "position" : "defense",
          "captain" : false,
          "skating" : 15,
          "shooting" : 20,
          "checking" : 7,
          "saving" : 16,
          "age" : 32,
          "daysToAge" : 1,
          "strength" : 0.0,
          "injuredDays" : 0,
          "injured" : false,
          "retired" : false
        }, {
          "playerName" : "Nancy Greenbaum",
          "position" : "defense",
          "captain" : false,
          "skating" : 14,
          "shooting" : 16,
          "checking" : 9,
          "saving" : 15,
          "age" : 29,
          "daysToAge" : 1,
          "strength" : 0.0,
          "injuredDays" : 0,
          "injured" : false,
          "retired" : false
        }, {
          "playerName" : "Hardik Smith",
          "position" : "defense",
          "captain" : false,
          "skating" : 6,
          "shooting" : 6,
          "checking" : 1,
          "saving" : 8,
          "age" : 22,
          "daysToAge" : 1,
          "strength" : 0.0,
          "injuredDays" : 0,
          "injured" : false,
          "retired" : false
        }, {
          "playerName" : "Mike Cherry",
          "position" : "forward",
          "captain" : false,
          "skating" : 5,
          "shooting" : 5,
          "checking" : 6,
          "saving" : 5,
          "age" : 35,
          "daysToAge" : 1,
          "strength" : 0.0,
          "injuredDays" : 0,
          "injured" : false,
          "retired" : false
        }, {
          "playerName" : "Roger Liu",
          "position" : "goalie",
          "captain" : false,
          "skating" : 8,
          "shooting" : 11,
          "checking" : 6,
          "saving" : 3,
          "age" : 31,
          "daysToAge" : 1,
          "strength" : 0.0,
          "injuredDays" : 0,
          "injured" : false,
          "retired" : false
        }, {
          "playerName" : "Rashita Williamson",
          "position" : "forward",
          "captain" : false,
          "skating" : 15,
          "shooting" : 15,
          "checking" : 14,
          "saving" : 11,
          "age" : 27,
          "daysToAge" : 1,
          "strength" : 0.0,
          "injuredDays" : 0,
          "injured" : false,
          "retired" : false
        } ],
        "teamType" : "ai",
        "lossPoints" : 0,
        "teamStrength" : 0.0
      }, {
        "teamName" : "Mumbai Farmers",
        "generalManager" : "Tami Hawkins",
        "headCoach" : {
          "name" : "Raghav Halen",
          "skating" : 0.88,
          "shooting" : 0.24,
          "checking" : 0.33,
          "saving" : 0.66
        },
        "players" : [ {
          "playerName" : "Tina Greenbaum",
          "position" : "forward",
          "captain" : false,
          "skating" : 1,
          "shooting" : 11,
          "checking" : 6,
          "saving" : 6,
          "age" : 20,
          "daysToAge" : 1,
          "strength" : 0.0,
          "injuredDays" : 0,
          "injured" : false,
          "retired" : false
        }, {
          "playerName" : "Walter Chang",
          "position" : "forward",
          "captain" : false,
          "skating" : 4,
          "shooting" : 18,
          "checking" : 14,
          "saving" : 4,
          "age" : 23,
          "daysToAge" : 1,
          "strength" : 0.0,
          "injuredDays" : 0,
          "injured" : false,
          "retired" : false
        }, {
          "playerName" : "Tina Patel",
          "position" : "forward",
          "captain" : false,
          "skating" : 8,
          "shooting" : 19,
          "checking" : 13,
          "saving" : 5,
          "age" : 23,
          "daysToAge" : 1,
          "strength" : 0.0,
          "injuredDays" : 0,
          "injured" : false,
          "retired" : false
        }, {
          "playerName" : "John Thomson",
          "position" : "forward",
          "captain" : false,
          "skating" : 16,
          "shooting" : 18,
          "checking" : 10,
          "saving" : 20,
          "age" : 24,
          "daysToAge" : 1,
          "strength" : 0.0,
          "injuredDays" : 0,
          "injured" : false,
          "retired" : false
        }, {
          "playerName" : "Bonnie Khatri",
          "position" : "forward",
          "captain" : false,
          "skating" : 7,
          "shooting" : 12,
          "checking" : 18,
          "saving" : 18,
          "age" : 19,
          "daysToAge" : 1,
          "strength" : 0.0,
          "injuredDays" : 0,
          "injured" : false,
          "retired" : false
        }, {
          "playerName" : "Don Singh",
          "position" : "forward",
          "captain" : false,
          "skating" : 20,
          "shooting" : 7,
          "checking" : 19,
          "saving" : 13,
          "age" : 19,
          "daysToAge" : 1,
          "strength" : 0.0,
          "injuredDays" : 0,
          "injured" : false,
          "retired" : false
        }, {
          "playerName" : "Rashita Wu",
          "position" : "forward",
          "captain" : false,
          "skating" : 13,
          "shooting" : 1,
          "checking" : 2,
          "saving" : 5,
          "age" : 32,
          "daysToAge" : 1,
          "strength" : 0.0,
          "injuredDays" : 0,
          "injured" : false,
          "retired" : false
        }, {
          "playerName" : "John Samson",
          "position" : "forward",
          "captain" : false,
          "skating" : 15,
          "shooting" : 8,
          "checking" : 16,
          "saving" : 9,
          "age" : 22,
          "daysToAge" : 1,
          "strength" : 0.0,
          "injuredDays" : 0,
          "injured" : false,
          "retired" : false
        }, {
          "playerName" : "Prashant Williamson",
          "position" : "forward",
          "captain" : false,
          "skating" : 18,
          "shooting" : 4,
          "checking" : 12,
          "saving" : 3,
          "age" : 21,
          "daysToAge" : 1,
          "strength" : 0.0,
          "injuredDays" : 0,
          "injured" : false,
          "retired" : false
        }, {
          "playerName" : "Abraham Smith",
          "position" : "defense",
          "captain" : false,
          "skating" : 9,
          "shooting" : 15,
          "checking" : 2,
          "saving" : 11,
          "age" : 18,
          "daysToAge" : 1,
          "strength" : 0.0,
          "injuredDays" : 0,
          "injured" : false,
          "retired" : false
        }, {
          "playerName" : "Chris Cherry",
          "position" : "defense",
          "captain" : false,
          "skating" : 19,
          "shooting" : 19,
          "checking" : 9,
          "saving" : 12,
          "age" : 30,
          "daysToAge" : 1,
          "strength" : 0.0,
          "injuredDays" : 0,
          "injured" : false,
          "retired" : false
        }, {
          "playerName" : "Rashita Wu",
          "position" : "defense",
          "captain" : false,
          "skating" : 3,
          "shooting" : 7,
          "checking" : 12,
          "saving" : 7,
          "age" : 34,
          "daysToAge" : 1,
          "strength" : 0.0,
          "injuredDays" : 0,
          "injured" : false,
          "retired" : false
        }, {
          "playerName" : "Hardik Chang",
          "position" : "defense",
          "captain" : true,
          "skating" : 7,
          "shooting" : 18,
          "checking" : 16,
          "saving" : 18,
          "age" : 35,
          "daysToAge" : 1,
          "strength" : 0.0,
          "injuredDays" : 0,
          "injured" : false,
          "retired" : false
        }, {
          "playerName" : "Don Chang",
          "position" : "defense",
          "captain" : false,
          "skating" : 18,
          "shooting" : 10,
          "checking" : 20,
          "saving" : 15,
          "age" : 28,
          "daysToAge" : 1,
          "strength" : 0.0,
          "injuredDays" : 0,
          "injured" : false,
          "retired" : false
        }, {
          "playerName" : "Don Samson",
          "position" : "defense",
          "captain" : false,
          "skating" : 2,
          "shooting" : 14,
          "checking" : 13,
          "saving" : 11,
          "age" : 25,
          "daysToAge" : 1,
          "strength" : 0.0,
          "injuredDays" : 0,
          "injured" : false,
          "retired" : false
        }, {
          "playerName" : "Abraham Greenbaum",
          "position" : "defense",
          "captain" : false,
          "skating" : 7,
          "shooting" : 9,
          "checking" : 6,
          "saving" : 8,
          "age" : 35,
          "daysToAge" : 1,
          "strength" : 0.0,
          "injuredDays" : 0,
          "injured" : false,
          "retired" : false
        }, {
          "playerName" : "Tina Williamson",
          "position" : "defense",
          "captain" : false,
          "skating" : 1,
          "shooting" : 18,
          "checking" : 1,
          "saving" : 1,
          "age" : 21,
          "daysToAge" : 1,
          "strength" : 0.0,
          "injuredDays" : 0,
          "injured" : false,
          "retired" : false
        }, {
          "playerName" : "Pat Patel",
          "position" : "forward",
          "captain" : false,
          "skating" : 6,
          "shooting" : 11,
          "checking" : 10,
          "saving" : 15,
          "age" : 20,
          "daysToAge" : 1,
          "strength" : 0.0,
          "injuredDays" : 0,
          "injured" : false,
          "retired" : false
        }, {
          "playerName" : "Abraham Thomson",
          "position" : "goalie",
          "captain" : false,
          "skating" : 18,
          "shooting" : 20,
          "checking" : 19,
          "saving" : 3,
          "age" : 32,
          "daysToAge" : 1,
          "strength" : 0.0,
          "injuredDays" : 0,
          "injured" : false,
          "retired" : false
        }, {
          "playerName" : "Nancy Chang",
          "position" : "forward",
          "captain" : false,
          "skating" : 17,
          "shooting" : 7,
          "checking" : 9,
          "saving" : 5,
          "age" : 35,
          "daysToAge" : 1,
          "strength" : 0.0,
          "injuredDays" : 0,
          "injured" : false,
          "retired" : false
        } ],
        "teamType" : "ai",
        "lossPoints" : 0,
        "teamStrength" : 0.0
      }, {
        "teamName" : "Saint John Milk Cartons",
        "generalManager" : "Sammy Wu",
        "headCoach" : {
          "name" : "Rashita Wu",
          "skating" : 0.15,
          "shooting" : 0.68,
          "checking" : 0.64,
          "saving" : 0.45
        },
        "players" : [ {
          "playerName" : "Mike Samson",
          "position" : "forward",
          "captain" : false,
          "skating" : 18,
          "shooting" : 10,
          "checking" : 6,
          "saving" : 9,
          "age" : 20,
          "daysToAge" : 1,
          "strength" : 0.0,
          "injuredDays" : 0,
          "injured" : false,
          "retired" : false
        }, {
          "playerName" : "Tina Liu",
          "position" : "forward",
          "captain" : false,
          "skating" : 12,
          "shooting" : 15,
          "checking" : 18,
          "saving" : 10,
          "age" : 22,
          "daysToAge" : 1,
          "strength" : 0.0,
          "injuredDays" : 0,
          "injured" : false,
          "retired" : false
        }, {
          "playerName" : "Pat Hawkins",
          "position" : "forward",
          "captain" : false,
          "skating" : 13,
          "shooting" : 15,
          "checking" : 1,
          "saving" : 1,
          "age" : 33,
          "daysToAge" : 1,
          "strength" : 0.0,
          "injuredDays" : 0,
          "injured" : false,
          "retired" : false
        }, {
          "playerName" : "Tami Hawkins",
          "position" : "forward",
          "captain" : true,
          "skating" : 9,
          "shooting" : 6,
          "checking" : 14,
          "saving" : 10,
          "age" : 33,
          "daysToAge" : 1,
          "strength" : 0.0,
          "injuredDays" : 0,
          "injured" : false,
          "retired" : false
        }, {
          "playerName" : "Fred Singh",
          "position" : "forward",
          "captain" : false,
          "skating" : 9,
          "shooting" : 10,
          "checking" : 6,
          "saving" : 1,
          "age" : 34,
          "daysToAge" : 1,
          "strength" : 0.0,
          "injuredDays" : 0,
          "injured" : false,
          "retired" : false
        }, {
          "playerName" : "Mike Morrison",
          "position" : "forward",
          "captain" : false,
          "skating" : 3,
          "shooting" : 20,
          "checking" : 15,
          "saving" : 17,
          "age" : 35,
          "daysToAge" : 1,
          "strength" : 0.0,
          "injuredDays" : 0,
          "injured" : false,
          "retired" : false
        }, {
          "playerName" : "Bonnie Wu",
          "position" : "forward",
          "captain" : false,
          "skating" : 9,
          "shooting" : 5,
          "checking" : 7,
          "saving" : 8,
          "age" : 20,
          "daysToAge" : 1,
          "strength" : 0.0,
          "injuredDays" : 0,
          "injured" : false,
          "retired" : false
        }, {
          "playerName" : "Bonnie Williamson",
          "position" : "forward",
          "captain" : false,
          "skating" : 16,
          "shooting" : 8,
          "checking" : 14,
          "saving" : 8,
          "age" : 33,
          "daysToAge" : 1,
          "strength" : 0.0,
          "injuredDays" : 0,
          "injured" : false,
          "retired" : false
        }, {
          "playerName" : "Rashita Patel",
          "position" : "forward",
          "captain" : false,
          "skating" : 17,
          "shooting" : 8,
          "checking" : 18,
          "saving" : 1,
          "age" : 27,
          "daysToAge" : 1,
          "strength" : 0.0,
          "injuredDays" : 0,
          "injured" : false,
          "retired" : false
        }, {
          "playerName" : "Abraham Hawkey",
          "position" : "defense",
          "captain" : false,
          "skating" : 18,
          "shooting" : 1,
          "checking" : 19,
          "saving" : 16,
          "age" : 18,
          "daysToAge" : 1,
          "strength" : 0.0,
          "injuredDays" : 0,
          "injured" : false,
          "retired" : false
        }, {
          "playerName" : "Raghav Fei",
          "position" : "defense",
          "captain" : false,
          "skating" : 4,
          "shooting" : 7,
          "checking" : 11,
          "saving" : 1,
          "age" : 18,
          "daysToAge" : 1,
          "strength" : 0.0,
          "injuredDays" : 0,
          "injured" : false,
          "retired" : false
        }, {
          "playerName" : "Chris Nelson",
          "position" : "defense",
          "captain" : false,
          "skating" : 12,
          "shooting" : 16,
          "checking" : 7,
          "saving" : 18,
          "age" : 33,
          "daysToAge" : 1,
          "strength" : 0.0,
          "injuredDays" : 0,
          "injured" : false,
          "retired" : false
        }, {
          "playerName" : "Don Smith",
          "position" : "defense",
          "captain" : false,
          "skating" : 16,
          "shooting" : 18,
          "checking" : 15,
          "saving" : 4,
          "age" : 20,
          "daysToAge" : 1,
          "strength" : 0.0,
          "injuredDays" : 0,
          "injured" : false,
          "retired" : false
        }, {
          "playerName" : "Tina Khatri",
          "position" : "defense",
          "captain" : false,
          "skating" : 2,
          "shooting" : 13,
          "checking" : 20,
          "saving" : 15,
          "age" : 20,
          "daysToAge" : 1,
          "strength" : 0.0,
          "injuredDays" : 0,
          "injured" : false,
          "retired" : false
        }, {
          "playerName" : "Abraham Halen",
          "position" : "defense",
          "captain" : false,
          "skating" : 15,
          "shooting" : 2,
          "checking" : 3,
          "saving" : 2,
          "age" : 34,
          "daysToAge" : 1,
          "strength" : 0.0,
          "injuredDays" : 0,
          "injured" : false,
          "retired" : false
        }, {
          "playerName" : "Nancy Singh",
          "position" : "defense",
          "captain" : false,
          "skating" : 11,
          "shooting" : 17,
          "checking" : 13,
          "saving" : 7,
          "age" : 18,
          "daysToAge" : 1,
          "strength" : 0.0,
          "injuredDays" : 0,
          "injured" : false,
          "retired" : false
        }, {
          "playerName" : "Chris Burbchuk",
          "position" : "defense",
          "captain" : false,
          "skating" : 20,
          "shooting" : 15,
          "checking" : 14,
          "saving" : 3,
          "age" : 28,
          "daysToAge" : 1,
          "strength" : 0.0,
          "injuredDays" : 0,
          "injured" : false,
          "retired" : false
        }, {
          "playerName" : "Rashita Smith",
          "position" : "forward",
          "captain" : false,
          "skating" : 12,
          "shooting" : 7,
          "checking" : 8,
          "saving" : 10,
          "age" : 32,
          "daysToAge" : 1,
          "strength" : 0.0,
          "injuredDays" : 0,
          "injured" : false,
          "retired" : false
        }, {
          "playerName" : "Wen Hawkins",
          "position" : "goalie",
          "captain" : false,
          "skating" : 5,
          "shooting" : 6,
          "checking" : 14,
          "saving" : 17,
          "age" : 26,
          "daysToAge" : 1,
          "strength" : 0.0,
          "injuredDays" : 0,
          "injured" : false,
          "retired" : false
        }, {
          "playerName" : "Bonnie Chang",
          "position" : "forward",
          "captain" : false,
          "skating" : 17,
          "shooting" : 2,
          "checking" : 11,
          "saving" : 5,
          "age" : 24,
          "daysToAge" : 1,
          "strength" : 0.0,
          "injuredDays" : 0,
          "injured" : false,
          "retired" : false
        } ],
        "teamType" : "ai",
        "lossPoints" : 0,
        "teamStrength" : 0.0
      }, {
        "teamName" : "Cairo Voyageurs",
        "generalManager" : "Prashant Bishop",
        "headCoach" : {
          "name" : "Don Halen",
          "skating" : 0.77,
          "shooting" : 0.45,
          "checking" : 0.42,
          "saving" : 0.06
        },
        "players" : [ {
          "playerName" : "Walter Samson",
          "position" : "forward",
          "captain" : false,
          "skating" : 16,
          "shooting" : 2,
          "checking" : 8,
          "saving" : 1,
          "age" : 30,
          "daysToAge" : 1,
          "strength" : 0.0,
          "injuredDays" : 0,
          "injured" : false,
          "retired" : false
        }, {
          "playerName" : "Abraham Bishop",
          "position" : "forward",
          "captain" : false,
          "skating" : 16,
          "shooting" : 9,
          "checking" : 15,
          "saving" : 16,
          "age" : 24,
          "daysToAge" : 1,
          "strength" : 0.0,
          "injuredDays" : 0,
          "injured" : false,
          "retired" : false
        }, {
          "playerName" : "Mohammed Samson",
          "position" : "forward",
          "captain" : false,
          "skating" : 1,
          "shooting" : 4,
          "checking" : 15,
          "saving" : 1,
          "age" : 29,
          "daysToAge" : 1,
          "strength" : 0.0,
          "injuredDays" : 0,
          "injured" : false,
          "retired" : false
        }, {
          "playerName" : "John Bishop",
          "position" : "forward",
          "captain" : true,
          "skating" : 18,
          "shooting" : 6,
          "checking" : 20,
          "saving" : 1,
          "age" : 22,
          "daysToAge" : 1,
          "strength" : 0.0,
          "injuredDays" : 0,
          "injured" : false,
          "retired" : false
        }, {
          "playerName" : "Pat Hawkins",
          "position" : "forward",
          "captain" : false,
          "skating" : 16,
          "shooting" : 7,
          "checking" : 15,
          "saving" : 14,
          "age" : 32,
          "daysToAge" : 1,
          "strength" : 0.0,
          "injuredDays" : 0,
          "injured" : false,
          "retired" : false
        }, {
          "playerName" : "John Liu",
          "position" : "forward",
          "captain" : false,
          "skating" : 5,
          "shooting" : 11,
          "checking" : 1,
          "saving" : 2,
          "age" : 18,
          "daysToAge" : 1,
          "strength" : 0.0,
          "injuredDays" : 0,
          "injured" : false,
          "retired" : false
        }, {
          "playerName" : "Hardik Bishop",
          "position" : "forward",
          "captain" : false,
          "skating" : 20,
          "shooting" : 19,
          "checking" : 10,
          "saving" : 13,
          "age" : 29,
          "daysToAge" : 1,
          "strength" : 0.0,
          "injuredDays" : 0,
          "injured" : false,
          "retired" : false
        }, {
          "playerName" : "Hardik Halen",
          "position" : "forward",
          "captain" : false,
          "skating" : 10,
          "shooting" : 10,
          "checking" : 8,
          "saving" : 10,
          "age" : 28,
          "daysToAge" : 1,
          "strength" : 0.0,
          "injuredDays" : 0,
          "injured" : false,
          "retired" : false
        }, {
          "playerName" : "Abraham Singh",
          "position" : "forward",
          "captain" : false,
          "skating" : 18,
          "shooting" : 12,
          "checking" : 19,
          "saving" : 20,
          "age" : 18,
          "daysToAge" : 1,
          "strength" : 0.0,
          "injuredDays" : 0,
          "injured" : false,
          "retired" : false
        }, {
          "playerName" : "Zongming Greenbaum",
          "position" : "defense",
          "captain" : false,
          "skating" : 1,
          "shooting" : 8,
          "checking" : 5,
          "saving" : 15,
          "age" : 20,
          "daysToAge" : 1,
          "strength" : 0.0,
          "injuredDays" : 0,
          "injured" : false,
          "retired" : false
        }, {
          "playerName" : "Mary Chang",
          "position" : "defense",
          "captain" : false,
          "skating" : 12,
          "shooting" : 19,
          "checking" : 12,
          "saving" : 13,
          "age" : 28,
          "daysToAge" : 1,
          "strength" : 0.0,
          "injuredDays" : 0,
          "injured" : false,
          "retired" : false
        }, {
          "playerName" : "Prashant Halen",
          "position" : "defense",
          "captain" : false,
          "skating" : 4,
          "shooting" : 5,
          "checking" : 12,
          "saving" : 6,
          "age" : 33,
          "daysToAge" : 1,
          "strength" : 0.0,
          "injuredDays" : 0,
          "injured" : false,
          "retired" : false
        }, {
          "playerName" : "Hardik Hawkins",
          "position" : "defense",
          "captain" : false,
          "skating" : 3,
          "shooting" : 6,
          "checking" : 18,
          "saving" : 17,
          "age" : 35,
          "daysToAge" : 1,
          "strength" : 0.0,
          "injuredDays" : 0,
          "injured" : false,
          "retired" : false
        }, {
          "playerName" : "Don Thomson",
          "position" : "defense",
          "captain" : false,
          "skating" : 7,
          "shooting" : 1,
          "checking" : 5,
          "saving" : 17,
          "age" : 22,
          "daysToAge" : 1,
          "strength" : 0.0,
          "injuredDays" : 0,
          "injured" : false,
          "retired" : false
        }, {
          "playerName" : "Tami Nelson",
          "position" : "defense",
          "captain" : false,
          "skating" : 6,
          "shooting" : 15,
          "checking" : 20,
          "saving" : 8,
          "age" : 25,
          "daysToAge" : 1,
          "strength" : 0.0,
          "injuredDays" : 0,
          "injured" : false,
          "retired" : false
        }, {
          "playerName" : "Mike Marley",
          "position" : "defense",
          "captain" : false,
          "skating" : 19,
          "shooting" : 7,
          "checking" : 9,
          "saving" : 1,
          "age" : 33,
          "daysToAge" : 1,
          "strength" : 0.0,
          "injuredDays" : 0,
          "injured" : false,
          "retired" : false
        }, {
          "playerName" : "Fred Halen",
          "position" : "defense",
          "captain" : false,
          "skating" : 2,
          "shooting" : 17,
          "checking" : 5,
          "saving" : 9,
          "age" : 35,
          "daysToAge" : 1,
          "strength" : 0.0,
          "injuredDays" : 0,
          "injured" : false,
          "retired" : false
        }, {
          "playerName" : "Hardik Cherry",
          "position" : "forward",
          "captain" : false,
          "skating" : 19,
          "shooting" : 12,
          "checking" : 5,
          "saving" : 17,
          "age" : 34,
          "daysToAge" : 1,
          "strength" : 0.0,
          "injuredDays" : 0,
          "injured" : false,
          "retired" : false
        }, {
          "playerName" : "Don Halen",
          "position" : "goalie",
          "captain" : false,
          "skating" : 3,
          "shooting" : 7,
          "checking" : 8,
          "saving" : 2,
          "age" : 22,
          "daysToAge" : 1,
          "strength" : 0.0,
          "injuredDays" : 0,
          "injured" : false,
          "retired" : false
        }, {
          "playerName" : "Sammy Singh",
          "position" : "forward",
          "captain" : false,
          "skating" : 15,
          "shooting" : 3,
          "checking" : 18,
          "saving" : 2,
          "age" : 27,
          "daysToAge" : 1,
          "strength" : 0.0,
          "injuredDays" : 0,
          "injured" : false,
          "retired" : false
        } ],
        "teamType" : "ai",
        "lossPoints" : 0,
        "teamStrength" : 0.0
      }, {
        "teamName" : "Ottawa Milk Cartons",
        "generalManager" : "Mary Singh",
        "headCoach" : {
          "name" : "Bonnie Fei",
          "skating" : 0.39,
          "shooting" : 0.07,
          "checking" : 0.34,
          "saving" : 0.63
        },
        "players" : [ {
          "playerName" : "Raghav Thomson",
          "position" : "forward",
          "captain" : false,
          "skating" : 4,
          "shooting" : 14,
          "checking" : 17,
          "saving" : 10,
          "age" : 26,
          "daysToAge" : 1,
          "strength" : 0.0,
          "injuredDays" : 0,
          "injured" : false,
          "retired" : false
        }, {
          "playerName" : "Tina Samson",
          "position" : "forward",
          "captain" : false,
          "skating" : 2,
          "shooting" : 13,
          "checking" : 15,
          "saving" : 15,
          "age" : 25,
          "daysToAge" : 1,
          "strength" : 0.0,
          "injuredDays" : 0,
          "injured" : false,
          "retired" : false
        }, {
          "playerName" : "John Liu",
          "position" : "forward",
          "captain" : false,
          "skating" : 19,
          "shooting" : 9,
          "checking" : 1,
          "saving" : 2,
          "age" : 27,
          "daysToAge" : 1,
          "strength" : 0.0,
          "injuredDays" : 0,
          "injured" : false,
          "retired" : false
        }, {
          "playerName" : "Fred Fei",
          "position" : "forward",
          "captain" : false,
          "skating" : 11,
          "shooting" : 16,
          "checking" : 9,
          "saving" : 8,
          "age" : 28,
          "daysToAge" : 1,
          "strength" : 0.0,
          "injuredDays" : 0,
          "injured" : false,
          "retired" : false
        }, {
          "playerName" : "Don Singh",
          "position" : "forward",
          "captain" : false,
          "skating" : 20,
          "shooting" : 14,
          "checking" : 18,
          "saving" : 14,
          "age" : 27,
          "daysToAge" : 1,
          "strength" : 0.0,
          "injuredDays" : 0,
          "injured" : false,
          "retired" : false
        }, {
          "playerName" : "Hardik Burbchuk",
          "position" : "forward",
          "captain" : true,
          "skating" : 20,
          "shooting" : 10,
          "checking" : 5,
          "saving" : 17,
          "age" : 34,
          "daysToAge" : 1,
          "strength" : 0.0,
          "injuredDays" : 0,
          "injured" : false,
          "retired" : false
        }, {
          "playerName" : "Mary Khatri",
          "position" : "forward",
          "captain" : false,
          "skating" : 17,
          "shooting" : 8,
          "checking" : 9,
          "saving" : 9,
          "age" : 23,
          "daysToAge" : 1,
          "strength" : 0.0,
          "injuredDays" : 0,
          "injured" : false,
          "retired" : false
        }, {
          "playerName" : "Rashita Chang",
          "position" : "forward",
          "captain" : false,
          "skating" : 11,
          "shooting" : 9,
          "checking" : 11,
          "saving" : 8,
          "age" : 33,
          "daysToAge" : 1,
          "strength" : 0.0,
          "injuredDays" : 0,
          "injured" : false,
          "retired" : false
        }, {
          "playerName" : "Tina Cherry",
          "position" : "forward",
          "captain" : false,
          "skating" : 9,
          "shooting" : 16,
          "checking" : 14,
          "saving" : 16,
          "age" : 19,
          "daysToAge" : 1,
          "strength" : 0.0,
          "injuredDays" : 0,
          "injured" : false,
          "retired" : false
        }, {
          "playerName" : "Don Williamson",
          "position" : "defense",
          "captain" : false,
          "skating" : 8,
          "shooting" : 6,
          "checking" : 7,
          "saving" : 18,
          "age" : 31,
          "daysToAge" : 1,
          "strength" : 0.0,
          "injuredDays" : 0,
          "injured" : false,
          "retired" : false
        }, {
          "playerName" : "Tami Burbchuk",
          "position" : "defense",
          "captain" : false,
          "skating" : 8,
          "shooting" : 17,
          "checking" : 3,
          "saving" : 13,
          "age" : 21,
          "daysToAge" : 1,
          "strength" : 0.0,
          "injuredDays" : 0,
          "injured" : false,
          "retired" : false
        }, {
          "playerName" : "Pat Smith",
          "position" : "defense",
          "captain" : false,
          "skating" : 15,
          "shooting" : 3,
          "checking" : 18,
          "saving" : 14,
          "age" : 30,
          "daysToAge" : 1,
          "strength" : 0.0,
          "injuredDays" : 0,
          "injured" : false,
          "retired" : false
        }, {
          "playerName" : "Hardik Khatri",
          "position" : "defense",
          "captain" : false,
          "skating" : 17,
          "shooting" : 6,
          "checking" : 1,
          "saving" : 6,
          "age" : 31,
          "daysToAge" : 1,
          "strength" : 0.0,
          "injuredDays" : 0,
          "injured" : false,
          "retired" : false
        }, {
          "playerName" : "Walter Smith",
          "position" : "defense",
          "captain" : false,
          "skating" : 16,
          "shooting" : 13,
          "checking" : 2,
          "saving" : 14,
          "age" : 23,
          "daysToAge" : 1,
          "strength" : 0.0,
          "injuredDays" : 0,
          "injured" : false,
          "retired" : false
        }, {
          "playerName" : "Raghav Greenbaum",
          "position" : "defense",
          "captain" : false,
          "skating" : 13,
          "shooting" : 8,
          "checking" : 2,
          "saving" : 20,
          "age" : 34,
          "daysToAge" : 1,
          "strength" : 0.0,
          "injuredDays" : 0,
          "injured" : false,
          "retired" : false
        }, {
          "playerName" : "Rashita Chang",
          "position" : "defense",
          "captain" : false,
          "skating" : 2,
          "shooting" : 20,
          "checking" : 1,
          "saving" : 18,
          "age" : 34,
          "daysToAge" : 1,
          "strength" : 0.0,
          "injuredDays" : 0,
          "injured" : false,
          "retired" : false
        }, {
          "playerName" : "Abraham Thomson",
          "position" : "defense",
          "captain" : false,
          "skating" : 2,
          "shooting" : 17,
          "checking" : 2,
          "saving" : 12,
          "age" : 18,
          "daysToAge" : 1,
          "strength" : 0.0,
          "injuredDays" : 0,
          "injured" : false,
          "retired" : false
        }, {
          "playerName" : "Mary Bishop",
          "position" : "forward",
          "captain" : false,
          "skating" : 10,
          "shooting" : 9,
          "checking" : 13,
          "saving" : 4,
          "age" : 24,
          "daysToAge" : 1,
          "strength" : 0.0,
          "injuredDays" : 0,
          "injured" : false,
          "retired" : false
        }, {
          "playerName" : "Mohammed Samson",
          "position" : "goalie",
          "captain" : false,
          "skating" : 19,
          "shooting" : 13,
          "checking" : 13,
          "saving" : 3,
          "age" : 29,
          "daysToAge" : 1,
          "strength" : 0.0,
          "injuredDays" : 0,
          "injured" : false,
          "retired" : false
        }, {
          "playerName" : "Zongming Marley",
          "position" : "forward",
          "captain" : false,
          "skating" : 16,
          "shooting" : 16,
          "checking" : 12,
          "saving" : 7,
          "age" : 32,
          "daysToAge" : 1,
          "strength" : 0.0,
          "injuredDays" : 0,
          "injured" : false,
          "retired" : false
        } ],
        "teamType" : "ai",
        "lossPoints" : 0,
        "teamStrength" : 0.0
      }, {
        "teamName" : "Philidelphia Monkeys",
        "generalManager" : "Pat Khatri",
        "headCoach" : {
          "name" : "Chris Morrison",
          "skating" : 0.02,
          "shooting" : 0.51,
          "checking" : 0.69,
          "saving" : 0.38
        },
        "players" : [ {
          "playerName" : "Sammy Singh",
          "position" : "forward",
          "captain" : false,
          "skating" : 9,
          "shooting" : 11,
          "checking" : 17,
          "saving" : 1,
          "age" : 23,
          "daysToAge" : 1,
          "strength" : 0.0,
          "injuredDays" : 0,
          "injured" : false,
          "retired" : false
        }, {
          "playerName" : "Rob Burbchuk",
          "position" : "forward",
          "captain" : false,
          "skating" : 8,
          "shooting" : 6,
          "checking" : 10,
          "saving" : 14,
          "age" : 22,
          "daysToAge" : 1,
          "strength" : 0.0,
          "injuredDays" : 0,
          "injured" : false,
          "retired" : false
        }, {
          "playerName" : "Hardik Samson",
          "position" : "forward",
          "captain" : false,
          "skating" : 18,
          "shooting" : 19,
          "checking" : 17,
          "saving" : 1,
          "age" : 27,
          "daysToAge" : 1,
          "strength" : 0.0,
          "injuredDays" : 0,
          "injured" : false,
          "retired" : false
        }, {
          "playerName" : "Don Khatri",
          "position" : "forward",
          "captain" : false,
          "skating" : 11,
          "shooting" : 5,
          "checking" : 9,
          "saving" : 14,
          "age" : 27,
          "daysToAge" : 1,
          "strength" : 0.0,
          "injuredDays" : 0,
          "injured" : false,
          "retired" : false
        }, {
          "playerName" : "Hardik Hawkins",
          "position" : "forward",
          "captain" : false,
          "skating" : 18,
          "shooting" : 5,
          "checking" : 20,
          "saving" : 14,
          "age" : 32,
          "daysToAge" : 1,
          "strength" : 0.0,
          "injuredDays" : 0,
          "injured" : false,
          "retired" : false
        }, {
          "playerName" : "Hardik Burbchuk",
          "position" : "forward",
          "captain" : false,
          "skating" : 1,
          "shooting" : 16,
          "checking" : 17,
          "saving" : 11,
          "age" : 21,
          "daysToAge" : 1,
          "strength" : 0.0,
          "injuredDays" : 0,
          "injured" : false,
          "retired" : false
        }, {
          "playerName" : "Abraham Williamson",
          "position" : "forward",
          "captain" : true,
          "skating" : 13,
          "shooting" : 11,
          "checking" : 13,
          "saving" : 14,
          "age" : 35,
          "daysToAge" : 1,
          "strength" : 0.0,
          "injuredDays" : 0,
          "injured" : false,
          "retired" : false
        }, {
          "playerName" : "Abraham Smith",
          "position" : "forward",
          "captain" : false,
          "skating" : 14,
          "shooting" : 13,
          "checking" : 11,
          "saving" : 11,
          "age" : 28,
          "daysToAge" : 1,
          "strength" : 0.0,
          "injuredDays" : 0,
          "injured" : false,
          "retired" : false
        }, {
          "playerName" : "Mohammed Halen",
          "position" : "forward",
          "captain" : false,
          "skating" : 7,
          "shooting" : 3,
          "checking" : 13,
          "saving" : 3,
          "age" : 33,
          "daysToAge" : 1,
          "strength" : 0.0,
          "injuredDays" : 0,
          "injured" : false,
          "retired" : false
        }, {
          "playerName" : "Sammy Morrison",
          "position" : "defense",
          "captain" : false,
          "skating" : 6,
          "shooting" : 18,
          "checking" : 18,
          "saving" : 15,
          "age" : 31,
          "daysToAge" : 1,
          "strength" : 0.0,
          "injuredDays" : 0,
          "injured" : false,
          "retired" : false
        }, {
          "playerName" : "Rob Burbchuk",
          "position" : "defense",
          "captain" : false,
          "skating" : 4,
          "shooting" : 12,
          "checking" : 6,
          "saving" : 18,
          "age" : 35,
          "daysToAge" : 1,
          "strength" : 0.0,
          "injuredDays" : 0,
          "injured" : false,
          "retired" : false
        }, {
          "playerName" : "Mohammed Nelson",
          "position" : "defense",
          "captain" : false,
          "skating" : 13,
          "shooting" : 20,
          "checking" : 18,
          "saving" : 8,
          "age" : 29,
          "daysToAge" : 1,
          "strength" : 0.0,
          "injuredDays" : 0,
          "injured" : false,
          "retired" : false
        }, {
          "playerName" : "Zongming Fei",
          "position" : "defense",
          "captain" : false,
          "skating" : 8,
          "shooting" : 1,
          "checking" : 12,
          "saving" : 4,
          "age" : 29,
          "daysToAge" : 1,
          "strength" : 0.0,
          "injuredDays" : 0,
          "injured" : false,
          "retired" : false
        }, {
          "playerName" : "Roger Singh",
          "position" : "defense",
          "captain" : false,
          "skating" : 5,
          "shooting" : 2,
          "checking" : 20,
          "saving" : 15,
          "age" : 26,
          "daysToAge" : 1,
          "strength" : 0.0,
          "injuredDays" : 0,
          "injured" : false,
          "retired" : false
        }, {
          "playerName" : "John Smith",
          "position" : "defense",
          "captain" : false,
          "skating" : 20,
          "shooting" : 4,
          "checking" : 6,
          "saving" : 10,
          "age" : 21,
          "daysToAge" : 1,
          "strength" : 0.0,
          "injuredDays" : 0,
          "injured" : false,
          "retired" : false
        }, {
          "playerName" : "Raghav Hawkey",
          "position" : "defense",
          "captain" : false,
          "skating" : 3,
          "shooting" : 19,
          "checking" : 14,
          "saving" : 8,
          "age" : 27,
          "daysToAge" : 1,
          "strength" : 0.0,
          "injuredDays" : 0,
          "injured" : false,
          "retired" : false
        }, {
          "playerName" : "Walter Morrison",
          "position" : "defense",
          "captain" : false,
          "skating" : 8,
          "shooting" : 18,
          "checking" : 18,
          "saving" : 1,
          "age" : 34,
          "daysToAge" : 1,
          "strength" : 0.0,
          "injuredDays" : 0,
          "injured" : false,
          "retired" : false
        }, {
          "playerName" : "Hardik Khatri",
          "position" : "forward",
          "captain" : false,
          "skating" : 1,
          "shooting" : 19,
          "checking" : 13,
          "saving" : 15,
          "age" : 30,
          "daysToAge" : 1,
          "strength" : 0.0,
          "injuredDays" : 0,
          "injured" : false,
          "retired" : false
        }, {
          "playerName" : "Hardik Smith",
          "position" : "goalie",
          "captain" : false,
          "skating" : 9,
          "shooting" : 12,
          "checking" : 4,
          "saving" : 3,
          "age" : 34,
          "daysToAge" : 1,
          "strength" : 0.0,
          "injuredDays" : 0,
          "injured" : false,
          "retired" : false
        }, {
          "playerName" : "Sammy Hawkey",
          "position" : "forward",
          "captain" : false,
          "skating" : 19,
          "shooting" : 20,
          "checking" : 20,
          "saving" : 11,
          "age" : 35,
          "daysToAge" : 1,
          "strength" : 0.0,
          "injuredDays" : 0,
          "injured" : false,
          "retired" : false
        } ],
        "teamType" : "ai",
        "lossPoints" : 0,
        "teamStrength" : 0.0
      } ]
    } ]
  }, {
    "conferenceName" : "Western Conference",
    "divisions" : [ {
      "divisionName" : "Atlantic",
      "teams" : [ {
        "teamName" : "Wuhan Taxi Cabs",
        "generalManager" : "Wen Nelson",
        "headCoach" : {
          "name" : "Roger Morrison",
          "skating" : 0.07,
          "shooting" : 0.66,
          "checking" : 0.2,
          "saving" : 0.89
        },
        "players" : [ {
          "playerName" : "Walter Morrison",
          "position" : "forward",
          "captain" : false,
          "skating" : 4,
          "shooting" : 12,
          "checking" : 5,
          "saving" : 7,
          "age" : 33,
          "daysToAge" : 1,
          "strength" : 0.0,
          "injuredDays" : 0,
          "injured" : false,
          "retired" : false
        }, {
          "playerName" : "Nancy Hawkins",
          "position" : "forward",
          "captain" : false,
          "skating" : 6,
          "shooting" : 17,
          "checking" : 17,
          "saving" : 8,
          "age" : 33,
          "daysToAge" : 1,
          "strength" : 0.0,
          "injuredDays" : 0,
          "injured" : false,
          "retired" : false
        }, {
          "playerName" : "John Greenbaum",
          "position" : "forward",
          "captain" : false,
          "skating" : 15,
          "shooting" : 4,
          "checking" : 10,
          "saving" : 18,
          "age" : 18,
          "daysToAge" : 1,
          "strength" : 0.0,
          "injuredDays" : 0,
          "injured" : false,
          "retired" : false
        }, {
          "playerName" : "Hardik Patel",
          "position" : "forward",
          "captain" : false,
          "skating" : 8,
          "shooting" : 19,
          "checking" : 16,
          "saving" : 6,
          "age" : 29,
          "daysToAge" : 1,
          "strength" : 0.0,
          "injuredDays" : 0,
          "injured" : false,
          "retired" : false
        }, {
          "playerName" : "Chris Khatri",
          "position" : "forward",
          "captain" : false,
          "skating" : 15,
          "shooting" : 7,
          "checking" : 2,
          "saving" : 4,
          "age" : 31,
          "daysToAge" : 1,
          "strength" : 0.0,
          "injuredDays" : 0,
          "injured" : false,
          "retired" : false
        }, {
          "playerName" : "Mary Smith",
          "position" : "forward",
          "captain" : false,
          "skating" : 8,
          "shooting" : 8,
          "checking" : 10,
          "saving" : 14,
          "age" : 26,
          "daysToAge" : 1,
          "strength" : 0.0,
          "injuredDays" : 0,
          "injured" : false,
          "retired" : false
        }, {
          "playerName" : "John Marley",
          "position" : "forward",
          "captain" : false,
          "skating" : 9,
          "shooting" : 10,
          "checking" : 17,
          "saving" : 18,
          "age" : 34,
          "daysToAge" : 1,
          "strength" : 0.0,
          "injuredDays" : 0,
          "injured" : false,
          "retired" : false
        }, {
          "playerName" : "Abraham Williamson",
          "position" : "forward",
          "captain" : false,
          "skating" : 13,
          "shooting" : 8,
          "checking" : 13,
          "saving" : 17,
          "age" : 31,
          "daysToAge" : 1,
          "strength" : 0.0,
          "injuredDays" : 0,
          "injured" : false,
          "retired" : false
        }, {
          "playerName" : "Mary Greenbaum",
          "position" : "forward",
          "captain" : false,
          "skating" : 10,
          "shooting" : 1,
          "checking" : 1,
          "saving" : 10,
          "age" : 35,
          "daysToAge" : 1,
          "strength" : 0.0,
          "injuredDays" : 0,
          "injured" : false,
          "retired" : false
        }, {
          "playerName" : "Pat Halen",
          "position" : "defense",
          "captain" : false,
          "skating" : 9,
          "shooting" : 14,
          "checking" : 20,
          "saving" : 3,
          "age" : 18,
          "daysToAge" : 1,
          "strength" : 0.0,
          "injuredDays" : 0,
          "injured" : false,
          "retired" : false
        }, {
          "playerName" : "Mohammed Hawkins",
          "position" : "defense",
          "captain" : false,
          "skating" : 4,
          "shooting" : 2,
          "checking" : 3,
          "saving" : 3,
          "age" : 30,
          "daysToAge" : 1,
          "strength" : 0.0,
          "injuredDays" : 0,
          "injured" : false,
          "retired" : false
        }, {
          "playerName" : "Zongming Samson",
          "position" : "defense",
          "captain" : true,
          "skating" : 8,
          "shooting" : 3,
          "checking" : 18,
          "saving" : 12,
          "age" : 22,
          "daysToAge" : 1,
          "strength" : 0.0,
          "injuredDays" : 0,
          "injured" : false,
          "retired" : false
        }, {
          "playerName" : "Wen Cherry",
          "position" : "defense",
          "captain" : false,
          "skating" : 16,
          "shooting" : 6,
          "checking" : 11,
          "saving" : 8,
          "age" : 21,
          "daysToAge" : 1,
          "strength" : 0.0,
          "injuredDays" : 0,
          "injured" : false,
          "retired" : false
        }, {
          "playerName" : "Pat Khatri",
          "position" : "defense",
          "captain" : false,
          "skating" : 5,
          "shooting" : 5,
          "checking" : 18,
          "saving" : 1,
          "age" : 34,
          "daysToAge" : 1,
          "strength" : 0.0,
          "injuredDays" : 0,
          "injured" : false,
          "retired" : false
        }, {
          "playerName" : "Zongming Hawkins",
          "position" : "defense",
          "captain" : false,
          "skating" : 2,
          "shooting" : 9,
          "checking" : 11,
          "saving" : 11,
          "age" : 18,
          "daysToAge" : 1,
          "strength" : 0.0,
          "injuredDays" : 0,
          "injured" : false,
          "retired" : false
        }, {
          "playerName" : "Zongming Bishop",
          "position" : "defense",
          "captain" : false,
          "skating" : 15,
          "shooting" : 10,
          "checking" : 17,
          "saving" : 10,
          "age" : 31,
          "daysToAge" : 1,
          "strength" : 0.0,
          "injuredDays" : 0,
          "injured" : false,
          "retired" : false
        }, {
          "playerName" : "John Chang",
          "position" : "defense",
          "captain" : false,
          "skating" : 8,
          "shooting" : 3,
          "checking" : 20,
          "saving" : 10,
          "age" : 30,
          "daysToAge" : 1,
          "strength" : 0.0,
          "injuredDays" : 0,
          "injured" : false,
          "retired" : false
        }, {
          "playerName" : "Abraham Halen",
          "position" : "forward",
          "captain" : false,
          "skating" : 7,
          "shooting" : 7,
          "checking" : 2,
          "saving" : 7,
          "age" : 24,
          "daysToAge" : 1,
          "strength" : 0.0,
          "injuredDays" : 0,
          "injured" : false,
          "retired" : false
        }, {
          "playerName" : "Walter Chang",
          "position" : "goalie",
          "captain" : false,
          "skating" : 16,
          "shooting" : 18,
          "checking" : 4,
          "saving" : 7,
          "age" : 31,
          "daysToAge" : 1,
          "strength" : 0.0,
          "injuredDays" : 0,
          "injured" : false,
          "retired" : false
        }, {
          "playerName" : "Walter Greenbaum",
          "position" : "forward",
          "captain" : false,
          "skating" : 19,
          "shooting" : 6,
          "checking" : 18,
          "saving" : 1,
          "age" : 30,
          "daysToAge" : 1,
          "strength" : 0.0,
          "injuredDays" : 0,
          "injured" : false,
          "retired" : false
        } ],
        "teamType" : "ai",
        "lossPoints" : 0,
        "teamStrength" : 0.0
      }, {
        "teamName" : "Calgary Mutineers",
        "generalManager" : "Mike Thomson",
        "headCoach" : {
          "name" : "Raghav Greenbaum",
          "skating" : 0.97,
          "shooting" : 0.12,
          "checking" : 0.52,
          "saving" : 0.75
        },
        "players" : [ {
          "playerName" : "Abraham Bishop",
          "position" : "forward",
          "captain" : false,
          "skating" : 11,
          "shooting" : 6,
          "checking" : 6,
          "saving" : 6,
          "age" : 22,
          "daysToAge" : 1,
          "strength" : 0.0,
          "injuredDays" : 0,
          "injured" : false,
          "retired" : false
        }, {
          "playerName" : "Pat Greenbaum",
          "position" : "forward",
          "captain" : false,
          "skating" : 12,
          "shooting" : 20,
          "checking" : 16,
          "saving" : 4,
          "age" : 31,
          "daysToAge" : 1,
          "strength" : 0.0,
          "injuredDays" : 0,
          "injured" : false,
          "retired" : false
        }, {
          "playerName" : "Nancy Morrison",
          "position" : "forward",
          "captain" : false,
          "skating" : 9,
          "shooting" : 3,
          "checking" : 6,
          "saving" : 1,
          "age" : 34,
          "daysToAge" : 1,
          "strength" : 0.0,
          "injuredDays" : 0,
          "injured" : false,
          "retired" : false
        }, {
          "playerName" : "Walter Cherry",
          "position" : "forward",
          "captain" : false,
          "skating" : 16,
          "shooting" : 6,
          "checking" : 8,
          "saving" : 3,
          "age" : 30,
          "daysToAge" : 1,
          "strength" : 0.0,
          "injuredDays" : 0,
          "injured" : false,
          "retired" : false
        }, {
          "playerName" : "Raghav Chang",
          "position" : "forward",
          "captain" : false,
          "skating" : 8,
          "shooting" : 18,
          "checking" : 5,
          "saving" : 16,
          "age" : 19,
          "daysToAge" : 1,
          "strength" : 0.0,
          "injuredDays" : 0,
          "injured" : false,
          "retired" : false
        }, {
          "playerName" : "Prashant Fei",
          "position" : "forward",
          "captain" : false,
          "skating" : 20,
          "shooting" : 9,
          "checking" : 6,
          "saving" : 15,
          "age" : 27,
          "daysToAge" : 1,
          "strength" : 0.0,
          "injuredDays" : 0,
          "injured" : false,
          "retired" : false
        }, {
          "playerName" : "Wen Hawkins",
          "position" : "forward",
          "captain" : false,
          "skating" : 18,
          "shooting" : 16,
          "checking" : 11,
          "saving" : 1,
          "age" : 27,
          "daysToAge" : 1,
          "strength" : 0.0,
          "injuredDays" : 0,
          "injured" : false,
          "retired" : false
        }, {
          "playerName" : "Nancy Hawkey",
          "position" : "forward",
          "captain" : false,
          "skating" : 11,
          "shooting" : 8,
          "checking" : 9,
          "saving" : 7,
          "age" : 27,
          "daysToAge" : 1,
          "strength" : 0.0,
          "injuredDays" : 0,
          "injured" : false,
          "retired" : false
        }, {
          "playerName" : "Abraham Williamson",
          "position" : "forward",
          "captain" : true,
          "skating" : 2,
          "shooting" : 14,
          "checking" : 13,
          "saving" : 19,
          "age" : 26,
          "daysToAge" : 1,
          "strength" : 0.0,
          "injuredDays" : 0,
          "injured" : false,
          "retired" : false
        }, {
          "playerName" : "Sammy Patel",
          "position" : "defense",
          "captain" : false,
          "skating" : 12,
          "shooting" : 2,
          "checking" : 1,
          "saving" : 16,
          "age" : 35,
          "daysToAge" : 1,
          "strength" : 0.0,
          "injuredDays" : 0,
          "injured" : false,
          "retired" : false
        }, {
          "playerName" : "Nancy Williamson",
          "position" : "defense",
          "captain" : false,
          "skating" : 14,
          "shooting" : 17,
          "checking" : 15,
          "saving" : 3,
          "age" : 22,
          "daysToAge" : 1,
          "strength" : 0.0,
          "injuredDays" : 0,
          "injured" : false,
          "retired" : false
        }, {
          "playerName" : "Hardik Bishop",
          "position" : "defense",
          "captain" : false,
          "skating" : 4,
          "shooting" : 17,
          "checking" : 11,
          "saving" : 11,
          "age" : 33,
          "daysToAge" : 1,
          "strength" : 0.0,
          "injuredDays" : 0,
          "injured" : false,
          "retired" : false
        }, {
          "playerName" : "Bonnie Thomson",
          "position" : "defense",
          "captain" : false,
          "skating" : 17,
          "shooting" : 13,
          "checking" : 10,
          "saving" : 17,
          "age" : 29,
          "daysToAge" : 1,
          "strength" : 0.0,
          "injuredDays" : 0,
          "injured" : false,
          "retired" : false
        }, {
          "playerName" : "Prashant Morrison",
          "position" : "defense",
          "captain" : false,
          "skating" : 9,
          "shooting" : 19,
          "checking" : 10,
          "saving" : 14,
          "age" : 21,
          "daysToAge" : 1,
          "strength" : 0.0,
          "injuredDays" : 0,
          "injured" : false,
          "retired" : false
        }, {
          "playerName" : "Don Thomson",
          "position" : "defense",
          "captain" : false,
          "skating" : 15,
          "shooting" : 9,
          "checking" : 7,
          "saving" : 4,
          "age" : 20,
          "daysToAge" : 1,
          "strength" : 0.0,
          "injuredDays" : 0,
          "injured" : false,
          "retired" : false
        }, {
          "playerName" : "Abraham Hawkey",
          "position" : "defense",
          "captain" : false,
          "skating" : 12,
          "shooting" : 16,
          "checking" : 17,
          "saving" : 6,
          "age" : 35,
          "daysToAge" : 1,
          "strength" : 0.0,
          "injuredDays" : 0,
          "injured" : false,
          "retired" : false
        }, {
          "playerName" : "Tina Williamson",
          "position" : "defense",
          "captain" : false,
          "skating" : 18,
          "shooting" : 19,
          "checking" : 15,
          "saving" : 12,
          "age" : 32,
          "daysToAge" : 1,
          "strength" : 0.0,
          "injuredDays" : 0,
          "injured" : false,
          "retired" : false
        }, {
          "playerName" : "Fred Hawkins",
          "position" : "forward",
          "captain" : false,
          "skating" : 12,
          "shooting" : 18,
          "checking" : 14,
          "saving" : 2,
          "age" : 19,
          "daysToAge" : 1,
          "strength" : 0.0,
          "injuredDays" : 0,
          "injured" : false,
          "retired" : false
        }, {
          "playerName" : "Bonnie Bishop",
          "position" : "goalie",
          "captain" : false,
          "skating" : 15,
          "shooting" : 10,
          "checking" : 11,
          "saving" : 5,
          "age" : 25,
          "daysToAge" : 1,
          "strength" : 0.0,
          "injuredDays" : 0,
          "injured" : false,
          "retired" : false
        }, {
          "playerName" : "Nancy Samson",
          "position" : "forward",
          "captain" : false,
          "skating" : 7,
          "shooting" : 11,
          "checking" : 18,
          "saving" : 19,
          "age" : 21,
          "daysToAge" : 1,
          "strength" : 0.0,
          "injuredDays" : 0,
          "injured" : false,
          "retired" : false
        } ],
        "teamType" : "ai",
        "lossPoints" : 0,
        "teamStrength" : 0.0
      }, {
        "teamName" : "Wuhan Sleepy Goats",
        "generalManager" : "Nancy Morrison",
        "headCoach" : {
          "name" : "Nancy Bishop",
          "skating" : 0.21,
          "shooting" : 0.46,
          "checking" : 0.36,
          "saving" : 0.99
        },
        "players" : [ {
          "playerName" : "Zongming Thomson",
          "position" : "forward",
          "captain" : false,
          "skating" : 12,
          "shooting" : 5,
          "checking" : 5,
          "saving" : 11,
          "age" : 27,
          "daysToAge" : 1,
          "strength" : 0.0,
          "injuredDays" : 0,
          "injured" : false,
          "retired" : false
        }, {
          "playerName" : "Chris Chang",
          "position" : "forward",
          "captain" : false,
          "skating" : 16,
          "shooting" : 8,
          "checking" : 14,
          "saving" : 6,
          "age" : 23,
          "daysToAge" : 1,
          "strength" : 0.0,
          "injuredDays" : 0,
          "injured" : false,
          "retired" : false
        }, {
          "playerName" : "Fred Thomson",
          "position" : "forward",
          "captain" : false,
          "skating" : 17,
          "shooting" : 10,
          "checking" : 16,
          "saving" : 4,
          "age" : 29,
          "daysToAge" : 1,
          "strength" : 0.0,
          "injuredDays" : 0,
          "injured" : false,
          "retired" : false
        }, {
          "playerName" : "Tami Chang",
          "position" : "forward",
          "captain" : false,
          "skating" : 4,
          "shooting" : 20,
          "checking" : 8,
          "saving" : 13,
          "age" : 23,
          "daysToAge" : 1,
          "strength" : 0.0,
          "injuredDays" : 0,
          "injured" : false,
          "retired" : false
        }, {
          "playerName" : "Rashita Williamson",
          "position" : "forward",
          "captain" : false,
          "skating" : 15,
          "shooting" : 2,
          "checking" : 16,
          "saving" : 20,
          "age" : 32,
          "daysToAge" : 1,
          "strength" : 0.0,
          "injuredDays" : 0,
          "injured" : false,
          "retired" : false
        }, {
          "playerName" : "Pat Fei",
          "position" : "forward",
          "captain" : false,
          "skating" : 3,
          "shooting" : 16,
          "checking" : 19,
          "saving" : 3,
          "age" : 20,
          "daysToAge" : 1,
          "strength" : 0.0,
          "injuredDays" : 0,
          "injured" : false,
          "retired" : false
        }, {
          "playerName" : "Walter Morrison",
          "position" : "forward",
          "captain" : false,
          "skating" : 18,
          "shooting" : 20,
          "checking" : 5,
          "saving" : 7,
          "age" : 30,
          "daysToAge" : 1,
          "strength" : 0.0,
          "injuredDays" : 0,
          "injured" : false,
          "retired" : false
        }, {
          "playerName" : "Bonnie Williamson",
          "position" : "forward",
          "captain" : false,
          "skating" : 14,
          "shooting" : 19,
          "checking" : 10,
          "saving" : 19,
          "age" : 26,
          "daysToAge" : 1,
          "strength" : 0.0,
          "injuredDays" : 0,
          "injured" : false,
          "retired" : false
        }, {
          "playerName" : "John Bishop",
          "position" : "forward",
          "captain" : false,
          "skating" : 8,
          "shooting" : 14,
          "checking" : 12,
          "saving" : 8,
          "age" : 30,
          "daysToAge" : 1,
          "strength" : 0.0,
          "injuredDays" : 0,
          "injured" : false,
          "retired" : false
        }, {
          "playerName" : "Mohammed Fei",
          "position" : "defense",
          "captain" : false,
          "skating" : 7,
          "shooting" : 12,
          "checking" : 7,
          "saving" : 3,
          "age" : 35,
          "daysToAge" : 1,
          "strength" : 0.0,
          "injuredDays" : 0,
          "injured" : false,
          "retired" : false
        }, {
          "playerName" : "Don Hawkins",
          "position" : "defense",
          "captain" : false,
          "skating" : 2,
          "shooting" : 3,
          "checking" : 17,
          "saving" : 5,
          "age" : 18,
          "daysToAge" : 1,
          "strength" : 0.0,
          "injuredDays" : 0,
          "injured" : false,
          "retired" : false
        }, {
          "playerName" : "Rashita Marley",
          "position" : "defense",
          "captain" : false,
          "skating" : 17,
          "shooting" : 20,
          "checking" : 2,
          "saving" : 20,
          "age" : 30,
          "daysToAge" : 1,
          "strength" : 0.0,
          "injuredDays" : 0,
          "injured" : false,
          "retired" : false
        }, {
          "playerName" : "Fred Smith",
          "position" : "defense",
          "captain" : false,
          "skating" : 9,
          "shooting" : 5,
          "checking" : 17,
          "saving" : 18,
          "age" : 18,
          "daysToAge" : 1,
          "strength" : 0.0,
          "injuredDays" : 0,
          "injured" : false,
          "retired" : false
        }, {
          "playerName" : "Bonnie Wu",
          "position" : "defense",
          "captain" : false,
          "skating" : 9,
          "shooting" : 14,
          "checking" : 5,
          "saving" : 5,
          "age" : 21,
          "daysToAge" : 1,
          "strength" : 0.0,
          "injuredDays" : 0,
          "injured" : false,
          "retired" : false
        }, {
          "playerName" : "Zongming Khatri",
          "position" : "defense",
          "captain" : false,
          "skating" : 8,
          "shooting" : 3,
          "checking" : 8,
          "saving" : 3,
          "age" : 25,
          "daysToAge" : 1,
          "strength" : 0.0,
          "injuredDays" : 0,
          "injured" : false,
          "retired" : false
        }, {
          "playerName" : "John Patel",
          "position" : "defense",
          "captain" : false,
          "skating" : 10,
          "shooting" : 20,
          "checking" : 14,
          "saving" : 4,
          "age" : 30,
          "daysToAge" : 1,
          "strength" : 0.0,
          "injuredDays" : 0,
          "injured" : false,
          "retired" : false
        }, {
          "playerName" : "Raghav Williamson",
          "position" : "defense",
          "captain" : false,
          "skating" : 3,
          "shooting" : 10,
          "checking" : 3,
          "saving" : 7,
          "age" : 25,
          "daysToAge" : 1,
          "strength" : 0.0,
          "injuredDays" : 0,
          "injured" : false,
          "retired" : false
        }, {
          "playerName" : "Tina Samson",
          "position" : "forward",
          "captain" : false,
          "skating" : 7,
          "shooting" : 8,
          "checking" : 20,
          "saving" : 9,
          "age" : 30,
          "daysToAge" : 1,
          "strength" : 0.0,
          "injuredDays" : 0,
          "injured" : false,
          "retired" : false
        }, {
          "playerName" : "Roger Nelson",
          "position" : "goalie",
          "captain" : true,
          "skating" : 13,
          "shooting" : 5,
          "checking" : 3,
          "saving" : 9,
          "age" : 26,
          "daysToAge" : 1,
          "strength" : 0.0,
          "injuredDays" : 0,
          "injured" : false,
          "retired" : false
        }, {
          "playerName" : "Rashita Hawkins",
          "position" : "forward",
          "captain" : false,
          "skating" : 20,
          "shooting" : 8,
          "checking" : 15,
          "saving" : 14,
          "age" : 33,
          "daysToAge" : 1,
          "strength" : 0.0,
          "injuredDays" : 0,
          "injured" : false,
          "retired" : false
        } ],
        "teamType" : "ai",
        "lossPoints" : 0,
        "teamStrength" : 0.0
      }, {
        "teamName" : "Halifax Whales",
        "generalManager" : "Mary Liu",
        "headCoach" : {
          "name" : "Nancy Halen",
          "skating" : 0.74,
          "shooting" : 0.39,
          "checking" : 0.23,
          "saving" : 0.38
        },
        "players" : [ {
          "playerName" : "Chris Singh",
          "position" : "forward",
          "captain" : false,
          "skating" : 17,
          "shooting" : 13,
          "checking" : 7,
          "saving" : 13,
          "age" : 29,
          "daysToAge" : 1,
          "strength" : 0.0,
          "injuredDays" : 0,
          "injured" : false,
          "retired" : false
        }, {
          "playerName" : "Tami Burbchuk",
          "position" : "forward",
          "captain" : false,
          "skating" : 2,
          "shooting" : 7,
          "checking" : 1,
          "saving" : 20,
          "age" : 26,
          "daysToAge" : 1,
          "strength" : 0.0,
          "injuredDays" : 0,
          "injured" : false,
          "retired" : false
        }, {
          "playerName" : "Walter Fei",
          "position" : "forward",
          "captain" : false,
          "skating" : 1,
          "shooting" : 11,
          "checking" : 20,
          "saving" : 7,
          "age" : 28,
          "daysToAge" : 1,
          "strength" : 0.0,
          "injuredDays" : 0,
          "injured" : false,
          "retired" : false
        }, {
          "playerName" : "Sammy Chang",
          "position" : "forward",
          "captain" : false,
          "skating" : 17,
          "shooting" : 1,
          "checking" : 15,
          "saving" : 13,
          "age" : 35,
          "daysToAge" : 1,
          "strength" : 0.0,
          "injuredDays" : 0,
          "injured" : false,
          "retired" : false
        }, {
          "playerName" : "Nancy Greenbaum",
          "position" : "forward",
          "captain" : false,
          "skating" : 13,
          "shooting" : 4,
          "checking" : 13,
          "saving" : 13,
          "age" : 33,
          "daysToAge" : 1,
          "strength" : 0.0,
          "injuredDays" : 0,
          "injured" : false,
          "retired" : false
        }, {
          "playerName" : "Nancy Williamson",
          "position" : "forward",
          "captain" : false,
          "skating" : 18,
          "shooting" : 19,
          "checking" : 3,
          "saving" : 6,
          "age" : 26,
          "daysToAge" : 1,
          "strength" : 0.0,
          "injuredDays" : 0,
          "injured" : false,
          "retired" : false
        }, {
          "playerName" : "Nancy Hawkey",
          "position" : "forward",
          "captain" : false,
          "skating" : 18,
          "shooting" : 6,
          "checking" : 12,
          "saving" : 16,
          "age" : 30,
          "daysToAge" : 1,
          "strength" : 0.0,
          "injuredDays" : 0,
          "injured" : false,
          "retired" : false
        }, {
          "playerName" : "Wen Chang",
          "position" : "forward",
          "captain" : false,
          "skating" : 16,
          "shooting" : 7,
          "checking" : 18,
          "saving" : 8,
          "age" : 24,
          "daysToAge" : 1,
          "strength" : 0.0,
          "injuredDays" : 0,
          "injured" : false,
          "retired" : false
        }, {
          "playerName" : "Mary Morrison",
          "position" : "forward",
          "captain" : false,
          "skating" : 11,
          "shooting" : 11,
          "checking" : 10,
          "saving" : 15,
          "age" : 26,
          "daysToAge" : 1,
          "strength" : 0.0,
          "injuredDays" : 0,
          "injured" : false,
          "retired" : false
        }, {
          "playerName" : "Bonnie Liu",
          "position" : "defense",
          "captain" : false,
          "skating" : 3,
          "shooting" : 13,
          "checking" : 9,
          "saving" : 8,
          "age" : 33,
          "daysToAge" : 1,
          "strength" : 0.0,
          "injuredDays" : 0,
          "injured" : false,
          "retired" : false
        }, {
          "playerName" : "Hardik Samson",
          "position" : "defense",
          "captain" : false,
          "skating" : 19,
          "shooting" : 14,
          "checking" : 7,
          "saving" : 18,
          "age" : 20,
          "daysToAge" : 1,
          "strength" : 0.0,
          "injuredDays" : 0,
          "injured" : false,
          "retired" : false
        }, {
          "playerName" : "Don Patel",
          "position" : "defense",
          "captain" : false,
          "skating" : 4,
          "shooting" : 10,
          "checking" : 6,
          "saving" : 7,
          "age" : 30,
          "daysToAge" : 1,
          "strength" : 0.0,
          "injuredDays" : 0,
          "injured" : false,
          "retired" : false
        }, {
          "playerName" : "Pat Burbchuk",
          "position" : "defense",
          "captain" : false,
          "skating" : 17,
          "shooting" : 15,
          "checking" : 12,
          "saving" : 12,
          "age" : 18,
          "daysToAge" : 1,
          "strength" : 0.0,
          "injuredDays" : 0,
          "injured" : false,
          "retired" : false
        }, {
          "playerName" : "Chris Burbchuk",
          "position" : "defense",
          "captain" : false,
          "skating" : 16,
          "shooting" : 3,
          "checking" : 9,
          "saving" : 17,
          "age" : 30,
          "daysToAge" : 1,
          "strength" : 0.0,
          "injuredDays" : 0,
          "injured" : false,
          "retired" : false
        }, {
          "playerName" : "Nancy Thomson",
          "position" : "defense",
          "captain" : false,
          "skating" : 12,
          "shooting" : 4,
          "checking" : 9,
          "saving" : 2,
          "age" : 29,
          "daysToAge" : 1,
          "strength" : 0.0,
          "injuredDays" : 0,
          "injured" : false,
          "retired" : false
        }, {
          "playerName" : "Abraham Marley",
          "position" : "defense",
          "captain" : false,
          "skating" : 9,
          "shooting" : 16,
          "checking" : 9,
          "saving" : 7,
          "age" : 33,
          "daysToAge" : 1,
          "strength" : 0.0,
          "injuredDays" : 0,
          "injured" : false,
          "retired" : false
        }, {
          "playerName" : "Walter Singh",
          "position" : "defense",
          "captain" : false,
          "skating" : 5,
          "shooting" : 11,
          "checking" : 13,
          "saving" : 2,
          "age" : 34,
          "daysToAge" : 1,
          "strength" : 0.0,
          "injuredDays" : 0,
          "injured" : false,
          "retired" : false
        }, {
          "playerName" : "Hardik Hawkey",
          "position" : "forward",
          "captain" : false,
          "skating" : 1,
          "shooting" : 2,
          "checking" : 5,
          "saving" : 14,
          "age" : 19,
          "daysToAge" : 1,
          "strength" : 0.0,
          "injuredDays" : 0,
          "injured" : false,
          "retired" : false
        }, {
          "playerName" : "Mohammed Morrison",
          "position" : "goalie",
          "captain" : false,
          "skating" : 5,
          "shooting" : 8,
          "checking" : 17,
          "saving" : 20,
          "age" : 33,
          "daysToAge" : 1,
          "strength" : 0.0,
          "injuredDays" : 0,
          "injured" : false,
          "retired" : false
        }, {
          "playerName" : "Pat Fei",
          "position" : "forward",
          "captain" : true,
          "skating" : 20,
          "shooting" : 17,
          "checking" : 7,
          "saving" : 12,
          "age" : 21,
          "daysToAge" : 1,
          "strength" : 0.0,
          "injuredDays" : 0,
          "injured" : false,
          "retired" : false
        } ],
        "teamType" : "ai",
        "lossPoints" : 0,
        "teamStrength" : 0.0
      }, {
        "teamName" : "Seattle Astros",
        "generalManager" : "Rashita Thomson",
        "headCoach" : {
          "name" : "Mary Morrison",
          "skating" : 0.8,
          "shooting" : 0.59,
          "checking" : 0.89,
          "saving" : 0.56
        },
        "players" : [ {
          "playerName" : "Rashita Halen",
          "position" : "forward",
          "captain" : false,
          "skating" : 3,
          "shooting" : 3,
          "checking" : 2,
          "saving" : 16,
          "age" : 28,
          "daysToAge" : 1,
          "strength" : 0.0,
          "injuredDays" : 0,
          "injured" : false,
          "retired" : false
        }, {
          "playerName" : "Prashant Burbchuk",
          "position" : "forward",
          "captain" : false,
          "skating" : 6,
          "shooting" : 16,
          "checking" : 3,
          "saving" : 20,
          "age" : 21,
          "daysToAge" : 1,
          "strength" : 0.0,
          "injuredDays" : 0,
          "injured" : false,
          "retired" : false
        }, {
          "playerName" : "Bonnie Samson",
          "position" : "forward",
          "captain" : false,
          "skating" : 1,
          "shooting" : 6,
          "checking" : 15,
          "saving" : 12,
          "age" : 32,
          "daysToAge" : 1,
          "strength" : 0.0,
          "injuredDays" : 0,
          "injured" : false,
          "retired" : false
        }, {
          "playerName" : "Mike Morrison",
          "position" : "forward",
          "captain" : false,
          "skating" : 16,
          "shooting" : 2,
          "checking" : 9,
          "saving" : 18,
          "age" : 26,
          "daysToAge" : 1,
          "strength" : 0.0,
          "injuredDays" : 0,
          "injured" : false,
          "retired" : false
        }, {
          "playerName" : "Mohammed Marley",
          "position" : "forward",
          "captain" : false,
          "skating" : 9,
          "shooting" : 15,
          "checking" : 13,
          "saving" : 19,
          "age" : 23,
          "daysToAge" : 1,
          "strength" : 0.0,
          "injuredDays" : 0,
          "injured" : false,
          "retired" : false
        }, {
          "playerName" : "Pat Hawkins",
          "position" : "forward",
          "captain" : false,
          "skating" : 12,
          "shooting" : 12,
          "checking" : 1,
          "saving" : 8,
          "age" : 34,
          "daysToAge" : 1,
          "strength" : 0.0,
          "injuredDays" : 0,
          "injured" : false,
          "retired" : false
        }, {
          "playerName" : "Abraham Morrison",
          "position" : "forward",
          "captain" : false,
          "skating" : 1,
          "shooting" : 12,
          "checking" : 4,
          "saving" : 2,
          "age" : 35,
          "daysToAge" : 1,
          "strength" : 0.0,
          "injuredDays" : 0,
          "injured" : false,
          "retired" : false
        }, {
          "playerName" : "Don Fei",
          "position" : "forward",
          "captain" : false,
          "skating" : 7,
          "shooting" : 19,
          "checking" : 1,
          "saving" : 20,
          "age" : 29,
          "daysToAge" : 1,
          "strength" : 0.0,
          "injuredDays" : 0,
          "injured" : false,
          "retired" : false
        }, {
          "playerName" : "Fred Thomson",
          "position" : "forward",
          "captain" : false,
          "skating" : 5,
          "shooting" : 18,
          "checking" : 19,
          "saving" : 11,
          "age" : 31,
          "daysToAge" : 1,
          "strength" : 0.0,
          "injuredDays" : 0,
          "injured" : false,
          "retired" : false
        }, {
          "playerName" : "Rob Greenbaum",
          "position" : "defense",
          "captain" : false,
          "skating" : 13,
          "shooting" : 16,
          "checking" : 6,
          "saving" : 20,
          "age" : 27,
          "daysToAge" : 1,
          "strength" : 0.0,
          "injuredDays" : 0,
          "injured" : false,
          "retired" : false
        }, {
          "playerName" : "Pat Khatri",
          "position" : "defense",
          "captain" : false,
          "skating" : 7,
          "shooting" : 11,
          "checking" : 19,
          "saving" : 7,
          "age" : 20,
          "daysToAge" : 1,
          "strength" : 0.0,
          "injuredDays" : 0,
          "injured" : false,
          "retired" : false
        }, {
          "playerName" : "Tina Fei",
          "position" : "defense",
          "captain" : false,
          "skating" : 20,
          "shooting" : 5,
          "checking" : 13,
          "saving" : 16,
          "age" : 32,
          "daysToAge" : 1,
          "strength" : 0.0,
          "injuredDays" : 0,
          "injured" : false,
          "retired" : false
        }, {
          "playerName" : "Tami Morrison",
          "position" : "defense",
          "captain" : false,
          "skating" : 14,
          "shooting" : 10,
          "checking" : 16,
          "saving" : 18,
          "age" : 32,
          "daysToAge" : 1,
          "strength" : 0.0,
          "injuredDays" : 0,
          "injured" : false,
          "retired" : false
        }, {
          "playerName" : "Rashita Wu",
          "position" : "defense",
          "captain" : false,
          "skating" : 14,
          "shooting" : 14,
          "checking" : 10,
          "saving" : 10,
          "age" : 31,
          "daysToAge" : 1,
          "strength" : 0.0,
          "injuredDays" : 0,
          "injured" : false,
          "retired" : false
        }, {
          "playerName" : "Roger Patel",
          "position" : "defense",
          "captain" : true,
          "skating" : 15,
          "shooting" : 18,
          "checking" : 20,
          "saving" : 17,
          "age" : 26,
          "daysToAge" : 1,
          "strength" : 0.0,
          "injuredDays" : 0,
          "injured" : false,
          "retired" : false
        }, {
          "playerName" : "Roger Morrison",
          "position" : "defense",
          "captain" : false,
          "skating" : 17,
          "shooting" : 9,
          "checking" : 6,
          "saving" : 10,
          "age" : 26,
          "daysToAge" : 1,
          "strength" : 0.0,
          "injuredDays" : 0,
          "injured" : false,
          "retired" : false
        }, {
          "playerName" : "Fred Bishop",
          "position" : "defense",
          "captain" : false,
          "skating" : 16,
          "shooting" : 19,
          "checking" : 11,
          "saving" : 5,
          "age" : 29,
          "daysToAge" : 1,
          "strength" : 0.0,
          "injuredDays" : 0,
          "injured" : false,
          "retired" : false
        }, {
          "playerName" : "Nancy Patel",
          "position" : "forward",
          "captain" : false,
          "skating" : 6,
          "shooting" : 15,
          "checking" : 16,
          "saving" : 7,
          "age" : 23,
          "daysToAge" : 1,
          "strength" : 0.0,
          "injuredDays" : 0,
          "injured" : false,
          "retired" : false
        }, {
          "playerName" : "Roger Chang",
          "position" : "goalie",
          "captain" : false,
          "skating" : 7,
          "shooting" : 16,
          "checking" : 15,
          "saving" : 1,
          "age" : 31,
          "daysToAge" : 1,
          "strength" : 0.0,
          "injuredDays" : 0,
          "injured" : false,
          "retired" : false
        }, {
          "playerName" : "Mohammed Liu",
          "position" : "forward",
          "captain" : false,
          "skating" : 6,
          "shooting" : 3,
          "checking" : 11,
          "saving" : 8,
          "age" : 20,
          "daysToAge" : 1,
          "strength" : 0.0,
          "injuredDays" : 0,
          "injured" : false,
          "retired" : false
        } ],
        "teamType" : "ai",
        "lossPoints" : 0,
        "teamStrength" : 0.0
      }, {
        "teamName" : "Detroit Lazy Dogs",
        "generalManager" : "Chris Williamson",
        "headCoach" : {
          "name" : "Mary Williamson",
          "skating" : 0.92,
          "shooting" : 0.91,
          "checking" : 0.22,
          "saving" : 0.74
        },
        "players" : [ {
          "playerName" : "Hardik Khatri",
          "position" : "forward",
          "captain" : false,
          "skating" : 9,
          "shooting" : 4,
          "checking" : 18,
          "saving" : 12,
          "age" : 21,
          "daysToAge" : 1,
          "strength" : 0.0,
          "injuredDays" : 0,
          "injured" : false,
          "retired" : false
        }, {
          "playerName" : "Bonnie Williamson",
          "position" : "forward",
          "captain" : false,
          "skating" : 18,
          "shooting" : 10,
          "checking" : 4,
          "saving" : 8,
          "age" : 21,
          "daysToAge" : 1,
          "strength" : 0.0,
          "injuredDays" : 0,
          "injured" : false,
          "retired" : false
        }, {
          "playerName" : "Mike Morrison",
          "position" : "forward",
          "captain" : false,
          "skating" : 7,
          "shooting" : 4,
          "checking" : 14,
          "saving" : 9,
          "age" : 25,
          "daysToAge" : 1,
          "strength" : 0.0,
          "injuredDays" : 0,
          "injured" : false,
          "retired" : false
        }, {
          "playerName" : "Mary Hawkey",
          "position" : "forward",
          "captain" : false,
          "skating" : 1,
          "shooting" : 5,
          "checking" : 5,
          "saving" : 17,
          "age" : 20,
          "daysToAge" : 1,
          "strength" : 0.0,
          "injuredDays" : 0,
          "injured" : false,
          "retired" : false
        }, {
          "playerName" : "Pat Cherry",
          "position" : "forward",
          "captain" : false,
          "skating" : 20,
          "shooting" : 4,
          "checking" : 1,
          "saving" : 12,
          "age" : 24,
          "daysToAge" : 1,
          "strength" : 0.0,
          "injuredDays" : 0,
          "injured" : false,
          "retired" : false
        }, {
          "playerName" : "Mary Williamson",
          "position" : "forward",
          "captain" : false,
          "skating" : 6,
          "shooting" : 15,
          "checking" : 18,
          "saving" : 12,
          "age" : 26,
          "daysToAge" : 1,
          "strength" : 0.0,
          "injuredDays" : 0,
          "injured" : false,
          "retired" : false
        }, {
          "playerName" : "Zongming Smith",
          "position" : "forward",
          "captain" : false,
          "skating" : 20,
          "shooting" : 14,
          "checking" : 3,
          "saving" : 13,
          "age" : 34,
          "daysToAge" : 1,
          "strength" : 0.0,
          "injuredDays" : 0,
          "injured" : false,
          "retired" : false
        }, {
          "playerName" : "Nancy Greenbaum",
          "position" : "forward",
          "captain" : false,
          "skating" : 5,
          "shooting" : 9,
          "checking" : 4,
          "saving" : 13,
          "age" : 26,
          "daysToAge" : 1,
          "strength" : 0.0,
          "injuredDays" : 0,
          "injured" : false,
          "retired" : false
        }, {
          "playerName" : "Don Bishop",
          "position" : "forward",
          "captain" : false,
          "skating" : 4,
          "shooting" : 7,
          "checking" : 10,
          "saving" : 4,
          "age" : 32,
          "daysToAge" : 1,
          "strength" : 0.0,
          "injuredDays" : 0,
          "injured" : false,
          "retired" : false
        }, {
          "playerName" : "Nancy Thomson",
          "position" : "defense",
          "captain" : false,
          "skating" : 17,
          "shooting" : 4,
          "checking" : 6,
          "saving" : 10,
          "age" : 27,
          "daysToAge" : 1,
          "strength" : 0.0,
          "injuredDays" : 0,
          "injured" : false,
          "retired" : false
        }, {
          "playerName" : "Wen Morrison",
          "position" : "defense",
          "captain" : false,
          "skating" : 14,
          "shooting" : 8,
          "checking" : 13,
          "saving" : 17,
          "age" : 20,
          "daysToAge" : 1,
          "strength" : 0.0,
          "injuredDays" : 0,
          "injured" : false,
          "retired" : false
        }, {
          "playerName" : "Don Chang",
          "position" : "defense",
          "captain" : false,
          "skating" : 19,
          "shooting" : 6,
          "checking" : 19,
          "saving" : 8,
          "age" : 18,
          "daysToAge" : 1,
          "strength" : 0.0,
          "injuredDays" : 0,
          "injured" : false,
          "retired" : false
        }, {
          "playerName" : "Abraham Wu",
          "position" : "defense",
          "captain" : false,
          "skating" : 18,
          "shooting" : 9,
          "checking" : 7,
          "saving" : 16,
          "age" : 19,
          "daysToAge" : 1,
          "strength" : 0.0,
          "injuredDays" : 0,
          "injured" : false,
          "retired" : false
        }, {
          "playerName" : "Abraham Singh",
          "position" : "defense",
          "captain" : false,
          "skating" : 6,
          "shooting" : 5,
          "checking" : 8,
          "saving" : 13,
          "age" : 25,
          "daysToAge" : 1,
          "strength" : 0.0,
          "injuredDays" : 0,
          "injured" : false,
          "retired" : false
        }, {
          "playerName" : "Tina Wu",
          "position" : "defense",
          "captain" : true,
          "skating" : 5,
          "shooting" : 9,
          "checking" : 12,
          "saving" : 3,
          "age" : 30,
          "daysToAge" : 1,
          "strength" : 0.0,
          "injuredDays" : 0,
          "injured" : false,
          "retired" : false
        }, {
          "playerName" : "Prashant Singh",
          "position" : "defense",
          "captain" : false,
          "skating" : 1,
          "shooting" : 13,
          "checking" : 5,
          "saving" : 16,
          "age" : 31,
          "daysToAge" : 1,
          "strength" : 0.0,
          "injuredDays" : 0,
          "injured" : false,
          "retired" : false
        }, {
          "playerName" : "Fred Bishop",
          "position" : "defense",
          "captain" : false,
          "skating" : 10,
          "shooting" : 7,
          "checking" : 9,
          "saving" : 17,
          "age" : 24,
          "daysToAge" : 1,
          "strength" : 0.0,
          "injuredDays" : 0,
          "injured" : false,
          "retired" : false
        }, {
          "playerName" : "Chris Samson",
          "position" : "forward",
          "captain" : false,
          "skating" : 18,
          "shooting" : 11,
          "checking" : 8,
          "saving" : 3,
          "age" : 28,
          "daysToAge" : 1,
          "strength" : 0.0,
          "injuredDays" : 0,
          "injured" : false,
          "retired" : false
        }, {
          "playerName" : "Fred Liu",
          "position" : "goalie",
          "captain" : false,
          "skating" : 13,
          "shooting" : 9,
          "checking" : 12,
          "saving" : 18,
          "age" : 34,
          "daysToAge" : 1,
          "strength" : 0.0,
          "injuredDays" : 0,
          "injured" : false,
          "retired" : false
        }, {
          "playerName" : "Hardik Chang",
          "position" : "forward",
          "captain" : false,
          "skating" : 13,
          "shooting" : 16,
          "checking" : 19,
          "saving" : 13,
          "age" : 18,
          "daysToAge" : 1,
          "strength" : 0.0,
          "injuredDays" : 0,
          "injured" : false,
          "retired" : false
        } ],
        "teamType" : "ai",
        "lossPoints" : 0,
        "teamStrength" : 0.0
      }, {
        "teamName" : "Saint John Wild Horses",
        "generalManager" : "Prashant Samson",
        "headCoach" : {
          "name" : "Raghav Marley",
          "skating" : 0.42,
          "shooting" : 0.28,
          "checking" : 0.73,
          "saving" : 0.01
        },
        "players" : [ {
          "playerName" : "Fred Smith",
          "position" : "forward",
          "captain" : false,
          "skating" : 3,
          "shooting" : 14,
          "checking" : 7,
          "saving" : 9,
          "age" : 33,
          "daysToAge" : 1,
          "strength" : 0.0,
          "injuredDays" : 0,
          "injured" : false,
          "retired" : false
        }, {
          "playerName" : "Wen Thomson",
          "position" : "forward",
          "captain" : false,
          "skating" : 18,
          "shooting" : 2,
          "checking" : 5,
          "saving" : 18,
          "age" : 30,
          "daysToAge" : 1,
          "strength" : 0.0,
          "injuredDays" : 0,
          "injured" : false,
          "retired" : false
        }, {
          "playerName" : "Fred Fei",
          "position" : "forward",
          "captain" : false,
          "skating" : 17,
          "shooting" : 19,
          "checking" : 12,
          "saving" : 19,
          "age" : 27,
          "daysToAge" : 1,
          "strength" : 0.0,
          "injuredDays" : 0,
          "injured" : false,
          "retired" : false
        }, {
          "playerName" : "Roger Burbchuk",
          "position" : "forward",
          "captain" : false,
          "skating" : 20,
          "shooting" : 15,
          "checking" : 8,
          "saving" : 5,
          "age" : 32,
          "daysToAge" : 1,
          "strength" : 0.0,
          "injuredDays" : 0,
          "injured" : false,
          "retired" : false
        }, {
          "playerName" : "Tami Burbchuk",
          "position" : "forward",
          "captain" : false,
          "skating" : 14,
          "shooting" : 3,
          "checking" : 4,
          "saving" : 17,
          "age" : 28,
          "daysToAge" : 1,
          "strength" : 0.0,
          "injuredDays" : 0,
          "injured" : false,
          "retired" : false
        }, {
          "playerName" : "Hardik Hawkins",
          "position" : "forward",
          "captain" : false,
          "skating" : 7,
          "shooting" : 8,
          "checking" : 13,
          "saving" : 6,
          "age" : 25,
          "daysToAge" : 1,
          "strength" : 0.0,
          "injuredDays" : 0,
          "injured" : false,
          "retired" : false
        }, {
          "playerName" : "Mary Hawkey",
          "position" : "forward",
          "captain" : false,
          "skating" : 18,
          "shooting" : 17,
          "checking" : 16,
          "saving" : 13,
          "age" : 31,
          "daysToAge" : 1,
          "strength" : 0.0,
          "injuredDays" : 0,
          "injured" : false,
          "retired" : false
        }, {
          "playerName" : "Abraham Chang",
          "position" : "forward",
          "captain" : false,
          "skating" : 14,
          "shooting" : 4,
          "checking" : 19,
          "saving" : 13,
          "age" : 25,
          "daysToAge" : 1,
          "strength" : 0.0,
          "injuredDays" : 0,
          "injured" : false,
          "retired" : false
        }, {
          "playerName" : "Sammy Liu",
          "position" : "forward",
          "captain" : false,
          "skating" : 7,
          "shooting" : 12,
          "checking" : 2,
          "saving" : 8,
          "age" : 19,
          "daysToAge" : 1,
          "strength" : 0.0,
          "injuredDays" : 0,
          "injured" : false,
          "retired" : false
        }, {
          "playerName" : "Prashant Singh",
          "position" : "defense",
          "captain" : false,
          "skating" : 13,
          "shooting" : 8,
          "checking" : 19,
          "saving" : 12,
          "age" : 34,
          "daysToAge" : 1,
          "strength" : 0.0,
          "injuredDays" : 0,
          "injured" : false,
          "retired" : false
        }, {
          "playerName" : "Fred Patel",
          "position" : "defense",
          "captain" : false,
          "skating" : 2,
          "shooting" : 20,
          "checking" : 17,
          "saving" : 15,
          "age" : 24,
          "daysToAge" : 1,
          "strength" : 0.0,
          "injuredDays" : 0,
          "injured" : false,
          "retired" : false
        }, {
          "playerName" : "Pat Chang",
          "position" : "defense",
          "captain" : false,
          "skating" : 7,
          "shooting" : 19,
          "checking" : 12,
          "saving" : 18,
          "age" : 20,
          "daysToAge" : 1,
          "strength" : 0.0,
          "injuredDays" : 0,
          "injured" : false,
          "retired" : false
        }, {
          "playerName" : "Chris Hawkins",
          "position" : "defense",
          "captain" : false,
          "skating" : 9,
          "shooting" : 10,
          "checking" : 19,
          "saving" : 9,
          "age" : 32,
          "daysToAge" : 1,
          "strength" : 0.0,
          "injuredDays" : 0,
          "injured" : false,
          "retired" : false
        }, {
          "playerName" : "Tami Cherry",
          "position" : "defense",
          "captain" : false,
          "skating" : 11,
          "shooting" : 16,
          "checking" : 19,
          "saving" : 3,
          "age" : 24,
          "daysToAge" : 1,
          "strength" : 0.0,
          "injuredDays" : 0,
          "injured" : false,
          "retired" : false
        }, {
          "playerName" : "Chris Liu",
          "position" : "defense",
          "captain" : false,
          "skating" : 8,
          "shooting" : 6,
          "checking" : 15,
          "saving" : 10,
          "age" : 31,
          "daysToAge" : 1,
          "strength" : 0.0,
          "injuredDays" : 0,
          "injured" : false,
          "retired" : false
        }, {
          "playerName" : "Hardik Liu",
          "position" : "defense",
          "captain" : false,
          "skating" : 10,
          "shooting" : 16,
          "checking" : 14,
          "saving" : 10,
          "age" : 22,
          "daysToAge" : 1,
          "strength" : 0.0,
          "injuredDays" : 0,
          "injured" : false,
          "retired" : false
        }, {
          "playerName" : "Pat Samson",
          "position" : "defense",
          "captain" : false,
          "skating" : 4,
          "shooting" : 12,
          "checking" : 1,
          "saving" : 18,
          "age" : 19,
          "daysToAge" : 1,
          "strength" : 0.0,
          "injuredDays" : 0,
          "injured" : false,
          "retired" : false
        }, {
          "playerName" : "Tami Fei",
          "position" : "forward",
          "captain" : false,
          "skating" : 7,
          "shooting" : 3,
          "checking" : 3,
          "saving" : 7,
          "age" : 19,
          "daysToAge" : 1,
          "strength" : 0.0,
          "injuredDays" : 0,
          "injured" : false,
          "retired" : false
        }, {
          "playerName" : "Sammy Halen",
          "position" : "goalie",
          "captain" : true,
          "skating" : 2,
          "shooting" : 6,
          "checking" : 8,
          "saving" : 3,
          "age" : 31,
          "daysToAge" : 1,
          "strength" : 0.0,
          "injuredDays" : 0,
          "injured" : false,
          "retired" : false
        }, {
          "playerName" : "Nancy Wu",
          "position" : "forward",
          "captain" : false,
          "skating" : 14,
          "shooting" : 6,
          "checking" : 2,
          "saving" : 11,
          "age" : 35,
          "daysToAge" : 1,
          "strength" : 0.0,
          "injuredDays" : 0,
          "injured" : false,
          "retired" : false
        } ],
        "teamType" : "ai",
        "lossPoints" : 0,
        "teamStrength" : 0.0
      }, {
        "teamName" : "Winnipeg Astros",
        "generalManager" : "Mohammed Thomson",
        "headCoach" : {
          "name" : "Roger Greenbaum",
          "skating" : 0.12,
          "shooting" : 0.93,
          "checking" : 0.89,
          "saving" : 0.34
        },
        "players" : [ {
          "playerName" : "Walter Fei",
          "position" : "forward",
          "captain" : false,
          "skating" : 7,
          "shooting" : 12,
          "checking" : 16,
          "saving" : 9,
          "age" : 33,
          "daysToAge" : 1,
          "strength" : 0.0,
          "injuredDays" : 0,
          "injured" : false,
          "retired" : false
        }, {
          "playerName" : "Hardik Halen",
          "position" : "forward",
          "captain" : false,
          "skating" : 6,
          "shooting" : 3,
          "checking" : 13,
          "saving" : 19,
          "age" : 25,
          "daysToAge" : 1,
          "strength" : 0.0,
          "injuredDays" : 0,
          "injured" : false,
          "retired" : false
        }, {
          "playerName" : "Nancy Samson",
          "position" : "forward",
          "captain" : false,
          "skating" : 14,
          "shooting" : 16,
          "checking" : 19,
          "saving" : 6,
          "age" : 32,
          "daysToAge" : 1,
          "strength" : 0.0,
          "injuredDays" : 0,
          "injured" : false,
          "retired" : false
        }, {
          "playerName" : "John Burbchuk",
          "position" : "forward",
          "captain" : false,
          "skating" : 14,
          "shooting" : 11,
          "checking" : 4,
          "saving" : 18,
          "age" : 35,
          "daysToAge" : 1,
          "strength" : 0.0,
          "injuredDays" : 0,
          "injured" : false,
          "retired" : false
        }, {
          "playerName" : "Roger Thomson",
          "position" : "forward",
          "captain" : false,
          "skating" : 16,
          "shooting" : 5,
          "checking" : 8,
          "saving" : 16,
          "age" : 35,
          "daysToAge" : 1,
          "strength" : 0.0,
          "injuredDays" : 0,
          "injured" : false,
          "retired" : false
        }, {
          "playerName" : "Walter Smith",
          "position" : "forward",
          "captain" : false,
          "skating" : 6,
          "shooting" : 15,
          "checking" : 8,
          "saving" : 16,
          "age" : 24,
          "daysToAge" : 1,
          "strength" : 0.0,
          "injuredDays" : 0,
          "injured" : false,
          "retired" : false
        }, {
          "playerName" : "Chris Bishop",
          "position" : "forward",
          "captain" : false,
          "skating" : 10,
          "shooting" : 18,
          "checking" : 13,
          "saving" : 18,
          "age" : 19,
          "daysToAge" : 1,
          "strength" : 0.0,
          "injuredDays" : 0,
          "injured" : false,
          "retired" : false
        }, {
          "playerName" : "Tami Nelson",
          "position" : "forward",
          "captain" : false,
          "skating" : 14,
          "shooting" : 17,
          "checking" : 2,
          "saving" : 4,
          "age" : 25,
          "daysToAge" : 1,
          "strength" : 0.0,
          "injuredDays" : 0,
          "injured" : false,
          "retired" : false
        }, {
          "playerName" : "Fred Hawkey",
          "position" : "forward",
          "captain" : false,
          "skating" : 17,
          "shooting" : 6,
          "checking" : 10,
          "saving" : 5,
          "age" : 27,
          "daysToAge" : 1,
          "strength" : 0.0,
          "injuredDays" : 0,
          "injured" : false,
          "retired" : false
        }, {
          "playerName" : "Nancy Greenbaum",
          "position" : "defense",
          "captain" : false,
          "skating" : 10,
          "shooting" : 15,
          "checking" : 6,
          "saving" : 5,
          "age" : 34,
          "daysToAge" : 1,
          "strength" : 0.0,
          "injuredDays" : 0,
          "injured" : false,
          "retired" : false
        }, {
          "playerName" : "Chris Hawkey",
          "position" : "defense",
          "captain" : false,
          "skating" : 15,
          "shooting" : 4,
          "checking" : 10,
          "saving" : 12,
          "age" : 30,
          "daysToAge" : 1,
          "strength" : 0.0,
          "injuredDays" : 0,
          "injured" : false,
          "retired" : false
        }, {
          "playerName" : "Tina Smith",
          "position" : "defense",
          "captain" : false,
          "skating" : 14,
          "shooting" : 6,
          "checking" : 15,
          "saving" : 8,
          "age" : 29,
          "daysToAge" : 1,
          "strength" : 0.0,
          "injuredDays" : 0,
          "injured" : false,
          "retired" : false
        }, {
          "playerName" : "Tina Wu",
          "position" : "defense",
          "captain" : true,
          "skating" : 3,
          "shooting" : 18,
          "checking" : 17,
          "saving" : 20,
          "age" : 25,
          "daysToAge" : 1,
          "strength" : 0.0,
          "injuredDays" : 0,
          "injured" : false,
          "retired" : false
        }, {
          "playerName" : "Mary Thomson",
          "position" : "defense",
          "captain" : false,
          "skating" : 14,
          "shooting" : 8,
          "checking" : 10,
          "saving" : 18,
          "age" : 35,
          "daysToAge" : 1,
          "strength" : 0.0,
          "injuredDays" : 0,
          "injured" : false,
          "retired" : false
        }, {
          "playerName" : "Nancy Marley",
          "position" : "defense",
          "captain" : false,
          "skating" : 8,
          "shooting" : 15,
          "checking" : 19,
          "saving" : 8,
          "age" : 31,
          "daysToAge" : 1,
          "strength" : 0.0,
          "injuredDays" : 0,
          "injured" : false,
          "retired" : false
        }, {
          "playerName" : "Walter Nelson",
          "position" : "defense",
          "captain" : false,
          "skating" : 1,
          "shooting" : 20,
          "checking" : 10,
          "saving" : 14,
          "age" : 26,
          "daysToAge" : 1,
          "strength" : 0.0,
          "injuredDays" : 0,
          "injured" : false,
          "retired" : false
        }, {
          "playerName" : "Chris Liu",
          "position" : "defense",
          "captain" : false,
          "skating" : 12,
          "shooting" : 11,
          "checking" : 12,
          "saving" : 10,
          "age" : 19,
          "daysToAge" : 1,
          "strength" : 0.0,
          "injuredDays" : 0,
          "injured" : false,
          "retired" : false
        }, {
          "playerName" : "Mohammed Liu",
          "position" : "forward",
          "captain" : false,
          "skating" : 4,
          "shooting" : 17,
          "checking" : 19,
          "saving" : 15,
          "age" : 28,
          "daysToAge" : 1,
          "strength" : 0.0,
          "injuredDays" : 0,
          "injured" : false,
          "retired" : false
        }, {
          "playerName" : "Hardik Smith",
          "position" : "goalie",
          "captain" : false,
          "skating" : 19,
          "shooting" : 12,
          "checking" : 17,
          "saving" : 5,
          "age" : 31,
          "daysToAge" : 1,
          "strength" : 0.0,
          "injuredDays" : 0,
          "injured" : false,
          "retired" : false
        }, {
          "playerName" : "Hardik Patel",
          "position" : "forward",
          "captain" : false,
          "skating" : 14,
          "shooting" : 12,
          "checking" : 13,
          "saving" : 3,
          "age" : 30,
          "daysToAge" : 1,
          "strength" : 0.0,
          "injuredDays" : 0,
          "injured" : false,
          "retired" : false
        } ],
        "teamType" : "ai",
        "lossPoints" : 0,
        "teamStrength" : 0.0
      } ]
    }, {
      "divisionName" : "Metropolitan",
      "teams" : [ {
        "teamName" : "Atlanta Taxi Cabs",
        "generalManager" : "Tina Samson",
        "headCoach" : {
          "name" : "Wen Williamson",
          "skating" : 0.98,
          "shooting" : 0.12,
          "checking" : 0.38,
          "saving" : 0.35
        },
        "players" : [ {
          "playerName" : "Mohammed Thomson",
          "position" : "forward",
          "captain" : false,
          "skating" : 15,
          "shooting" : 4,
          "checking" : 9,
          "saving" : 3,
          "age" : 35,
          "daysToAge" : 1,
          "strength" : 0.0,
          "injuredDays" : 0,
          "injured" : false,
          "retired" : false
        }, {
          "playerName" : "Hardik Chang",
          "position" : "forward",
          "captain" : false,
          "skating" : 1,
          "shooting" : 3,
          "checking" : 14,
          "saving" : 6,
          "age" : 32,
          "daysToAge" : 1,
          "strength" : 0.0,
          "injuredDays" : 0,
          "injured" : false,
          "retired" : false
        }, {
          "playerName" : "Tina Thomson",
          "position" : "forward",
          "captain" : false,
          "skating" : 6,
          "shooting" : 5,
          "checking" : 8,
          "saving" : 4,
          "age" : 20,
          "daysToAge" : 1,
          "strength" : 0.0,
          "injuredDays" : 0,
          "injured" : false,
          "retired" : false
        }, {
          "playerName" : "Mary Chang",
          "position" : "forward",
          "captain" : false,
          "skating" : 15,
          "shooting" : 2,
          "checking" : 18,
          "saving" : 9,
          "age" : 18,
          "daysToAge" : 1,
          "strength" : 0.0,
          "injuredDays" : 0,
          "injured" : false,
          "retired" : false
        }, {
          "playerName" : "Prashant Liu",
          "position" : "forward",
          "captain" : false,
          "skating" : 2,
          "shooting" : 6,
          "checking" : 1,
          "saving" : 1,
          "age" : 32,
          "daysToAge" : 1,
          "strength" : 0.0,
          "injuredDays" : 0,
          "injured" : false,
          "retired" : false
        }, {
          "playerName" : "Bonnie Greenbaum",
          "position" : "forward",
          "captain" : false,
          "skating" : 5,
          "shooting" : 4,
          "checking" : 17,
          "saving" : 3,
          "age" : 28,
          "daysToAge" : 1,
          "strength" : 0.0,
          "injuredDays" : 0,
          "injured" : false,
          "retired" : false
        }, {
          "playerName" : "Rashita Hawkey",
          "position" : "forward",
          "captain" : false,
          "skating" : 2,
          "shooting" : 8,
          "checking" : 20,
          "saving" : 17,
          "age" : 30,
          "daysToAge" : 1,
          "strength" : 0.0,
          "injuredDays" : 0,
          "injured" : false,
          "retired" : false
        }, {
          "playerName" : "Walter Liu",
          "position" : "forward",
          "captain" : false,
          "skating" : 20,
          "shooting" : 17,
          "checking" : 9,
          "saving" : 19,
          "age" : 26,
          "daysToAge" : 1,
          "strength" : 0.0,
          "injuredDays" : 0,
          "injured" : false,
          "retired" : false
        }, {
          "playerName" : "Mohammed Burbchuk",
          "position" : "forward",
          "captain" : false,
          "skating" : 8,
          "shooting" : 12,
          "checking" : 13,
          "saving" : 18,
          "age" : 35,
          "daysToAge" : 1,
          "strength" : 0.0,
          "injuredDays" : 0,
          "injured" : false,
          "retired" : false
        }, {
          "playerName" : "Fred Hawkins",
          "position" : "defense",
          "captain" : false,
          "skating" : 10,
          "shooting" : 15,
          "checking" : 6,
          "saving" : 8,
          "age" : 23,
          "daysToAge" : 1,
          "strength" : 0.0,
          "injuredDays" : 0,
          "injured" : false,
          "retired" : false
        }, {
          "playerName" : "Pat Smith",
          "position" : "defense",
          "captain" : false,
          "skating" : 10,
          "shooting" : 15,
          "checking" : 9,
          "saving" : 4,
          "age" : 34,
          "daysToAge" : 1,
          "strength" : 0.0,
          "injuredDays" : 0,
          "injured" : false,
          "retired" : false
        }, {
          "playerName" : "Mohammed Halen",
          "position" : "defense",
          "captain" : true,
          "skating" : 4,
          "shooting" : 18,
          "checking" : 18,
          "saving" : 2,
          "age" : 30,
          "daysToAge" : 1,
          "strength" : 0.0,
          "injuredDays" : 0,
          "injured" : false,
          "retired" : false
        }, {
          "playerName" : "Abraham Hawkey",
          "position" : "defense",
          "captain" : false,
          "skating" : 10,
          "shooting" : 12,
          "checking" : 12,
          "saving" : 13,
          "age" : 34,
          "daysToAge" : 1,
          "strength" : 0.0,
          "injuredDays" : 0,
          "injured" : false,
          "retired" : false
        }, {
          "playerName" : "Nancy Fei",
          "position" : "defense",
          "captain" : false,
          "skating" : 14,
          "shooting" : 18,
          "checking" : 19,
          "saving" : 12,
          "age" : 34,
          "daysToAge" : 1,
          "strength" : 0.0,
          "injuredDays" : 0,
          "injured" : false,
          "retired" : false
        }, {
          "playerName" : "Pat Greenbaum",
          "position" : "defense",
          "captain" : false,
          "skating" : 18,
          "shooting" : 7,
          "checking" : 3,
          "saving" : 9,
          "age" : 23,
          "daysToAge" : 1,
          "strength" : 0.0,
          "injuredDays" : 0,
          "injured" : false,
          "retired" : false
        }, {
          "playerName" : "Rob Williamson",
          "position" : "defense",
          "captain" : false,
          "skating" : 15,
          "shooting" : 11,
          "checking" : 1,
          "saving" : 4,
          "age" : 31,
          "daysToAge" : 1,
          "strength" : 0.0,
          "injuredDays" : 0,
          "injured" : false,
          "retired" : false
        }, {
          "playerName" : "Tami Thomson",
          "position" : "defense",
          "captain" : false,
          "skating" : 10,
          "shooting" : 7,
          "checking" : 16,
          "saving" : 8,
          "age" : 32,
          "daysToAge" : 1,
          "strength" : 0.0,
          "injuredDays" : 0,
          "injured" : false,
          "retired" : false
        }, {
          "playerName" : "Mohammed Patel",
          "position" : "forward",
          "captain" : false,
          "skating" : 13,
          "shooting" : 16,
          "checking" : 14,
          "saving" : 11,
          "age" : 26,
          "daysToAge" : 1,
          "strength" : 0.0,
          "injuredDays" : 0,
          "injured" : false,
          "retired" : false
        }, {
          "playerName" : "Walter Cherry",
          "position" : "goalie",
          "captain" : false,
          "skating" : 16,
          "shooting" : 1,
          "checking" : 1,
          "saving" : 4,
          "age" : 35,
          "daysToAge" : 1,
          "strength" : 0.0,
          "injuredDays" : 0,
          "injured" : false,
          "retired" : false
        }, {
          "playerName" : "John Burbchuk",
          "position" : "forward",
          "captain" : false,
          "skating" : 4,
          "shooting" : 8,
          "checking" : 6,
          "saving" : 16,
          "age" : 29,
          "daysToAge" : 1,
          "strength" : 0.0,
          "injuredDays" : 0,
          "injured" : false,
          "retired" : false
        } ],
        "teamType" : "ai",
        "lossPoints" : 0,
        "teamStrength" : 0.0
      }, {
        "teamName" : "Shanghai Taxi Cabs",
        "generalManager" : "Abraham Hawkins",
        "headCoach" : {
          "name" : "Zongming Smith",
          "skating" : 0.74,
          "shooting" : 0.2,
          "checking" : 0.58,
          "saving" : 0.74
        },
        "players" : [ {
          "playerName" : "John Liu",
          "position" : "forward",
          "captain" : true,
          "skating" : 20,
          "shooting" : 9,
          "checking" : 6,
          "saving" : 17,
          "age" : 18,
          "daysToAge" : 1,
          "strength" : 0.0,
          "injuredDays" : 0,
          "injured" : false,
          "retired" : false
        }, {
          "playerName" : "Fred Williamson",
          "position" : "forward",
          "captain" : false,
          "skating" : 11,
          "shooting" : 4,
          "checking" : 3,
          "saving" : 18,
          "age" : 23,
          "daysToAge" : 1,
          "strength" : 0.0,
          "injuredDays" : 0,
          "injured" : false,
          "retired" : false
        }, {
          "playerName" : "Bonnie Cherry",
          "position" : "forward",
          "captain" : false,
          "skating" : 8,
          "shooting" : 7,
          "checking" : 14,
          "saving" : 12,
          "age" : 27,
          "daysToAge" : 1,
          "strength" : 0.0,
          "injuredDays" : 0,
          "injured" : false,
          "retired" : false
        }, {
          "playerName" : "Pat Smith",
          "position" : "forward",
          "captain" : false,
          "skating" : 11,
          "shooting" : 9,
          "checking" : 12,
          "saving" : 4,
          "age" : 29,
          "daysToAge" : 1,
          "strength" : 0.0,
          "injuredDays" : 0,
          "injured" : false,
          "retired" : false
        }, {
          "playerName" : "Nancy Wu",
          "position" : "forward",
          "captain" : false,
          "skating" : 3,
          "shooting" : 16,
          "checking" : 18,
          "saving" : 20,
          "age" : 29,
          "daysToAge" : 1,
          "strength" : 0.0,
          "injuredDays" : 0,
          "injured" : false,
          "retired" : false
        }, {
          "playerName" : "Rob Liu",
          "position" : "forward",
          "captain" : false,
          "skating" : 8,
          "shooting" : 12,
          "checking" : 6,
          "saving" : 2,
          "age" : 22,
          "daysToAge" : 1,
          "strength" : 0.0,
          "injuredDays" : 0,
          "injured" : false,
          "retired" : false
        }, {
          "playerName" : "Walter Halen",
          "position" : "forward",
          "captain" : false,
          "skating" : 15,
          "shooting" : 17,
          "checking" : 3,
          "saving" : 18,
          "age" : 22,
          "daysToAge" : 1,
          "strength" : 0.0,
          "injuredDays" : 0,
          "injured" : false,
          "retired" : false
        }, {
          "playerName" : "Tami Liu",
          "position" : "forward",
          "captain" : false,
          "skating" : 5,
          "shooting" : 7,
          "checking" : 19,
          "saving" : 6,
          "age" : 28,
          "daysToAge" : 1,
          "strength" : 0.0,
          "injuredDays" : 0,
          "injured" : false,
          "retired" : false
        }, {
          "playerName" : "Hardik Chang",
          "position" : "forward",
          "captain" : false,
          "skating" : 18,
          "shooting" : 17,
          "checking" : 5,
          "saving" : 10,
          "age" : 23,
          "daysToAge" : 1,
          "strength" : 0.0,
          "injuredDays" : 0,
          "injured" : false,
          "retired" : false
        }, {
          "playerName" : "Sammy Hawkey",
          "position" : "defense",
          "captain" : false,
          "skating" : 14,
          "shooting" : 15,
          "checking" : 4,
          "saving" : 15,
          "age" : 27,
          "daysToAge" : 1,
          "strength" : 0.0,
          "injuredDays" : 0,
          "injured" : false,
          "retired" : false
        }, {
          "playerName" : "Don Hawkey",
          "position" : "defense",
          "captain" : false,
          "skating" : 17,
          "shooting" : 9,
          "checking" : 12,
          "saving" : 18,
          "age" : 27,
          "daysToAge" : 1,
          "strength" : 0.0,
          "injuredDays" : 0,
          "injured" : false,
          "retired" : false
        }, {
          "playerName" : "Bonnie Nelson",
          "position" : "defense",
          "captain" : false,
          "skating" : 4,
          "shooting" : 20,
          "checking" : 13,
          "saving" : 10,
          "age" : 19,
          "daysToAge" : 1,
          "strength" : 0.0,
          "injuredDays" : 0,
          "injured" : false,
          "retired" : false
        }, {
          "playerName" : "Fred Bishop",
          "position" : "defense",
          "captain" : false,
          "skating" : 13,
          "shooting" : 7,
          "checking" : 3,
          "saving" : 14,
          "age" : 33,
          "daysToAge" : 1,
          "strength" : 0.0,
          "injuredDays" : 0,
          "injured" : false,
          "retired" : false
        }, {
          "playerName" : "Bonnie Singh",
          "position" : "defense",
          "captain" : false,
          "skating" : 2,
          "shooting" : 9,
          "checking" : 4,
          "saving" : 20,
          "age" : 18,
          "daysToAge" : 1,
          "strength" : 0.0,
          "injuredDays" : 0,
          "injured" : false,
          "retired" : false
        }, {
          "playerName" : "Don Hawkins",
          "position" : "defense",
          "captain" : false,
          "skating" : 13,
          "shooting" : 9,
          "checking" : 13,
          "saving" : 20,
          "age" : 32,
          "daysToAge" : 1,
          "strength" : 0.0,
          "injuredDays" : 0,
          "injured" : false,
          "retired" : false
        }, {
          "playerName" : "Tami Morrison",
          "position" : "defense",
          "captain" : false,
          "skating" : 8,
          "shooting" : 19,
          "checking" : 4,
          "saving" : 7,
          "age" : 30,
          "daysToAge" : 1,
          "strength" : 0.0,
          "injuredDays" : 0,
          "injured" : false,
          "retired" : false
        }, {
          "playerName" : "Zongming Wu",
          "position" : "defense",
          "captain" : false,
          "skating" : 2,
          "shooting" : 15,
          "checking" : 16,
          "saving" : 19,
          "age" : 21,
          "daysToAge" : 1,
          "strength" : 0.0,
          "injuredDays" : 0,
          "injured" : false,
          "retired" : false
        }, {
          "playerName" : "Mohammed Smith",
          "position" : "forward",
          "captain" : false,
          "skating" : 12,
          "shooting" : 13,
          "checking" : 4,
          "saving" : 6,
          "age" : 23,
          "daysToAge" : 1,
          "strength" : 0.0,
          "injuredDays" : 0,
          "injured" : false,
          "retired" : false
        }, {
          "playerName" : "Tina Greenbaum",
          "position" : "goalie",
          "captain" : false,
          "skating" : 4,
          "shooting" : 20,
          "checking" : 14,
          "saving" : 20,
          "age" : 29,
          "daysToAge" : 1,
          "strength" : 0.0,
          "injuredDays" : 0,
          "injured" : false,
          "retired" : false
        }, {
          "playerName" : "Wen Hawkey",
          "position" : "forward",
          "captain" : false,
          "skating" : 2,
          "shooting" : 16,
          "checking" : 4,
          "saving" : 19,
          "age" : 33,
          "daysToAge" : 1,
          "strength" : 0.0,
          "injuredDays" : 0,
          "injured" : false,
          "retired" : false
        } ],
        "teamType" : "ai",
        "lossPoints" : 0,
        "teamStrength" : 0.0
      }, {
        "teamName" : "Mumbai Sharks",
        "generalManager" : "Mohammed Marley",
        "headCoach" : {
          "name" : "John Patel",
          "skating" : 0.29,
          "shooting" : 0.87,
          "checking" : 0.51,
          "saving" : 0.9
        },
        "players" : [ {
          "playerName" : "Abraham Nelson",
          "position" : "forward",
          "captain" : false,
          "skating" : 20,
          "shooting" : 10,
          "checking" : 16,
          "saving" : 14,
          "age" : 22,
          "daysToAge" : 1,
          "strength" : 0.0,
          "injuredDays" : 0,
          "injured" : false,
          "retired" : false
        }, {
          "playerName" : "John Singh",
          "position" : "forward",
          "captain" : false,
          "skating" : 5,
          "shooting" : 11,
          "checking" : 16,
          "saving" : 15,
          "age" : 34,
          "daysToAge" : 1,
          "strength" : 0.0,
          "injuredDays" : 0,
          "injured" : false,
          "retired" : false
        }, {
          "playerName" : "Walter Khatri",
          "position" : "forward",
          "captain" : false,
          "skating" : 10,
          "shooting" : 14,
          "checking" : 11,
          "saving" : 20,
          "age" : 23,
          "daysToAge" : 1,
          "strength" : 0.0,
          "injuredDays" : 0,
          "injured" : false,
          "retired" : false
        }, {
          "playerName" : "Wen Marley",
          "position" : "forward",
          "captain" : false,
          "skating" : 18,
          "shooting" : 20,
          "checking" : 6,
          "saving" : 4,
          "age" : 27,
          "daysToAge" : 1,
          "strength" : 0.0,
          "injuredDays" : 0,
          "injured" : false,
          "retired" : false
        }, {
          "playerName" : "Wen Hawkey",
          "position" : "forward",
          "captain" : false,
          "skating" : 17,
          "shooting" : 15,
          "checking" : 10,
          "saving" : 1,
          "age" : 28,
          "daysToAge" : 1,
          "strength" : 0.0,
          "injuredDays" : 0,
          "injured" : false,
          "retired" : false
        }, {
          "playerName" : "Nancy Khatri",
          "position" : "forward",
          "captain" : false,
          "skating" : 10,
          "shooting" : 5,
          "checking" : 15,
          "saving" : 1,
          "age" : 20,
          "daysToAge" : 1,
          "strength" : 0.0,
          "injuredDays" : 0,
          "injured" : false,
          "retired" : false
        }, {
          "playerName" : "Mohammed Bishop",
          "position" : "forward",
          "captain" : false,
          "skating" : 17,
          "shooting" : 1,
          "checking" : 8,
          "saving" : 17,
          "age" : 31,
          "daysToAge" : 1,
          "strength" : 0.0,
          "injuredDays" : 0,
          "injured" : false,
          "retired" : false
        }, {
          "playerName" : "Mohammed Singh",
          "position" : "forward",
          "captain" : false,
          "skating" : 7,
          "shooting" : 1,
          "checking" : 9,
          "saving" : 17,
          "age" : 31,
          "daysToAge" : 1,
          "strength" : 0.0,
          "injuredDays" : 0,
          "injured" : false,
          "retired" : false
        }, {
          "playerName" : "Rashita Samson",
          "position" : "forward",
          "captain" : false,
          "skating" : 8,
          "shooting" : 3,
          "checking" : 17,
          "saving" : 6,
          "age" : 35,
          "daysToAge" : 1,
          "strength" : 0.0,
          "injuredDays" : 0,
          "injured" : false,
          "retired" : false
        }, {
          "playerName" : "Sammy Williamson",
          "position" : "defense",
          "captain" : false,
          "skating" : 4,
          "shooting" : 17,
          "checking" : 2,
          "saving" : 1,
          "age" : 21,
          "daysToAge" : 1,
          "strength" : 0.0,
          "injuredDays" : 0,
          "injured" : false,
          "retired" : false
        }, {
          "playerName" : "Raghav Patel",
          "position" : "defense",
          "captain" : false,
          "skating" : 7,
          "shooting" : 3,
          "checking" : 8,
          "saving" : 17,
          "age" : 34,
          "daysToAge" : 1,
          "strength" : 0.0,
          "injuredDays" : 0,
          "injured" : false,
          "retired" : false
        }, {
          "playerName" : "Abraham Liu",
          "position" : "defense",
          "captain" : false,
          "skating" : 18,
          "shooting" : 5,
          "checking" : 18,
          "saving" : 16,
          "age" : 23,
          "daysToAge" : 1,
          "strength" : 0.0,
          "injuredDays" : 0,
          "injured" : false,
          "retired" : false
        }, {
          "playerName" : "Mary Bishop",
          "position" : "defense",
          "captain" : false,
          "skating" : 6,
          "shooting" : 7,
          "checking" : 17,
          "saving" : 12,
          "age" : 31,
          "daysToAge" : 1,
          "strength" : 0.0,
          "injuredDays" : 0,
          "injured" : false,
          "retired" : false
        }, {
          "playerName" : "Wen Williamson",
          "position" : "defense",
          "captain" : false,
          "skating" : 11,
          "shooting" : 8,
          "checking" : 9,
          "saving" : 3,
          "age" : 31,
          "daysToAge" : 1,
          "strength" : 0.0,
          "injuredDays" : 0,
          "injured" : false,
          "retired" : false
        }, {
          "playerName" : "John Hawkins",
          "position" : "defense",
          "captain" : false,
          "skating" : 15,
          "shooting" : 2,
          "checking" : 15,
          "saving" : 10,
          "age" : 27,
          "daysToAge" : 1,
          "strength" : 0.0,
          "injuredDays" : 0,
          "injured" : false,
          "retired" : false
        }, {
          "playerName" : "Rob Singh",
          "position" : "defense",
          "captain" : true,
          "skating" : 13,
          "shooting" : 9,
          "checking" : 14,
          "saving" : 2,
          "age" : 20,
          "daysToAge" : 1,
          "strength" : 0.0,
          "injuredDays" : 0,
          "injured" : false,
          "retired" : false
        }, {
          "playerName" : "Pat Burbchuk",
          "position" : "defense",
          "captain" : false,
          "skating" : 16,
          "shooting" : 16,
          "checking" : 4,
          "saving" : 7,
          "age" : 18,
          "daysToAge" : 1,
          "strength" : 0.0,
          "injuredDays" : 0,
          "injured" : false,
          "retired" : false
        }, {
          "playerName" : "Bonnie Liu",
          "position" : "forward",
          "captain" : false,
          "skating" : 9,
          "shooting" : 14,
          "checking" : 9,
          "saving" : 18,
          "age" : 20,
          "daysToAge" : 1,
          "strength" : 0.0,
          "injuredDays" : 0,
          "injured" : false,
          "retired" : false
        }, {
          "playerName" : "Chris Hawkins",
          "position" : "goalie",
          "captain" : false,
          "skating" : 19,
          "shooting" : 4,
          "checking" : 3,
          "saving" : 17,
          "age" : 32,
          "daysToAge" : 1,
          "strength" : 0.0,
          "injuredDays" : 0,
          "injured" : false,
          "retired" : false
        }, {
          "playerName" : "Chris Bishop",
          "position" : "forward",
          "captain" : false,
          "skating" : 11,
          "shooting" : 18,
          "checking" : 17,
          "saving" : 7,
          "age" : 29,
          "daysToAge" : 1,
          "strength" : 0.0,
          "injuredDays" : 0,
          "injured" : false,
          "retired" : false
        } ],
        "teamType" : "ai",
        "lossPoints" : 0,
        "teamStrength" : 0.0
      }, {
        "teamName" : "Toronto Sleepy Goats",
        "generalManager" : "Zongming Chang",
        "headCoach" : {
          "name" : "Pat Bishop",
          "skating" : 0.68,
          "shooting" : 0.59,
          "checking" : 0.53,
          "saving" : 0.95
        },
        "players" : [ {
          "playerName" : "Sammy Burbchuk",
          "position" : "forward",
          "captain" : false,
          "skating" : 17,
          "shooting" : 13,
          "checking" : 7,
          "saving" : 17,
          "age" : 23,
          "daysToAge" : 1,
          "strength" : 0.0,
          "injuredDays" : 0,
          "injured" : false,
          "retired" : false
        }, {
          "playerName" : "Sammy Patel",
          "position" : "forward",
          "captain" : false,
          "skating" : 20,
          "shooting" : 15,
          "checking" : 1,
          "saving" : 7,
          "age" : 21,
          "daysToAge" : 1,
          "strength" : 0.0,
          "injuredDays" : 0,
          "injured" : false,
          "retired" : false
        }, {
          "playerName" : "Mary Burbchuk",
          "position" : "forward",
          "captain" : false,
          "skating" : 4,
          "shooting" : 16,
          "checking" : 1,
          "saving" : 20,
          "age" : 23,
          "daysToAge" : 1,
          "strength" : 0.0,
          "injuredDays" : 0,
          "injured" : false,
          "retired" : false
        }, {
          "playerName" : "Rashita Khatri",
          "position" : "forward",
          "captain" : false,
          "skating" : 20,
          "shooting" : 16,
          "checking" : 13,
          "saving" : 19,
          "age" : 26,
          "daysToAge" : 1,
          "strength" : 0.0,
          "injuredDays" : 0,
          "injured" : false,
          "retired" : false
        }, {
          "playerName" : "Walter Liu",
          "position" : "forward",
          "captain" : false,
          "skating" : 12,
          "shooting" : 1,
          "checking" : 8,
          "saving" : 1,
          "age" : 31,
          "daysToAge" : 1,
          "strength" : 0.0,
          "injuredDays" : 0,
          "injured" : false,
          "retired" : false
        }, {
          "playerName" : "Tami Liu",
          "position" : "forward",
          "captain" : false,
          "skating" : 6,
          "shooting" : 19,
          "checking" : 9,
          "saving" : 14,
          "age" : 28,
          "daysToAge" : 1,
          "strength" : 0.0,
          "injuredDays" : 0,
          "injured" : false,
          "retired" : false
        }, {
          "playerName" : "Mary Greenbaum",
          "position" : "forward",
          "captain" : false,
          "skating" : 11,
          "shooting" : 14,
          "checking" : 12,
          "saving" : 16,
          "age" : 34,
          "daysToAge" : 1,
          "strength" : 0.0,
          "injuredDays" : 0,
          "injured" : false,
          "retired" : false
        }, {
          "playerName" : "Walter Greenbaum",
          "position" : "forward",
          "captain" : false,
          "skating" : 14,
          "shooting" : 16,
          "checking" : 11,
          "saving" : 5,
          "age" : 22,
          "daysToAge" : 1,
          "strength" : 0.0,
          "injuredDays" : 0,
          "injured" : false,
          "retired" : false
        }, {
          "playerName" : "Mike Liu",
          "position" : "forward",
          "captain" : false,
          "skating" : 6,
          "shooting" : 19,
          "checking" : 20,
          "saving" : 16,
          "age" : 21,
          "daysToAge" : 1,
          "strength" : 0.0,
          "injuredDays" : 0,
          "injured" : false,
          "retired" : false
        }, {
          "playerName" : "Zongming Nelson",
          "position" : "defense",
          "captain" : false,
          "skating" : 9,
          "shooting" : 10,
          "checking" : 20,
          "saving" : 11,
          "age" : 32,
          "daysToAge" : 1,
          "strength" : 0.0,
          "injuredDays" : 0,
          "injured" : false,
          "retired" : false
        }, {
          "playerName" : "Rashita Patel",
          "position" : "defense",
          "captain" : false,
          "skating" : 9,
          "shooting" : 17,
          "checking" : 13,
          "saving" : 6,
          "age" : 18,
          "daysToAge" : 1,
          "strength" : 0.0,
          "injuredDays" : 0,
          "injured" : false,
          "retired" : false
        }, {
          "playerName" : "Mike Chang",
          "position" : "defense",
          "captain" : false,
          "skating" : 10,
          "shooting" : 11,
          "checking" : 1,
          "saving" : 2,
          "age" : 25,
          "daysToAge" : 1,
          "strength" : 0.0,
          "injuredDays" : 0,
          "injured" : false,
          "retired" : false
        }, {
          "playerName" : "Walter Greenbaum",
          "position" : "defense",
          "captain" : false,
          "skating" : 2,
          "shooting" : 12,
          "checking" : 14,
          "saving" : 12,
          "age" : 21,
          "daysToAge" : 1,
          "strength" : 0.0,
          "injuredDays" : 0,
          "injured" : false,
          "retired" : false
        }, {
          "playerName" : "Fred Samson",
          "position" : "defense",
          "captain" : false,
          "skating" : 10,
          "shooting" : 19,
          "checking" : 18,
          "saving" : 20,
          "age" : 25,
          "daysToAge" : 1,
          "strength" : 0.0,
          "injuredDays" : 0,
          "injured" : false,
          "retired" : false
        }, {
          "playerName" : "Mike Thomson",
          "position" : "defense",
          "captain" : true,
          "skating" : 11,
          "shooting" : 20,
          "checking" : 1,
          "saving" : 7,
          "age" : 26,
          "daysToAge" : 1,
          "strength" : 0.0,
          "injuredDays" : 0,
          "injured" : false,
          "retired" : false
        }, {
          "playerName" : "Tina Fei",
          "position" : "defense",
          "captain" : false,
          "skating" : 19,
          "shooting" : 10,
          "checking" : 4,
          "saving" : 6,
          "age" : 27,
          "daysToAge" : 1,
          "strength" : 0.0,
          "injuredDays" : 0,
          "injured" : false,
          "retired" : false
        }, {
          "playerName" : "Fred Singh",
          "position" : "defense",
          "captain" : false,
          "skating" : 1,
          "shooting" : 16,
          "checking" : 17,
          "saving" : 15,
          "age" : 22,
          "daysToAge" : 1,
          "strength" : 0.0,
          "injuredDays" : 0,
          "injured" : false,
          "retired" : false
        }, {
          "playerName" : "Pat Patel",
          "position" : "forward",
          "captain" : false,
          "skating" : 11,
          "shooting" : 4,
          "checking" : 19,
          "saving" : 4,
          "age" : 26,
          "daysToAge" : 1,
          "strength" : 0.0,
          "injuredDays" : 0,
          "injured" : false,
          "retired" : false
        }, {
          "playerName" : "Wen Fei",
          "position" : "goalie",
          "captain" : false,
          "skating" : 5,
          "shooting" : 5,
          "checking" : 13,
          "saving" : 19,
          "age" : 35,
          "daysToAge" : 1,
          "strength" : 0.0,
          "injuredDays" : 0,
          "injured" : false,
          "retired" : false
        }, {
          "playerName" : "Rob Hawkey",
          "position" : "forward",
          "captain" : false,
          "skating" : 4,
          "shooting" : 17,
          "checking" : 19,
          "saving" : 7,
          "age" : 28,
          "daysToAge" : 1,
          "strength" : 0.0,
          "injuredDays" : 0,
          "injured" : false,
          "retired" : false
        } ],
        "teamType" : "ai",
        "lossPoints" : 0,
        "teamStrength" : 0.0
      }, {
        "teamName" : "London Warriors",
        "generalManager" : "Tami Singh",
        "headCoach" : {
          "name" : "Wen Cherry",
          "skating" : 0.0,
          "shooting" : 0.09,
          "checking" : 0.56,
          "saving" : 0.57
        },
        "players" : [ {
          "playerName" : "Don Wu",
          "position" : "forward",
          "captain" : false,
          "skating" : 16,
          "shooting" : 10,
          "checking" : 7,
          "saving" : 19,
          "age" : 32,
          "daysToAge" : 1,
          "strength" : 0.0,
          "injuredDays" : 0,
          "injured" : false,
          "retired" : false
        }, {
          "playerName" : "John Liu",
          "position" : "forward",
          "captain" : false,
          "skating" : 8,
          "shooting" : 17,
          "checking" : 17,
          "saving" : 15,
          "age" : 35,
          "daysToAge" : 1,
          "strength" : 0.0,
          "injuredDays" : 0,
          "injured" : false,
          "retired" : false
        }, {
          "playerName" : "Wen Greenbaum",
          "position" : "forward",
          "captain" : false,
          "skating" : 18,
          "shooting" : 18,
          "checking" : 17,
          "saving" : 20,
          "age" : 22,
          "daysToAge" : 1,
          "strength" : 0.0,
          "injuredDays" : 0,
          "injured" : false,
          "retired" : false
        }, {
          "playerName" : "Hardik Singh",
          "position" : "forward",
          "captain" : true,
          "skating" : 15,
          "shooting" : 8,
          "checking" : 13,
          "saving" : 3,
          "age" : 21,
          "daysToAge" : 1,
          "strength" : 0.0,
          "injuredDays" : 0,
          "injured" : false,
          "retired" : false
        }, {
          "playerName" : "Chris Bishop",
          "position" : "forward",
          "captain" : false,
          "skating" : 11,
          "shooting" : 10,
          "checking" : 11,
          "saving" : 18,
          "age" : 35,
          "daysToAge" : 1,
          "strength" : 0.0,
          "injuredDays" : 0,
          "injured" : false,
          "retired" : false
        }, {
          "playerName" : "Sammy Halen",
          "position" : "forward",
          "captain" : false,
          "skating" : 6,
          "shooting" : 19,
          "checking" : 10,
          "saving" : 1,
          "age" : 35,
          "daysToAge" : 1,
          "strength" : 0.0,
          "injuredDays" : 0,
          "injured" : false,
          "retired" : false
        }, {
          "playerName" : "Mike Hawkins",
          "position" : "forward",
          "captain" : false,
          "skating" : 15,
          "shooting" : 19,
          "checking" : 8,
          "saving" : 9,
          "age" : 31,
          "daysToAge" : 1,
          "strength" : 0.0,
          "injuredDays" : 0,
          "injured" : false,
          "retired" : false
        }, {
          "playerName" : "John Williamson",
          "position" : "forward",
          "captain" : false,
          "skating" : 9,
          "shooting" : 10,
          "checking" : 4,
          "saving" : 8,
          "age" : 33,
          "daysToAge" : 1,
          "strength" : 0.0,
          "injuredDays" : 0,
          "injured" : false,
          "retired" : false
        }, {
          "playerName" : "Tina Marley",
          "position" : "forward",
          "captain" : false,
          "skating" : 8,
          "shooting" : 10,
          "checking" : 10,
          "saving" : 10,
          "age" : 33,
          "daysToAge" : 1,
          "strength" : 0.0,
          "injuredDays" : 0,
          "injured" : false,
          "retired" : false
        }, {
          "playerName" : "Mohammed Greenbaum",
          "position" : "defense",
          "captain" : false,
          "skating" : 16,
          "shooting" : 14,
          "checking" : 14,
          "saving" : 15,
          "age" : 34,
          "daysToAge" : 1,
          "strength" : 0.0,
          "injuredDays" : 0,
          "injured" : false,
          "retired" : false
        }, {
          "playerName" : "Nancy Samson",
          "position" : "defense",
          "captain" : false,
          "skating" : 15,
          "shooting" : 11,
          "checking" : 15,
          "saving" : 17,
          "age" : 22,
          "daysToAge" : 1,
          "strength" : 0.0,
          "injuredDays" : 0,
          "injured" : false,
          "retired" : false
        }, {
          "playerName" : "Sammy Bishop",
          "position" : "defense",
          "captain" : false,
          "skating" : 1,
          "shooting" : 6,
          "checking" : 6,
          "saving" : 14,
          "age" : 20,
          "daysToAge" : 1,
          "strength" : 0.0,
          "injuredDays" : 0,
          "injured" : false,
          "retired" : false
        }, {
          "playerName" : "Raghav Morrison",
          "position" : "defense",
          "captain" : false,
          "skating" : 6,
          "shooting" : 15,
          "checking" : 18,
          "saving" : 2,
          "age" : 35,
          "daysToAge" : 1,
          "strength" : 0.0,
          "injuredDays" : 0,
          "injured" : false,
          "retired" : false
        }, {
          "playerName" : "Pat Khatri",
          "position" : "defense",
          "captain" : false,
          "skating" : 14,
          "shooting" : 8,
          "checking" : 8,
          "saving" : 18,
          "age" : 18,
          "daysToAge" : 1,
          "strength" : 0.0,
          "injuredDays" : 0,
          "injured" : false,
          "retired" : false
        }, {
          "playerName" : "Fred Williamson",
          "position" : "defense",
          "captain" : false,
          "skating" : 3,
          "shooting" : 20,
          "checking" : 13,
          "saving" : 2,
          "age" : 22,
          "daysToAge" : 1,
          "strength" : 0.0,
          "injuredDays" : 0,
          "injured" : false,
          "retired" : false
        }, {
          "playerName" : "Prashant Patel",
          "position" : "defense",
          "captain" : false,
          "skating" : 9,
          "shooting" : 17,
          "checking" : 10,
          "saving" : 9,
          "age" : 19,
          "daysToAge" : 1,
          "strength" : 0.0,
          "injuredDays" : 0,
          "injured" : false,
          "retired" : false
        }, {
          "playerName" : "Abraham Nelson",
          "position" : "defense",
          "captain" : false,
          "skating" : 3,
          "shooting" : 15,
          "checking" : 11,
          "saving" : 1,
          "age" : 35,
          "daysToAge" : 1,
          "strength" : 0.0,
          "injuredDays" : 0,
          "injured" : false,
          "retired" : false
        }, {
          "playerName" : "Bonnie Morrison",
          "position" : "forward",
          "captain" : false,
          "skating" : 14,
          "shooting" : 17,
          "checking" : 16,
          "saving" : 13,
          "age" : 21,
          "daysToAge" : 1,
          "strength" : 0.0,
          "injuredDays" : 0,
          "injured" : false,
          "retired" : false
        }, {
          "playerName" : "John Hawkey",
          "position" : "goalie",
          "captain" : false,
          "skating" : 14,
          "shooting" : 13,
          "checking" : 6,
          "saving" : 16,
          "age" : 29,
          "daysToAge" : 1,
          "strength" : 0.0,
          "injuredDays" : 0,
          "injured" : false,
          "retired" : false
        }, {
          "playerName" : "Fred Morrison",
          "position" : "forward",
          "captain" : false,
          "skating" : 7,
          "shooting" : 11,
          "checking" : 16,
          "saving" : 7,
          "age" : 19,
          "daysToAge" : 1,
          "strength" : 0.0,
          "injuredDays" : 0,
          "injured" : false,
          "retired" : false
        } ],
        "teamType" : "ai",
        "lossPoints" : 0,
        "teamStrength" : 0.0
      }, {
        "teamName" : "Shanghai Lazy Dogs",
        "generalManager" : "Tina Greenbaum",
        "headCoach" : {
          "name" : "John Chang",
          "skating" : 0.04,
          "shooting" : 0.79,
          "checking" : 0.78,
          "saving" : 0.65
        },
        "players" : [ {
          "playerName" : "Don Williamson",
          "position" : "forward",
          "captain" : false,
          "skating" : 4,
          "shooting" : 3,
          "checking" : 9,
          "saving" : 3,
          "age" : 29,
          "daysToAge" : 1,
          "strength" : 0.0,
          "injuredDays" : 0,
          "injured" : false,
          "retired" : false
        }, {
          "playerName" : "Fred Khatri",
          "position" : "forward",
          "captain" : false,
          "skating" : 11,
          "shooting" : 20,
          "checking" : 2,
          "saving" : 18,
          "age" : 29,
          "daysToAge" : 1,
          "strength" : 0.0,
          "injuredDays" : 0,
          "injured" : false,
          "retired" : false
        }, {
          "playerName" : "Abraham Fei",
          "position" : "forward",
          "captain" : false,
          "skating" : 10,
          "shooting" : 7,
          "checking" : 6,
          "saving" : 4,
          "age" : 33,
          "daysToAge" : 1,
          "strength" : 0.0,
          "injuredDays" : 0,
          "injured" : false,
          "retired" : false
        }, {
          "playerName" : "Pat Greenbaum",
          "position" : "forward",
          "captain" : false,
          "skating" : 9,
          "shooting" : 17,
          "checking" : 2,
          "saving" : 16,
          "age" : 33,
          "daysToAge" : 1,
          "strength" : 0.0,
          "injuredDays" : 0,
          "injured" : false,
          "retired" : false
        }, {
          "playerName" : "Raghav Singh",
          "position" : "forward",
          "captain" : false,
          "skating" : 20,
          "shooting" : 11,
          "checking" : 15,
          "saving" : 8,
          "age" : 29,
          "daysToAge" : 1,
          "strength" : 0.0,
          "injuredDays" : 0,
          "injured" : false,
          "retired" : false
        }, {
          "playerName" : "Pat Cherry",
          "position" : "forward",
          "captain" : false,
          "skating" : 13,
          "shooting" : 13,
          "checking" : 13,
          "saving" : 15,
          "age" : 24,
          "daysToAge" : 1,
          "strength" : 0.0,
          "injuredDays" : 0,
          "injured" : false,
          "retired" : false
        }, {
          "playerName" : "Don Burbchuk",
          "position" : "forward",
          "captain" : false,
          "skating" : 17,
          "shooting" : 4,
          "checking" : 3,
          "saving" : 20,
          "age" : 27,
          "daysToAge" : 1,
          "strength" : 0.0,
          "injuredDays" : 0,
          "injured" : false,
          "retired" : false
        }, {
          "playerName" : "Don Hawkins",
          "position" : "forward",
          "captain" : true,
          "skating" : 15,
          "shooting" : 19,
          "checking" : 18,
          "saving" : 4,
          "age" : 18,
          "daysToAge" : 1,
          "strength" : 0.0,
          "injuredDays" : 0,
          "injured" : false,
          "retired" : false
        }, {
          "playerName" : "Chris Smith",
          "position" : "forward",
          "captain" : false,
          "skating" : 18,
          "shooting" : 17,
          "checking" : 4,
          "saving" : 14,
          "age" : 21,
          "daysToAge" : 1,
          "strength" : 0.0,
          "injuredDays" : 0,
          "injured" : false,
          "retired" : false
        }, {
          "playerName" : "Abraham Thomson",
          "position" : "defense",
          "captain" : false,
          "skating" : 2,
          "shooting" : 8,
          "checking" : 20,
          "saving" : 15,
          "age" : 18,
          "daysToAge" : 1,
          "strength" : 0.0,
          "injuredDays" : 0,
          "injured" : false,
          "retired" : false
        }, {
          "playerName" : "Prashant Samson",
          "position" : "defense",
          "captain" : false,
          "skating" : 1,
          "shooting" : 1,
          "checking" : 15,
          "saving" : 8,
          "age" : 30,
          "daysToAge" : 1,
          "strength" : 0.0,
          "injuredDays" : 0,
          "injured" : false,
          "retired" : false
        }, {
          "playerName" : "John Liu",
          "position" : "defense",
          "captain" : false,
          "skating" : 8,
          "shooting" : 20,
          "checking" : 11,
          "saving" : 17,
          "age" : 33,
          "daysToAge" : 1,
          "strength" : 0.0,
          "injuredDays" : 0,
          "injured" : false,
          "retired" : false
        }, {
          "playerName" : "Hardik Halen",
          "position" : "defense",
          "captain" : false,
          "skating" : 10,
          "shooting" : 6,
          "checking" : 8,
          "saving" : 2,
          "age" : 23,
          "daysToAge" : 1,
          "strength" : 0.0,
          "injuredDays" : 0,
          "injured" : false,
          "retired" : false
        }, {
          "playerName" : "Roger Halen",
          "position" : "defense",
          "captain" : false,
          "skating" : 18,
          "shooting" : 12,
          "checking" : 6,
          "saving" : 4,
          "age" : 20,
          "daysToAge" : 1,
          "strength" : 0.0,
          "injuredDays" : 0,
          "injured" : false,
          "retired" : false
        }, {
          "playerName" : "Sammy Williamson",
          "position" : "defense",
          "captain" : false,
          "skating" : 6,
          "shooting" : 11,
          "checking" : 11,
          "saving" : 5,
          "age" : 30,
          "daysToAge" : 1,
          "strength" : 0.0,
          "injuredDays" : 0,
          "injured" : false,
          "retired" : false
        }, {
          "playerName" : "Walter Fei",
          "position" : "defense",
          "captain" : false,
          "skating" : 11,
          "shooting" : 16,
          "checking" : 18,
          "saving" : 10,
          "age" : 33,
          "daysToAge" : 1,
          "strength" : 0.0,
          "injuredDays" : 0,
          "injured" : false,
          "retired" : false
        }, {
          "playerName" : "Pat Morrison",
          "position" : "defense",
          "captain" : false,
          "skating" : 7,
          "shooting" : 14,
          "checking" : 6,
          "saving" : 5,
          "age" : 22,
          "daysToAge" : 1,
          "strength" : 0.0,
          "injuredDays" : 0,
          "injured" : false,
          "retired" : false
        }, {
          "playerName" : "Don Greenbaum",
          "position" : "forward",
          "captain" : false,
          "skating" : 8,
          "shooting" : 20,
          "checking" : 5,
          "saving" : 9,
          "age" : 29,
          "daysToAge" : 1,
          "strength" : 0.0,
          "injuredDays" : 0,
          "injured" : false,
          "retired" : false
        }, {
          "playerName" : "Abraham Samson",
          "position" : "goalie",
          "captain" : false,
          "skating" : 3,
          "shooting" : 19,
          "checking" : 13,
          "saving" : 5,
          "age" : 18,
          "daysToAge" : 1,
          "strength" : 0.0,
          "injuredDays" : 0,
          "injured" : false,
          "retired" : false
        }, {
          "playerName" : "Wen Singh",
          "position" : "forward",
          "captain" : false,
          "skating" : 6,
          "shooting" : 19,
          "checking" : 17,
          "saving" : 17,
          "age" : 33,
          "daysToAge" : 1,
          "strength" : 0.0,
          "injuredDays" : 0,
          "injured" : false,
          "retired" : false
        } ],
        "teamType" : "ai",
        "lossPoints" : 0,
        "teamStrength" : 0.0
      }, {
        "teamName" : "London Reds",
        "generalManager" : "John Hawkey",
        "headCoach" : {
          "name" : "Hardik Nelson",
          "skating" : 0.35,
          "shooting" : 0.57,
          "checking" : 0.65,
          "saving" : 0.99
        },
        "players" : [ {
          "playerName" : "John Nelson",
          "position" : "forward",
          "captain" : false,
          "skating" : 6,
          "shooting" : 6,
          "checking" : 13,
          "saving" : 12,
          "age" : 27,
          "daysToAge" : 1,
          "strength" : 0.0,
          "injuredDays" : 0,
          "injured" : false,
          "retired" : false
        }, {
          "playerName" : "Tami Halen",
          "position" : "forward",
          "captain" : false,
          "skating" : 14,
          "shooting" : 1,
          "checking" : 18,
          "saving" : 2,
          "age" : 30,
          "daysToAge" : 1,
          "strength" : 0.0,
          "injuredDays" : 0,
          "injured" : false,
          "retired" : false
        }, {
          "playerName" : "Tina Patel",
          "position" : "forward",
          "captain" : false,
          "skating" : 12,
          "shooting" : 11,
          "checking" : 11,
          "saving" : 11,
          "age" : 24,
          "daysToAge" : 1,
          "strength" : 0.0,
          "injuredDays" : 0,
          "injured" : false,
          "retired" : false
        }, {
          "playerName" : "Mike Chang",
          "position" : "forward",
          "captain" : false,
          "skating" : 16,
          "shooting" : 2,
          "checking" : 6,
          "saving" : 18,
          "age" : 22,
          "daysToAge" : 1,
          "strength" : 0.0,
          "injuredDays" : 0,
          "injured" : false,
          "retired" : false
        }, {
          "playerName" : "Sammy Wu",
          "position" : "forward",
          "captain" : false,
          "skating" : 2,
          "shooting" : 15,
          "checking" : 9,
          "saving" : 9,
          "age" : 25,
          "daysToAge" : 1,
          "strength" : 0.0,
          "injuredDays" : 0,
          "injured" : false,
          "retired" : false
        }, {
          "playerName" : "Sammy Chang",
          "position" : "forward",
          "captain" : false,
          "skating" : 19,
          "shooting" : 8,
          "checking" : 19,
          "saving" : 6,
          "age" : 31,
          "daysToAge" : 1,
          "strength" : 0.0,
          "injuredDays" : 0,
          "injured" : false,
          "retired" : false
        }, {
          "playerName" : "Prashant Hawkey",
          "position" : "forward",
          "captain" : false,
          "skating" : 1,
          "shooting" : 6,
          "checking" : 18,
          "saving" : 6,
          "age" : 23,
          "daysToAge" : 1,
          "strength" : 0.0,
          "injuredDays" : 0,
          "injured" : false,
          "retired" : false
        }, {
          "playerName" : "Bonnie Liu",
          "position" : "forward",
          "captain" : false,
          "skating" : 7,
          "shooting" : 19,
          "checking" : 6,
          "saving" : 3,
          "age" : 30,
          "daysToAge" : 1,
          "strength" : 0.0,
          "injuredDays" : 0,
          "injured" : false,
          "retired" : false
        }, {
          "playerName" : "Roger Halen",
          "position" : "forward",
          "captain" : true,
          "skating" : 16,
          "shooting" : 2,
          "checking" : 9,
          "saving" : 13,
          "age" : 21,
          "daysToAge" : 1,
          "strength" : 0.0,
          "injuredDays" : 0,
          "injured" : false,
          "retired" : false
        }, {
          "playerName" : "Mary Chang",
          "position" : "defense",
          "captain" : false,
          "skating" : 1,
          "shooting" : 9,
          "checking" : 14,
          "saving" : 18,
          "age" : 34,
          "daysToAge" : 1,
          "strength" : 0.0,
          "injuredDays" : 0,
          "injured" : false,
          "retired" : false
        }, {
          "playerName" : "Wen Liu",
          "position" : "defense",
          "captain" : false,
          "skating" : 17,
          "shooting" : 18,
          "checking" : 1,
          "saving" : 13,
          "age" : 26,
          "daysToAge" : 1,
          "strength" : 0.0,
          "injuredDays" : 0,
          "injured" : false,
          "retired" : false
        }, {
          "playerName" : "Walter Hawkins",
          "position" : "defense",
          "captain" : false,
          "skating" : 18,
          "shooting" : 9,
          "checking" : 14,
          "saving" : 14,
          "age" : 26,
          "daysToAge" : 1,
          "strength" : 0.0,
          "injuredDays" : 0,
          "injured" : false,
          "retired" : false
        }, {
          "playerName" : "Don Cherry",
          "position" : "defense",
          "captain" : false,
          "skating" : 4,
          "shooting" : 19,
          "checking" : 20,
          "saving" : 16,
          "age" : 19,
          "daysToAge" : 1,
          "strength" : 0.0,
          "injuredDays" : 0,
          "injured" : false,
          "retired" : false
        }, {
          "playerName" : "Raghav Thomson",
          "position" : "defense",
          "captain" : false,
          "skating" : 15,
          "shooting" : 14,
          "checking" : 13,
          "saving" : 4,
          "age" : 34,
          "daysToAge" : 1,
          "strength" : 0.0,
          "injuredDays" : 0,
          "injured" : false,
          "retired" : false
        }, {
          "playerName" : "Mary Bishop",
          "position" : "defense",
          "captain" : false,
          "skating" : 17,
          "shooting" : 20,
          "checking" : 9,
          "saving" : 19,
          "age" : 23,
          "daysToAge" : 1,
          "strength" : 0.0,
          "injuredDays" : 0,
          "injured" : false,
          "retired" : false
        }, {
          "playerName" : "Chris Bishop",
          "position" : "defense",
          "captain" : false,
          "skating" : 2,
          "shooting" : 8,
          "checking" : 10,
          "saving" : 12,
          "age" : 25,
          "daysToAge" : 1,
          "strength" : 0.0,
          "injuredDays" : 0,
          "injured" : false,
          "retired" : false
        }, {
          "playerName" : "Tina Nelson",
          "position" : "defense",
          "captain" : false,
          "skating" : 12,
          "shooting" : 1,
          "checking" : 12,
          "saving" : 18,
          "age" : 20,
          "daysToAge" : 1,
          "strength" : 0.0,
          "injuredDays" : 0,
          "injured" : false,
          "retired" : false
        }, {
          "playerName" : "Mary Greenbaum",
          "position" : "forward",
          "captain" : false,
          "skating" : 4,
          "shooting" : 9,
          "checking" : 4,
          "saving" : 1,
          "age" : 32,
          "daysToAge" : 1,
          "strength" : 0.0,
          "injuredDays" : 0,
          "injured" : false,
          "retired" : false
        }, {
          "playerName" : "Wen Greenbaum",
          "position" : "goalie",
          "captain" : false,
          "skating" : 7,
          "shooting" : 15,
          "checking" : 20,
          "saving" : 6,
          "age" : 28,
          "daysToAge" : 1,
          "strength" : 0.0,
          "injuredDays" : 0,
          "injured" : false,
          "retired" : false
        }, {
          "playerName" : "Prashant Morrison",
          "position" : "forward",
          "captain" : false,
          "skating" : 8,
          "shooting" : 16,
          "checking" : 1,
          "saving" : 12,
          "age" : 21,
          "daysToAge" : 1,
          "strength" : 0.0,
          "injuredDays" : 0,
          "injured" : false,
          "retired" : false
        } ],
        "teamType" : "ai",
        "lossPoints" : 0,
        "teamStrength" : 0.0
      }, {
        "teamName" : "Jakarta Bulls",
        "generalManager" : "Abraham Smith",
        "headCoach" : {
          "name" : "Don Samson",
          "skating" : 0.66,
          "shooting" : 0.12,
          "checking" : 0.8,
          "saving" : 0.11
        },
        "players" : [ {
          "playerName" : "Fred Morrison",
          "position" : "forward",
          "captain" : false,
          "skating" : 3,
          "shooting" : 5,
          "checking" : 7,
          "saving" : 8,
          "age" : 27,
          "daysToAge" : 1,
          "strength" : 0.0,
          "injuredDays" : 0,
          "injured" : false,
          "retired" : false
        }, {
          "playerName" : "John Samson",
          "position" : "forward",
          "captain" : false,
          "skating" : 2,
          "shooting" : 11,
          "checking" : 16,
          "saving" : 13,
          "age" : 20,
          "daysToAge" : 1,
          "strength" : 0.0,
          "injuredDays" : 0,
          "injured" : false,
          "retired" : false
        }, {
          "playerName" : "Rob Hawkey",
          "position" : "forward",
          "captain" : false,
          "skating" : 8,
          "shooting" : 7,
          "checking" : 3,
          "saving" : 20,
          "age" : 31,
          "daysToAge" : 1,
          "strength" : 0.0,
          "injuredDays" : 0,
          "injured" : false,
          "retired" : false
        }, {
          "playerName" : "Walter Fei",
          "position" : "forward",
          "captain" : false,
          "skating" : 13,
          "shooting" : 9,
          "checking" : 9,
          "saving" : 20,
          "age" : 32,
          "daysToAge" : 1,
          "strength" : 0.0,
          "injuredDays" : 0,
          "injured" : false,
          "retired" : false
        }, {
          "playerName" : "Sammy Singh",
          "position" : "forward",
          "captain" : false,
          "skating" : 7,
          "shooting" : 8,
          "checking" : 9,
          "saving" : 9,
          "age" : 26,
          "daysToAge" : 1,
          "strength" : 0.0,
          "injuredDays" : 0,
          "injured" : false,
          "retired" : false
        }, {
          "playerName" : "Sammy Thomson",
          "position" : "forward",
          "captain" : false,
          "skating" : 11,
          "shooting" : 19,
          "checking" : 9,
          "saving" : 14,
          "age" : 33,
          "daysToAge" : 1,
          "strength" : 0.0,
          "injuredDays" : 0,
          "injured" : false,
          "retired" : false
        }, {
          "playerName" : "Walter Cherry",
          "position" : "forward",
          "captain" : false,
          "skating" : 10,
          "shooting" : 19,
          "checking" : 1,
          "saving" : 15,
          "age" : 21,
          "daysToAge" : 1,
          "strength" : 0.0,
          "injuredDays" : 0,
          "injured" : false,
          "retired" : false
        }, {
          "playerName" : "Don Fei",
          "position" : "forward",
          "captain" : true,
          "skating" : 5,
          "shooting" : 8,
          "checking" : 17,
          "saving" : 14,
          "age" : 34,
          "daysToAge" : 1,
          "strength" : 0.0,
          "injuredDays" : 0,
          "injured" : false,
          "retired" : false
        }, {
          "playerName" : "Wen Singh",
          "position" : "forward",
          "captain" : false,
          "skating" : 5,
          "shooting" : 2,
          "checking" : 16,
          "saving" : 4,
          "age" : 32,
          "daysToAge" : 1,
          "strength" : 0.0,
          "injuredDays" : 0,
          "injured" : false,
          "retired" : false
        }, {
          "playerName" : "Nancy Hawkins",
          "position" : "defense",
          "captain" : false,
          "skating" : 12,
          "shooting" : 3,
          "checking" : 19,
          "saving" : 4,
          "age" : 33,
          "daysToAge" : 1,
          "strength" : 0.0,
          "injuredDays" : 0,
          "injured" : false,
          "retired" : false
        }, {
          "playerName" : "Pat Bishop",
          "position" : "defense",
          "captain" : false,
          "skating" : 13,
          "shooting" : 3,
          "checking" : 8,
          "saving" : 6,
          "age" : 19,
          "daysToAge" : 1,
          "strength" : 0.0,
          "injuredDays" : 0,
          "injured" : false,
          "retired" : false
        }, {
          "playerName" : "Zongming Marley",
          "position" : "defense",
          "captain" : false,
          "skating" : 13,
          "shooting" : 2,
          "checking" : 7,
          "saving" : 14,
          "age" : 26,
          "daysToAge" : 1,
          "strength" : 0.0,
          "injuredDays" : 0,
          "injured" : false,
          "retired" : false
        }, {
          "playerName" : "Prashant Halen",
          "position" : "defense",
          "captain" : false,
          "skating" : 14,
          "shooting" : 8,
          "checking" : 20,
          "saving" : 5,
          "age" : 19,
          "daysToAge" : 1,
          "strength" : 0.0,
          "injuredDays" : 0,
          "injured" : false,
          "retired" : false
        }, {
          "playerName" : "Zongming Cherry",
          "position" : "defense",
          "captain" : false,
          "skating" : 1,
          "shooting" : 4,
          "checking" : 4,
          "saving" : 19,
          "age" : 33,
          "daysToAge" : 1,
          "strength" : 0.0,
          "injuredDays" : 0,
          "injured" : false,
          "retired" : false
        }, {
          "playerName" : "Tina Smith",
          "position" : "defense",
          "captain" : false,
          "skating" : 9,
          "shooting" : 17,
          "checking" : 10,
          "saving" : 4,
          "age" : 34,
          "daysToAge" : 1,
          "strength" : 0.0,
          "injuredDays" : 0,
          "injured" : false,
          "retired" : false
        }, {
          "playerName" : "Sammy Bishop",
          "position" : "defense",
          "captain" : false,
          "skating" : 6,
          "shooting" : 19,
          "checking" : 10,
          "saving" : 18,
          "age" : 33,
          "daysToAge" : 1,
          "strength" : 0.0,
          "injuredDays" : 0,
          "injured" : false,
          "retired" : false
        }, {
          "playerName" : "Tami Wu",
          "position" : "defense",
          "captain" : false,
          "skating" : 14,
          "shooting" : 13,
          "checking" : 15,
          "saving" : 13,
          "age" : 35,
          "daysToAge" : 1,
          "strength" : 0.0,
          "injuredDays" : 0,
          "injured" : false,
          "retired" : false
        }, {
          "playerName" : "John Bishop",
          "position" : "forward",
          "captain" : false,
          "skating" : 1,
          "shooting" : 17,
          "checking" : 16,
          "saving" : 16,
          "age" : 23,
          "daysToAge" : 1,
          "strength" : 0.0,
          "injuredDays" : 0,
          "injured" : false,
          "retired" : false
        }, {
          "playerName" : "Hardik Singh",
          "position" : "goalie",
          "captain" : false,
          "skating" : 11,
          "shooting" : 2,
          "checking" : 2,
          "saving" : 5,
          "age" : 18,
          "daysToAge" : 1,
          "strength" : 0.0,
          "injuredDays" : 0,
          "injured" : false,
          "retired" : false
        }, {
          "playerName" : "Roger Cherry",
          "position" : "forward",
          "captain" : false,
          "skating" : 20,
          "shooting" : 4,
          "checking" : 3,
          "saving" : 2,
          "age" : 27,
          "daysToAge" : 1,
          "strength" : 0.0,
          "injuredDays" : 0,
          "injured" : false,
          "retired" : false
        } ],
        "teamType" : "ai",
        "lossPoints" : 0,
        "teamStrength" : 0.0
      } ]
    } ]
  } ],
  "freeAgents" : [ {
    "playerName" : "Fred Samson",
    "position" : "defense",
    "skating" : 20,
    "shooting" : 16,
    "checking" : 15,
    "saving" : 18,
    "age" : 0,
    "strength" : 0.0
  }, {
    "playerName" : "Raghav Morrison",
    "position" : "goalie",
    "skating" : 4,
    "shooting" : 2,
    "checking" : 5,
    "saving" : 17,
    "age" : 0,
    "strength" : 0.0
  }, {
    "playerName" : "Raghav Liu",
    "position" : "goalie",
    "skating" : 19,
    "shooting" : 15,
    "checking" : 19,
    "saving" : 17,
    "age" : 0,
    "strength" : 0.0
  }, {
    "playerName" : "Rob Liu",
    "position" : "forward",
    "skating" : 7,
    "shooting" : 14,
    "checking" : 5,
    "saving" : 7,
    "age" : 0,
    "strength" : 0.0
  }, {
    "playerName" : "Raghav Nelson",
    "position" : "forward",
    "skating" : 12,
    "shooting" : 1,
    "checking" : 15,
    "saving" : 3,
    "age" : 0,
    "strength" : 0.0
  }, {
    "playerName" : "Abraham Hawkins",
    "position" : "defense",
    "skating" : 8,
    "shooting" : 6,
    "checking" : 7,
    "saving" : 15,
    "age" : 0,
    "strength" : 0.0
  }, {
    "playerName" : "Rob Liu",
    "position" : "forward",
    "skating" : 12,
    "shooting" : 15,
    "checking" : 8,
    "saving" : 7,
    "age" : 0,
    "strength" : 0.0
  }, {
    "playerName" : "Rob Patel",
    "position" : "forward",
    "skating" : 20,
    "shooting" : 10,
    "checking" : 9,
    "saving" : 18,
    "age" : 0,
    "strength" : 0.0
  }, {
    "playerName" : "Nancy Hawkins",
    "position" : "defense",
    "skating" : 7,
    "shooting" : 16,
    "checking" : 20,
    "saving" : 2,
    "age" : 0,
    "strength" : 0.0
  }, {
    "playerName" : "Mike Wu",
    "position" : "defense",
    "skating" : 2,
    "shooting" : 2,
    "checking" : 11,
    "saving" : 11,
    "age" : 0,
    "strength" : 0.0
  }, {
    "playerName" : "Don Samson",
    "position" : "forward",
    "skating" : 12,
    "shooting" : 11,
    "checking" : 15,
    "saving" : 9,
    "age" : 0,
    "strength" : 0.0
  }, {
    "playerName" : "Fred Hawkins",
    "position" : "defense",
    "skating" : 15,
    "shooting" : 8,
    "checking" : 17,
    "saving" : 17,
    "age" : 0,
    "strength" : 0.0
  }, {
    "playerName" : "Prashant Samson",
    "position" : "goalie",
    "skating" : 13,
    "shooting" : 17,
    "checking" : 10,
    "saving" : 19,
    "age" : 0,
    "strength" : 0.0
  }, {
    "playerName" : "Mary Patel",
    "position" : "goalie",
    "skating" : 15,
    "shooting" : 4,
    "checking" : 9,
    "saving" : 20,
    "age" : 0,
    "strength" : 0.0
  }, {
    "playerName" : "Pat Singh",
    "position" : "defense",
    "skating" : 18,
    "shooting" : 2,
    "checking" : 5,
    "saving" : 11,
    "age" : 0,
    "strength" : 0.0
  }, {
    "playerName" : "Mohammed Burbchuk",
    "position" : "defense",
    "skating" : 18,
    "shooting" : 1,
    "checking" : 11,
    "saving" : 1,
    "age" : 0,
    "strength" : 0.0
  }, {
    "playerName" : "Mike Burbchuk",
    "position" : "goalie",
    "skating" : 4,
    "shooting" : 19,
    "checking" : 4,
    "saving" : 15,
    "age" : 0,
    "strength" : 0.0
  }, {
    "playerName" : "Wen Marley",
    "position" : "goalie",
    "skating" : 13,
    "shooting" : 16,
    "checking" : 15,
    "saving" : 14,
    "age" : 0,
    "strength" : 0.0
  }, {
    "playerName" : "Wen Fei",
    "position" : "defense",
    "skating" : 6,
    "shooting" : 2,
    "checking" : 7,
    "saving" : 6,
    "age" : 0,
    "strength" : 0.0
  }, {
    "playerName" : "Abraham Patel",
    "position" : "goalie",
    "skating" : 10,
    "shooting" : 19,
    "checking" : 5,
    "saving" : 5,
    "age" : 0,
    "strength" : 0.0
  }, {
    "playerName" : "Pat Thomson",
    "position" : "defense",
    "skating" : 4,
    "shooting" : 1,
    "checking" : 16,
    "saving" : 10,
    "age" : 0,
    "strength" : 0.0
  }, {
    "playerName" : "Mary Smith",
    "position" : "defense",
    "skating" : 4,
    "shooting" : 2,
    "checking" : 5,
    "saving" : 7,
    "age" : 0,
    "strength" : 0.0
  }, {
    "playerName" : "Roger Smith",
    "position" : "goalie",
    "skating" : 15,
    "shooting" : 4,
    "checking" : 1,
    "saving" : 5,
    "age" : 0,
    "strength" : 0.0
  }, {
    "playerName" : "Wen Williamson",
    "position" : "goalie",
    "skating" : 20,
    "shooting" : 18,
    "checking" : 15,
    "saving" : 5,
    "age" : 0,
    "strength" : 0.0
  }, {
    "playerName" : "Mary Hawkins",
    "position" : "goalie",
    "skating" : 10,
    "shooting" : 7,
    "checking" : 12,
    "saving" : 10,
    "age" : 0,
    "strength" : 0.0
  }, {
    "playerName" : "Raghav Thomson",
    "position" : "goalie",
    "skating" : 12,
    "shooting" : 9,
    "checking" : 20,
    "saving" : 16,
    "age" : 0,
    "strength" : 0.0
  }, {
    "playerName" : "Tina Hawkins",
    "position" : "goalie",
    "skating" : 1,
    "shooting" : 5,
    "checking" : 13,
    "saving" : 5,
    "age" : 0,
    "strength" : 0.0
  }, {
    "playerName" : "Mohammed Burbchuk",
    "position" : "forward",
    "skating" : 10,
    "shooting" : 1,
    "checking" : 7,
    "saving" : 7,
    "age" : 0,
    "strength" : 0.0
  }, {
    "playerName" : "Mary Singh",
    "position" : "goalie",
    "skating" : 16,
    "shooting" : 8,
    "checking" : 18,
    "saving" : 5,
    "age" : 0,
    "strength" : 0.0
  }, {
    "playerName" : "Mike Smith",
    "position" : "forward",
    "skating" : 2,
    "shooting" : 6,
    "checking" : 8,
    "saving" : 5,
    "age" : 0,
    "strength" : 0.0
  }, {
    "playerName" : "Bonnie Liu",
    "position" : "goalie",
    "skating" : 20,
    "shooting" : 3,
    "checking" : 13,
    "saving" : 19,
    "age" : 0,
    "strength" : 0.0
  }, {
    "playerName" : "Don Burbchuk",
    "position" : "defense",
    "skating" : 3,
    "shooting" : 5,
    "checking" : 1,
    "saving" : 8,
    "age" : 0,
    "strength" : 0.0
  }, {
    "playerName" : "Chris Morrison",
    "position" : "forward",
    "skating" : 15,
    "shooting" : 2,
    "checking" : 9,
    "saving" : 7,
    "age" : 0,
    "strength" : 0.0
  }, {
    "playerName" : "Nancy Smith",
    "position" : "forward",
    "skating" : 16,
    "shooting" : 17,
    "checking" : 18,
    "saving" : 6,
    "age" : 0,
    "strength" : 0.0
  }, {
    "playerName" : "Hardik Thomson",
    "position" : "goalie",
    "skating" : 6,
    "shooting" : 20,
    "checking" : 1,
    "saving" : 3,
    "age" : 0,
    "strength" : 0.0
  }, {
    "playerName" : "John Smith",
    "position" : "defense",
    "skating" : 4,
    "shooting" : 7,
    "checking" : 6,
    "saving" : 14,
    "age" : 0,
    "strength" : 0.0
  }, {
    "playerName" : "Tina Patel",
    "position" : "defense",
    "skating" : 14,
    "shooting" : 14,
    "checking" : 4,
    "saving" : 6,
    "age" : 0,
    "strength" : 0.0
  }, {
    "playerName" : "Hardik Wu",
    "position" : "defense",
    "skating" : 3,
    "shooting" : 10,
    "checking" : 7,
    "saving" : 13,
    "age" : 0,
    "strength" : 0.0
  }, {
    "playerName" : "Tina Greenbaum",
    "position" : "goalie",
    "skating" : 11,
    "shooting" : 20,
    "checking" : 15,
    "saving" : 8,
    "age" : 0,
    "strength" : 0.0
  }, {
    "playerName" : "Tami Chang",
    "position" : "goalie",
    "skating" : 9,
    "shooting" : 1,
    "checking" : 16,
    "saving" : 7,
    "age" : 0,
    "strength" : 0.0
  }, {
    "playerName" : "Walter Liu",
    "position" : "goalie",
    "skating" : 2,
    "shooting" : 1,
    "checking" : 17,
    "saving" : 7,
    "age" : 0,
    "strength" : 0.0
  }, {
    "playerName" : "Walter Hawkey",
    "position" : "forward",
    "skating" : 2,
    "shooting" : 11,
    "checking" : 18,
    "saving" : 14,
    "age" : 0,
    "strength" : 0.0
  }, {
    "playerName" : "Fred Chang",
    "position" : "defense",
    "skating" : 17,
    "shooting" : 8,
    "checking" : 20,
    "saving" : 16,
    "age" : 0,
    "strength" : 0.0
  }, {
    "playerName" : "Zongming Morrison",
    "position" : "defense",
    "skating" : 8,
    "shooting" : 6,
    "checking" : 8,
    "saving" : 1,
    "age" : 0,
    "strength" : 0.0
  }, {
    "playerName" : "Pat Wu",
    "position" : "defense",
    "skating" : 14,
    "shooting" : 11,
    "checking" : 6,
    "saving" : 15,
    "age" : 0,
    "strength" : 0.0
  }, {
    "playerName" : "Prashant Fei",
    "position" : "forward",
    "skating" : 18,
    "shooting" : 11,
    "checking" : 4,
    "saving" : 15,
    "age" : 0,
    "strength" : 0.0
  }, {
    "playerName" : "Rob Wu",
    "position" : "defense",
    "skating" : 10,
    "shooting" : 13,
    "checking" : 12,
    "saving" : 9,
    "age" : 0,
    "strength" : 0.0
  }, {
    "playerName" : "Rob Marley",
    "position" : "defense",
    "skating" : 19,
    "shooting" : 18,
    "checking" : 8,
    "saving" : 2,
    "age" : 0,
    "strength" : 0.0
  }, {
    "playerName" : "Mike Thomson",
    "position" : "forward",
    "skating" : 18,
    "shooting" : 12,
    "checking" : 15,
    "saving" : 15,
    "age" : 0,
    "strength" : 0.0
  }, {
    "playerName" : "Nancy Khatri",
    "position" : "goalie",
    "skating" : 16,
    "shooting" : 8,
    "checking" : 10,
    "saving" : 9,
    "age" : 0,
    "strength" : 0.0
  }, {
    "playerName" : "Rashita Marley",
    "position" : "defense",
    "skating" : 1,
    "shooting" : 6,
    "checking" : 18,
    "saving" : 15,
    "age" : 0,
    "strength" : 0.0
  }, {
    "playerName" : "John Samson",
    "position" : "goalie",
    "skating" : 4,
    "shooting" : 19,
    "checking" : 3,
    "saving" : 6,
    "age" : 0,
    "strength" : 0.0
  }, {
    "playerName" : "Mohammed Smith",
    "position" : "forward",
    "skating" : 11,
    "shooting" : 9,
    "checking" : 5,
    "saving" : 7,
    "age" : 0,
    "strength" : 0.0
  }, {
    "playerName" : "Chris Chang",
    "position" : "defense",
    "skating" : 7,
    "shooting" : 11,
    "checking" : 3,
    "saving" : 3,
    "age" : 0,
    "strength" : 0.0
  }, {
    "playerName" : "Hardik Singh",
    "position" : "goalie",
    "skating" : 6,
    "shooting" : 3,
    "checking" : 5,
    "saving" : 3,
    "age" : 0,
    "strength" : 0.0
  }, {
    "playerName" : "Abraham Marley",
    "position" : "goalie",
    "skating" : 14,
    "shooting" : 11,
    "checking" : 16,
    "saving" : 3,
    "age" : 0,
    "strength" : 0.0
  }, {
    "playerName" : "Mary Hawkey",
    "position" : "forward",
    "skating" : 19,
    "shooting" : 14,
    "checking" : 20,
    "saving" : 19,
    "age" : 0,
    "strength" : 0.0
  }, {
    "playerName" : "Chris Samson",
    "position" : "goalie",
    "skating" : 8,
    "shooting" : 18,
    "checking" : 5,
    "saving" : 12,
    "age" : 0,
    "strength" : 0.0
  }, {
    "playerName" : "Mohammed Greenbaum",
    "position" : "goalie",
    "skating" : 10,
    "shooting" : 20,
    "checking" : 7,
    "saving" : 10,
    "age" : 0,
    "strength" : 0.0
  }, {
    "playerName" : "Bonnie Hawkins",
    "position" : "forward",
    "skating" : 8,
    "shooting" : 11,
    "checking" : 6,
    "saving" : 5,
    "age" : 0,
    "strength" : 0.0
  }, {
    "playerName" : "Rob Patel",
    "position" : "goalie",
    "skating" : 2,
    "shooting" : 8,
    "checking" : 5,
    "saving" : 9,
    "age" : 0,
    "strength" : 0.0
  }, {
    "playerName" : "Chris Chang",
    "position" : "defense",
    "skating" : 20,
    "shooting" : 1,
    "checking" : 7,
    "saving" : 14,
    "age" : 0,
    "strength" : 0.0
  }, {
    "playerName" : "Fred Wu",
    "position" : "forward",
    "skating" : 2,
    "shooting" : 16,
    "checking" : 2,
    "saving" : 16,
    "age" : 0,
    "strength" : 0.0
  }, {
    "playerName" : "Abraham Patel",
    "position" : "defense",
    "skating" : 6,
    "shooting" : 6,
    "checking" : 4,
    "saving" : 12,
    "age" : 0,
    "strength" : 0.0
  }, {
    "playerName" : "John Patel",
    "position" : "forward",
    "skating" : 2,
    "shooting" : 16,
    "checking" : 5,
    "saving" : 7,
    "age" : 0,
    "strength" : 0.0
  }, {
    "playerName" : "Prashant Cherry",
    "position" : "forward",
    "skating" : 6,
    "shooting" : 5,
    "checking" : 6,
    "saving" : 15,
    "age" : 0,
    "strength" : 0.0
  }, {
    "playerName" : "Mike Thomson",
    "position" : "defense",
    "skating" : 9,
    "shooting" : 17,
    "checking" : 19,
    "saving" : 6,
    "age" : 0,
    "strength" : 0.0
  }, {
    "playerName" : "Mike Cherry",
    "position" : "forward",
    "skating" : 13,
    "shooting" : 8,
    "checking" : 14,
    "saving" : 12,
    "age" : 0,
    "strength" : 0.0
  }, {
    "playerName" : "Don Khatri",
    "position" : "goalie",
    "skating" : 10,
    "shooting" : 11,
    "checking" : 18,
    "saving" : 17,
    "age" : 0,
    "strength" : 0.0
  }, {
    "playerName" : "Pat Marley",
    "position" : "defense",
    "skating" : 5,
    "shooting" : 6,
    "checking" : 15,
    "saving" : 16,
    "age" : 0,
    "strength" : 0.0
  }, {
    "playerName" : "Hardik Morrison",
    "position" : "goalie",
    "skating" : 17,
    "shooting" : 1,
    "checking" : 2,
    "saving" : 1,
    "age" : 0,
    "strength" : 0.0
  }, {
    "playerName" : "Free1",
    "position" : "forward",
    "skating" : 15,
    "shooting" : 16,
    "checking" : 17,
    "saving" : 18,
    "age" : 0,
    "strength" : 0.0
  }, {
    "playerName" : "Free1",
    "position" : "forward",
    "skating" : 15,
    "shooting" : 16,
    "checking" : 17,
    "saving" : 18,
    "age" : 0,
    "strength" : 0.0
  }, {
    "playerName" : "Free1",
    "position" : "forward",
    "skating" : 15,
    "shooting" : 16,
    "checking" : 17,
    "saving" : 18,
    "age" : 0,
    "strength" : 0.0
  }, {
    "playerName" : "Free1",
    "position" : "forward",
    "skating" : 15,
    "shooting" : 16,
    "checking" : 17,
    "saving" : 18,
    "age" : 0,
    "strength" : 0.0
  }, {
    "playerName" : "Free1",
    "position" : "forward",
    "skating" : 15,
    "shooting" : 16,
    "checking" : 17,
    "saving" : 18,
    "age" : 0,
    "strength" : 0.0
  }, {
    "playerName" : "Free1",
    "position" : "forward",
    "skating" : 15,
    "shooting" : 16,
    "checking" : 17,
    "saving" : 18,
    "age" : 0,
    "strength" : 0.0
  }, {
    "playerName" : "Free1",
    "position" : "forward",
    "skating" : 15,
    "shooting" : 16,
    "checking" : 17,
    "saving" : 18,
    "age" : 0,
    "strength" : 0.0
  }, {
    "playerName" : "Free1",
    "position" : "forward",
    "skating" : 15,
    "shooting" : 16,
    "checking" : 17,
    "saving" : 18,
    "age" : 0,
    "strength" : 0.0
  }, {
    "playerName" : "Free1",
    "position" : "forward",
    "skating" : 15,
    "shooting" : 16,
    "checking" : 17,
    "saving" : 18,
    "age" : 0,
    "strength" : 0.0
  }, {
    "playerName" : "Free1",
    "position" : "forward",
    "skating" : 15,
    "shooting" : 16,
    "checking" : 17,
    "saving" : 18,
    "age" : 0,
    "strength" : 0.0
  }, {
    "playerName" : "Free1",
    "position" : "forward",
    "skating" : 15,
    "shooting" : 16,
    "checking" : 17,
    "saving" : 18,
    "age" : 0,
    "strength" : 0.0
  }, {
    "playerName" : "Free1",
    "position" : "forward",
    "skating" : 15,
    "shooting" : 16,
    "checking" : 17,
    "saving" : 18,
    "age" : 0,
    "strength" : 0.0
  }, {
    "playerName" : "Free1",
    "position" : "forward",
    "skating" : 15,
    "shooting" : 16,
    "checking" : 17,
    "saving" : 18,
    "age" : 0,
    "strength" : 0.0
  }, {
    "playerName" : "Free1",
    "position" : "forward",
    "skating" : 15,
    "shooting" : 16,
    "checking" : 17,
    "saving" : 18,
    "age" : 0,
    "strength" : 0.0
  }, {
    "playerName" : "Free1",
    "position" : "forward",
    "skating" : 15,
    "shooting" : 16,
    "checking" : 17,
    "saving" : 18,
    "age" : 0,
    "strength" : 0.0
  }, {
    "playerName" : "Free1",
    "position" : "forward",
    "skating" : 15,
    "shooting" : 16,
    "checking" : 17,
    "saving" : 18,
    "age" : 0,
    "strength" : 0.0
  }, {
    "playerName" : "Free1",
    "position" : "forward",
    "skating" : 15,
    "shooting" : 16,
    "checking" : 17,
    "saving" : 18,
    "age" : 0,
    "strength" : 0.0
  }, {
    "playerName" : "Free1",
    "position" : "forward",
    "skating" : 15,
    "shooting" : 16,
    "checking" : 17,
    "saving" : 18,
    "age" : 0,
    "strength" : 0.0
  }, {
    "playerName" : "Free1",
    "position" : "forward",
    "skating" : 15,
    "shooting" : 16,
    "checking" : 17,
    "saving" : 18,
    "age" : 0,
    "strength" : 0.0
  }, {
    "playerName" : "Free1",
    "position" : "forward",
    "skating" : 15,
    "shooting" : 16,
    "checking" : 17,
    "saving" : 18,
    "age" : 0,
    "strength" : 0.0
  }, {
    "playerName" : "Free1",
    "position" : "forward",
    "skating" : 15,
    "shooting" : 16,
    "checking" : 17,
    "saving" : 18,
    "age" : 0,
    "strength" : 0.0
  }, {
    "playerName" : "Free1",
    "position" : "forward",
    "skating" : 15,
    "shooting" : 16,
    "checking" : 17,
    "saving" : 18,
    "age" : 0,
    "strength" : 0.0
  }, {
    "playerName" : "Free1",
    "position" : "forward",
    "skating" : 15,
    "shooting" : 16,
    "checking" : 17,
    "saving" : 18,
    "age" : 0,
    "strength" : 0.0
  }, {
    "playerName" : "Free1",
    "position" : "forward",
    "skating" : 15,
    "shooting" : 16,
    "checking" : 17,
    "saving" : 18,
    "age" : 0,
    "strength" : 0.0
  }, {
    "playerName" : "Free1",
    "position" : "forward",
    "skating" : 15,
    "shooting" : 16,
    "checking" : 17,
    "saving" : 18,
    "age" : 0,
    "strength" : 0.0
  }, {
    "playerName" : "Free1",
    "position" : "forward",
    "skating" : 15,
    "shooting" : 16,
    "checking" : 17,
    "saving" : 18,
    "age" : 0,
    "strength" : 0.0
  }, {
    "playerName" : "Free1",
    "position" : "forward",
    "skating" : 15,
    "shooting" : 16,
    "checking" : 17,
    "saving" : 18,
    "age" : 0,
    "strength" : 0.0
  }, {
    "playerName" : "Free1",
    "position" : "forward",
    "skating" : 15,
    "shooting" : 16,
    "checking" : 17,
    "saving" : 18,
    "age" : 0,
    "strength" : 0.0
  }, {
    "playerName" : "Free1",
    "position" : "forward",
    "skating" : 15,
    "shooting" : 16,
    "checking" : 17,
    "saving" : 18,
    "age" : 0,
    "strength" : 0.0
  }, {
    "playerName" : "Free1",
    "position" : "forward",
    "skating" : 15,
    "shooting" : 16,
    "checking" : 17,
    "saving" : 18,
    "age" : 0,
    "strength" : 0.0
  }, {
    "playerName" : "Free1",
    "position" : "forward",
    "skating" : 15,
    "shooting" : 16,
    "checking" : 17,
    "saving" : 18,
    "age" : 0,
    "strength" : 0.0
  }, {
    "playerName" : "Free1",
    "position" : "forward",
    "skating" : 15,
    "shooting" : 16,
    "checking" : 17,
    "saving" : 18,
    "age" : 0,
    "strength" : 0.0
  }, {
    "playerName" : "Free1",
    "position" : "forward",
    "skating" : 15,
    "shooting" : 16,
    "checking" : 17,
    "saving" : 18,
    "age" : 0,
    "strength" : 0.0
  }, {
    "playerName" : "Free1",
    "position" : "forward",
    "skating" : 15,
    "shooting" : 16,
    "checking" : 17,
    "saving" : 18,
    "age" : 0,
    "strength" : 0.0
  }, {
    "playerName" : "Free1",
    "position" : "forward",
    "skating" : 15,
    "shooting" : 16,
    "checking" : 17,
    "saving" : 18,
    "age" : 0,
    "strength" : 0.0
  }, {
    "playerName" : "Free1",
    "position" : "forward",
    "skating" : 15,
    "shooting" : 16,
    "checking" : 17,
    "saving" : 18,
    "age" : 0,
    "strength" : 0.0
  }, {
    "playerName" : "Free1",
    "position" : "forward",
    "skating" : 15,
    "shooting" : 16,
    "checking" : 17,
    "saving" : 18,
    "age" : 0,
    "strength" : 0.0
  } ],
  "coaches" : [ {
    "name" : "Joe Smith",
    "skating" : 0.5,
    "shooting" : 0.8,
    "checking" : 0.3,
    "saving" : 1.0
  } ],
  "generalManagers" : null,
  "leagueNamePresent" : true,
  "gameplayConfig" : {
    "aging" : {
      "averageRetirementAge" : 0,
      "maximumAge" : 0
    },
    "gameResolver" : {
      "randomWinChance" : 0
    },
    "injuries" : {
      "randomInjuryChance" : 0.05,
      "injuryDaysLow" : 1,
      "injuryDaysHigh" : 260
    },
    "trading" : {
      "lossPoint" : 0,
      "randomTradeOfferChance" : 0,
      "maxPlayersPerTrade" : 0,
      "randomAcceptanceChance" : 0
    },
    "training" : {
      "daysUntilStatIncreaseCheck" : 0
    }
  }
}
]]></system-out>
  </testcase>
</testsuite>