<?xml version="1.0" encoding="UTF-8"?>
<testsuite xmlns:xsi="http://www.w3.org/2001/XMLSchema-instance" xsi:noNamespaceSchemaLocation="https://maven.apache.org/surefire/maven-surefire-plugin/xsd/surefire-test-report-3.0.xsd" version="3.0" name="dhl.stateMachineNew.PlayerDraftTest" time="0.03" tests="31" errors="0" skipped="0" failures="0">
  <properties>
    <property name="sun.desktop" value="windows"/>
    <property name="awt.toolkit" value="sun.awt.windows.WToolkit"/>
    <property name="file.encoding.pkg" value="sun.io"/>
    <property name="java.specification.version" value="1.8"/>
    <property name="sun.cpu.isalist" value="pentium_pro+mmx pentium_pro pentium+mmx pentium i486 i386 i86"/>
    <property name="sun.jnu.encoding" value="Cp1252"/>
    <property name="java.class.path" value="E:\M3Final\csci5308\target\test-classes;E:\M3Final\csci5308\target\classes;C:\Users\Mr.Singh\.m2\repository\org\apache\maven\plugins\maven-compiler-plugin\3.8.1\maven-compiler-plugin-3.8.1.jar;C:\Users\Mr.Singh\.m2\repository\org\apache\maven\maven-plugin-api\3.0\maven-plugin-api-3.0.jar;C:\Users\Mr.Singh\.m2\repository\org\apache\maven\maven-model\3.0\maven-model-3.0.jar;C:\Users\Mr.Singh\.m2\repository\org\sonatype\sisu\sisu-inject-plexus\1.4.2\sisu-inject-plexus-1.4.2.jar;C:\Users\Mr.Singh\.m2\repository\org\sonatype\sisu\sisu-inject-bean\1.4.2\sisu-inject-bean-1.4.2.jar;C:\Users\Mr.Singh\.m2\repository\org\sonatype\sisu\sisu-guice\2.1.7\sisu-guice-2.1.7-noaop.jar;C:\Users\Mr.Singh\.m2\repository\org\apache\maven\maven-artifact\3.0\maven-artifact-3.0.jar;C:\Users\Mr.Singh\.m2\repository\org\codehaus\plexus\plexus-utils\2.0.4\plexus-utils-2.0.4.jar;C:\Users\Mr.Singh\.m2\repository\org\apache\maven\maven-core\3.0\maven-core-3.0.jar;C:\Users\Mr.Singh\.m2\repository\org\apache\maven\maven-settings\3.0\maven-settings-3.0.jar;C:\Users\Mr.Singh\.m2\repository\org\apache\maven\maven-settings-builder\3.0\maven-settings-builder-3.0.jar;C:\Users\Mr.Singh\.m2\repository\org\apache\maven\maven-repository-metadata\3.0\maven-repository-metadata-3.0.jar;C:\Users\Mr.Singh\.m2\repository\org\apache\maven\maven-model-builder\3.0\maven-model-builder-3.0.jar;C:\Users\Mr.Singh\.m2\repository\org\apache\maven\maven-aether-provider\3.0\maven-aether-provider-3.0.jar;C:\Users\Mr.Singh\.m2\repository\org\sonatype\aether\aether-impl\1.7\aether-impl-1.7.jar;C:\Users\Mr.Singh\.m2\repository\org\sonatype\aether\aether-spi\1.7\aether-spi-1.7.jar;C:\Users\Mr.Singh\.m2\repository\org\sonatype\aether\aether-api\1.7\aether-api-1.7.jar;C:\Users\Mr.Singh\.m2\repository\org\sonatype\aether\aether-util\1.7\aether-util-1.7.jar;C:\Users\Mr.Singh\.m2\repository\org\codehaus\plexus\plexus-interpolation\1.14\plexus-interpolation-1.14.jar;C:\Users\Mr.Singh\.m2\repository\org\codehaus\plexus\plexus-classworlds\2.2.3\plexus-classworlds-2.2.3.jar;C:\Users\Mr.Singh\.m2\repository\org\codehaus\plexus\plexus-component-annotations\1.5.5\plexus-component-annotations-1.5.5.jar;C:\Users\Mr.Singh\.m2\repository\org\sonatype\plexus\plexus-sec-dispatcher\1.3\plexus-sec-dispatcher-1.3.jar;C:\Users\Mr.Singh\.m2\repository\org\sonatype\plexus\plexus-cipher\1.4\plexus-cipher-1.4.jar;C:\Users\Mr.Singh\.m2\repository\org\apache\maven\shared\maven-shared-utils\3.2.1\maven-shared-utils-3.2.1.jar;C:\Users\Mr.Singh\.m2\repository\commons-io\commons-io\2.5\commons-io-2.5.jar;C:\Users\Mr.Singh\.m2\repository\org\apache\maven\shared\maven-shared-incremental\1.1\maven-shared-incremental-1.1.jar;C:\Users\Mr.Singh\.m2\repository\org\codehaus\plexus\plexus-java\0.9.10\plexus-java-0.9.10.jar;C:\Users\Mr.Singh\.m2\repository\org\ow2\asm\asm\6.2\asm-6.2.jar;C:\Users\Mr.Singh\.m2\repository\com\thoughtworks\qdox\qdox\2.0-M8\qdox-2.0-M8.jar;C:\Users\Mr.Singh\.m2\repository\org\codehaus\plexus\plexus-compiler-api\2.8.4\plexus-compiler-api-2.8.4.jar;C:\Users\Mr.Singh\.m2\repository\org\codehaus\plexus\plexus-compiler-manager\2.8.4\plexus-compiler-manager-2.8.4.jar;C:\Users\Mr.Singh\.m2\repository\org\codehaus\plexus\plexus-compiler-javac\2.8.4\plexus-compiler-javac-2.8.4.jar;C:\Users\Mr.Singh\.m2\repository\com\googlecode\json-simple\json-simple\1.1.1\json-simple-1.1.1.jar;C:\Users\Mr.Singh\.m2\repository\junit\junit\4.10\junit-4.10.jar;C:\Users\Mr.Singh\.m2\repository\org\hamcrest\hamcrest-core\1.1\hamcrest-core-1.1.jar;C:\Users\Mr.Singh\.m2\repository\mysql\mysql-connector-java\8.0.12\mysql-connector-java-8.0.12.jar;C:\Users\Mr.Singh\.m2\repository\com\google\protobuf\protobuf-java\2.6.0\protobuf-java-2.6.0.jar;C:\Users\Mr.Singh\.m2\repository\com\fasterxml\jackson\core\jackson-databind\2.9.10.6\jackson-databind-2.9.10.6.jar;C:\Users\Mr.Singh\.m2\repository\com\fasterxml\jackson\core\jackson-core\2.10.2\jackson-core-2.10.2.jar;C:\Users\Mr.Singh\.m2\repository\com\fasterxml\jackson\core\jackson-annotations\2.11.2\jackson-annotations-2.11.2.jar;C:\Users\Mr.Singh\.m2\repository\joda-time\joda-time\2.10.7\joda-time-2.10.7.jar;C:\Users\Mr.Singh\.m2\repository\org\junit\jupiter\junit-jupiter\5.7.0\junit-jupiter-5.7.0.jar;C:\Users\Mr.Singh\.m2\repository\org\junit\jupiter\junit-jupiter-api\5.7.0\junit-jupiter-api-5.7.0.jar;C:\Users\Mr.Singh\.m2\repository\org\apiguardian\apiguardian-api\1.1.0\apiguardian-api-1.1.0.jar;C:\Users\Mr.Singh\.m2\repository\org\opentest4j\opentest4j\1.2.0\opentest4j-1.2.0.jar;C:\Users\Mr.Singh\.m2\repository\org\junit\platform\junit-platform-commons\1.7.0\junit-platform-commons-1.7.0.jar;C:\Users\Mr.Singh\.m2\repository\org\junit\jupiter\junit-jupiter-params\5.7.0\junit-jupiter-params-5.7.0.jar;C:\Users\Mr.Singh\.m2\repository\org\junit\jupiter\junit-jupiter-engine\5.7.0\junit-jupiter-engine-5.7.0.jar;C:\Users\Mr.Singh\.m2\repository\org\junit\platform\junit-platform-engine\1.7.0\junit-platform-engine-1.7.0.jar;C:\Users\Mr.Singh\.m2\repository\org\apache\logging\log4j\log4j-api\2.11.0\log4j-api-2.11.0.jar;C:\Users\Mr.Singh\.m2\repository\org\apache\logging\log4j\log4j-core\2.11.0\log4j-core-2.11.0.jar;"/>
    <property name="java.vm.vendor" value="Oracle Corporation"/>
    <property name="sun.arch.data.model" value="32"/>
    <property name="user.variant" value=""/>
    <property name="java.vendor.url" value="http://java.oracle.com/"/>
    <property name="user.timezone" value="Asia/Calcutta"/>
    <property name="java.vm.specification.version" value="1.8"/>
    <property name="os.name" value="Windows 10"/>
    <property name="user.country" value="IN"/>
    <property name="sun.java.launcher" value="SUN_STANDARD"/>
    <property name="sun.boot.library.path" value="C:\Program Files (x86)\Java\jdk1.8.0_261\jre\bin"/>
    <property name="sun.java.command" value="C:\Users\Mr.Singh\AppData\Local\Temp\surefire6558396835493180852\surefirebooter5780721244370459065.jar C:\Users\Mr.Singh\AppData\Local\Temp\surefire6558396835493180852 2020-12-01T01-53-04_330-jvmRun1 surefire1327710147807490707tmp surefire_02572423565507208811tmp"/>
    <property name="surefire.test.class.path" value="E:\M3Final\csci5308\target\test-classes;E:\M3Final\csci5308\target\classes;C:\Users\Mr.Singh\.m2\repository\org\apache\maven\plugins\maven-compiler-plugin\3.8.1\maven-compiler-plugin-3.8.1.jar;C:\Users\Mr.Singh\.m2\repository\org\apache\maven\maven-plugin-api\3.0\maven-plugin-api-3.0.jar;C:\Users\Mr.Singh\.m2\repository\org\apache\maven\maven-model\3.0\maven-model-3.0.jar;C:\Users\Mr.Singh\.m2\repository\org\sonatype\sisu\sisu-inject-plexus\1.4.2\sisu-inject-plexus-1.4.2.jar;C:\Users\Mr.Singh\.m2\repository\org\sonatype\sisu\sisu-inject-bean\1.4.2\sisu-inject-bean-1.4.2.jar;C:\Users\Mr.Singh\.m2\repository\org\sonatype\sisu\sisu-guice\2.1.7\sisu-guice-2.1.7-noaop.jar;C:\Users\Mr.Singh\.m2\repository\org\apache\maven\maven-artifact\3.0\maven-artifact-3.0.jar;C:\Users\Mr.Singh\.m2\repository\org\codehaus\plexus\plexus-utils\2.0.4\plexus-utils-2.0.4.jar;C:\Users\Mr.Singh\.m2\repository\org\apache\maven\maven-core\3.0\maven-core-3.0.jar;C:\Users\Mr.Singh\.m2\repository\org\apache\maven\maven-settings\3.0\maven-settings-3.0.jar;C:\Users\Mr.Singh\.m2\repository\org\apache\maven\maven-settings-builder\3.0\maven-settings-builder-3.0.jar;C:\Users\Mr.Singh\.m2\repository\org\apache\maven\maven-repository-metadata\3.0\maven-repository-metadata-3.0.jar;C:\Users\Mr.Singh\.m2\repository\org\apache\maven\maven-model-builder\3.0\maven-model-builder-3.0.jar;C:\Users\Mr.Singh\.m2\repository\org\apache\maven\maven-aether-provider\3.0\maven-aether-provider-3.0.jar;C:\Users\Mr.Singh\.m2\repository\org\sonatype\aether\aether-impl\1.7\aether-impl-1.7.jar;C:\Users\Mr.Singh\.m2\repository\org\sonatype\aether\aether-spi\1.7\aether-spi-1.7.jar;C:\Users\Mr.Singh\.m2\repository\org\sonatype\aether\aether-api\1.7\aether-api-1.7.jar;C:\Users\Mr.Singh\.m2\repository\org\sonatype\aether\aether-util\1.7\aether-util-1.7.jar;C:\Users\Mr.Singh\.m2\repository\org\codehaus\plexus\plexus-interpolation\1.14\plexus-interpolation-1.14.jar;C:\Users\Mr.Singh\.m2\repository\org\codehaus\plexus\plexus-classworlds\2.2.3\plexus-classworlds-2.2.3.jar;C:\Users\Mr.Singh\.m2\repository\org\codehaus\plexus\plexus-component-annotations\1.5.5\plexus-component-annotations-1.5.5.jar;C:\Users\Mr.Singh\.m2\repository\org\sonatype\plexus\plexus-sec-dispatcher\1.3\plexus-sec-dispatcher-1.3.jar;C:\Users\Mr.Singh\.m2\repository\org\sonatype\plexus\plexus-cipher\1.4\plexus-cipher-1.4.jar;C:\Users\Mr.Singh\.m2\repository\org\apache\maven\shared\maven-shared-utils\3.2.1\maven-shared-utils-3.2.1.jar;C:\Users\Mr.Singh\.m2\repository\commons-io\commons-io\2.5\commons-io-2.5.jar;C:\Users\Mr.Singh\.m2\repository\org\apache\maven\shared\maven-shared-incremental\1.1\maven-shared-incremental-1.1.jar;C:\Users\Mr.Singh\.m2\repository\org\codehaus\plexus\plexus-java\0.9.10\plexus-java-0.9.10.jar;C:\Users\Mr.Singh\.m2\repository\org\ow2\asm\asm\6.2\asm-6.2.jar;C:\Users\Mr.Singh\.m2\repository\com\thoughtworks\qdox\qdox\2.0-M8\qdox-2.0-M8.jar;C:\Users\Mr.Singh\.m2\repository\org\codehaus\plexus\plexus-compiler-api\2.8.4\plexus-compiler-api-2.8.4.jar;C:\Users\Mr.Singh\.m2\repository\org\codehaus\plexus\plexus-compiler-manager\2.8.4\plexus-compiler-manager-2.8.4.jar;C:\Users\Mr.Singh\.m2\repository\org\codehaus\plexus\plexus-compiler-javac\2.8.4\plexus-compiler-javac-2.8.4.jar;C:\Users\Mr.Singh\.m2\repository\com\googlecode\json-simple\json-simple\1.1.1\json-simple-1.1.1.jar;C:\Users\Mr.Singh\.m2\repository\junit\junit\4.10\junit-4.10.jar;C:\Users\Mr.Singh\.m2\repository\org\hamcrest\hamcrest-core\1.1\hamcrest-core-1.1.jar;C:\Users\Mr.Singh\.m2\repository\mysql\mysql-connector-java\8.0.12\mysql-connector-java-8.0.12.jar;C:\Users\Mr.Singh\.m2\repository\com\google\protobuf\protobuf-java\2.6.0\protobuf-java-2.6.0.jar;C:\Users\Mr.Singh\.m2\repository\com\fasterxml\jackson\core\jackson-databind\2.9.10.6\jackson-databind-2.9.10.6.jar;C:\Users\Mr.Singh\.m2\repository\com\fasterxml\jackson\core\jackson-core\2.10.2\jackson-core-2.10.2.jar;C:\Users\Mr.Singh\.m2\repository\com\fasterxml\jackson\core\jackson-annotations\2.11.2\jackson-annotations-2.11.2.jar;C:\Users\Mr.Singh\.m2\repository\joda-time\joda-time\2.10.7\joda-time-2.10.7.jar;C:\Users\Mr.Singh\.m2\repository\org\junit\jupiter\junit-jupiter\5.7.0\junit-jupiter-5.7.0.jar;C:\Users\Mr.Singh\.m2\repository\org\junit\jupiter\junit-jupiter-api\5.7.0\junit-jupiter-api-5.7.0.jar;C:\Users\Mr.Singh\.m2\repository\org\apiguardian\apiguardian-api\1.1.0\apiguardian-api-1.1.0.jar;C:\Users\Mr.Singh\.m2\repository\org\opentest4j\opentest4j\1.2.0\opentest4j-1.2.0.jar;C:\Users\Mr.Singh\.m2\repository\org\junit\platform\junit-platform-commons\1.7.0\junit-platform-commons-1.7.0.jar;C:\Users\Mr.Singh\.m2\repository\org\junit\jupiter\junit-jupiter-params\5.7.0\junit-jupiter-params-5.7.0.jar;C:\Users\Mr.Singh\.m2\repository\org\junit\jupiter\junit-jupiter-engine\5.7.0\junit-jupiter-engine-5.7.0.jar;C:\Users\Mr.Singh\.m2\repository\org\junit\platform\junit-platform-engine\1.7.0\junit-platform-engine-1.7.0.jar;C:\Users\Mr.Singh\.m2\repository\org\apache\logging\log4j\log4j-api\2.11.0\log4j-api-2.11.0.jar;C:\Users\Mr.Singh\.m2\repository\org\apache\logging\log4j\log4j-core\2.11.0\log4j-core-2.11.0.jar;"/>
    <property name="sun.cpu.endian" value="little"/>
    <property name="user.home" value="C:\Users\Mr.Singh"/>
    <property name="user.language" value="en"/>
    <property name="java.specification.vendor" value="Oracle Corporation"/>
    <property name="java.home" value="C:\Program Files (x86)\Java\jdk1.8.0_261\jre"/>
    <property name="basedir" value="E:\M3Final\csci5308"/>
    <property name="file.separator" value="\"/>
    <property name="line.separator" value="&#10;"/>
    <property name="java.vm.specification.vendor" value="Oracle Corporation"/>
    <property name="java.specification.name" value="Java Platform API Specification"/>
    <property name="java.awt.graphicsenv" value="sun.awt.Win32GraphicsEnvironment"/>
    <property name="surefire.real.class.path" value="C:\Users\Mr.Singh\AppData\Local\Temp\surefire6558396835493180852\surefirebooter5780721244370459065.jar"/>
    <property name="sun.boot.class.path" value="C:\Program Files (x86)\Java\jdk1.8.0_261\jre\lib\resources.jar;C:\Program Files (x86)\Java\jdk1.8.0_261\jre\lib\rt.jar;C:\Program Files (x86)\Java\jdk1.8.0_261\jre\lib\sunrsasign.jar;C:\Program Files (x86)\Java\jdk1.8.0_261\jre\lib\jsse.jar;C:\Program Files (x86)\Java\jdk1.8.0_261\jre\lib\jce.jar;C:\Program Files (x86)\Java\jdk1.8.0_261\jre\lib\charsets.jar;C:\Program Files (x86)\Java\jdk1.8.0_261\jre\lib\jfr.jar;C:\Program Files (x86)\Java\jdk1.8.0_261\jre\classes"/>
    <property name="user.script" value=""/>
    <property name="sun.management.compiler" value="HotSpot Client Compiler"/>
    <property name="java.runtime.version" value="1.8.0_261-b12"/>
    <property name="user.name" value="Mr.Singh"/>
    <property name="path.separator" value=";"/>
    <property name="os.version" value="10.0"/>
    <property name="java.endorsed.dirs" value="C:\Program Files (x86)\Java\jdk1.8.0_261\jre\lib\endorsed"/>
    <property name="java.runtime.name" value="Java(TM) SE Runtime Environment"/>
    <property name="file.encoding" value="Cp1252"/>
    <property name="java.vm.name" value="Java HotSpot(TM) Client VM"/>
    <property name="localRepository" value="C:\Users\Mr.Singh\.m2\repository"/>
    <property name="java.vendor.url.bug" value="http://bugreport.sun.com/bugreport/"/>
    <property name="java.io.tmpdir" value="C:\Users\MRFAA6~1.SIN\AppData\Local\Temp\"/>
    <property name="idea.version" value="2020.2"/>
    <property name="java.version" value="1.8.0_261"/>
    <property name="user.dir" value="E:\M3Final\csci5308"/>
    <property name="os.arch" value="x86"/>
    <property name="java.vm.specification.name" value="Java Virtual Machine Specification"/>
    <property name="java.awt.printerjob" value="sun.awt.windows.WPrinterJob"/>
    <property name="sun.os.patch.level" value=""/>
    <property name="java.library.path" value="C:\Program Files (x86)\Java\jdk1.8.0_261\jre\bin;C:\Windows\Sun\Java\bin;C:\Windows\system32;C:\Windows;C:\Program Files (x86)\Common Files\Oracle\Java\javapath;C:\Windows\system32;C:\Windows;C:\Windows\System32\Wbem;C:\Windows\System32\WindowsPowerShell\v1.0\;C:\Windows\System32\OpenSSH\;C:\Program Files\Git\cmd;C:\Program Files\dotnet\;C:\Program Files\Microsoft SQL Server\130\Tools\Binn\;C:\Program Files\Microsoft SQL Server\Client SDK\ODBC\170\Tools\Binn\;C:\Program Files (x86)\Java\jdk1.8.0_261\bin;C:\Program Files\PuTTY\;C:\Program Files\MySQL\MySQL Utilities 1.6\;C:\Users\Mr.Singh\AppData\Local\Microsoft\WindowsApps;C:\Program Files (x86)\Java\jdk1.8.0_261\bin;;."/>
    <property name="java.vm.info" value="mixed mode, sharing"/>
    <property name="java.vendor" value="Oracle Corporation"/>
    <property name="java.vm.version" value="25.261-b12"/>
    <property name="java.ext.dirs" value="C:\Program Files (x86)\Java\jdk1.8.0_261\jre\lib\ext;C:\Windows\Sun\Java\lib\ext"/>
    <property name="sun.io.unicode.encoding" value="UnicodeLittle"/>
    <property name="java.class.version" value="52.0"/>
  </properties>
  <testcase name="getCheckingForForward" classname="dhl.stateMachineNew.PlayerDraftTest" time="0"/>
  <testcase name="generateGoaliePlayers" classname="dhl.stateMachineNew.PlayerDraftTest" time="0"/>
  <testcase name="generateFirstName" classname="dhl.stateMachineNew.PlayerDraftTest" time="0.001"/>
  <testcase name="getCheckingForGoalie" classname="dhl.stateMachineNew.PlayerDraftTest" time="0"/>
  <testcase name="generateFullName" classname="dhl.stateMachineNew.PlayerDraftTest" time="0.001"/>
  <testcase name="getSavingForForward" classname="dhl.stateMachineNew.PlayerDraftTest" time="0"/>
  <testcase name="setFullName" classname="dhl.stateMachineNew.PlayerDraftTest" time="0"/>
  <testcase name="generateForwardPlayers" classname="dhl.stateMachineNew.PlayerDraftTest" time="0"/>
  <testcase name="getFullName" classname="dhl.stateMachineNew.PlayerDraftTest" time="0"/>
  <testcase name="getSavingForGoalie" classname="dhl.stateMachineNew.PlayerDraftTest" time="0"/>
  <testcase name="getSkatingValueForDefense" classname="dhl.stateMachineNew.PlayerDraftTest" time="0.001"/>
  <testcase name="getShootingForForward" classname="dhl.stateMachineNew.PlayerDraftTest" time="0"/>
  <testcase name="setDraftingPlayerList" classname="dhl.stateMachineNew.PlayerDraftTest" time="0"/>
  <testcase name="getFirstName" classname="dhl.stateMachineNew.PlayerDraftTest" time="0"/>
  <testcase name="generateLastName" classname="dhl.stateMachineNew.PlayerDraftTest" time="0.001"/>
  <testcase name="generateRandomPlayers" classname="dhl.stateMachineNew.PlayerDraftTest" time="0.006">
    <system-out><![CDATA[Mario Lemieux
forward
Skating Value: 19
Shooting Value: 17
Checking Value: 15
Saving Value: 7
Wayne Lemieux
forward
Skating Value: 20
Shooting Value: 17
Checking Value: 17
Saving Value: 5
Steven Gretzky
forward
Skating Value: 15
Shooting Value: 18
Checking Value: 17
Saving Value: 7
Connor Gretzky
forward
Skating Value: 19
Shooting Value: 20
Checking Value: 15
Saving Value: 6
Mario McDavid
forward
Skating Value: 12
Shooting Value: 18
Checking Value: 13
Saving Value: 5
Mario Richard
forward
Skating Value: 20
Shooting Value: 16
Checking Value: 13
Saving Value: 5
Steven McDavid
forward
Skating Value: 18
Shooting Value: 16
Checking Value: 13
Saving Value: 5
Mario Gretzky
forward
Skating Value: 18
Shooting Value: 19
Checking Value: 17
Saving Value: 7
Gordie Stamkos
forward
Skating Value: 19
Shooting Value: 18
Checking Value: 12
Saving Value: 4
Mario Stamkos
forward
Skating Value: 16
Shooting Value: 18
Checking Value: 15
Saving Value: 2
Mario Richard
forward
Skating Value: 19
Shooting Value: 14
Checking Value: 17
Saving Value: 5
Steven McDavid
forward
Skating Value: 17
Shooting Value: 16
Checking Value: 13
Saving Value: 3
John Benn
forward
Skating Value: 20
Shooting Value: 12
Checking Value: 12
Saving Value: 5
Wayne Toews
forward
Skating Value: 16
Shooting Value: 14
Checking Value: 13
Saving Value: 4
Mario Stamkos
forward
Skating Value: 18
Shooting Value: 20
Checking Value: 18
Saving Value: 7
Steven Lemieux
forward
Skating Value: 20
Shooting Value: 17
Checking Value: 18
Saving Value: 5
Mario Toews
forward
Skating Value: 20
Shooting Value: 16
Checking Value: 18
Saving Value: 5
John Benn
forward
Skating Value: 13
Shooting Value: 14
Checking Value: 17
Saving Value: 6
Gordie Lemieux
defense
Skating Value: 15
Shooting Value: 17
Checking Value: 15
Saving Value: 4
Wayne Benn
defense
Skating Value: 10
Shooting Value: 17
Checking Value: 19
Saving Value: 7
John McDavid
defense
Skating Value: 10
Shooting Value: 17
Checking Value: 20
Saving Value: 9
Steven Benn
defense
Skating Value: 17
Shooting Value: 14
Checking Value: 15
Saving Value: 7
Gordie Benn
defense
Skating Value: 18
Shooting Value: 18
Checking Value: 16
Saving Value: 1
Connor Toews
defense
Skating Value: 15
Shooting Value: 16
Checking Value: 15
Saving Value: 1
Jonathan Stamkos
defense
Skating Value: 18
Shooting Value: 17
Checking Value: 16
Saving Value: 5
Connor Gretzky
defense
Skating Value: 14
Shooting Value: 16
Checking Value: 18
Saving Value: 6
Connor Stamkos
defense
Skating Value: 10
Shooting Value: 10
Checking Value: 12
Saving Value: 5
Steven Lemieux
defense
Skating Value: 13
Shooting Value: 18
Checking Value: 16
Saving Value: 5
Wayne Stamkos
defense
Skating Value: 13
Shooting Value: 12
Checking Value: 16
Saving Value: 4
Wayne Richard
defense
Skating Value: 10
Shooting Value: 18
Checking Value: 18
Saving Value: 2
Gordie Richard
defense
Skating Value: 17
Shooting Value: 10
Checking Value: 16
Saving Value: 5
Mario Lemieux
defense
Skating Value: 12
Shooting Value: 17
Checking Value: 15
Saving Value: 3
Wayne Richard
goalie
Skating Value: 11
Shooting Value: 9
Checking Value: 9
Saving Value: 18
Steven Stamkos
goalie
Skating Value: 13
Shooting Value: 6
Checking Value: 8
Saving Value: 18
Steven Gretzky
goalie
Skating Value: 8
Shooting Value: 4
Checking Value: 12
Saving Value: 18
]]></system-out>
  </testcase>
  <testcase name="setLastName" classname="dhl.stateMachineNew.PlayerDraftTest" time="0"/>
  <testcase name="getCheckingForDefense" classname="dhl.stateMachineNew.PlayerDraftTest" time="0.001"/>
  <testcase name="getLastName" classname="dhl.stateMachineNew.PlayerDraftTest" time="0.001"/>
  <testcase name="generateAge" classname="dhl.stateMachineNew.PlayerDraftTest" time="0"/>
  <testcase name="generateDay" classname="dhl.stateMachineNew.PlayerDraftTest" time="0.001"/>
  <testcase name="getShootingForGoalie" classname="dhl.stateMachineNew.PlayerDraftTest" time="0.001"/>
  <testcase name="getSkatingValueForGoalie" classname="dhl.stateMachineNew.PlayerDraftTest" time="0"/>
  <testcase name="generateDefensePlayers" classname="dhl.stateMachineNew.PlayerDraftTest" time="0"/>
  <testcase name="getSavingForDefense" classname="dhl.stateMachineNew.PlayerDraftTest" time="0"/>
  <testcase name="getSkatingValueForForward" classname="dhl.stateMachineNew.PlayerDraftTest" time="0.001"/>
  <testcase name="setFirstName" classname="dhl.stateMachineNew.PlayerDraftTest" time="0"/>
  <testcase name="getDraftingPlayerList" classname="dhl.stateMachineNew.PlayerDraftTest" time="0"/>
  <testcase name="getShootingForDefense" classname="dhl.stateMachineNew.PlayerDraftTest" time="0.001"/>
  <testcase name="generateYear" classname="dhl.stateMachineNew.PlayerDraftTest" time="0.003"/>
  <testcase name="generateMonth" classname="dhl.stateMachineNew.PlayerDraftTest" time="0.001"/>
</testsuite>